9.2599 	INFO 	Loaded monitor calibration from ['2020_09_20 15:42']
11.5387 	WARNING 	Couldn't measure a consistent frame rate.
  - Is your graphics card set to sync to vertical blank?
  - Are you running other processes on your computer?

11.5392 	EXP 	Created window1 = Window(allowGUI=False, allowStencil=False, args=UNKNOWN, autoLog=True, bitsMode=UNKNOWN, blendMode='avg', bpc=(8, 8, 8), color=array([0., 0., 0.]), colorSpace='rgb', depthBits=8, fullscr=<method-wrapper '__getattribute__' of attributeSetter object at 0x11fa4e9e8>, gamma=None, gammaErrorPolicy='raise', kwargs=UNKNOWN, lms=UNKNOWN, monitor=<psychopy.monitors.calibTools.Monitor object at 0x156a0da58>, multiSample=False, name='window1', numSamples=2, pos=[448.0, 280.0], screen=0, size=array([3584, 2240]), stencilBits=0, stereo=False, units='height', useFBO=True, useRetina=True, viewOri=0.0, viewPos=None, viewScale=None, waitBlanking=True, winType='pyglet')
11.5394 	EXP 	window1: mouseVisible = True
11.5395 	EXP 	window1: recordFrameIntervals = False
11.7034 	EXP 	window1: recordFrameIntervals = True
13.3720 	WARNING 	Couldn't measure a consistent frame rate.
  - Is your graphics card set to sync to vertical blank?
  - Are you running other processes on your computer?

14.0330 	EXP 	Created text_top = TextStim(__class__=<class 'psychopy.visual.text.TextStim'>, alignHoriz=method-wrapper(...), alignText='center', alignVert=method-wrapper(...), anchorHoriz='center', anchorVert='center', antialias=True, autoLog=True, bold=False, color='black', colorSpace='named', contrast=1.0, depth=-3.0, flipHoriz=False, flipVert=False, font='Arial', fontFiles=[], height=0.05, italic=False, languageStyle='LTR', name='text_top', opacity=1.0, ori=0, pos=array([0. , 0.3]), rgb=array([0., 0., 0.]), text=str(...), units='height', win=Window(...), wrapWidth=1)
14.0393 	EXP 	Created text_bottom = TextStim(__class__=<class 'psychopy.visual.text.TextStim'>, alignHoriz=method-wrapper(...), alignText='center', alignVert=method-wrapper(...), anchorHoriz='center', anchorVert='center', antialias=True, autoLog=True, bold=False, color='black', colorSpace='named', contrast=1.0, depth=-4.0, flipHoriz=False, flipVert=False, font='Arial', fontFiles=[], height=0.05, italic=False, languageStyle='LTR', name='text_bottom', opacity=1.0, ori=0, pos=array([ 0. , -0.3]), rgb=array([0., 0., 0.]), text='Press Space when you’re finished', units='height', win=Window(...), wrapWidth=1)
14.0703 	EXP 	Created ccimage = ImageStim(__class__=<class 'psychopy.visual.image.ImageStim'>, autoLog=True, color=array([1., 1., 1.]), colorSpace='rgb', contrast=1.0, depth=-5.0, flipHoriz=False, flipVert=False, image='bankcard.png', interpolate=True, mask=None, maskParams=None, name='ccimage', opacity=1.0, ori=0.0, pos=array([0., 0.]), size=array([0.428 , 0.2699]), texRes=512, units='height', win=Window(...))
14.0722 	EXP 	Created prac_instr1 = ImageStim(__class__=<class 'psychopy.visual.image.ImageStim'>, autoLog=True, color=array([1., 1., 1.]), colorSpace='rgb', contrast=1.0, depth=-1.0, flipHoriz=False, flipVert=False, image='sin', interpolate=True, mask=None, maskParams=None, name='prac_instr1', opacity=1.0, ori=0.0, pos=array([0., 0.]), size=array([1.125, 0.75 ]), texRes=512, units='height', win=Window(...))
14.6317 	EXP 	Created image_6 = ImageStim(__class__=<class 'psychopy.visual.image.ImageStim'>, autoLog=True, color=array([1., 1., 1.]), colorSpace='rgb', contrast=1.0, depth=0.0, flipHoriz=False, flipVert=False, image='sin', interpolate=True, mask=None, maskParams=None, name='image_6', opacity=1.0, ori=0.0, pos=array([0., 0.]), size=array([1., 1.]), texRes=512, units='height', win=Window(...))
14.6355 	EXP 	Created text_8 = TextStim(__class__=<class 'psychopy.visual.text.TextStim'>, alignHoriz=method-wrapper(...), alignText='center', alignVert=method-wrapper(...), anchorHoriz='center', anchorVert='center', antialias=True, autoLog=True, bold=False, color='white', colorSpace='named', contrast=1.0, depth=-1.0, flipHoriz=False, flipVert=False, font='Arial', fontFiles=[], height=0.1, italic=False, languageStyle='LTR', name='text_8', opacity=1.0, ori=0, pos=array([0., 0.]), rgb=array([255., 255., 255.]), text='+', units='height', win=Window(...), wrapWidth=1)
14.6367 	EXP 	Created image_7 = ImageStim(__class__=<class 'psychopy.visual.image.ImageStim'>, autoLog=True, color=array([1., 1., 1.]), colorSpace='rgb', contrast=1.0, depth=-2.0, flipHoriz=False, flipVert=False, image='sin', interpolate=True, mask=None, maskParams=None, name='image_7', opacity=1.0, ori=0.0, pos=array([0., 0.]), size=array([1., 1.]), texRes=512, units='height', win=Window(...))
14.6377 	EXP 	Created prac_instr2 = ImageStim(__class__=<class 'psychopy.visual.image.ImageStim'>, autoLog=True, color=array([1., 1., 1.]), colorSpace='rgb', contrast=1.0, depth=-1.0, flipHoriz=False, flipVert=False, image='sin', interpolate=True, mask=None, maskParams=None, name='prac_instr2', opacity=1.0, ori=0.0, pos=array([0., 0.]), size=array([1.125, 0.75 ]), texRes=512, units='height', win=Window(...))
15.1775 	EXP 	Created prac_instr3_feedback = ImageStim(__class__=<class 'psychopy.visual.image.ImageStim'>, autoLog=True, color=array([1., 1., 1.]), colorSpace='rgb', contrast=1.0, depth=-1.0, flipHoriz=False, flipVert=False, image='sin', interpolate=True, mask=None, maskParams=None, name='prac_instr3_feedback', opacity=1.0, ori=0.0, pos=array([0., 0.]), size=array([1.125, 0.75 ]), texRes=512, units='height', win=Window(...))
15.7226 	EXP 	Created image_8 = ImageStim(__class__=<class 'psychopy.visual.image.ImageStim'>, autoLog=True, color=array([1., 1., 1.]), colorSpace='rgb', contrast=1.0, depth=0.0, flipHoriz=False, flipVert=False, image='sin', interpolate=True, mask=None, maskParams=None, name='image_8', opacity=1.0, ori=0.0, pos=array([0., 0.]), size=array([1., 1.]), texRes=512, units='height', win=Window(...))
15.7238 	EXP 	Created text_9 = TextStim(__class__=<class 'psychopy.visual.text.TextStim'>, alignHoriz=method-wrapper(...), alignText='center', alignVert=method-wrapper(...), anchorHoriz='center', anchorVert='center', antialias=True, autoLog=True, bold=False, color='black', colorSpace='named', contrast=1.0, depth=-1.0, flipHoriz=False, flipVert=False, font='Arial', fontFiles=[], height=0.1, italic=False, languageStyle='LTR', name='text_9', opacity=1.0, ori=0, pos=array([0., 0.]), rgb=array([0., 0., 0.]), text='+', units='height', win=Window(...), wrapWidth=1)
15.7249 	EXP 	Created image_9 = ImageStim(__class__=<class 'psychopy.visual.image.ImageStim'>, autoLog=True, color=array([1., 1., 1.]), colorSpace='rgb', contrast=1.0, depth=-2.0, flipHoriz=False, flipVert=False, image='sin', interpolate=True, mask=None, maskParams=None, name='image_9', opacity=1.0, ori=0.0, pos=array([0., 0.]), size=array([1., 1.]), texRes=512, units='height', win=Window(...))
15.7259 	EXP 	Created prac_instr4 = ImageStim(__class__=<class 'psychopy.visual.image.ImageStim'>, autoLog=True, color=array([1., 1., 1.]), colorSpace='rgb', contrast=1.0, depth=-1.0, flipHoriz=False, flipVert=False, image='sin', interpolate=True, mask=None, maskParams=None, name='prac_instr4', opacity=1.0, ori=0.0, pos=array([0., 0.]), size=array([1.125, 0.75 ]), texRes=512, units='height', win=Window(...))
16.8129 	EXP 	Created prac_instr5 = ImageStim(__class__=<class 'psychopy.visual.image.ImageStim'>, autoLog=True, color=array([1., 1., 1.]), colorSpace='rgb', contrast=1.0, depth=-1.0, flipHoriz=False, flipVert=False, image='sin', interpolate=True, mask=None, maskParams=None, name='prac_instr5', opacity=1.0, ori=0.0, pos=array([0., 0.]), size=array([1.125, 0.75 ]), texRes=512, units='height', win=Window(...))
17.3520 	EXP 	Created image = ImageStim(__class__=<class 'psychopy.visual.image.ImageStim'>, autoLog=True, color=array([1., 1., 1.]), colorSpace='rgb', contrast=1.0, depth=-1.0, flipHoriz=False, flipVert=False, image='sin', interpolate=True, mask=None, maskParams=None, name='image', opacity=1.0, ori=0.0, pos=array([0., 0.]), size=array([1., 1.]), texRes=512, units='height', win=Window(...))
17.3549 	EXP 	Created text_6 = TextStim(__class__=<class 'psychopy.visual.text.TextStim'>, alignHoriz=method-wrapper(...), alignText='center', alignVert=method-wrapper(...), anchorHoriz='center', anchorVert='center', antialias=True, autoLog=True, bold=False, color='white', colorSpace='named', contrast=1.0, depth=-2.0, flipHoriz=False, flipVert=False, font='Arial', fontFiles=[], height=0.05, italic=False, languageStyle='LTR', name='text_6', opacity=1.0, ori=0, pos=array([0., 0.]), rgb=array([255., 255., 255.]), text='+', units='height', win=Window(...), wrapWidth=1)
17.3566 	EXP 	Created image_2 = ImageStim(__class__=<class 'psychopy.visual.image.ImageStim'>, autoLog=True, color=array([1., 1., 1.]), colorSpace='rgb', contrast=1.0, depth=0.0, flipHoriz=False, flipVert=False, image='sin', interpolate=True, mask=None, maskParams=None, name='image_2', opacity=1.0, ori=0.0, pos=array([0., 0.]), size=array([1., 1.]), texRes=512, units='height', win=Window(...))
17.3578 	EXP 	Created text_7 = TextStim(__class__=<class 'psychopy.visual.text.TextStim'>, alignHoriz=method-wrapper(...), alignText='center', alignVert=method-wrapper(...), anchorHoriz='center', anchorVert='center', antialias=True, autoLog=True, bold=False, color='white', colorSpace='named', contrast=1.0, depth=-1.0, flipHoriz=False, flipVert=False, font='Arial', fontFiles=[], height=0.05, italic=False, languageStyle='LTR', name='text_7', opacity=1.0, ori=0, pos=array([0., 0.]), rgb=array([255., 255., 255.]), text='+', units='height', win=Window(...), wrapWidth=1)
18.4542 	EXP 	Created image_3 = ImageStim(__class__=<class 'psychopy.visual.image.ImageStim'>, autoLog=True, color=array([1., 1., 1.]), colorSpace='rgb', contrast=1.0, depth=-1.0, flipHoriz=False, flipVert=False, image='sin', interpolate=True, mask=None, maskParams=None, name='image_3', opacity=1.0, ori=0.0, pos=array([0., 0.]), size=array([0.25, 0.25]), texRes=512, units='height', win=Window(...))
18.4575 	EXP 	Created feedback_msg = TextStim(__class__=<class 'psychopy.visual.text.TextStim'>, alignHoriz=method-wrapper(...), alignText='center', alignVert=method-wrapper(...), anchorHoriz='center', anchorVert='center', antialias=True, autoLog=True, bold=False, color='black', colorSpace='named', contrast=1.0, depth=-2.0, flipHoriz=False, flipVert=False, font='Arial', fontFiles=[], height=0.05, italic=False, languageStyle='LTR', name='feedback_msg', opacity=1.0, ori=0, pos=array([ 0.  , -0.25]), rgb=array([0., 0., 0.]), text='default text', units='height', win=Window(...), wrapWidth=1)
18.4700 	EXP 	Created text_3 = TextStim(__class__=<class 'psychopy.visual.text.TextStim'>, alignHoriz=method-wrapper(...), alignText='center', alignVert=method-wrapper(...), anchorHoriz='center', anchorVert='center', antialias=True, autoLog=True, bold=False, color='black', colorSpace='named', contrast=1.0, depth=-1.0, flipHoriz=False, flipVert=False, font='Arial', fontFiles=[], height=0.05, italic=False, languageStyle='LTR', name='text_3', opacity=1.0, ori=0, pos=array([0., 0.]), rgb=array([0., 0., 0.]), text=str(...), units='height', win=Window(...), wrapWidth=1)
19.0168 	EXP 	Created instructions_image = ImageStim(__class__=<class 'psychopy.visual.image.ImageStim'>, autoLog=True, color=array([1., 1., 1.]), colorSpace='rgb', contrast=1.0, depth=-1.0, flipHoriz=False, flipVert=False, image='sin', interpolate=True, mask=None, maskParams=None, name='instructions_image', opacity=1.0, ori=0.0, pos=array([0., 0.]), size=array([1.125, 0.75 ]), texRes=512, units='height', win=Window(...))
19.5655 	EXP 	Created text_4 = TextStim(__class__=<class 'psychopy.visual.text.TextStim'>, alignHoriz=method-wrapper(...), alignText='center', alignVert=method-wrapper(...), anchorHoriz='center', anchorVert='center', antialias=True, autoLog=True, bold=False, color='white', colorSpace='named', contrast=1.0, depth=-1.0, flipHoriz=False, flipVert=False, font='Arial', fontFiles=[], height=0.05, italic=False, languageStyle='LTR', name='text_4', opacity=1.0, ori=0, pos=array([0., 0.]), rgb=array([255., 255., 255.]), text='+', units='height', win=Window(...), wrapWidth=1)
19.5669 	EXP 	Created target_image = ImageStim(__class__=<class 'psychopy.visual.image.ImageStim'>, autoLog=True, color=array([1., 1., 1.]), colorSpace='rgb', contrast=1.0, depth=-2.0, flipHoriz=False, flipVert=False, image='sin', interpolate=True, mask=None, maskParams=None, name='target_image', opacity=1.0, ori=0.0, pos=array([0., 0.]), size=array([1., 1.]), texRes=512, units='height', win=Window(...))
20.1108 	EXP 	Created text = TextStim(__class__=<class 'psychopy.visual.text.TextStim'>, alignHoriz=method-wrapper(...), alignText='center', alignVert=method-wrapper(...), anchorHoriz='center', anchorVert='center', antialias=True, autoLog=True, bold=False, color='white', colorSpace='named', contrast=1.0, depth=0.0, flipHoriz=False, flipVert=False, font='Arial', fontFiles=[], height=0.05, italic=False, languageStyle='LTR', name='text', opacity=1.0, ori=0, pos=array([0., 0.]), rgb=array([255., 255., 255.]), text='+', units='height', win=Window(...), wrapWidth=1)
20.6715 	EXP 	Created text_5 = TextStim(__class__=<class 'psychopy.visual.text.TextStim'>, alignHoriz=method-wrapper(...), alignText='center', alignVert=method-wrapper(...), anchorHoriz='center', anchorVert='center', antialias=True, autoLog=True, bold=False, color='white', colorSpace='named', contrast=1.0, depth=-1.0, flipHoriz=False, flipVert=False, font='Arial', fontFiles=[], height=0.05, italic=False, languageStyle='LTR', name='text_5', opacity=1.0, ori=0, pos=array([0., 0.]), rgb=array([255., 255., 255.]), text='+', units='height', win=Window(...), wrapWidth=1)
20.6728 	EXP 	Created probe_image = ImageStim(__class__=<class 'psychopy.visual.image.ImageStim'>, autoLog=True, color=array([1., 1., 1.]), colorSpace='rgb', contrast=1.0, depth=-2.0, flipHoriz=False, flipVert=False, image='sin', interpolate=True, mask=None, maskParams=None, name='probe_image', opacity=1.0, ori=0.0, pos=array([0., 0.]), size=array([1., 1.]), texRes=512, units='height', win=Window(...))
21.2159 	EXP 	Created text_2 = TextStim(__class__=<class 'psychopy.visual.text.TextStim'>, alignHoriz=method-wrapper(...), alignText='center', alignVert=method-wrapper(...), anchorHoriz='center', anchorVert='center', antialias=True, autoLog=True, bold=False, color='white', colorSpace='named', contrast=1.0, depth=0.0, flipHoriz=False, flipVert=False, font='Arial', fontFiles=[], height=0.05, italic=False, languageStyle='LTR', name='text_2', opacity=1.0, ori=0, pos=array([0., 0.]), rgb=array([255., 255., 255.]), text='+', units='height', win=Window(...), wrapWidth=1)
22.3201 	EXP 	Created good_job = TextStim(__class__=<class 'psychopy.visual.text.TextStim'>, alignHoriz=method-wrapper(...), alignText='center', alignVert=method-wrapper(...), anchorHoriz='center', anchorVert='center', antialias=True, autoLog=True, bold=False, color='black', colorSpace='named', contrast=1.0, depth=0.0, flipHoriz=False, flipVert=False, font='Arial', fontFiles=[], height=0.1, italic=False, languageStyle='LTR', name='good_job', opacity=1.0, ori=0, pos=array([0., 0.]), rgb=array([0., 0., 0.]), text='Great Job!\n\nPress <SPACE> to keep going!', units='height', win=Window(...), wrapWidth=1)
22.8852 	EXP 	Created allDone = TextStim(__class__=<class 'psychopy.visual.text.TextStim'>, alignHoriz=method-wrapper(...), alignText='center', alignVert=method-wrapper(...), anchorHoriz='center', anchorVert='center', antialias=True, autoLog=True, bold=False, color='black', colorSpace='named', contrast=1.0, depth=0.0, flipHoriz=False, flipVert=False, font='Arial', fontFiles=[], height=0.1, italic=False, languageStyle='LTR', name='allDone', opacity=1.0, ori=0, pos=array([0., 0.]), rgb=array([0., 0., 0.]), text='You are all done. Thank you!', units='height', win=Window(...), wrapWidth=1)
22.9171 	WARNING 	t of last frame was 9545.27ms (=1/0)
22.9171 	EXP 	text_top: autoDraw = True
22.9171 	EXP 	text_bottom: autoDraw = True
22.9171 	EXP 	ccimage: autoDraw = True
22.9385 	WARNING 	t of last frame was 21.44ms (=1/46)
23.7749 	DATA 	Keypress: space
23.8284 	WARNING 	t of last frame was 41.58ms (=1/24)
23.8284 	EXP 	ccimage: size = [0.42800000000000005, 0.2699]
23.8284 	EXP 	text_top: autoDraw = False
23.8284 	EXP 	text_bottom: autoDraw = False
23.8284 	EXP 	ccimage: autoDraw = False
23.8284 	EXP 	prac_instr1: image = 'Designs/prac_instr1.png'
23.8284 	EXP 	prac_instr1: autoDraw = True
23.8518 	WARNING 	t of last frame was 23.46ms (=1/42)
23.8719 	WARNING 	Multiple dropped frames have occurred - I'll stop bothering you about them!
25.3959 	DATA 	Keypress: space
26.5011 	DATA 	Keypress: space
26.5283 	EXP 	prac_instr1: autoDraw = False
26.5283 	EXP 	image_6: pos = array([0.17295, 0.     ])
26.5283 	EXP 	image_6: size = array([0.17295, 0.17295])
26.5283 	EXP 	image_6: image = 'Stimuli/dory1.png'
26.5283 	EXP 	image_7: pos = array([0.17295, 0.     ])
26.5283 	EXP 	image_7: size = array([0.17295, 0.17295])
26.5283 	EXP 	image_7: image = 'Stimuli/dory2.png'
26.5283 	EXP 	image_6: autoDraw = True
26.5283 	EXP 	text_8: autoDraw = True
26.7385 	EXP 	image_6: autoDraw = False
26.9868 	EXP 	image_7: autoDraw = True
27.1830 	EXP 	image_6: autoDraw = False
27.1830 	EXP 	text_8: autoDraw = False
27.1830 	EXP 	image_7: autoDraw = False
27.1830 	EXP 	prac_instr2: image = 'Designs/prac_instr2_1234.png'
27.6701 	EXP 	prac_instr2: autoDraw = True
30.0075 	DATA 	Keypress: j
30.0201 	EXP 	prac_instr2: autoDraw = False
30.0201 	EXP 	prac_instr3_feedback: image = 'Designs/prac_instr3_corr.png'
30.0201 	EXP 	prac_instr3_feedback: autoDraw = True
35.7680 	DATA 	Keypress: space
35.7952 	EXP 	prac_instr3_feedback: autoDraw = False
35.7952 	EXP 	image_8: pos = array([-0.17295,  0.     ])
35.7952 	EXP 	image_8: size = array([0.17295, 0.17295])
35.7952 	EXP 	image_8: image = 'Stimuli/nemo2.png'
35.7952 	EXP 	image_9: pos = array([-0.17295,  0.     ])
35.7952 	EXP 	image_9: size = array([0.17295, 0.17295])
35.7952 	EXP 	image_9: image = 'Stimuli/nemo2.png'
35.7952 	EXP 	image_8: autoDraw = True
35.7952 	EXP 	text_9: autoDraw = True
36.0055 	EXP 	image_8: autoDraw = False
36.2537 	EXP 	image_9: autoDraw = True
36.4202 	EXP 	image_8: autoDraw = False
36.4202 	EXP 	text_9: autoDraw = False
36.4202 	EXP 	image_9: autoDraw = False
36.4202 	EXP 	prac_instr4: image = 'Designs/prac_instr4_1234.png'
36.4202 	EXP 	prac_instr4: autoDraw = True
37.8386 	DATA 	Keypress: f
39.8384 	DATA 	Keypress: space
45.4370 	EXP 	prac_instr4: autoDraw = False
45.4370 	EXP 	prac_instr5: image = 'Designs/prac_instr5_1234.png'
45.4370 	EXP 	prac_instr5: autoDraw = True
50.2876 	EXP 	Created sequence: random, trialTypes=1, nReps=12, seed=None
50.2879 	EXP 	New trial (rep=0, index=0): None
50.3338 	DATA 	Keypress: space
50.3620 	EXP 	prac_instr5: autoDraw = False
50.3620 	EXP 	image: pos = array([0.17295, 0.     ])
50.3620 	EXP 	image: size = array([0.17295, 0.17295])
50.3620 	EXP 	image: image = 'Stimuli/dory1.png'
50.3620 	EXP 	text_6: color = 'black (named)'
50.3620 	EXP 	image: autoDraw = True
50.3620 	EXP 	text_6: autoDraw = True
50.5704 	EXP 	image: autoDraw = False
50.6510 	EXP 	image: autoDraw = False
50.6510 	EXP 	text_6: autoDraw = False
50.6510 	EXP 	image_2: pos = array([0.17295, 0.     ])
50.6510 	EXP 	image_2: size = array([0.17295, 0.17295])
50.6510 	EXP 	image_2: image = 'Stimuli/dory1.png'
50.6510 	EXP 	text_7: color = 'black (named)'
50.6510 	EXP 	image_2: autoDraw = True
50.6510 	EXP 	text_7: autoDraw = True
50.8558 	EXP 	image_2: autoDraw = False
51.5726 	DATA 	Keypress: f
54.8222 	EXP 	image_2: autoDraw = False
54.8222 	EXP 	text_7: autoDraw = False
54.8222 	EXP 	image_3: image = 'Stimuli/greenCheck.png'
54.8222 	EXP 	feedback_msg: text = 'Well done!'
54.8222 	EXP 	image_3: autoDraw = True
54.8222 	EXP 	feedback_msg: autoDraw = True
56.8072 	EXP 	New trial (rep=1, index=0): None
56.8554 	EXP 	image_3: autoDraw = False
56.8554 	EXP 	feedback_msg: autoDraw = False
56.8554 	EXP 	image: pos = array([0.17295, 0.     ])
56.8554 	EXP 	image: size = array([0.17295, 0.17295])
56.8554 	EXP 	image: image = 'Stimuli/nemo1.jpg'
56.8554 	EXP 	text_6: color = 'black (named)'
56.8554 	EXP 	image: autoDraw = True
56.8554 	EXP 	text_6: autoDraw = True
57.0538 	EXP 	image: autoDraw = False
57.1665 	EXP 	image: autoDraw = False
57.1665 	EXP 	text_6: autoDraw = False
57.1665 	EXP 	image_2: pos = array([0.17295, 0.     ])
57.1665 	EXP 	image_2: size = array([0.17295, 0.17295])
57.1665 	EXP 	image_2: image = 'Stimuli/nemo2.png'
57.1665 	EXP 	text_7: color = 'black (named)'
57.1665 	EXP 	image_2: autoDraw = True
57.1665 	EXP 	text_7: autoDraw = True
57.3725 	EXP 	image_2: autoDraw = False
59.3909 	DATA 	Keypress: j
59.7409 	DATA 	Keypress: space
60.8407 	DATA 	Keypress: lcommand
60.9881 	DATA 	Keypress: lshift
61.2070 	DATA 	Keypress: dollar
61.3369 	EXP 	image_2: autoDraw = False
61.3369 	EXP 	text_7: autoDraw = False
61.3369 	EXP 	image_3: image = 'Stimuli/redWrong.png'
61.3369 	EXP 	feedback_msg: text = 'Oops, your image response was right but the cross response was wrong.'
61.3369 	EXP 	image_3: autoDraw = True
61.3369 	EXP 	feedback_msg: autoDraw = True
63.2742 	DATA 	Keypress: lcommand
63.2888 	EXP 	New trial (rep=2, index=0): None
63.3205 	EXP 	image_3: autoDraw = False
63.3205 	EXP 	feedback_msg: autoDraw = False
63.3205 	EXP 	image: pos = array([0.17295, 0.     ])
63.3205 	EXP 	image: size = array([0.17295, 0.17295])
63.3205 	EXP 	image: image = 'Stimuli/nemo1.jpg'
63.3205 	EXP 	text_6: color = 'black (named)'
63.3205 	EXP 	image: autoDraw = True
63.3205 	EXP 	text_6: autoDraw = True
63.3723 	DATA 	Keypress: lshift
63.5200 	EXP 	image: autoDraw = False
63.6508 	EXP 	image: autoDraw = False
63.6508 	EXP 	text_6: autoDraw = False
63.6508 	EXP 	image_2: pos = array([0.17295, 0.     ])
63.6508 	EXP 	image_2: size = array([0.17295, 0.17295])
63.6508 	EXP 	image_2: image = 'Stimuli/nemo1.jpg'
63.6508 	EXP 	text_7: color = 'black (named)'
63.6508 	EXP 	image_2: autoDraw = True
63.6508 	EXP 	text_7: autoDraw = True
63.8560 	EXP 	image_2: autoDraw = False
67.4074 	DATA 	Keypress: f
67.8035 	EXP 	image_2: autoDraw = False
67.8035 	EXP 	text_7: autoDraw = False
67.8035 	EXP 	image_3: image = 'Stimuli/greenCheck.png'
67.8035 	EXP 	feedback_msg: text = 'Well done!'
67.8035 	EXP 	image_3: autoDraw = True
67.8035 	EXP 	feedback_msg: autoDraw = True
69.7904 	EXP 	New trial (rep=3, index=0): None
69.8622 	EXP 	image_3: autoDraw = False
69.8622 	EXP 	feedback_msg: autoDraw = False
69.8622 	EXP 	image: pos = array([0.17295, 0.     ])
69.8622 	EXP 	image: size = array([0.17295, 0.17295])
69.8622 	EXP 	image: image = 'Stimuli/nemo2.png'
69.8622 	EXP 	text_6: color = 'black (named)'
69.8622 	EXP 	image: autoDraw = True
69.8622 	EXP 	text_6: autoDraw = True
70.0724 	EXP 	image: autoDraw = False
70.1207 	EXP 	image: autoDraw = False
70.1207 	EXP 	text_6: autoDraw = False
70.1207 	EXP 	image_2: pos = array([0.17295, 0.     ])
70.1207 	EXP 	image_2: size = array([0.17295, 0.17295])
70.1207 	EXP 	image_2: image = 'Stimuli/nemo1.jpg'
70.1207 	EXP 	text_7: color = 'black (named)'
70.1207 	EXP 	image_2: autoDraw = True
70.1207 	EXP 	text_7: autoDraw = True
70.3206 	EXP 	image_2: autoDraw = False
71.2078 	DATA 	Keypress: j
71.5084 	DATA 	Keypress: space
73.8045 	DATA 	Keypress: lcommand
74.0240 	DATA 	Keypress: lshift
74.3297 	EXP 	image_2: autoDraw = False
74.3297 	EXP 	text_7: autoDraw = False
74.3297 	EXP 	image_3: image = 'Stimuli/redWrong.png'
74.3297 	EXP 	feedback_msg: text = 'Oops, your image response was right but the cross response was wrong.'
74.3297 	EXP 	image_3: autoDraw = True
74.3297 	EXP 	feedback_msg: autoDraw = True
75.1891 	DATA 	Keypress: escape
75.7177 	EXP 	window1: mouseVisible = True
75.7178 	DEBUG 	Saving data for configural_featural ExperimentHandler
75.7183 	INFO 	saved data to /Users/sophia/Documents/PycharmProjects/Configural_Featural_Study/data/_configural_featural_2020_Nov_02_1312.psydat
75.7192 	INFO 	saved data to '/Users/sophia/Documents/PycharmProjects/Configural_Featural_Study/data/_configural_featural_2020_Nov_02_1312.csv'
