7.2833 	INFO 	Loaded monitor calibration from ['2020_09_20 15:42']
9.4971 	WARNING 	Couldn't measure a consistent frame rate.
  - Is your graphics card set to sync to vertical blank?
  - Are you running other processes on your computer?

9.4975 	EXP 	Created window1 = Window(allowGUI=False, allowStencil=False, args=UNKNOWN, autoLog=True, bitsMode=UNKNOWN, blendMode='avg', bpc=(8, 8, 8), color=array([0., 0., 0.]), colorSpace='rgb', depthBits=8, fullscr=<method-wrapper '__getattribute__' of attributeSetter object at 0x1470d4390>, gamma=None, gammaErrorPolicy='raise', kwargs=UNKNOWN, lms=UNKNOWN, monitor=<psychopy.monitors.calibTools.Monitor object at 0x1570da1d0>, multiSample=False, name='window1', numSamples=2, pos=[448.0, 280.0], screen=0, size=array([3584, 2240]), stencilBits=0, stereo=False, units='height', useFBO=True, useRetina=True, viewOri=0.0, viewPos=None, viewScale=None, waitBlanking=True, winType='pyglet')
9.4977 	EXP 	window1: mouseVisible = True
9.4977 	EXP 	window1: recordFrameIntervals = False
9.6658 	EXP 	window1: recordFrameIntervals = True
11.3323 	WARNING 	Couldn't measure a consistent frame rate.
  - Is your graphics card set to sync to vertical blank?
  - Are you running other processes on your computer?

11.7869 	EXP 	Created text_top = TextStim(__class__=<class 'psychopy.visual.text.TextStim'>, alignHoriz=method-wrapper(...), alignText='center', alignVert=method-wrapper(...), anchorHoriz='center', anchorVert='center', antialias=True, autoLog=True, bold=False, color='black', colorSpace='named', contrast=1.0, depth=-3.0, flipHoriz=False, flipVert=False, font='Arial', fontFiles=[], height=0.05, italic=False, languageStyle='LTR', name='text_top', opacity=1.0, ori=0, pos=array([0. , 0.3]), rgb=array([0., 0., 0.]), text=str(...), units='height', win=Window(...), wrapWidth=1)
11.7922 	EXP 	Created text_bottom = TextStim(__class__=<class 'psychopy.visual.text.TextStim'>, alignHoriz=method-wrapper(...), alignText='center', alignVert=method-wrapper(...), anchorHoriz='center', anchorVert='center', antialias=True, autoLog=True, bold=False, color='black', colorSpace='named', contrast=1.0, depth=-4.0, flipHoriz=False, flipVert=False, font='Arial', fontFiles=[], height=0.05, italic=False, languageStyle='LTR', name='text_bottom', opacity=1.0, ori=0, pos=array([ 0. , -0.3]), rgb=array([0., 0., 0.]), text='Press Space when you’re finished', units='height', win=Window(...), wrapWidth=1)
11.8021 	EXP 	Created ccimage = ImageStim(__class__=<class 'psychopy.visual.image.ImageStim'>, autoLog=True, color=array([1., 1., 1.]), colorSpace='rgb', contrast=1.0, depth=-5.0, flipHoriz=False, flipVert=False, image='bankcard.png', interpolate=True, mask=None, maskParams=None, name='ccimage', opacity=1.0, ori=0.0, pos=array([0., 0.]), size=array([0.428 , 0.2699]), texRes=512, units='height', win=Window(...))
11.8134 	EXP 	Created text_13 = TextStim(__class__=<class 'psychopy.visual.text.TextStim'>, alignHoriz=method-wrapper(...), alignText='center', alignVert=method-wrapper(...), anchorHoriz='center', anchorVert='center', antialias=True, autoLog=True, bold=False, color='black', colorSpace='named', contrast=1.0, depth=0.0, flipHoriz=False, flipVert=False, font='Arial', fontFiles=[], height=0.05, italic=False, languageStyle='LTR', name='text_13', opacity=1.0, ori=0, pos=array([0., 0.]), rgb=array([0., 0., 0.]), text=str(...), units='height', win=Window(...), wrapWidth=1)
12.2429 	EXP 	Created image_10 = ImageStim(__class__=<class 'psychopy.visual.image.ImageStim'>, autoLog=True, color=array([1., 1., 1.]), colorSpace='rgb', contrast=1.0, depth=0.0, flipHoriz=False, flipVert=False, image='Designs/smith_sisters.png', interpolate=True, mask=None, maskParams=None, name='image_10', opacity=1.0, ori=0.0, pos=array([0., 0.]), size=array([1.3275, 0.75  ]), texRes=512, units='height', win=Window(...))
12.2589 	EXP 	Created image_11 = ImageStim(__class__=<class 'psychopy.visual.image.ImageStim'>, autoLog=True, color=array([1., 1., 1.]), colorSpace='rgb', contrast=1.0, depth=-1.0, flipHoriz=False, flipVert=False, image='Designs/smith_houses.png', interpolate=True, mask=None, maskParams=None, name='image_11', opacity=1.0, ori=0.0, pos=array([0., 0.]), size=array([1.3275, 0.75  ]), texRes=512, units='height', win=Window(...))
12.2603 	EXP 	Created prac_instr1 = ImageStim(__class__=<class 'psychopy.visual.image.ImageStim'>, autoLog=True, color=array([1., 1., 1.]), colorSpace='rgb', contrast=1.0, depth=-1.0, flipHoriz=False, flipVert=False, image='sin', interpolate=True, mask=None, maskParams=None, name='prac_instr1', opacity=1.0, ori=0.0, pos=array([0., 0.]), size=array([1.3275, 0.75  ]), texRes=512, units='height', win=Window(...))
12.6600 	EXP 	Created image_6 = ImageStim(__class__=<class 'psychopy.visual.image.ImageStim'>, autoLog=True, color=array([1., 1., 1.]), colorSpace='rgb', contrast=1.0, depth=0.0, flipHoriz=False, flipVert=False, image='sin', interpolate=True, mask=None, maskParams=None, name='image_6', opacity=1.0, ori=0.0, pos=array([0., 0.]), size=array([1., 1.]), texRes=512, units='height', win=Window(...))
12.6634 	EXP 	Created text_8 = TextStim(__class__=<class 'psychopy.visual.text.TextStim'>, alignHoriz=method-wrapper(...), alignText='center', alignVert=method-wrapper(...), anchorHoriz='center', anchorVert='center', antialias=True, autoLog=True, bold=False, color='white', colorSpace='named', contrast=1.0, depth=-1.0, flipHoriz=False, flipVert=False, font='Arial', fontFiles=[], height=0.05, italic=False, languageStyle='LTR', name='text_8', opacity=1.0, ori=0, pos=array([0., 0.]), rgb=array([255., 255., 255.]), text='+', units='height', win=Window(...), wrapWidth=1)
12.6647 	EXP 	Created image_7 = ImageStim(__class__=<class 'psychopy.visual.image.ImageStim'>, autoLog=True, color=array([1., 1., 1.]), colorSpace='rgb', contrast=1.0, depth=-2.0, flipHoriz=False, flipVert=False, image='sin', interpolate=True, mask=None, maskParams=None, name='image_7', opacity=1.0, ori=0.0, pos=array([0., 0.]), size=array([1., 1.]), texRes=512, units='height', win=Window(...))
12.6659 	EXP 	Created prac_instr2 = ImageStim(__class__=<class 'psychopy.visual.image.ImageStim'>, autoLog=True, color=array([1., 1., 1.]), colorSpace='rgb', contrast=1.0, depth=-1.0, flipHoriz=False, flipVert=False, image='sin', interpolate=True, mask=None, maskParams=None, name='prac_instr2', opacity=1.0, ori=0.0, pos=array([0., 0.]), size=array([1.125, 0.75 ]), texRes=512, units='height', win=Window(...))
13.0759 	EXP 	Created prac_instr3_feedback = ImageStim(__class__=<class 'psychopy.visual.image.ImageStim'>, autoLog=True, color=array([1., 1., 1.]), colorSpace='rgb', contrast=1.0, depth=-1.0, flipHoriz=False, flipVert=False, image='sin', interpolate=True, mask=None, maskParams=None, name='prac_instr3_feedback', opacity=1.0, ori=0.0, pos=array([0., 0.]), size=array([1.125, 0.75 ]), texRes=512, units='height', win=Window(...))
13.4592 	EXP 	Created image_8 = ImageStim(__class__=<class 'psychopy.visual.image.ImageStim'>, autoLog=True, color=array([1., 1., 1.]), colorSpace='rgb', contrast=1.0, depth=0.0, flipHoriz=False, flipVert=False, image='sin', interpolate=True, mask=None, maskParams=None, name='image_8', opacity=1.0, ori=0.0, pos=array([0., 0.]), size=array([1., 1.]), texRes=512, units='height', win=Window(...))
13.4603 	EXP 	Created text_9 = TextStim(__class__=<class 'psychopy.visual.text.TextStim'>, alignHoriz=method-wrapper(...), alignText='center', alignVert=method-wrapper(...), anchorHoriz='center', anchorVert='center', antialias=True, autoLog=True, bold=False, color='black', colorSpace='named', contrast=1.0, depth=-1.0, flipHoriz=False, flipVert=False, font='Arial', fontFiles=[], height=0.05, italic=False, languageStyle='LTR', name='text_9', opacity=1.0, ori=0, pos=array([0., 0.]), rgb=array([0., 0., 0.]), text='+', units='height', win=Window(...), wrapWidth=1)
13.4614 	EXP 	Created image_9 = ImageStim(__class__=<class 'psychopy.visual.image.ImageStim'>, autoLog=True, color=array([1., 1., 1.]), colorSpace='rgb', contrast=1.0, depth=-2.0, flipHoriz=False, flipVert=False, image='sin', interpolate=True, mask=None, maskParams=None, name='image_9', opacity=1.0, ori=0.0, pos=array([0., 0.]), size=array([1., 1.]), texRes=512, units='height', win=Window(...))
13.4626 	EXP 	Created prac_instr4 = ImageStim(__class__=<class 'psychopy.visual.image.ImageStim'>, autoLog=True, color=array([1., 1., 1.]), colorSpace='rgb', contrast=1.0, depth=-1.0, flipHoriz=False, flipVert=False, image='sin', interpolate=True, mask=None, maskParams=None, name='prac_instr4', opacity=1.0, ori=0.0, pos=array([0., 0.]), size=array([1.125, 0.75 ]), texRes=512, units='height', win=Window(...))
14.2391 	EXP 	Created prac_instr5 = ImageStim(__class__=<class 'psychopy.visual.image.ImageStim'>, autoLog=True, color=array([1., 1., 1.]), colorSpace='rgb', contrast=1.0, depth=-1.0, flipHoriz=False, flipVert=False, image='sin', interpolate=True, mask=None, maskParams=None, name='prac_instr5', opacity=1.0, ori=0.0, pos=array([0., 0.]), size=array([1.125, 0.75 ]), texRes=512, units='height', win=Window(...))
14.6299 	EXP 	Created text_12 = TextStim(__class__=<class 'psychopy.visual.text.TextStim'>, alignHoriz=method-wrapper(...), alignText='center', alignVert=method-wrapper(...), anchorHoriz='center', anchorVert='center', antialias=True, autoLog=True, bold=False, color='black', colorSpace='named', contrast=1.0, depth=-1.0, flipHoriz=False, flipVert=False, font='Arial', fontFiles=[], height=0.07, italic=False, languageStyle='LTR', name='text_12', opacity=1.0, ori=0, pos=array([0., 0.]), rgb=array([0., 0., 0.]), text='default text', units='height', win=Window(...), wrapWidth=1)
14.6311 	EXP 	Created image = ImageStim(__class__=<class 'psychopy.visual.image.ImageStim'>, autoLog=True, color=array([1., 1., 1.]), colorSpace='rgb', contrast=1.0, depth=-1.0, flipHoriz=False, flipVert=False, image='sin', interpolate=True, mask=None, maskParams=None, name='image', opacity=1.0, ori=0.0, pos=array([0., 0.]), size=array([1., 1.]), texRes=512, units='height', win=Window(...))
14.6321 	EXP 	Created text_6 = TextStim(__class__=<class 'psychopy.visual.text.TextStim'>, alignHoriz=method-wrapper(...), alignText='center', alignVert=method-wrapper(...), anchorHoriz='center', anchorVert='center', antialias=True, autoLog=True, bold=False, color='white', colorSpace='named', contrast=1.0, depth=-2.0, flipHoriz=False, flipVert=False, font='Arial', fontFiles=[], height=0.05, italic=False, languageStyle='LTR', name='text_6', opacity=1.0, ori=0, pos=array([0., 0.]), rgb=array([255., 255., 255.]), text='+', units='height', win=Window(...), wrapWidth=1)
14.6332 	EXP 	Created image_2 = ImageStim(__class__=<class 'psychopy.visual.image.ImageStim'>, autoLog=True, color=array([1., 1., 1.]), colorSpace='rgb', contrast=1.0, depth=0.0, flipHoriz=False, flipVert=False, image='sin', interpolate=True, mask=None, maskParams=None, name='image_2', opacity=1.0, ori=0.0, pos=array([0., 0.]), size=array([1., 1.]), texRes=512, units='height', win=Window(...))
14.6343 	EXP 	Created text_7 = TextStim(__class__=<class 'psychopy.visual.text.TextStim'>, alignHoriz=method-wrapper(...), alignText='center', alignVert=method-wrapper(...), anchorHoriz='center', anchorVert='center', antialias=True, autoLog=True, bold=False, color='white', colorSpace='named', contrast=1.0, depth=-1.0, flipHoriz=False, flipVert=False, font='Arial', fontFiles=[], height=0.05, italic=False, languageStyle='LTR', name='text_7', opacity=1.0, ori=0, pos=array([0., 0.]), rgb=array([255., 255., 255.]), text='+', units='height', win=Window(...), wrapWidth=1)
15.4337 	EXP 	Created image_3 = ImageStim(__class__=<class 'psychopy.visual.image.ImageStim'>, autoLog=True, color=array([1., 1., 1.]), colorSpace='rgb', contrast=1.0, depth=-1.0, flipHoriz=False, flipVert=False, image='sin', interpolate=True, mask=None, maskParams=None, name='image_3', opacity=1.0, ori=0.0, pos=array([0., 0.]), size=array([0.25, 0.25]), texRes=512, units='height', win=Window(...))
15.4360 	EXP 	Created feedback_msg = TextStim(__class__=<class 'psychopy.visual.text.TextStim'>, alignHoriz=method-wrapper(...), alignText='center', alignVert=method-wrapper(...), anchorHoriz='center', anchorVert='center', antialias=True, autoLog=True, bold=False, color='black', colorSpace='named', contrast=1.0, depth=-2.0, flipHoriz=False, flipVert=False, font='Arial', fontFiles=[], height=0.05, italic=False, languageStyle='LTR', name='feedback_msg', opacity=1.0, ori=0, pos=array([ 0.  , -0.25]), rgb=array([0., 0., 0.]), text='default text', units='height', win=Window(...), wrapWidth=1)
15.4423 	EXP 	Created transition = TextStim(__class__=<class 'psychopy.visual.text.TextStim'>, alignHoriz=method-wrapper(...), alignText='center', alignVert=method-wrapper(...), anchorHoriz='center', anchorVert='center', antialias=True, autoLog=True, bold=False, color='black', colorSpace='named', contrast=1.0, depth=0.0, flipHoriz=False, flipVert=False, font='Arial', fontFiles=[], height=0.05, italic=False, languageStyle='LTR', name='transition', opacity=1.0, ori=0, pos=array([0., 0.]), rgb=array([0., 0., 0.]), text=str(...), units='height', win=Window(...), wrapWidth=1)
15.4434 	EXP 	Created image_4 = ImageStim(__class__=<class 'psychopy.visual.image.ImageStim'>, autoLog=True, color=array([1., 1., 1.]), colorSpace='rgb', contrast=1.0, depth=-1.0, flipHoriz=False, flipVert=False, image='sin', interpolate=True, mask=None, maskParams=None, name='image_4', opacity=1.0, ori=0.0, pos=array([0., 0.]), size=array([1., 1.]), texRes=512, units='height', win=Window(...))
15.4445 	EXP 	Created text_10 = TextStim(__class__=<class 'psychopy.visual.text.TextStim'>, alignHoriz=method-wrapper(...), alignText='center', alignVert=method-wrapper(...), anchorHoriz='center', anchorVert='center', antialias=True, autoLog=True, bold=False, color='white', colorSpace='named', contrast=1.0, depth=-2.0, flipHoriz=False, flipVert=False, font='Arial', fontFiles=[], height=0.05, italic=False, languageStyle='LTR', name='text_10', opacity=1.0, ori=0, pos=array([0., 0.]), rgb=array([255., 255., 255.]), text='+', units='height', win=Window(...), wrapWidth=1)
15.4456 	EXP 	Created image_5 = ImageStim(__class__=<class 'psychopy.visual.image.ImageStim'>, autoLog=True, color=array([1., 1., 1.]), colorSpace='rgb', contrast=1.0, depth=0.0, flipHoriz=False, flipVert=False, image='sin', interpolate=True, mask=None, maskParams=None, name='image_5', opacity=1.0, ori=0.0, pos=array([0., 0.]), size=array([1., 1.]), texRes=512, units='height', win=Window(...))
15.4468 	EXP 	Created text_11 = TextStim(__class__=<class 'psychopy.visual.text.TextStim'>, alignHoriz=method-wrapper(...), alignText='center', alignVert=method-wrapper(...), anchorHoriz='center', anchorVert='center', antialias=True, autoLog=True, bold=False, color='white', colorSpace='named', contrast=1.0, depth=-1.0, flipHoriz=False, flipVert=False, font='Arial', fontFiles=[], height=0.05, italic=False, languageStyle='LTR', name='text_11', opacity=1.0, ori=0, pos=array([0., 0.]), rgb=array([255., 255., 255.]), text='+', units='height', win=Window(...), wrapWidth=1)
16.2489 	EXP 	Created image_3 = ImageStim(__class__=<class 'psychopy.visual.image.ImageStim'>, autoLog=True, color=array([1., 1., 1.]), colorSpace='rgb', contrast=1.0, depth=-1.0, flipHoriz=False, flipVert=False, image='sin', interpolate=True, mask=None, maskParams=None, name='image_3', opacity=1.0, ori=0.0, pos=array([0., 0.]), size=array([0.25, 0.25]), texRes=512, units='height', win=Window(...))
16.2509 	EXP 	Created feedback_msg = TextStim(__class__=<class 'psychopy.visual.text.TextStim'>, alignHoriz=method-wrapper(...), alignText='center', alignVert=method-wrapper(...), anchorHoriz='center', anchorVert='center', antialias=True, autoLog=True, bold=False, color='black', colorSpace='named', contrast=1.0, depth=-2.0, flipHoriz=False, flipVert=False, font='Arial', fontFiles=[], height=0.05, italic=False, languageStyle='LTR', name='feedback_msg', opacity=1.0, ori=0, pos=array([ 0.  , -0.25]), rgb=array([0., 0., 0.]), text='default text', units='height', win=Window(...), wrapWidth=1)
16.2614 	EXP 	Created text_3 = TextStim(__class__=<class 'psychopy.visual.text.TextStim'>, alignHoriz=method-wrapper(...), alignText='center', alignVert=method-wrapper(...), anchorHoriz='center', anchorVert='center', antialias=True, autoLog=True, bold=False, color='black', colorSpace='named', contrast=1.0, depth=-1.0, flipHoriz=False, flipVert=False, font='Arial', fontFiles=[], height=0.05, italic=False, languageStyle='LTR', name='text_3', opacity=1.0, ori=0, pos=array([0., 0.]), rgb=array([0., 0., 0.]), text=str(...), units='height', win=Window(...), wrapWidth=1)
16.6683 	EXP 	Created instructions_image = ImageStim(__class__=<class 'psychopy.visual.image.ImageStim'>, autoLog=True, color=array([1., 1., 1.]), colorSpace='rgb', contrast=1.0, depth=-1.0, flipHoriz=False, flipVert=False, image='sin', interpolate=True, mask=None, maskParams=None, name='instructions_image', opacity=1.0, ori=0.0, pos=array([0., 0.]), size=array([1.125, 0.75 ]), texRes=512, units='height', win=Window(...))
17.0882 	EXP 	Created text_4 = TextStim(__class__=<class 'psychopy.visual.text.TextStim'>, alignHoriz=method-wrapper(...), alignText='center', alignVert=method-wrapper(...), anchorHoriz='center', anchorVert='center', antialias=True, autoLog=True, bold=False, color='white', colorSpace='named', contrast=1.0, depth=-1.0, flipHoriz=False, flipVert=False, font='Arial', fontFiles=[], height=0.05, italic=False, languageStyle='LTR', name='text_4', opacity=1.0, ori=0, pos=array([0., 0.]), rgb=array([255., 255., 255.]), text='+', units='height', win=Window(...), wrapWidth=1)
17.0899 	EXP 	Created target_image = ImageStim(__class__=<class 'psychopy.visual.image.ImageStim'>, autoLog=True, color=array([1., 1., 1.]), colorSpace='rgb', contrast=1.0, depth=-2.0, flipHoriz=False, flipVert=False, image='sin', interpolate=True, mask=None, maskParams=None, name='target_image', opacity=1.0, ori=0.0, pos=array([0., 0.]), size=array([1., 1.]), texRes=512, units='height', win=Window(...))
17.5040 	EXP 	Created text = TextStim(__class__=<class 'psychopy.visual.text.TextStim'>, alignHoriz=method-wrapper(...), alignText='center', alignVert=method-wrapper(...), anchorHoriz='center', anchorVert='center', antialias=True, autoLog=True, bold=False, color='white', colorSpace='named', contrast=1.0, depth=0.0, flipHoriz=False, flipVert=False, font='Arial', fontFiles=[], height=0.05, italic=False, languageStyle='LTR', name='text', opacity=1.0, ori=0, pos=array([0., 0.]), rgb=array([255., 255., 255.]), text='+', units='height', win=Window(...), wrapWidth=1)
17.9152 	EXP 	Created text_5 = TextStim(__class__=<class 'psychopy.visual.text.TextStim'>, alignHoriz=method-wrapper(...), alignText='center', alignVert=method-wrapper(...), anchorHoriz='center', anchorVert='center', antialias=True, autoLog=True, bold=False, color='white', colorSpace='named', contrast=1.0, depth=-1.0, flipHoriz=False, flipVert=False, font='Arial', fontFiles=[], height=0.05, italic=False, languageStyle='LTR', name='text_5', opacity=1.0, ori=0, pos=array([0., 0.]), rgb=array([255., 255., 255.]), text='+', units='height', win=Window(...), wrapWidth=1)
17.9165 	EXP 	Created probe_image = ImageStim(__class__=<class 'psychopy.visual.image.ImageStim'>, autoLog=True, color=array([1., 1., 1.]), colorSpace='rgb', contrast=1.0, depth=-2.0, flipHoriz=False, flipVert=False, image='sin', interpolate=True, mask=None, maskParams=None, name='probe_image', opacity=1.0, ori=0.0, pos=array([0., 0.]), size=array([1., 1.]), texRes=512, units='height', win=Window(...))
18.3147 	EXP 	Created text_2 = TextStim(__class__=<class 'psychopy.visual.text.TextStim'>, alignHoriz=method-wrapper(...), alignText='center', alignVert=method-wrapper(...), anchorHoriz='center', anchorVert='center', antialias=True, autoLog=True, bold=False, color='white', colorSpace='named', contrast=1.0, depth=0.0, flipHoriz=False, flipVert=False, font='Arial', fontFiles=[], height=0.05, italic=False, languageStyle='LTR', name='text_2', opacity=1.0, ori=0, pos=array([0., 0.]), rgb=array([255., 255., 255.]), text='+', units='height', win=Window(...), wrapWidth=1)
19.0822 	EXP 	Created ITI_fix_cross = TextStim(__class__=<class 'psychopy.visual.text.TextStim'>, alignHoriz=method-wrapper(...), alignText='center', alignVert=method-wrapper(...), anchorHoriz='center', anchorVert='center', antialias=True, autoLog=True, bold=False, color='white', colorSpace='named', contrast=1.0, depth=-1.0, flipHoriz=False, flipVert=False, font='Arial', fontFiles=[], height=0.05, italic=False, languageStyle='LTR', name='ITI_fix_cross', opacity=1.0, ori=0, pos=array([0., 0.]), rgb=array([255., 255., 255.]), text='+', units='height', win=Window(...), wrapWidth=1)
19.4814 	EXP 	Created good_job = TextStim(__class__=<class 'psychopy.visual.text.TextStim'>, alignHoriz=method-wrapper(...), alignText='center', alignVert=method-wrapper(...), anchorHoriz='center', anchorVert='center', antialias=True, autoLog=True, bold=False, color='black', colorSpace='named', contrast=1.0, depth=0.0, flipHoriz=False, flipVert=False, font='Arial', fontFiles=[], height=0.1, italic=False, languageStyle='LTR', name='good_job', opacity=1.0, ori=0, pos=array([0., 0.]), rgb=array([0., 0., 0.]), text='Great Job!\n\nPress <SPACE> to keep going!', units='height', win=Window(...), wrapWidth=1)
19.8713 	EXP 	Created allDone = TextStim(__class__=<class 'psychopy.visual.text.TextStim'>, alignHoriz=method-wrapper(...), alignText='center', alignVert=method-wrapper(...), anchorHoriz='center', anchorVert='center', antialias=True, autoLog=True, bold=False, color='black', colorSpace='named', contrast=1.0, depth=0.0, flipHoriz=False, flipVert=False, font='Arial', fontFiles=[], height=0.1, italic=False, languageStyle='LTR', name='allDone', opacity=1.0, ori=0, pos=array([0., 0.]), rgb=array([0., 0., 0.]), text='You are all done. Thank you!', units='height', win=Window(...), wrapWidth=1)
19.8721 	WARNING 	Got keycode {} but that code isn't yet known
19.8722 	WARNING 	Keypress was given unknown key code (179)
19.9059 	WARNING 	t of last frame was 8573.71ms (=1/0)
19.9059 	EXP 	text_top: autoDraw = True
19.9059 	EXP 	text_bottom: autoDraw = True
19.9059 	EXP 	ccimage: autoDraw = True
20.4377 	DATA 	Keypress: space
20.4650 	EXP 	ccimage: size = [0.42800000000000005, 0.2699]
20.4650 	EXP 	text_top: autoDraw = False
20.4650 	EXP 	text_bottom: autoDraw = False
20.4650 	EXP 	ccimage: autoDraw = False
20.4650 	EXP 	text_13: autoDraw = True
21.2347 	DATA 	Keypress: space
22.0011 	DATA 	Keypress: space
22.0137 	EXP 	text_13: autoDraw = False
22.0137 	EXP 	image_10: autoDraw = True
22.7011 	DATA 	Keypress: space
27.5158 	EXP 	image_10: autoDraw = False
27.9971 	EXP 	image_11: autoDraw = True
33.5140 	WARNING 	t of last frame was 33.23ms (=1/30)
33.5140 	EXP 	image_11: autoDraw = False
33.5140 	EXP 	image_10: autoDraw = False
33.5140 	EXP 	image_11: autoDraw = False
33.5140 	EXP 	prac_instr1: image = 'Designs/prac_instr1.png'
33.5140 	EXP 	prac_instr1: autoDraw = True
34.9650 	DATA 	Keypress: space
35.5702 	DATA 	Keypress: space
35.5807 	WARNING 	t of last frame was 34.04ms (=1/29)
35.5807 	EXP 	prac_instr1: autoDraw = False
35.5807 	EXP 	image_6: pos = array([0.17296, 0.     ])
35.5807 	EXP 	image_6: size = array([0.17296, 0.17296])
35.5807 	EXP 	image_6: image = 'Stimuli/eimd.png'
35.5807 	EXP 	image_7: pos = array([0.17296, 0.     ])
35.5807 	EXP 	image_7: size = array([0.17296, 0.17296])
35.5807 	EXP 	image_7: image = 'Stimuli/eomu.png'
35.5807 	EXP 	image_6: autoDraw = True
35.5807 	EXP 	text_8: autoDraw = True
36.0808 	EXP 	image_6: autoDraw = False
36.3666 	EXP 	image_7: autoDraw = True
36.8806 	WARNING 	t of last frame was 31.39ms (=1/31)
36.8806 	EXP 	image_6: autoDraw = False
36.8806 	EXP 	text_8: autoDraw = False
36.8806 	EXP 	image_7: autoDraw = False
36.8806 	EXP 	prac_instr2: image = 'Designs/prac_instr2_1234.png'
37.0640 	EXP 	prac_instr2: autoDraw = True
37.8665 	DATA 	Keypress: j
37.8800 	WARNING 	Multiple dropped frames have occurred - I'll stop bothering you about them!
37.8799 	EXP 	prac_instr2: autoDraw = False
37.8799 	EXP 	prac_instr3_feedback: image = 'Designs/prac_instr3_corr.png'
37.8799 	EXP 	prac_instr3_feedback: autoDraw = True
40.7714 	DATA 	Keypress: space
40.7804 	EXP 	prac_instr3_feedback: autoDraw = False
40.7804 	EXP 	image_8: pos = array([-0.17296,  0.     ])
40.7804 	EXP 	image_8: size = array([0.17296, 0.17296])
40.7804 	EXP 	image_8: image = 'Stimuli/f142.png'
40.7804 	EXP 	image_9: pos = array([-0.17296,  0.     ])
40.7804 	EXP 	image_9: size = array([0.17296, 0.17296])
40.7804 	EXP 	image_9: image = 'Stimuli/f142.png'
40.7804 	EXP 	image_8: autoDraw = True
40.7804 	EXP 	text_9: autoDraw = True
41.2826 	EXP 	image_8: autoDraw = False
41.5664 	EXP 	image_9: autoDraw = True
42.0803 	EXP 	image_8: autoDraw = False
42.0803 	EXP 	text_9: autoDraw = False
42.0803 	EXP 	image_9: autoDraw = False
42.0803 	EXP 	prac_instr4: image = 'Designs/prac_instr4_1234.png'
42.0803 	EXP 	prac_instr4: autoDraw = True
42.8986 	DATA 	Keypress: f
43.3327 	DATA 	Keypress: space
51.0808 	EXP 	prac_instr4: autoDraw = False
51.0808 	EXP 	prac_instr5: image = 'Designs/prac_instr5_1234_corr.png'
51.0808 	EXP 	prac_instr5: autoDraw = True
52.3808 	EXP 	Created sequence: sequential, trialTypes=1, nReps=2, seed=None
52.3810 	EXP 	New trial (rep=0, index=0): None
52.3936 	DATA 	Keypress: space
52.3992 	EXP 	prac_instr5: autoDraw = False
52.3992 	EXP 	text_12: text = 'First we are going to practice with the Smith sisters.'
52.3992 	EXP 	text_12: autoDraw = True
53.8159 	DATA 	Keypress: space
55.8832 	EXP 	Created sequence: random, trialTypes=1, nReps=4, seed=None
55.8835 	EXP 	New trial (rep=0, index=0): None
55.9142 	EXP 	text_12: autoDraw = False
55.9142 	EXP 	image: pos = array([-0.17296,  0.     ])
55.9142 	EXP 	image: size = array([0.17296, 0.17296])
55.9142 	EXP 	image: image = 'Stimuli/eumu.png'
55.9142 	EXP 	text_6: color = 'black (named)'
55.9142 	EXP 	image: autoDraw = True
55.9142 	EXP 	text_6: autoDraw = True
56.4139 	EXP 	image: autoDraw = False
56.7159 	EXP 	image: autoDraw = False
56.7159 	EXP 	text_6: autoDraw = False
56.7159 	EXP 	image_2: pos = array([-0.17296,  0.     ])
56.7159 	EXP 	image_2: size = array([0.17296, 0.17296])
56.7159 	EXP 	image_2: image = 'Stimuli/f131.png'
56.7159 	EXP 	text_7: color = 'black (named)'
56.7159 	EXP 	image_2: autoDraw = True
56.7159 	EXP 	text_7: autoDraw = True
57.2142 	EXP 	image_2: autoDraw = False
57.8016 	DATA 	Keypress: j
60.9157 	EXP 	image_2: autoDraw = False
60.9157 	EXP 	text_7: autoDraw = False
60.9157 	EXP 	image_3: image = 'Stimuli/greenCheck.png'
60.9157 	EXP 	feedback_msg: text = 'Well done!'
60.9157 	EXP 	image_3: autoDraw = True
60.9157 	EXP 	feedback_msg: autoDraw = True
62.8820 	EXP 	New trial (rep=1, index=0): None
62.8966 	EXP 	image_3: autoDraw = False
62.8966 	EXP 	feedback_msg: autoDraw = False
62.8966 	EXP 	image: pos = array([0.17296, 0.     ])
62.8966 	EXP 	image: size = array([0.17296, 0.17296])
62.8966 	EXP 	image: image = 'Stimuli/eomu.png'
62.8966 	EXP 	text_6: color = 'black (named)'
62.8966 	EXP 	image: autoDraw = True
62.8966 	EXP 	text_6: autoDraw = True
63.3991 	EXP 	image: autoDraw = False
63.6970 	EXP 	image: autoDraw = False
63.6970 	EXP 	text_6: autoDraw = False
63.6970 	EXP 	image_2: pos = array([0.17296, 0.     ])
63.6970 	EXP 	image_2: size = array([0.17296, 0.17296])
63.6970 	EXP 	image_2: image = 'Stimuli/eomu.png'
63.6970 	EXP 	text_7: color = 'black (named)'
63.6970 	EXP 	image_2: autoDraw = True
63.6970 	EXP 	text_7: autoDraw = True
64.1992 	EXP 	image_2: autoDraw = False
65.1829 	DATA 	Keypress: f
67.8969 	EXP 	image_2: autoDraw = False
67.8969 	EXP 	text_7: autoDraw = False
67.8969 	EXP 	image_3: image = 'Stimuli/greenCheck.png'
67.8969 	EXP 	feedback_msg: text = 'Well done!'
67.8969 	EXP 	image_3: autoDraw = True
67.8969 	EXP 	feedback_msg: autoDraw = True
69.8817 	EXP 	New trial (rep=2, index=0): None
69.9159 	EXP 	image_3: autoDraw = False
69.9159 	EXP 	feedback_msg: autoDraw = False
69.9159 	EXP 	image: pos = array([-0.17296,  0.     ])
69.9159 	EXP 	image: size = array([0.17296, 0.17296])
69.9159 	EXP 	image: image = 'Stimuli/f15.png'
69.9159 	EXP 	text_6: color = 'white (named)'
69.9159 	EXP 	image: autoDraw = True
69.9159 	EXP 	text_6: autoDraw = True
70.4140 	EXP 	image: autoDraw = False
70.6968 	EXP 	image: autoDraw = False
70.6968 	EXP 	text_6: autoDraw = False
70.6968 	EXP 	image_2: pos = array([-0.17296,  0.     ])
70.6968 	EXP 	image_2: size = array([0.17296, 0.17296])
70.6968 	EXP 	image_2: image = 'Stimuli/f15.png'
70.6968 	EXP 	text_7: color = 'white (named)'
70.6968 	EXP 	image_2: autoDraw = True
70.6968 	EXP 	text_7: autoDraw = True
71.1990 	EXP 	image_2: autoDraw = False
71.8504 	DATA 	Keypress: f
72.2335 	DATA 	Keypress: space
74.8974 	EXP 	image_2: autoDraw = False
74.8974 	EXP 	text_7: autoDraw = False
74.8974 	EXP 	image_3: image = 'Stimuli/greenCheck.png'
74.8974 	EXP 	feedback_msg: text = 'Well done!'
74.8974 	EXP 	image_3: autoDraw = True
74.8974 	EXP 	feedback_msg: autoDraw = True
76.8815 	EXP 	New trial (rep=3, index=0): None
76.9159 	EXP 	image_3: autoDraw = False
76.9159 	EXP 	feedback_msg: autoDraw = False
76.9159 	EXP 	image: pos = array([0.17296, 0.     ])
76.9159 	EXP 	image: size = array([0.17296, 0.17296])
76.9159 	EXP 	image: image = 'Stimuli/f131.png'
76.9159 	EXP 	text_6: color = 'white (named)'
76.9159 	EXP 	image: autoDraw = True
76.9159 	EXP 	text_6: autoDraw = True
77.4142 	EXP 	image: autoDraw = False
77.7161 	EXP 	image: autoDraw = False
77.7161 	EXP 	text_6: autoDraw = False
77.7161 	EXP 	image_2: pos = array([0.17296, 0.     ])
77.7161 	EXP 	image_2: size = array([0.17296, 0.17296])
77.7161 	EXP 	image_2: image = 'Stimuli/f24.png'
77.7161 	EXP 	text_7: color = 'white (named)'
77.7161 	EXP 	image_2: autoDraw = True
77.7161 	EXP 	text_7: autoDraw = True
78.2141 	EXP 	image_2: autoDraw = False
79.6324 	DATA 	Keypress: j
81.8970 	EXP 	image_2: autoDraw = False
81.8970 	EXP 	text_7: autoDraw = False
81.8970 	EXP 	image_3: image = 'Stimuli/greenCheck.png'
81.8970 	EXP 	feedback_msg: text = 'Well done!'
81.8970 	EXP 	image_3: autoDraw = True
81.8970 	EXP 	feedback_msg: autoDraw = True
83.8971 	EXP 	image_3: autoDraw = False
83.8971 	EXP 	feedback_msg: autoDraw = False
83.8971 	EXP 	transition: autoDraw = True
86.8812 	EXP 	Created sequence: random, trialTypes=1, nReps=4, seed=None
86.8814 	EXP 	New trial (rep=0, index=0): None
87.1588 	EXP 	window1: mouseVisible = True
87.1617 	DEBUG 	Saving data for configural_featural ExperimentHandler
87.1625 	INFO 	saved data to /Users/sophia/Documents/PycharmProjects/Configural_Featural_Study/data/_configural_featural_2020_Nov_19_2110.psydat
87.1651 	INFO 	saved data to '/Users/sophia/Documents/PycharmProjects/Configural_Featural_Study/data/_configural_featural_2020_Nov_19_2110.csv'
