7.5029 	INFO 	Loaded monitor calibration from ['2020_09_20 15:42']
9.7803 	WARNING 	Couldn't measure a consistent frame rate.
  - Is your graphics card set to sync to vertical blank?
  - Are you running other processes on your computer?

9.7808 	EXP 	Created window1 = Window(allowGUI=False, allowStencil=False, args=UNKNOWN, autoLog=True, bitsMode=UNKNOWN, blendMode='avg', bpc=(8, 8, 8), color=array([0., 0., 0.]), colorSpace='rgb', depthBits=8, fullscr=<method-wrapper '__getattribute__' of attributeSetter object at 0x157a7ec50>, gamma=None, gammaErrorPolicy='raise', kwargs=UNKNOWN, lms=UNKNOWN, monitor=<psychopy.monitors.calibTools.Monitor object at 0x157728dd8>, multiSample=False, name='window1', numSamples=2, pos=[448.0, 280.0], screen=0, size=array([3584, 2240]), stencilBits=0, stereo=False, units='height', useFBO=True, useRetina=True, viewOri=0.0, viewPos=None, viewScale=None, waitBlanking=True, winType='pyglet')
9.7810 	EXP 	window1: mouseVisible = True
9.7811 	EXP 	window1: recordFrameIntervals = False
9.9468 	EXP 	window1: recordFrameIntervals = True
11.6138 	WARNING 	Couldn't measure a consistent frame rate.
  - Is your graphics card set to sync to vertical blank?
  - Are you running other processes on your computer?

12.1322 	EXP 	Created text_top = TextStim(__class__=<class 'psychopy.visual.text.TextStim'>, alignHoriz=method-wrapper(...), alignText='center', alignVert=method-wrapper(...), anchorHoriz='center', anchorVert='center', antialias=True, autoLog=True, bold=False, color='black', colorSpace='named', contrast=1.0, depth=-3.0, flipHoriz=False, flipVert=False, font='Arial', fontFiles=[], height=0.05, italic=False, languageStyle='LTR', name='text_top', opacity=1.0, ori=0, pos=array([0. , 0.3]), rgb=array([0., 0., 0.]), text=str(...), units='height', win=Window(...), wrapWidth=1)
12.1389 	EXP 	Created text_bottom = TextStim(__class__=<class 'psychopy.visual.text.TextStim'>, alignHoriz=method-wrapper(...), alignText='center', alignVert=method-wrapper(...), anchorHoriz='center', anchorVert='center', antialias=True, autoLog=True, bold=False, color='black', colorSpace='named', contrast=1.0, depth=-4.0, flipHoriz=False, flipVert=False, font='Arial', fontFiles=[], height=0.05, italic=False, languageStyle='LTR', name='text_bottom', opacity=1.0, ori=0, pos=array([ 0. , -0.3]), rgb=array([0., 0., 0.]), text='Press Space when you’re finished', units='height', win=Window(...), wrapWidth=1)
12.1569 	EXP 	Created ccimage = ImageStim(__class__=<class 'psychopy.visual.image.ImageStim'>, autoLog=True, color=array([1., 1., 1.]), colorSpace='rgb', contrast=1.0, depth=-5.0, flipHoriz=False, flipVert=False, image='bankcard.png', interpolate=True, mask=None, maskParams=None, name='ccimage', opacity=1.0, ori=0.0, pos=array([0., 0.]), size=array([0.428 , 0.2699]), texRes=512, units='height', win=Window(...))
12.1701 	EXP 	Created text_13 = TextStim(__class__=<class 'psychopy.visual.text.TextStim'>, alignHoriz=method-wrapper(...), alignText='center', alignVert=method-wrapper(...), anchorHoriz='center', anchorVert='center', antialias=True, autoLog=True, bold=False, color='black', colorSpace='named', contrast=1.0, depth=0.0, flipHoriz=False, flipVert=False, font='Arial', fontFiles=[], height=0.05, italic=False, languageStyle='LTR', name='text_13', opacity=1.0, ori=0, pos=array([0., 0.]), rgb=array([0., 0., 0.]), text=str(...), units='height', win=Window(...), wrapWidth=1)
12.6050 	EXP 	Created image_10 = ImageStim(__class__=<class 'psychopy.visual.image.ImageStim'>, autoLog=True, color=array([1., 1., 1.]), colorSpace='rgb', contrast=1.0, depth=0.0, flipHoriz=False, flipVert=False, image='Designs/smith_sisters.png', interpolate=True, mask=None, maskParams=None, name='image_10', opacity=1.0, ori=0.0, pos=array([0., 0.]), size=array([1.3275, 0.75  ]), texRes=512, units='height', win=Window(...))
12.6245 	EXP 	Created image_11 = ImageStim(__class__=<class 'psychopy.visual.image.ImageStim'>, autoLog=True, color=array([1., 1., 1.]), colorSpace='rgb', contrast=1.0, depth=-1.0, flipHoriz=False, flipVert=False, image='Designs/smith_houses.png', interpolate=True, mask=None, maskParams=None, name='image_11', opacity=1.0, ori=0.0, pos=array([0., 0.]), size=array([1.3275, 0.75  ]), texRes=512, units='height', win=Window(...))
12.6261 	EXP 	Created prac_instr1 = ImageStim(__class__=<class 'psychopy.visual.image.ImageStim'>, autoLog=True, color=array([1., 1., 1.]), colorSpace='rgb', contrast=1.0, depth=-1.0, flipHoriz=False, flipVert=False, image='sin', interpolate=True, mask=None, maskParams=None, name='prac_instr1', opacity=1.0, ori=0.0, pos=array([0., 0.]), size=array([1.3275, 0.75  ]), texRes=512, units='height', win=Window(...))
13.0358 	EXP 	Created image_6 = ImageStim(__class__=<class 'psychopy.visual.image.ImageStim'>, autoLog=True, color=array([1., 1., 1.]), colorSpace='rgb', contrast=1.0, depth=0.0, flipHoriz=False, flipVert=False, image='sin', interpolate=True, mask=None, maskParams=None, name='image_6', opacity=1.0, ori=0.0, pos=array([0., 0.]), size=array([1., 1.]), texRes=512, units='height', win=Window(...))
13.0392 	EXP 	Created text_8 = TextStim(__class__=<class 'psychopy.visual.text.TextStim'>, alignHoriz=method-wrapper(...), alignText='center', alignVert=method-wrapper(...), anchorHoriz='center', anchorVert='center', antialias=True, autoLog=True, bold=False, color='white', colorSpace='named', contrast=1.0, depth=-1.0, flipHoriz=False, flipVert=False, font='Arial', fontFiles=[], height=0.05, italic=False, languageStyle='LTR', name='text_8', opacity=1.0, ori=0, pos=array([0., 0.]), rgb=array([255., 255., 255.]), text='+', units='height', win=Window(...), wrapWidth=1)
13.0405 	EXP 	Created image_7 = ImageStim(__class__=<class 'psychopy.visual.image.ImageStim'>, autoLog=True, color=array([1., 1., 1.]), colorSpace='rgb', contrast=1.0, depth=-2.0, flipHoriz=False, flipVert=False, image='sin', interpolate=True, mask=None, maskParams=None, name='image_7', opacity=1.0, ori=0.0, pos=array([0., 0.]), size=array([1., 1.]), texRes=512, units='height', win=Window(...))
13.0417 	EXP 	Created prac_instr2 = ImageStim(__class__=<class 'psychopy.visual.image.ImageStim'>, autoLog=True, color=array([1., 1., 1.]), colorSpace='rgb', contrast=1.0, depth=-1.0, flipHoriz=False, flipVert=False, image='sin', interpolate=True, mask=None, maskParams=None, name='prac_instr2', opacity=1.0, ori=0.0, pos=array([0., 0.]), size=array([1.125, 0.75 ]), texRes=512, units='height', win=Window(...))
13.4393 	EXP 	Created prac_instr3_feedback = ImageStim(__class__=<class 'psychopy.visual.image.ImageStim'>, autoLog=True, color=array([1., 1., 1.]), colorSpace='rgb', contrast=1.0, depth=-1.0, flipHoriz=False, flipVert=False, image='sin', interpolate=True, mask=None, maskParams=None, name='prac_instr3_feedback', opacity=1.0, ori=0.0, pos=array([0., 0.]), size=array([1.125, 0.75 ]), texRes=512, units='height', win=Window(...))
13.8504 	EXP 	Created image_8 = ImageStim(__class__=<class 'psychopy.visual.image.ImageStim'>, autoLog=True, color=array([1., 1., 1.]), colorSpace='rgb', contrast=1.0, depth=0.0, flipHoriz=False, flipVert=False, image='sin', interpolate=True, mask=None, maskParams=None, name='image_8', opacity=1.0, ori=0.0, pos=array([0., 0.]), size=array([1., 1.]), texRes=512, units='height', win=Window(...))
13.8516 	EXP 	Created text_9 = TextStim(__class__=<class 'psychopy.visual.text.TextStim'>, alignHoriz=method-wrapper(...), alignText='center', alignVert=method-wrapper(...), anchorHoriz='center', anchorVert='center', antialias=True, autoLog=True, bold=False, color='black', colorSpace='named', contrast=1.0, depth=-1.0, flipHoriz=False, flipVert=False, font='Arial', fontFiles=[], height=0.05, italic=False, languageStyle='LTR', name='text_9', opacity=1.0, ori=0, pos=array([0., 0.]), rgb=array([0., 0., 0.]), text='+', units='height', win=Window(...), wrapWidth=1)
13.8527 	EXP 	Created image_9 = ImageStim(__class__=<class 'psychopy.visual.image.ImageStim'>, autoLog=True, color=array([1., 1., 1.]), colorSpace='rgb', contrast=1.0, depth=-2.0, flipHoriz=False, flipVert=False, image='sin', interpolate=True, mask=None, maskParams=None, name='image_9', opacity=1.0, ori=0.0, pos=array([0., 0.]), size=array([1., 1.]), texRes=512, units='height', win=Window(...))
13.8538 	EXP 	Created prac_instr4 = ImageStim(__class__=<class 'psychopy.visual.image.ImageStim'>, autoLog=True, color=array([1., 1., 1.]), colorSpace='rgb', contrast=1.0, depth=-1.0, flipHoriz=False, flipVert=False, image='sin', interpolate=True, mask=None, maskParams=None, name='prac_instr4', opacity=1.0, ori=0.0, pos=array([0., 0.]), size=array([1.125, 0.75 ]), texRes=512, units='height', win=Window(...))
14.6590 	EXP 	Created prac_instr5 = ImageStim(__class__=<class 'psychopy.visual.image.ImageStim'>, autoLog=True, color=array([1., 1., 1.]), colorSpace='rgb', contrast=1.0, depth=-1.0, flipHoriz=False, flipVert=False, image='sin', interpolate=True, mask=None, maskParams=None, name='prac_instr5', opacity=1.0, ori=0.0, pos=array([0., 0.]), size=array([1.125, 0.75 ]), texRes=512, units='height', win=Window(...))
15.0669 	EXP 	Created text_12 = TextStim(__class__=<class 'psychopy.visual.text.TextStim'>, alignHoriz=method-wrapper(...), alignText='center', alignVert=method-wrapper(...), anchorHoriz='center', anchorVert='center', antialias=True, autoLog=True, bold=False, color='black', colorSpace='named', contrast=1.0, depth=-1.0, flipHoriz=False, flipVert=False, font='Arial', fontFiles=[], height=0.07, italic=False, languageStyle='LTR', name='text_12', opacity=1.0, ori=0, pos=array([0., 0.]), rgb=array([0., 0., 0.]), text='default text', units='height', win=Window(...), wrapWidth=1)
15.0682 	EXP 	Created image = ImageStim(__class__=<class 'psychopy.visual.image.ImageStim'>, autoLog=True, color=array([1., 1., 1.]), colorSpace='rgb', contrast=1.0, depth=-1.0, flipHoriz=False, flipVert=False, image='sin', interpolate=True, mask=None, maskParams=None, name='image', opacity=1.0, ori=0.0, pos=array([0., 0.]), size=array([1., 1.]), texRes=512, units='height', win=Window(...))
15.0693 	EXP 	Created text_6 = TextStim(__class__=<class 'psychopy.visual.text.TextStim'>, alignHoriz=method-wrapper(...), alignText='center', alignVert=method-wrapper(...), anchorHoriz='center', anchorVert='center', antialias=True, autoLog=True, bold=False, color='white', colorSpace='named', contrast=1.0, depth=-2.0, flipHoriz=False, flipVert=False, font='Arial', fontFiles=[], height=0.05, italic=False, languageStyle='LTR', name='text_6', opacity=1.0, ori=0, pos=array([0., 0.]), rgb=array([255., 255., 255.]), text='+', units='height', win=Window(...), wrapWidth=1)
15.0704 	EXP 	Created image_2 = ImageStim(__class__=<class 'psychopy.visual.image.ImageStim'>, autoLog=True, color=array([1., 1., 1.]), colorSpace='rgb', contrast=1.0, depth=0.0, flipHoriz=False, flipVert=False, image='sin', interpolate=True, mask=None, maskParams=None, name='image_2', opacity=1.0, ori=0.0, pos=array([0., 0.]), size=array([1., 1.]), texRes=512, units='height', win=Window(...))
15.0715 	EXP 	Created text_7 = TextStim(__class__=<class 'psychopy.visual.text.TextStim'>, alignHoriz=method-wrapper(...), alignText='center', alignVert=method-wrapper(...), anchorHoriz='center', anchorVert='center', antialias=True, autoLog=True, bold=False, color='white', colorSpace='named', contrast=1.0, depth=-1.0, flipHoriz=False, flipVert=False, font='Arial', fontFiles=[], height=0.05, italic=False, languageStyle='LTR', name='text_7', opacity=1.0, ori=0, pos=array([0., 0.]), rgb=array([255., 255., 255.]), text='+', units='height', win=Window(...), wrapWidth=1)
15.9005 	EXP 	Created image_3 = ImageStim(__class__=<class 'psychopy.visual.image.ImageStim'>, autoLog=True, color=array([1., 1., 1.]), colorSpace='rgb', contrast=1.0, depth=-1.0, flipHoriz=False, flipVert=False, image='sin', interpolate=True, mask=None, maskParams=None, name='image_3', opacity=1.0, ori=0.0, pos=array([0., 0.]), size=array([0.25, 0.25]), texRes=512, units='height', win=Window(...))
15.9029 	EXP 	Created feedback_msg = TextStim(__class__=<class 'psychopy.visual.text.TextStim'>, alignHoriz=method-wrapper(...), alignText='center', alignVert=method-wrapper(...), anchorHoriz='center', anchorVert='center', antialias=True, autoLog=True, bold=False, color='black', colorSpace='named', contrast=1.0, depth=-2.0, flipHoriz=False, flipVert=False, font='Arial', fontFiles=[], height=0.05, italic=False, languageStyle='LTR', name='feedback_msg', opacity=1.0, ori=0, pos=array([ 0.  , -0.25]), rgb=array([0., 0., 0.]), text='default text', units='height', win=Window(...), wrapWidth=1)
15.9092 	EXP 	Created transition = TextStim(__class__=<class 'psychopy.visual.text.TextStim'>, alignHoriz=method-wrapper(...), alignText='center', alignVert=method-wrapper(...), anchorHoriz='center', anchorVert='center', antialias=True, autoLog=True, bold=False, color='black', colorSpace='named', contrast=1.0, depth=0.0, flipHoriz=False, flipVert=False, font='Arial', fontFiles=[], height=0.05, italic=False, languageStyle='LTR', name='transition', opacity=1.0, ori=0, pos=array([0., 0.]), rgb=array([0., 0., 0.]), text=str(...), units='height', win=Window(...), wrapWidth=1)
15.9108 	EXP 	Created image_4 = ImageStim(__class__=<class 'psychopy.visual.image.ImageStim'>, autoLog=True, color=array([1., 1., 1.]), colorSpace='rgb', contrast=1.0, depth=-1.0, flipHoriz=False, flipVert=False, image='sin', interpolate=True, mask=None, maskParams=None, name='image_4', opacity=1.0, ori=0.0, pos=array([0., 0.]), size=array([1., 1.]), texRes=512, units='height', win=Window(...))
15.9125 	EXP 	Created text_10 = TextStim(__class__=<class 'psychopy.visual.text.TextStim'>, alignHoriz=method-wrapper(...), alignText='center', alignVert=method-wrapper(...), anchorHoriz='center', anchorVert='center', antialias=True, autoLog=True, bold=False, color='white', colorSpace='named', contrast=1.0, depth=-2.0, flipHoriz=False, flipVert=False, font='Arial', fontFiles=[], height=0.05, italic=False, languageStyle='LTR', name='text_10', opacity=1.0, ori=0, pos=array([0., 0.]), rgb=array([255., 255., 255.]), text='+', units='height', win=Window(...), wrapWidth=1)
15.9143 	EXP 	Created image_5 = ImageStim(__class__=<class 'psychopy.visual.image.ImageStim'>, autoLog=True, color=array([1., 1., 1.]), colorSpace='rgb', contrast=1.0, depth=0.0, flipHoriz=False, flipVert=False, image='sin', interpolate=True, mask=None, maskParams=None, name='image_5', opacity=1.0, ori=0.0, pos=array([0., 0.]), size=array([1., 1.]), texRes=512, units='height', win=Window(...))
15.9157 	EXP 	Created text_11 = TextStim(__class__=<class 'psychopy.visual.text.TextStim'>, alignHoriz=method-wrapper(...), alignText='center', alignVert=method-wrapper(...), anchorHoriz='center', anchorVert='center', antialias=True, autoLog=True, bold=False, color='white', colorSpace='named', contrast=1.0, depth=-1.0, flipHoriz=False, flipVert=False, font='Arial', fontFiles=[], height=0.05, italic=False, languageStyle='LTR', name='text_11', opacity=1.0, ori=0, pos=array([0., 0.]), rgb=array([255., 255., 255.]), text='+', units='height', win=Window(...), wrapWidth=1)
16.7764 	EXP 	Created image_3 = ImageStim(__class__=<class 'psychopy.visual.image.ImageStim'>, autoLog=True, color=array([1., 1., 1.]), colorSpace='rgb', contrast=1.0, depth=-1.0, flipHoriz=False, flipVert=False, image='sin', interpolate=True, mask=None, maskParams=None, name='image_3', opacity=1.0, ori=0.0, pos=array([0., 0.]), size=array([0.25, 0.25]), texRes=512, units='height', win=Window(...))
16.7785 	EXP 	Created feedback_msg = TextStim(__class__=<class 'psychopy.visual.text.TextStim'>, alignHoriz=method-wrapper(...), alignText='center', alignVert=method-wrapper(...), anchorHoriz='center', anchorVert='center', antialias=True, autoLog=True, bold=False, color='black', colorSpace='named', contrast=1.0, depth=-2.0, flipHoriz=False, flipVert=False, font='Arial', fontFiles=[], height=0.05, italic=False, languageStyle='LTR', name='feedback_msg', opacity=1.0, ori=0, pos=array([ 0.  , -0.25]), rgb=array([0., 0., 0.]), text='default text', units='height', win=Window(...), wrapWidth=1)
16.7887 	EXP 	Created text_3 = TextStim(__class__=<class 'psychopy.visual.text.TextStim'>, alignHoriz=method-wrapper(...), alignText='center', alignVert=method-wrapper(...), anchorHoriz='center', anchorVert='center', antialias=True, autoLog=True, bold=False, color='black', colorSpace='named', contrast=1.0, depth=-1.0, flipHoriz=False, flipVert=False, font='Arial', fontFiles=[], height=0.05, italic=False, languageStyle='LTR', name='text_3', opacity=1.0, ori=0, pos=array([0., 0.]), rgb=array([0., 0., 0.]), text=str(...), units='height', win=Window(...), wrapWidth=1)
17.1986 	EXP 	Created instructions_image = ImageStim(__class__=<class 'psychopy.visual.image.ImageStim'>, autoLog=True, color=array([1., 1., 1.]), colorSpace='rgb', contrast=1.0, depth=-1.0, flipHoriz=False, flipVert=False, image='sin', interpolate=True, mask=None, maskParams=None, name='instructions_image', opacity=1.0, ori=0.0, pos=array([0., 0.]), size=array([1.125, 0.75 ]), texRes=512, units='height', win=Window(...))
17.5989 	EXP 	Created text_4 = TextStim(__class__=<class 'psychopy.visual.text.TextStim'>, alignHoriz=method-wrapper(...), alignText='center', alignVert=method-wrapper(...), anchorHoriz='center', anchorVert='center', antialias=True, autoLog=True, bold=False, color='white', colorSpace='named', contrast=1.0, depth=-1.0, flipHoriz=False, flipVert=False, font='Arial', fontFiles=[], height=0.05, italic=False, languageStyle='LTR', name='text_4', opacity=1.0, ori=0, pos=array([0., 0.]), rgb=array([255., 255., 255.]), text='+', units='height', win=Window(...), wrapWidth=1)
17.6002 	EXP 	Created target_image = ImageStim(__class__=<class 'psychopy.visual.image.ImageStim'>, autoLog=True, color=array([1., 1., 1.]), colorSpace='rgb', contrast=1.0, depth=-2.0, flipHoriz=False, flipVert=False, image='sin', interpolate=True, mask=None, maskParams=None, name='target_image', opacity=1.0, ori=0.0, pos=array([0., 0.]), size=array([1., 1.]), texRes=512, units='height', win=Window(...))
18.0071 	EXP 	Created text = TextStim(__class__=<class 'psychopy.visual.text.TextStim'>, alignHoriz=method-wrapper(...), alignText='center', alignVert=method-wrapper(...), anchorHoriz='center', anchorVert='center', antialias=True, autoLog=True, bold=False, color='white', colorSpace='named', contrast=1.0, depth=0.0, flipHoriz=False, flipVert=False, font='Arial', fontFiles=[], height=0.05, italic=False, languageStyle='LTR', name='text', opacity=1.0, ori=0, pos=array([0., 0.]), rgb=array([255., 255., 255.]), text='+', units='height', win=Window(...), wrapWidth=1)
18.3969 	EXP 	Created text_5 = TextStim(__class__=<class 'psychopy.visual.text.TextStim'>, alignHoriz=method-wrapper(...), alignText='center', alignVert=method-wrapper(...), anchorHoriz='center', anchorVert='center', antialias=True, autoLog=True, bold=False, color='white', colorSpace='named', contrast=1.0, depth=-1.0, flipHoriz=False, flipVert=False, font='Arial', fontFiles=[], height=0.05, italic=False, languageStyle='LTR', name='text_5', opacity=1.0, ori=0, pos=array([0., 0.]), rgb=array([255., 255., 255.]), text='+', units='height', win=Window(...), wrapWidth=1)
18.3981 	EXP 	Created probe_image = ImageStim(__class__=<class 'psychopy.visual.image.ImageStim'>, autoLog=True, color=array([1., 1., 1.]), colorSpace='rgb', contrast=1.0, depth=-2.0, flipHoriz=False, flipVert=False, image='sin', interpolate=True, mask=None, maskParams=None, name='probe_image', opacity=1.0, ori=0.0, pos=array([0., 0.]), size=array([1., 1.]), texRes=512, units='height', win=Window(...))
18.7880 	EXP 	Created text_2 = TextStim(__class__=<class 'psychopy.visual.text.TextStim'>, alignHoriz=method-wrapper(...), alignText='center', alignVert=method-wrapper(...), anchorHoriz='center', anchorVert='center', antialias=True, autoLog=True, bold=False, color='white', colorSpace='named', contrast=1.0, depth=0.0, flipHoriz=False, flipVert=False, font='Arial', fontFiles=[], height=0.05, italic=False, languageStyle='LTR', name='text_2', opacity=1.0, ori=0, pos=array([0., 0.]), rgb=array([255., 255., 255.]), text='+', units='height', win=Window(...), wrapWidth=1)
19.5793 	EXP 	Created ITI_fix_cross = TextStim(__class__=<class 'psychopy.visual.text.TextStim'>, alignHoriz=method-wrapper(...), alignText='center', alignVert=method-wrapper(...), anchorHoriz='center', anchorVert='center', antialias=True, autoLog=True, bold=False, color='white', colorSpace='named', contrast=1.0, depth=-1.0, flipHoriz=False, flipVert=False, font='Arial', fontFiles=[], height=0.05, italic=False, languageStyle='LTR', name='ITI_fix_cross', opacity=1.0, ori=0, pos=array([0., 0.]), rgb=array([255., 255., 255.]), text='+', units='height', win=Window(...), wrapWidth=1)
19.9895 	EXP 	Created good_job = TextStim(__class__=<class 'psychopy.visual.text.TextStim'>, alignHoriz=method-wrapper(...), alignText='center', alignVert=method-wrapper(...), anchorHoriz='center', anchorVert='center', antialias=True, autoLog=True, bold=False, color='black', colorSpace='named', contrast=1.0, depth=0.0, flipHoriz=False, flipVert=False, font='Arial', fontFiles=[], height=0.1, italic=False, languageStyle='LTR', name='good_job', opacity=1.0, ori=0, pos=array([0., 0.]), rgb=array([0., 0., 0.]), text='Great Job!\n\nPress <SPACE> to keep going!', units='height', win=Window(...), wrapWidth=1)
20.4024 	EXP 	Created allDone = TextStim(__class__=<class 'psychopy.visual.text.TextStim'>, alignHoriz=method-wrapper(...), alignText='center', alignVert=method-wrapper(...), anchorHoriz='center', anchorVert='center', antialias=True, autoLog=True, bold=False, color='black', colorSpace='named', contrast=1.0, depth=0.0, flipHoriz=False, flipVert=False, font='Arial', fontFiles=[], height=0.1, italic=False, languageStyle='LTR', name='allDone', opacity=1.0, ori=0, pos=array([0., 0.]), rgb=array([0., 0., 0.]), text='You are all done. Thank you!', units='height', win=Window(...), wrapWidth=1)
20.4384 	WARNING 	t of last frame was 8824.82ms (=1/0)
20.4384 	EXP 	text_top: autoDraw = True
20.4384 	EXP 	text_bottom: autoDraw = True
20.4384 	EXP 	ccimage: autoDraw = True
20.4610 	WARNING 	t of last frame was 22.65ms (=1/44)
20.4818 	WARNING 	t of last frame was 20.75ms (=1/48)
22.6321 	WARNING 	t of last frame was 35.13ms (=1/28)
23.4188 	DATA 	Keypress: left
23.4301 	EXP 	ccimage: size = [0.427144, 0.2699]
23.5846 	DATA 	Keypress: left
23.5971 	EXP 	ccimage: size = [0.422864, 0.2699]
23.8473 	DATA 	Keypress: left
23.8638 	EXP 	ccimage: size = [0.418584, 0.2699]
24.1984 	DATA 	Keypress: left
24.2304 	EXP 	ccimage: size = [0.414304, 0.2699]
24.4159 	DATA 	Keypress: left
24.4299 	EXP 	ccimage: size = [0.410024, 0.2699]
24.6806 	DATA 	Keypress: left
24.6967 	EXP 	ccimage: size = [0.405744, 0.2699]
25.4492 	DATA 	Keypress: left
25.4638 	EXP 	ccimage: size = [0.404888, 0.2699]
27.3146 	DATA 	Keypress: left
27.3305 	EXP 	ccimage: size = [0.404032, 0.2699]
28.4648 	DATA 	Keypress: down
28.4802 	EXP 	ccimage: size = [0.404032, 0.2693602]
28.6473 	DATA 	Keypress: down
28.6635 	EXP 	ccimage: size = [0.404032, 0.2666612]
28.8306 	DATA 	Keypress: down
28.8472 	EXP 	ccimage: size = [0.404032, 0.2639622]
28.9807 	DATA 	Keypress: down
28.9972 	EXP 	ccimage: size = [0.404032, 0.2612632]
29.2310 	DATA 	Keypress: down
29.2468 	EXP 	ccimage: size = [0.404032, 0.25856419999999997]
29.3993 	DATA 	Keypress: down
29.4133 	EXP 	ccimage: size = [0.404032, 0.25586519999999996]
29.7640 	DATA 	Keypress: down
29.7802 	EXP 	ccimage: size = [0.404032, 0.25316619999999995]
30.4981 	DATA 	Keypress: down
30.5138 	EXP 	ccimage: size = [0.404032, 0.2526264]
31.1158 	DATA 	Keypress: space
31.1301 	EXP 	ccimage: size = [0.404032, 0.2526264]
31.1301 	EXP 	text_top: autoDraw = False
31.1301 	EXP 	text_bottom: autoDraw = False
31.1301 	EXP 	ccimage: autoDraw = False
31.1301 	EXP 	text_13: autoDraw = True
34.7000 	DATA 	Keypress: space
34.7135 	EXP 	text_13: autoDraw = False
34.7135 	EXP 	image_10: autoDraw = True
40.2136 	EXP 	image_10: autoDraw = False
40.6799 	EXP 	image_11: autoDraw = True
46.1969 	WARNING 	Multiple dropped frames have occurred - I'll stop bothering you about them!
46.1969 	EXP 	image_11: autoDraw = False
46.1969 	EXP 	image_10: autoDraw = False
46.1969 	EXP 	image_11: autoDraw = False
46.1969 	EXP 	prac_instr1: image = 'Designs/prac_instr1.png'
46.1969 	EXP 	prac_instr1: autoDraw = True
51.1309 	DATA 	Keypress: space
51.1487 	EXP 	prac_instr1: autoDraw = False
51.1487 	EXP 	image_6: pos = array([0.17296, 0.     ])
51.1487 	EXP 	image_6: size = array([0.16327424, 0.16189056])
51.1487 	EXP 	image_6: image = 'Stimuli/H8sim0.png'
51.1487 	EXP 	image_7: pos = array([0.17296, 0.     ])
51.1487 	EXP 	image_7: size = array([0.16327424, 0.16189056])
51.1487 	EXP 	image_7: image = 'Stimuli/H7sim0.png'
51.1487 	EXP 	image_6: autoDraw = True
51.1487 	EXP 	text_8: autoDraw = True
51.6636 	EXP 	image_6: autoDraw = False
51.9301 	EXP 	image_7: autoDraw = True
52.4471 	EXP 	image_6: autoDraw = False
52.4471 	EXP 	text_8: autoDraw = False
52.4471 	EXP 	image_7: autoDraw = False
52.4471 	EXP 	prac_instr2: image = 'Designs/prac_instr2_1234.png'
52.6298 	EXP 	prac_instr2: autoDraw = True
53.6500 	DATA 	Keypress: j
53.6640 	EXP 	prac_instr2: autoDraw = False
53.6640 	EXP 	prac_instr3_feedback: image = 'Designs/prac_instr3_corr.png'
53.6640 	EXP 	prac_instr3_feedback: autoDraw = True
54.6888 	DATA 	Keypress: space
54.6971 	EXP 	prac_instr3_feedback: autoDraw = False
54.6971 	EXP 	image_8: pos = array([-0.16327424,  0.        ])
54.6971 	EXP 	image_8: size = array([0.16327424, 0.16189056])
54.6971 	EXP 	image_8: image = 'Stimuli/H-8sim3.png'
54.6971 	EXP 	image_9: pos = array([-0.16327424,  0.        ])
54.6971 	EXP 	image_9: size = array([0.16327424, 0.16189056])
54.6971 	EXP 	image_9: image = 'Stimuli/H-8sim3.png'
54.6971 	EXP 	image_8: autoDraw = True
54.6971 	EXP 	text_9: autoDraw = True
55.1970 	EXP 	image_8: autoDraw = False
55.4806 	EXP 	image_9: autoDraw = True
55.9808 	EXP 	image_9: autoDraw = False
56.0140 	EXP 	image_8: autoDraw = False
56.0140 	EXP 	text_9: autoDraw = False
56.0140 	EXP 	image_9: autoDraw = False
56.0140 	EXP 	prac_instr4: image = 'Designs/prac_instr4_1234.png'
56.0140 	EXP 	prac_instr4: autoDraw = True
56.7984 	DATA 	Keypress: f
58.5318 	DATA 	Keypress: space
65.0137 	EXP 	prac_instr4: autoDraw = False
65.0137 	EXP 	prac_instr5: image = 'Designs/prac_instr5_1234_corr.png'
65.0137 	EXP 	prac_instr5: autoDraw = True
66.2142 	EXP 	Created sequence: sequential, trialTypes=1, nReps=2, seed=None
66.2144 	EXP 	New trial (rep=0, index=0): None
66.2282 	DATA 	Keypress: space
66.2493 	EXP 	prac_instr5: autoDraw = False
66.2493 	EXP 	text_12: text = "First we are going to practice with the houses in the Smith's neighborhood."
66.2493 	EXP 	text_12: autoDraw = True
69.7156 	EXP 	Created sequence: random, trialTypes=1, nReps=4, seed=None
69.7160 	EXP 	New trial (rep=0, index=0): None
69.7308 	EXP 	text_12: autoDraw = False
69.7308 	EXP 	image: pos = array([-0.16327424,  0.        ])
69.7308 	EXP 	image: size = array([0.16327424, 0.16189056])
69.7308 	EXP 	image: image = 'Stimuli/H-8sim3.png'
69.7308 	EXP 	text_6: color = 'white (named)'
69.7308 	EXP 	image: autoDraw = True
69.7308 	EXP 	text_6: autoDraw = True
70.2323 	EXP 	image: autoDraw = False
70.5306 	EXP 	image: autoDraw = False
70.5306 	EXP 	text_6: autoDraw = False
70.5306 	EXP 	image_2: pos = array([-0.16327424,  0.        ])
70.5306 	EXP 	image_2: size = array([0.16327424, 0.16189056])
70.5306 	EXP 	image_2: image = 'Stimuli/H-8sim3.png'
70.5306 	EXP 	text_7: color = 'white (named)'
70.5306 	EXP 	image_2: autoDraw = True
70.5306 	EXP 	text_7: autoDraw = True
71.0324 	EXP 	image_2: autoDraw = False
71.9007 	DATA 	Keypress: f
74.7472 	EXP 	image_2: autoDraw = False
74.7472 	EXP 	text_7: autoDraw = False
74.7472 	EXP 	image_3: image = 'Stimuli/greenCheck.png'
74.7472 	EXP 	feedback_msg: text = 'Well done!'
74.7472 	EXP 	image_3: autoDraw = True
74.7472 	EXP 	feedback_msg: autoDraw = True
76.7158 	EXP 	New trial (rep=1, index=0): None
76.7306 	EXP 	image_3: autoDraw = False
76.7306 	EXP 	feedback_msg: autoDraw = False
76.7306 	EXP 	image: pos = array([-0.16327424,  0.        ])
76.7306 	EXP 	image: size = array([0.16327424, 0.16189056])
76.7306 	EXP 	image: image = 'Stimuli/H8sim0.png'
76.7306 	EXP 	text_6: color = 'white (named)'
76.7306 	EXP 	image: autoDraw = True
76.7306 	EXP 	text_6: autoDraw = True
77.2309 	EXP 	image: autoDraw = False
77.5309 	EXP 	image: autoDraw = False
77.5309 	EXP 	text_6: autoDraw = False
77.5309 	EXP 	image_2: pos = array([-0.16327424,  0.        ])
77.5309 	EXP 	image_2: size = array([0.16327424, 0.16189056])
77.5309 	EXP 	image_2: image = 'Stimuli/H-8sim3.png'
77.5309 	EXP 	text_7: color = 'white (named)'
77.5309 	EXP 	image_2: autoDraw = True
77.5309 	EXP 	text_7: autoDraw = True
78.0321 	EXP 	image_2: autoDraw = False
78.8009 	DATA 	Keypress: j
81.7308 	EXP 	image_2: autoDraw = False
81.7308 	EXP 	text_7: autoDraw = False
81.7308 	EXP 	image_3: image = 'Stimuli/greenCheck.png'
81.7308 	EXP 	feedback_msg: text = 'Well done!'
81.7308 	EXP 	image_3: autoDraw = True
81.7308 	EXP 	feedback_msg: autoDraw = True
83.7175 	EXP 	New trial (rep=2, index=0): None
83.7304 	EXP 	image_3: autoDraw = False
83.7304 	EXP 	feedback_msg: autoDraw = False
83.7304 	EXP 	image: pos = array([0.16327424, 0.        ])
83.7304 	EXP 	image: size = array([0.16327424, 0.16189056])
83.7304 	EXP 	image: image = 'Stimuli/H-8sim0.png'
83.7304 	EXP 	text_6: color = 'white (named)'
83.7304 	EXP 	image: autoDraw = True
83.7304 	EXP 	text_6: autoDraw = True
84.2326 	EXP 	image: autoDraw = False
84.5308 	EXP 	image: autoDraw = False
84.5308 	EXP 	text_6: autoDraw = False
84.5308 	EXP 	image_2: pos = array([0.16327424, 0.        ])
84.5308 	EXP 	image_2: size = array([0.16327424, 0.16189056])
84.5308 	EXP 	image_2: image = 'Stimuli/H-8sim0.png'
84.5308 	EXP 	text_7: color = 'white (named)'
84.5308 	EXP 	image_2: autoDraw = True
84.5308 	EXP 	text_7: autoDraw = True
85.0309 	EXP 	image_2: autoDraw = False
85.6010 	DATA 	Keypress: f
88.7311 	EXP 	image_2: autoDraw = False
88.7311 	EXP 	text_7: autoDraw = False
88.7311 	EXP 	image_3: image = 'Stimuli/greenCheck.png'
88.7311 	EXP 	feedback_msg: text = 'Well done!'
88.7311 	EXP 	image_3: autoDraw = True
88.7311 	EXP 	feedback_msg: autoDraw = True
90.7154 	EXP 	New trial (rep=3, index=0): None
90.7307 	EXP 	image_3: autoDraw = False
90.7307 	EXP 	feedback_msg: autoDraw = False
90.7307 	EXP 	image: pos = array([-0.16327424,  0.        ])
90.7307 	EXP 	image: size = array([0.16327424, 0.16189056])
90.7307 	EXP 	image: image = 'Stimuli/H-8sim2.png'
90.7307 	EXP 	text_6: color = 'white (named)'
90.7307 	EXP 	image: autoDraw = True
90.7307 	EXP 	text_6: autoDraw = True
91.2329 	EXP 	image: autoDraw = False
91.5311 	EXP 	image: autoDraw = False
91.5311 	EXP 	text_6: autoDraw = False
91.5311 	EXP 	image_2: pos = array([-0.16327424,  0.        ])
91.5311 	EXP 	image_2: size = array([0.16327424, 0.16189056])
91.5311 	EXP 	image_2: image = 'Stimuli/H-8sim2.png'
91.5311 	EXP 	text_7: color = 'white (named)'
91.5311 	EXP 	image_2: autoDraw = True
91.5311 	EXP 	text_7: autoDraw = True
92.0329 	EXP 	image_2: autoDraw = False
92.8843 	DATA 	Keypress: j
95.7475 	EXP 	image_2: autoDraw = False
95.7475 	EXP 	text_7: autoDraw = False
95.7475 	EXP 	image_3: image = 'Stimuli/redWrong.png'
95.7475 	EXP 	feedback_msg: text = 'Oops, your cross response was right but the picture response was wrong.'
95.7475 	EXP 	image_3: autoDraw = True
95.7475 	EXP 	feedback_msg: autoDraw = True
97.7306 	EXP 	image_3: autoDraw = False
97.7306 	EXP 	feedback_msg: autoDraw = False
97.7306 	EXP 	transition: autoDraw = True
100.7180 	EXP 	Created sequence: random, trialTypes=1, nReps=4, seed=None
100.7183 	EXP 	New trial (rep=0, index=0): None
100.9973 	EXP 	window1: mouseVisible = True
101.0005 	DEBUG 	Saving data for configural_featural ExperimentHandler
101.0014 	INFO 	saved data to /Users/sophia/Documents/PycharmProjects/Configural_Featural_Study/data/_configural_featural_2020_Nov_19_2104.psydat
101.0041 	INFO 	saved data to '/Users/sophia/Documents/PycharmProjects/Configural_Featural_Study/data/_configural_featural_2020_Nov_19_2104.csv'
