11.4050 	INFO 	Loaded monitor calibration from ['2020_09_20 15:42']
13.7157 	WARNING 	Couldn't measure a consistent frame rate.
  - Is your graphics card set to sync to vertical blank?
  - Are you running other processes on your computer?

13.7163 	EXP 	Created window1 = Window(allowGUI=False, allowStencil=False, args=UNKNOWN, autoLog=True, bitsMode=UNKNOWN, blendMode='avg', bpc=(8, 8, 8), color=array([0., 0., 0.]), colorSpace='rgb', depthBits=8, fullscr=<method-wrapper '__getattribute__' of attributeSetter object at 0x11fae0978>, gamma=None, gammaErrorPolicy='raise', kwargs=UNKNOWN, lms=UNKNOWN, monitor=<psychopy.monitors.calibTools.Monitor object at 0x155c71710>, multiSample=False, name='window1', numSamples=2, pos=[448.0, 280.0], screen=0, size=array([3584, 2240]), stencilBits=0, stereo=False, units='height', useFBO=True, useRetina=True, viewOri=0.0, viewPos=None, viewScale=None, waitBlanking=True, winType='pyglet')
13.7165 	EXP 	window1: mouseVisible = True
13.7166 	EXP 	window1: recordFrameIntervals = False
13.8841 	EXP 	window1: recordFrameIntervals = True
15.5491 	WARNING 	Couldn't measure a consistent frame rate.
  - Is your graphics card set to sync to vertical blank?
  - Are you running other processes on your computer?

16.0484 	EXP 	Created text_top = TextStim(__class__=<class 'psychopy.visual.text.TextStim'>, alignHoriz=method-wrapper(...), alignText='center', alignVert=method-wrapper(...), anchorHoriz='center', anchorVert='center', antialias=True, autoLog=True, bold=False, color='black', colorSpace='named', contrast=1.0, depth=-3.0, flipHoriz=False, flipVert=False, font='Arial', fontFiles=[], height=0.05, italic=False, languageStyle='LTR', name='text_top', opacity=1.0, ori=0, pos=array([0. , 0.3]), rgb=array([0., 0., 0.]), text=str(...), units='height', win=Window(...), wrapWidth=1)
16.0549 	EXP 	Created text_bottom = TextStim(__class__=<class 'psychopy.visual.text.TextStim'>, alignHoriz=method-wrapper(...), alignText='center', alignVert=method-wrapper(...), anchorHoriz='center', anchorVert='center', antialias=True, autoLog=True, bold=False, color='black', colorSpace='named', contrast=1.0, depth=-4.0, flipHoriz=False, flipVert=False, font='Arial', fontFiles=[], height=0.05, italic=False, languageStyle='LTR', name='text_bottom', opacity=1.0, ori=0, pos=array([ 0. , -0.3]), rgb=array([0., 0., 0.]), text='Press Space when you’re finished', units='height', win=Window(...), wrapWidth=1)
16.0879 	EXP 	Created ccimage = ImageStim(__class__=<class 'psychopy.visual.image.ImageStim'>, autoLog=True, color=array([1., 1., 1.]), colorSpace='rgb', contrast=1.0, depth=-5.0, flipHoriz=False, flipVert=False, image='bankcard.png', interpolate=True, mask=None, maskParams=None, name='ccimage', opacity=1.0, ori=0.0, pos=array([0., 0.]), size=array([0.428 , 0.2699]), texRes=512, units='height', win=Window(...))
16.1020 	EXP 	Created text_13 = TextStim(__class__=<class 'psychopy.visual.text.TextStim'>, alignHoriz=method-wrapper(...), alignText='center', alignVert=method-wrapper(...), anchorHoriz='center', anchorVert='center', antialias=True, autoLog=True, bold=False, color='black', colorSpace='named', contrast=1.0, depth=0.0, flipHoriz=False, flipVert=False, font='Arial', fontFiles=[], height=0.05, italic=False, languageStyle='LTR', name='text_13', opacity=1.0, ori=0, pos=array([0., 0.]), rgb=array([0., 0., 0.]), text=str(...), units='height', win=Window(...), wrapWidth=1)
16.5147 	EXP 	Created image_10 = ImageStim(__class__=<class 'psychopy.visual.image.ImageStim'>, autoLog=True, color=array([1., 1., 1.]), colorSpace='rgb', contrast=1.0, depth=0.0, flipHoriz=False, flipVert=False, image='Designs/smith_sisters.png', interpolate=True, mask=None, maskParams=None, name='image_10', opacity=1.0, ori=0.0, pos=array([0., 0.]), size=array([1.3275, 0.75  ]), texRes=512, units='height', win=Window(...))
16.5347 	EXP 	Created image_11 = ImageStim(__class__=<class 'psychopy.visual.image.ImageStim'>, autoLog=True, color=array([1., 1., 1.]), colorSpace='rgb', contrast=1.0, depth=-1.0, flipHoriz=False, flipVert=False, image='Designs/smith_houses.png', interpolate=True, mask=None, maskParams=None, name='image_11', opacity=1.0, ori=0.0, pos=array([0., 0.]), size=array([1.3275, 0.75  ]), texRes=512, units='height', win=Window(...))
16.5366 	EXP 	Created prac_instr1 = ImageStim(__class__=<class 'psychopy.visual.image.ImageStim'>, autoLog=True, color=array([1., 1., 1.]), colorSpace='rgb', contrast=1.0, depth=-1.0, flipHoriz=False, flipVert=False, image='sin', interpolate=True, mask=None, maskParams=None, name='prac_instr1', opacity=1.0, ori=0.0, pos=array([0., 0.]), size=array([1.3275, 0.75  ]), texRes=512, units='height', win=Window(...))
16.9523 	EXP 	Created image_6 = ImageStim(__class__=<class 'psychopy.visual.image.ImageStim'>, autoLog=True, color=array([1., 1., 1.]), colorSpace='rgb', contrast=1.0, depth=0.0, flipHoriz=False, flipVert=False, image='sin', interpolate=True, mask=None, maskParams=None, name='image_6', opacity=1.0, ori=0.0, pos=array([0., 0.]), size=array([1., 1.]), texRes=512, units='height', win=Window(...))
16.9568 	EXP 	Created text_8 = TextStim(__class__=<class 'psychopy.visual.text.TextStim'>, alignHoriz=method-wrapper(...), alignText='center', alignVert=method-wrapper(...), anchorHoriz='center', anchorVert='center', antialias=True, autoLog=True, bold=False, color='white', colorSpace='named', contrast=1.0, depth=-1.0, flipHoriz=False, flipVert=False, font='Arial', fontFiles=[], height=0.05, italic=False, languageStyle='LTR', name='text_8', opacity=1.0, ori=0, pos=array([0., 0.]), rgb=array([255., 255., 255.]), text='+', units='height', win=Window(...), wrapWidth=1)
16.9581 	EXP 	Created image_7 = ImageStim(__class__=<class 'psychopy.visual.image.ImageStim'>, autoLog=True, color=array([1., 1., 1.]), colorSpace='rgb', contrast=1.0, depth=-2.0, flipHoriz=False, flipVert=False, image='sin', interpolate=True, mask=None, maskParams=None, name='image_7', opacity=1.0, ori=0.0, pos=array([0., 0.]), size=array([1., 1.]), texRes=512, units='height', win=Window(...))
16.9592 	EXP 	Created prac_instr2 = ImageStim(__class__=<class 'psychopy.visual.image.ImageStim'>, autoLog=True, color=array([1., 1., 1.]), colorSpace='rgb', contrast=1.0, depth=-1.0, flipHoriz=False, flipVert=False, image='sin', interpolate=True, mask=None, maskParams=None, name='prac_instr2', opacity=1.0, ori=0.0, pos=array([0., 0.]), size=array([1.125, 0.75 ]), texRes=512, units='height', win=Window(...))
17.3446 	EXP 	Created prac_instr3_feedback = ImageStim(__class__=<class 'psychopy.visual.image.ImageStim'>, autoLog=True, color=array([1., 1., 1.]), colorSpace='rgb', contrast=1.0, depth=-1.0, flipHoriz=False, flipVert=False, image='sin', interpolate=True, mask=None, maskParams=None, name='prac_instr3_feedback', opacity=1.0, ori=0.0, pos=array([0., 0.]), size=array([1.125, 0.75 ]), texRes=512, units='height', win=Window(...))
17.7256 	EXP 	Created image_8 = ImageStim(__class__=<class 'psychopy.visual.image.ImageStim'>, autoLog=True, color=array([1., 1., 1.]), colorSpace='rgb', contrast=1.0, depth=0.0, flipHoriz=False, flipVert=False, image='sin', interpolate=True, mask=None, maskParams=None, name='image_8', opacity=1.0, ori=0.0, pos=array([0., 0.]), size=array([1., 1.]), texRes=512, units='height', win=Window(...))
17.7268 	EXP 	Created text_9 = TextStim(__class__=<class 'psychopy.visual.text.TextStim'>, alignHoriz=method-wrapper(...), alignText='center', alignVert=method-wrapper(...), anchorHoriz='center', anchorVert='center', antialias=True, autoLog=True, bold=False, color='black', colorSpace='named', contrast=1.0, depth=-1.0, flipHoriz=False, flipVert=False, font='Arial', fontFiles=[], height=0.05, italic=False, languageStyle='LTR', name='text_9', opacity=1.0, ori=0, pos=array([0., 0.]), rgb=array([0., 0., 0.]), text='+', units='height', win=Window(...), wrapWidth=1)
17.7279 	EXP 	Created image_9 = ImageStim(__class__=<class 'psychopy.visual.image.ImageStim'>, autoLog=True, color=array([1., 1., 1.]), colorSpace='rgb', contrast=1.0, depth=-2.0, flipHoriz=False, flipVert=False, image='sin', interpolate=True, mask=None, maskParams=None, name='image_9', opacity=1.0, ori=0.0, pos=array([0., 0.]), size=array([1., 1.]), texRes=512, units='height', win=Window(...))
17.7290 	EXP 	Created prac_instr4 = ImageStim(__class__=<class 'psychopy.visual.image.ImageStim'>, autoLog=True, color=array([1., 1., 1.]), colorSpace='rgb', contrast=1.0, depth=-1.0, flipHoriz=False, flipVert=False, image='sin', interpolate=True, mask=None, maskParams=None, name='prac_instr4', opacity=1.0, ori=0.0, pos=array([0., 0.]), size=array([1.125, 0.75 ]), texRes=512, units='height', win=Window(...))
18.4766 	EXP 	Created prac_instr5 = ImageStim(__class__=<class 'psychopy.visual.image.ImageStim'>, autoLog=True, color=array([1., 1., 1.]), colorSpace='rgb', contrast=1.0, depth=-1.0, flipHoriz=False, flipVert=False, image='sin', interpolate=True, mask=None, maskParams=None, name='prac_instr5', opacity=1.0, ori=0.0, pos=array([0., 0.]), size=array([1.125, 0.75 ]), texRes=512, units='height', win=Window(...))
18.8573 	EXP 	Created text_12 = TextStim(__class__=<class 'psychopy.visual.text.TextStim'>, alignHoriz=method-wrapper(...), alignText='center', alignVert=method-wrapper(...), anchorHoriz='center', anchorVert='center', antialias=True, autoLog=True, bold=False, color='black', colorSpace='named', contrast=1.0, depth=-1.0, flipHoriz=False, flipVert=False, font='Arial', fontFiles=[], height=0.06, italic=False, languageStyle='LTR', name='text_12', opacity=1.0, ori=0, pos=array([0., 0.]), rgb=array([0., 0., 0.]), text='default text', units='height', win=Window(...), wrapWidth=1)
18.8585 	EXP 	Created image = ImageStim(__class__=<class 'psychopy.visual.image.ImageStim'>, autoLog=True, color=array([1., 1., 1.]), colorSpace='rgb', contrast=1.0, depth=-1.0, flipHoriz=False, flipVert=False, image='sin', interpolate=True, mask=None, maskParams=None, name='image', opacity=1.0, ori=0.0, pos=array([0., 0.]), size=array([1., 1.]), texRes=512, units='height', win=Window(...))
18.8596 	EXP 	Created text_6 = TextStim(__class__=<class 'psychopy.visual.text.TextStim'>, alignHoriz=method-wrapper(...), alignText='center', alignVert=method-wrapper(...), anchorHoriz='center', anchorVert='center', antialias=True, autoLog=True, bold=False, color='white', colorSpace='named', contrast=1.0, depth=-2.0, flipHoriz=False, flipVert=False, font='Arial', fontFiles=[], height=0.05, italic=False, languageStyle='LTR', name='text_6', opacity=1.0, ori=0, pos=array([0., 0.]), rgb=array([255., 255., 255.]), text='+', units='height', win=Window(...), wrapWidth=1)
18.8607 	EXP 	Created image_2 = ImageStim(__class__=<class 'psychopy.visual.image.ImageStim'>, autoLog=True, color=array([1., 1., 1.]), colorSpace='rgb', contrast=1.0, depth=0.0, flipHoriz=False, flipVert=False, image='sin', interpolate=True, mask=None, maskParams=None, name='image_2', opacity=1.0, ori=0.0, pos=array([0., 0.]), size=array([1., 1.]), texRes=512, units='height', win=Window(...))
18.8619 	EXP 	Created text_7 = TextStim(__class__=<class 'psychopy.visual.text.TextStim'>, alignHoriz=method-wrapper(...), alignText='center', alignVert=method-wrapper(...), anchorHoriz='center', anchorVert='center', antialias=True, autoLog=True, bold=False, color='white', colorSpace='named', contrast=1.0, depth=-1.0, flipHoriz=False, flipVert=False, font='Arial', fontFiles=[], height=0.05, italic=False, languageStyle='LTR', name='text_7', opacity=1.0, ori=0, pos=array([0., 0.]), rgb=array([255., 255., 255.]), text='+', units='height', win=Window(...), wrapWidth=1)
19.6346 	EXP 	Created image_3 = ImageStim(__class__=<class 'psychopy.visual.image.ImageStim'>, autoLog=True, color=array([1., 1., 1.]), colorSpace='rgb', contrast=1.0, depth=-1.0, flipHoriz=False, flipVert=False, image='sin', interpolate=True, mask=None, maskParams=None, name='image_3', opacity=1.0, ori=0.0, pos=array([0., 0.]), size=array([0.25, 0.25]), texRes=512, units='height', win=Window(...))
19.6369 	EXP 	Created feedback_msg = TextStim(__class__=<class 'psychopy.visual.text.TextStim'>, alignHoriz=method-wrapper(...), alignText='center', alignVert=method-wrapper(...), anchorHoriz='center', anchorVert='center', antialias=True, autoLog=True, bold=False, color='black', colorSpace='named', contrast=1.0, depth=-2.0, flipHoriz=False, flipVert=False, font='Arial', fontFiles=[], height=0.05, italic=False, languageStyle='LTR', name='feedback_msg', opacity=1.0, ori=0, pos=array([ 0.  , -0.25]), rgb=array([0., 0., 0.]), text='default text', units='height', win=Window(...), wrapWidth=1)
19.6428 	EXP 	Created transition = TextStim(__class__=<class 'psychopy.visual.text.TextStim'>, alignHoriz=method-wrapper(...), alignText='center', alignVert=method-wrapper(...), anchorHoriz='center', anchorVert='center', antialias=True, autoLog=True, bold=False, color='black', colorSpace='named', contrast=1.0, depth=0.0, flipHoriz=False, flipVert=False, font='Arial', fontFiles=[], height=0.05, italic=False, languageStyle='LTR', name='transition', opacity=1.0, ori=0, pos=array([0., 0.]), rgb=array([0., 0., 0.]), text=str(...), units='height', win=Window(...), wrapWidth=1)
19.6439 	EXP 	Created image_4 = ImageStim(__class__=<class 'psychopy.visual.image.ImageStim'>, autoLog=True, color=array([1., 1., 1.]), colorSpace='rgb', contrast=1.0, depth=-1.0, flipHoriz=False, flipVert=False, image='sin', interpolate=True, mask=None, maskParams=None, name='image_4', opacity=1.0, ori=0.0, pos=array([0., 0.]), size=array([1., 1.]), texRes=512, units='height', win=Window(...))
19.6450 	EXP 	Created text_10 = TextStim(__class__=<class 'psychopy.visual.text.TextStim'>, alignHoriz=method-wrapper(...), alignText='center', alignVert=method-wrapper(...), anchorHoriz='center', anchorVert='center', antialias=True, autoLog=True, bold=False, color='white', colorSpace='named', contrast=1.0, depth=-2.0, flipHoriz=False, flipVert=False, font='Arial', fontFiles=[], height=0.05, italic=False, languageStyle='LTR', name='text_10', opacity=1.0, ori=0, pos=array([0., 0.]), rgb=array([255., 255., 255.]), text='+', units='height', win=Window(...), wrapWidth=1)
19.6460 	EXP 	Created image_5 = ImageStim(__class__=<class 'psychopy.visual.image.ImageStim'>, autoLog=True, color=array([1., 1., 1.]), colorSpace='rgb', contrast=1.0, depth=0.0, flipHoriz=False, flipVert=False, image='sin', interpolate=True, mask=None, maskParams=None, name='image_5', opacity=1.0, ori=0.0, pos=array([0., 0.]), size=array([1., 1.]), texRes=512, units='height', win=Window(...))
19.6471 	EXP 	Created text_11 = TextStim(__class__=<class 'psychopy.visual.text.TextStim'>, alignHoriz=method-wrapper(...), alignText='center', alignVert=method-wrapper(...), anchorHoriz='center', anchorVert='center', antialias=True, autoLog=True, bold=False, color='white', colorSpace='named', contrast=1.0, depth=-1.0, flipHoriz=False, flipVert=False, font='Arial', fontFiles=[], height=0.05, italic=False, languageStyle='LTR', name='text_11', opacity=1.0, ori=0, pos=array([0., 0.]), rgb=array([255., 255., 255.]), text='+', units='height', win=Window(...), wrapWidth=1)
20.4162 	EXP 	Created image_12 = ImageStim(__class__=<class 'psychopy.visual.image.ImageStim'>, autoLog=True, color=array([1., 1., 1.]), colorSpace='rgb', contrast=1.0, depth=-1.0, flipHoriz=False, flipVert=False, image='sin', interpolate=True, mask=None, maskParams=None, name='image_12', opacity=1.0, ori=0.0, pos=array([0., 0.]), size=array([0.25, 0.25]), texRes=512, units='height', win=Window(...))
20.4181 	EXP 	Created text_14 = TextStim(__class__=<class 'psychopy.visual.text.TextStim'>, alignHoriz=method-wrapper(...), alignText='center', alignVert=method-wrapper(...), anchorHoriz='center', anchorVert='center', antialias=True, autoLog=True, bold=False, color='black', colorSpace='named', contrast=1.0, depth=-2.0, flipHoriz=False, flipVert=False, font='Arial', fontFiles=[], height=0.05, italic=False, languageStyle='LTR', name='text_14', opacity=1.0, ori=0, pos=array([ 0.  , -0.25]), rgb=array([0., 0., 0.]), text='default text', units='height', win=Window(...), wrapWidth=1)
20.4198 	EXP 	Created text_15 = TextStim(__class__=<class 'psychopy.visual.text.TextStim'>, alignHoriz=method-wrapper(...), alignText='center', alignVert=method-wrapper(...), anchorHoriz='center', anchorVert='center', antialias=True, autoLog=True, bold=False, color='black', colorSpace='named', contrast=1.0, depth=-1.0, flipHoriz=False, flipVert=False, font='Arial', fontFiles=[], height=0.05, italic=False, languageStyle='LTR', name='text_15', opacity=1.0, ori=0, pos=array([0., 0.]), rgb=array([0., 0., 0.]), text='default text', units='height', win=Window(...), wrapWidth=1)
20.8176 	EXP 	Created text_3 = TextStim(__class__=<class 'psychopy.visual.text.TextStim'>, alignHoriz=method-wrapper(...), alignText='center', alignVert=method-wrapper(...), anchorHoriz='center', anchorVert='center', antialias=True, autoLog=True, bold=False, color='black', colorSpace='named', contrast=1.0, depth=-1.0, flipHoriz=False, flipVert=False, font='Arial', fontFiles=[], height=0.05, italic=False, languageStyle='LTR', name='text_3', opacity=1.0, ori=0, pos=array([0., 0.]), rgb=array([0., 0., 0.]), text=str(...), units='height', win=Window(...), wrapWidth=1)
21.2033 	EXP 	Created instructions_image = ImageStim(__class__=<class 'psychopy.visual.image.ImageStim'>, autoLog=True, color=array([1., 1., 1.]), colorSpace='rgb', contrast=1.0, depth=-1.0, flipHoriz=False, flipVert=False, image='sin', interpolate=True, mask=None, maskParams=None, name='instructions_image', opacity=1.0, ori=0.0, pos=array([0., 0.]), size=array([1.125, 0.75 ]), texRes=512, units='height', win=Window(...))
21.5902 	EXP 	Created text_4 = TextStim(__class__=<class 'psychopy.visual.text.TextStim'>, alignHoriz=method-wrapper(...), alignText='center', alignVert=method-wrapper(...), anchorHoriz='center', anchorVert='center', antialias=True, autoLog=True, bold=False, color='white', colorSpace='named', contrast=1.0, depth=-1.0, flipHoriz=False, flipVert=False, font='Arial', fontFiles=[], height=0.05, italic=False, languageStyle='LTR', name='text_4', opacity=1.0, ori=0, pos=array([0., 0.]), rgb=array([255., 255., 255.]), text='+', units='height', win=Window(...), wrapWidth=1)
21.5914 	EXP 	Created target_image = ImageStim(__class__=<class 'psychopy.visual.image.ImageStim'>, autoLog=True, color=array([1., 1., 1.]), colorSpace='rgb', contrast=1.0, depth=-2.0, flipHoriz=False, flipVert=False, image='sin', interpolate=True, mask=None, maskParams=None, name='target_image', opacity=1.0, ori=0.0, pos=array([0., 0.]), size=array([1., 1.]), texRes=512, units='height', win=Window(...))
21.5925 	EXP 	Created text = TextStim(__class__=<class 'psychopy.visual.text.TextStim'>, alignHoriz=method-wrapper(...), alignText='center', alignVert=method-wrapper(...), anchorHoriz='center', anchorVert='center', antialias=True, autoLog=True, bold=False, color='white', colorSpace='named', contrast=1.0, depth=0.0, flipHoriz=False, flipVert=False, font='Arial', fontFiles=[], height=0.05, italic=False, languageStyle='LTR', name='text', opacity=1.0, ori=0, pos=array([0., 0.]), rgb=array([255., 255., 255.]), text='+', units='height', win=Window(...), wrapWidth=1)
21.5936 	EXP 	Created text_5 = TextStim(__class__=<class 'psychopy.visual.text.TextStim'>, alignHoriz=method-wrapper(...), alignText='center', alignVert=method-wrapper(...), anchorHoriz='center', anchorVert='center', antialias=True, autoLog=True, bold=False, color='white', colorSpace='named', contrast=1.0, depth=0.0, flipHoriz=False, flipVert=False, font='Arial', fontFiles=[], height=0.05, italic=False, languageStyle='LTR', name='text_5', opacity=1.0, ori=0, pos=array([0., 0.]), rgb=array([255., 255., 255.]), text='+', units='height', win=Window(...), wrapWidth=1)
21.5946 	EXP 	Created probe_image = ImageStim(__class__=<class 'psychopy.visual.image.ImageStim'>, autoLog=True, color=array([1., 1., 1.]), colorSpace='rgb', contrast=1.0, depth=-1.0, flipHoriz=False, flipVert=False, image='sin', interpolate=True, mask=None, maskParams=None, name='probe_image', opacity=1.0, ori=0.0, pos=array([0., 0.]), size=array([1., 1.]), texRes=512, units='height', win=Window(...))
21.5957 	EXP 	Created text_2 = TextStim(__class__=<class 'psychopy.visual.text.TextStim'>, alignHoriz=method-wrapper(...), alignText='center', alignVert=method-wrapper(...), anchorHoriz='center', anchorVert='center', antialias=True, autoLog=True, bold=False, color='white', colorSpace='named', contrast=1.0, depth=0.0, flipHoriz=False, flipVert=False, font='Arial', fontFiles=[], height=0.05, italic=False, languageStyle='LTR', name='text_2', opacity=1.0, ori=0, pos=array([0., 0.]), rgb=array([255., 255., 255.]), text='+', units='height', win=Window(...), wrapWidth=1)
21.9844 	EXP 	Created ITI_fix_cross = TextStim(__class__=<class 'psychopy.visual.text.TextStim'>, alignHoriz=method-wrapper(...), alignText='center', alignVert=method-wrapper(...), anchorHoriz='center', anchorVert='center', antialias=True, autoLog=True, bold=False, color='white', colorSpace='named', contrast=1.0, depth=-1.0, flipHoriz=False, flipVert=False, font='Arial', fontFiles=[], height=0.05, italic=False, languageStyle='LTR', name='ITI_fix_cross', opacity=1.0, ori=0, pos=array([0., 0.]), rgb=array([255., 255., 255.]), text='+', units='height', win=Window(...), wrapWidth=1)
22.3885 	EXP 	Created good_job = TextStim(__class__=<class 'psychopy.visual.text.TextStim'>, alignHoriz=method-wrapper(...), alignText='center', alignVert=method-wrapper(...), anchorHoriz='center', anchorVert='center', antialias=True, autoLog=True, bold=False, color='black', colorSpace='named', contrast=1.0, depth=-1.0, flipHoriz=False, flipVert=False, font='Arial', fontFiles=[], height=0.05, italic=False, languageStyle='LTR', name='good_job', opacity=1.0, ori=0, pos=array([0., 0.]), rgb=array([0., 0., 0.]), text='default text', units='height', win=Window(...), wrapWidth=1)
22.7927 	EXP 	Created allDone = TextStim(__class__=<class 'psychopy.visual.text.TextStim'>, alignHoriz=method-wrapper(...), alignText='center', alignVert=method-wrapper(...), anchorHoriz='center', anchorVert='center', antialias=True, autoLog=True, bold=False, color='black', colorSpace='named', contrast=1.0, depth=0.0, flipHoriz=False, flipVert=False, font='Arial', fontFiles=[], height=0.1, italic=False, languageStyle='LTR', name='allDone', opacity=1.0, ori=0, pos=array([0., 0.]), rgb=array([0., 0., 0.]), text='You are all done. Thank you!', units='height', win=Window(...), wrapWidth=1)
22.8250 	WARNING 	t of last frame was 7276.11ms (=1/0)
22.8250 	EXP 	text_top: autoDraw = True
22.8250 	EXP 	text_bottom: autoDraw = True
22.8250 	EXP 	ccimage: autoDraw = True
22.8591 	WARNING 	t of last frame was 34.04ms (=1/29)
22.8905 	WARNING 	t of last frame was 31.47ms (=1/31)
22.9127 	WARNING 	t of last frame was 22.18ms (=1/45)
26.5342 	WARNING 	Multiple dropped frames have occurred - I'll stop bothering you about them!
27.1196 	DATA 	Keypress: space
27.1325 	EXP 	ccimage: size = [0.42800000000000005, 0.2699]
27.1325 	EXP 	text_top: autoDraw = False
27.1325 	EXP 	text_bottom: autoDraw = False
27.1325 	EXP 	ccimage: autoDraw = False
27.1325 	EXP 	text_13: autoDraw = True
28.9395 	DATA 	Keypress: space
28.9484 	EXP 	text_13: autoDraw = False
28.9484 	EXP 	image_10: autoDraw = True
34.4509 	EXP 	image_10: autoDraw = False
34.9158 	EXP 	image_11: autoDraw = True
40.4325 	EXP 	image_11: autoDraw = False
40.4325 	EXP 	image_10: autoDraw = False
40.4325 	EXP 	image_11: autoDraw = False
40.4325 	EXP 	prac_instr1: image = 'Designs/prac_instr1.png'
40.4325 	EXP 	prac_instr1: autoDraw = True
58.2945 	DATA 	Keypress: space
58.3172 	EXP 	prac_instr1: autoDraw = False
58.3172 	EXP 	image_6: pos = array([0.17380935, 0.        ])
58.3172 	EXP 	image_6: size = array([0.17380935, 0.17296   ])
58.3172 	EXP 	image_6: image = 'Stimuli/H-8sim2.png'
58.3172 	EXP 	image_7: pos = array([0.17380935, 0.        ])
58.3172 	EXP 	image_7: size = array([0.17380935, 0.17296   ])
58.3172 	EXP 	image_7: image = 'Stimuli/H-8sim0.png'
58.3172 	EXP 	image_6: autoDraw = True
58.3172 	EXP 	text_8: autoDraw = True
58.8328 	EXP 	image_6: autoDraw = False
59.0826 	EXP 	image_7: autoDraw = True
59.5843 	EXP 	image_7: autoDraw = False
59.6161 	EXP 	image_6: autoDraw = False
59.6161 	EXP 	text_8: autoDraw = False
59.6161 	EXP 	image_7: autoDraw = False
59.6161 	EXP 	prac_instr2: image = 'Designs/prac_instr2_1234.png'
59.7993 	EXP 	prac_instr2: autoDraw = True
60.0212 	DATA 	Keypress: j
60.0328 	EXP 	prac_instr2: autoDraw = False
60.0328 	EXP 	prac_instr3_feedback: image = 'Designs/prac_instr3_corr.png'
60.0328 	EXP 	prac_instr3_feedback: autoDraw = True
60.2580 	DATA 	Keypress: space
60.2655 	EXP 	prac_instr3_feedback: autoDraw = False
60.2655 	EXP 	image_8: pos = array([-0.17380935,  0.        ])
60.2655 	EXP 	image_8: size = array([0.17380935, 0.17296   ])
60.2655 	EXP 	image_8: image = 'Stimuli/H6sim0.png'
60.2655 	EXP 	image_9: pos = array([-0.17380935,  0.        ])
60.2655 	EXP 	image_9: size = array([0.17380935, 0.17296   ])
60.2655 	EXP 	image_9: image = 'Stimuli/H6sim0.png'
60.2655 	EXP 	image_8: autoDraw = True
60.2655 	EXP 	text_9: autoDraw = True
60.7680 	EXP 	image_8: autoDraw = False
61.0494 	EXP 	image_9: autoDraw = True
61.5513 	EXP 	image_9: autoDraw = False
61.5825 	EXP 	image_8: autoDraw = False
61.5825 	EXP 	text_9: autoDraw = False
61.5825 	EXP 	image_9: autoDraw = False
61.5825 	EXP 	prac_instr4: image = 'Designs/prac_instr4_1234.png'
61.5825 	EXP 	prac_instr4: autoDraw = True
61.8182 	DATA 	Keypress: f
62.1175 	DATA 	Keypress: space
70.5821 	EXP 	prac_instr4: autoDraw = False
70.5821 	EXP 	prac_instr5: image = 'Designs/prac_instr5_1234_corr.png'
70.5821 	EXP 	prac_instr5: autoDraw = True
71.2673 	EXP 	Created sequence: sequential, trialTypes=1, nReps=5, seed=None
71.2675 	EXP 	New trial (rep=0, index=0): None
71.2678 	EXP 	Created sequence: sequential, trialTypes=1, nReps=2, seed=None
71.2679 	EXP 	New trial (rep=0, index=0): None
71.2862 	DATA 	Keypress: space
71.2987 	EXP 	prac_instr5: autoDraw = False
71.2987 	EXP 	text_12: text = "This practice is with the houses in the Smith's neighborhood. \nRemember, if you see \nthe same house, press F. \nIf you see two different houses, press J."
71.2987 	EXP 	text_12: autoDraw = True
73.3878 	DATA 	Keypress: space
75.3540 	DATA 	Keypress: space
78.2689 	EXP 	Created sequence: random, trialTypes=1, nReps=4, seed=None
78.2692 	EXP 	New trial (rep=0, index=0): None
78.2825 	EXP 	text_12: autoDraw = False
78.2825 	EXP 	image: pos = array([-0.17380935,  0.        ])
78.2825 	EXP 	image: size = array([0.17380935, 0.17296   ])
78.2825 	EXP 	image: image = 'Stimuli/H7sim0.png'
78.2825 	EXP 	text_6: color = 'black (named)'
78.2825 	EXP 	image: autoDraw = True
78.2825 	EXP 	text_6: autoDraw = True
78.7829 	EXP 	image: autoDraw = False
79.0829 	EXP 	image: autoDraw = False
79.0829 	EXP 	text_6: autoDraw = False
79.0829 	EXP 	image_2: pos = array([-0.17380935,  0.        ])
79.0829 	EXP 	image_2: size = array([0.17380935, 0.17296   ])
79.0829 	EXP 	image_2: image = 'Stimuli/H7sim0.png'
79.0829 	EXP 	text_7: color = 'black (named)'
79.0829 	EXP 	image_2: autoDraw = True
79.0829 	EXP 	text_7: autoDraw = True
79.5829 	EXP 	image_2: autoDraw = False
80.1024 	DATA 	Keypress: f
84.0996 	EXP 	image_2: autoDraw = False
84.0996 	EXP 	text_7: autoDraw = False
84.0996 	EXP 	image_3: image = 'Stimuli/greenCheck.png'
84.0996 	EXP 	feedback_msg: text = 'Well done!'
84.0996 	EXP 	image_3: autoDraw = True
84.0996 	EXP 	feedback_msg: autoDraw = True
86.0690 	EXP 	New trial (rep=1, index=0): None
86.0828 	EXP 	image_3: autoDraw = False
86.0828 	EXP 	feedback_msg: autoDraw = False
86.0828 	EXP 	image: pos = array([0.17380935, 0.        ])
86.0828 	EXP 	image: size = array([0.17380935, 0.17296   ])
86.0828 	EXP 	image: image = 'Stimuli/H-8sim0.png'
86.0828 	EXP 	text_6: color = 'white (named)'
86.0828 	EXP 	image: autoDraw = True
86.0828 	EXP 	text_6: autoDraw = True
86.5827 	EXP 	image: autoDraw = False
86.8830 	EXP 	image: autoDraw = False
86.8830 	EXP 	text_6: autoDraw = False
86.8830 	EXP 	image_2: pos = array([0.17380935, 0.        ])
86.8830 	EXP 	image_2: size = array([0.17380935, 0.17296   ])
86.8830 	EXP 	image_2: image = 'Stimuli/H6sim0.png'
86.8830 	EXP 	text_7: color = 'white (named)'
86.8830 	EXP 	image_2: autoDraw = True
86.8830 	EXP 	text_7: autoDraw = True
87.3845 	EXP 	image_2: autoDraw = False
90.0542 	DATA 	Keypress: space
91.8995 	EXP 	image_2: autoDraw = False
91.8995 	EXP 	text_7: autoDraw = False
91.8995 	EXP 	image_3: image = 'Stimuli/redWrong.png'
91.8995 	EXP 	feedback_msg: text = 'Good job, you saw the cross change! But the picture response was wrong.'
91.8995 	EXP 	image_3: autoDraw = True
91.8995 	EXP 	feedback_msg: autoDraw = True
93.8857 	EXP 	New trial (rep=2, index=0): None
93.8994 	EXP 	image_3: autoDraw = False
93.8994 	EXP 	feedback_msg: autoDraw = False
93.8994 	EXP 	image: pos = array([-0.17380935,  0.        ])
93.8994 	EXP 	image: size = array([0.17380935, 0.17296   ])
93.8994 	EXP 	image: image = 'Stimuli/H-8sim1.png'
93.8994 	EXP 	text_6: color = 'white (named)'
93.8994 	EXP 	image: autoDraw = True
93.8994 	EXP 	text_6: autoDraw = True
94.4016 	EXP 	image: autoDraw = False
94.6829 	EXP 	image: autoDraw = False
94.6829 	EXP 	text_6: autoDraw = False
94.6829 	EXP 	image_2: pos = array([-0.17380935,  0.        ])
94.6829 	EXP 	image_2: size = array([0.17380935, 0.17296   ])
94.6829 	EXP 	image_2: image = 'Stimuli/H-8sim1.png'
94.6829 	EXP 	text_7: color = 'white (named)'
94.6829 	EXP 	image_2: autoDraw = True
94.6829 	EXP 	text_7: autoDraw = True
95.1828 	EXP 	image_2: autoDraw = False
96.0524 	DATA 	Keypress: f
96.8014 	DATA 	Keypress: space
99.7014 	EXP 	image_2: autoDraw = False
99.7014 	EXP 	text_7: autoDraw = False
99.7014 	EXP 	image_3: image = 'Stimuli/redWrong.png'
99.7014 	EXP 	feedback_msg: text = "Oops, you pressed space when the cross didn't change."
99.7014 	EXP 	image_3: autoDraw = True
99.7014 	EXP 	feedback_msg: autoDraw = True
101.6857 	EXP 	New trial (rep=3, index=0): None
101.6995 	EXP 	image_3: autoDraw = False
101.6995 	EXP 	feedback_msg: autoDraw = False
101.6995 	EXP 	image: pos = array([-0.17380935,  0.        ])
101.6995 	EXP 	image: size = array([0.17380935, 0.17296   ])
101.6995 	EXP 	image: image = 'Stimuli/H-8sim3.png'
101.6995 	EXP 	text_6: color = 'white (named)'
101.6995 	EXP 	image: autoDraw = True
101.6995 	EXP 	text_6: autoDraw = True
102.1998 	EXP 	image: autoDraw = False
102.4997 	EXP 	image: autoDraw = False
102.4997 	EXP 	text_6: autoDraw = False
102.4997 	EXP 	image_2: pos = array([-0.17380935,  0.        ])
102.4997 	EXP 	image_2: size = array([0.17380935, 0.17296   ])
102.4997 	EXP 	image_2: image = 'Stimuli/H-8sim1.png'
102.4997 	EXP 	text_7: color = 'white (named)'
102.4997 	EXP 	image_2: autoDraw = True
102.4997 	EXP 	text_7: autoDraw = True
103.0017 	EXP 	image_2: autoDraw = False
103.8843 	DATA 	Keypress: j
107.4823 	EXP 	image_2: autoDraw = False
107.4823 	EXP 	text_7: autoDraw = False
107.4823 	EXP 	image_3: image = 'Stimuli/greenCheck.png'
107.4823 	EXP 	feedback_msg: text = 'Well done!'
107.4823 	EXP 	image_3: autoDraw = True
107.4823 	EXP 	feedback_msg: autoDraw = True
109.4831 	EXP 	image_3: autoDraw = False
109.4831 	EXP 	feedback_msg: autoDraw = False
109.4831 	EXP 	image_3: autoDraw = False
109.4831 	EXP 	feedback_msg: autoDraw = False
109.4831 	EXP 	transition: autoDraw = True
112.4698 	EXP 	Created sequence: random, trialTypes=1, nReps=4, seed=None
112.4701 	EXP 	New trial (rep=0, index=0): None
112.4832 	EXP 	transition: autoDraw = False
112.4832 	EXP 	image_4: pos = array([0.17380935, 0.        ])
112.4832 	EXP 	image_4: size = array([0.17380935, 0.17296   ])
112.4832 	EXP 	image_4: image = 'Stimuli/H-8sim3.png'
112.4832 	EXP 	text_10: color = 'white (named)'
112.4832 	EXP 	image_4: autoDraw = True
112.4832 	EXP 	text_10: autoDraw = True
112.6849 	EXP 	image_4: autoDraw = False
112.9830 	EXP 	text_10: autoDraw = False
112.9830 	EXP 	image_4: autoDraw = False
112.9830 	EXP 	text_10: autoDraw = False
112.9830 	EXP 	image_5: pos = array([0.17380935, 0.        ])
112.9830 	EXP 	image_5: size = array([0.17380935, 0.17296   ])
112.9830 	EXP 	image_5: image = 'Stimuli/H-8sim3.png'
112.9830 	EXP 	text_11: color = 'white (named)'
112.9830 	EXP 	image_5: autoDraw = True
112.9830 	EXP 	text_11: autoDraw = True
113.1854 	EXP 	image_5: autoDraw = False
114.3200 	DATA 	Keypress: f
117.9825 	EXP 	image_5: autoDraw = False
117.9825 	EXP 	text_11: autoDraw = False
117.9825 	EXP 	image_12: image = 'Stimuli/greenCheck.png'
117.9825 	EXP 	text_14: text = 'Well done!'
117.9825 	EXP 	image_12: autoDraw = True
117.9825 	EXP 	text_14: autoDraw = True
119.9672 	EXP 	New trial (rep=1, index=0): None
119.9832 	EXP 	image_12: autoDraw = False
119.9832 	EXP 	text_14: autoDraw = False
119.9832 	EXP 	image_12: autoDraw = False
119.9832 	EXP 	text_14: autoDraw = False
119.9832 	EXP 	image_4: pos = array([-0.17380935,  0.        ])
119.9832 	EXP 	image_4: size = array([0.17380935, 0.17296   ])
119.9832 	EXP 	image_4: image = 'Stimuli/H-8sim2.png'
119.9832 	EXP 	text_10: color = 'white (named)'
119.9832 	EXP 	image_4: autoDraw = True
119.9832 	EXP 	text_10: autoDraw = True
120.1831 	EXP 	image_4: autoDraw = False
120.4833 	EXP 	image_4: autoDraw = False
120.4833 	EXP 	text_10: autoDraw = False
120.4833 	EXP 	image_5: pos = array([-0.17380935,  0.        ])
120.4833 	EXP 	image_5: size = array([0.17380935, 0.17296   ])
120.4833 	EXP 	image_5: image = 'Stimuli/H-8sim0.png'
120.4833 	EXP 	text_11: color = 'white (named)'
120.4833 	EXP 	image_5: autoDraw = True
120.4833 	EXP 	text_11: autoDraw = True
120.6851 	EXP 	image_5: autoDraw = False
121.7523 	DATA 	Keypress: f
125.4828 	EXP 	image_5: autoDraw = False
125.4828 	EXP 	text_11: autoDraw = False
125.4828 	EXP 	image_12: image = 'Stimuli/redWrong.png'
125.4828 	EXP 	text_14: text = 'Oops, your picture response was wrong.'
125.4828 	EXP 	image_12: autoDraw = True
125.4828 	EXP 	text_14: autoDraw = True
127.4673 	EXP 	New trial (rep=2, index=0): None
127.4832 	EXP 	image_12: autoDraw = False
127.4832 	EXP 	text_14: autoDraw = False
127.4832 	EXP 	image_12: autoDraw = False
127.4832 	EXP 	text_14: autoDraw = False
127.4832 	EXP 	image_4: pos = array([0.17380935, 0.        ])
127.4832 	EXP 	image_4: size = array([0.17380935, 0.17296   ])
127.4832 	EXP 	image_4: image = 'Stimuli/H-8sim2.png'
127.4832 	EXP 	text_10: color = 'black (named)'
127.4832 	EXP 	image_4: autoDraw = True
127.4832 	EXP 	text_10: autoDraw = True
127.6834 	EXP 	image_4: autoDraw = False
127.9831 	EXP 	image_4: autoDraw = False
127.9831 	EXP 	text_10: autoDraw = False
127.9831 	EXP 	image_5: pos = array([0.17380935, 0.        ])
127.9831 	EXP 	image_5: size = array([0.17380935, 0.17296   ])
127.9831 	EXP 	image_5: image = 'Stimuli/H-8sim2.png'
127.9831 	EXP 	text_11: color = 'black (named)'
127.9831 	EXP 	image_5: autoDraw = True
127.9831 	EXP 	text_11: autoDraw = True
128.1858 	EXP 	image_5: autoDraw = False
131.9868 	DATA 	Keypress: f
132.7850 	DATA 	Keypress: space
132.9831 	EXP 	text_11: autoDraw = False
132.9831 	EXP 	image_5: autoDraw = False
132.9831 	EXP 	text_11: autoDraw = False
132.9831 	EXP 	image_12: image = 'Stimuli/greenCheck.png'
132.9831 	EXP 	text_14: text = 'Well done!'
132.9831 	EXP 	image_12: autoDraw = True
132.9831 	EXP 	text_14: autoDraw = True
134.9692 	EXP 	New trial (rep=3, index=0): None
134.9832 	EXP 	image_12: autoDraw = False
134.9832 	EXP 	text_14: autoDraw = False
134.9832 	EXP 	image_4: pos = array([-0.17380935,  0.        ])
134.9832 	EXP 	image_4: size = array([0.17380935, 0.17296   ])
134.9832 	EXP 	image_4: image = 'Stimuli/H5sim0.png'
134.9832 	EXP 	text_10: color = 'black (named)'
134.9832 	EXP 	image_4: autoDraw = True
134.9832 	EXP 	text_10: autoDraw = True
135.1834 	EXP 	image_4: autoDraw = False
135.4831 	EXP 	text_10: autoDraw = False
135.4831 	EXP 	image_4: autoDraw = False
135.4831 	EXP 	text_10: autoDraw = False
135.4831 	EXP 	image_5: pos = array([-0.17380935,  0.        ])
135.4831 	EXP 	image_5: size = array([0.17380935, 0.17296   ])
135.4831 	EXP 	image_5: image = 'Stimuli/H-8sim3.png'
135.4831 	EXP 	text_11: color = 'black (named)'
135.4831 	EXP 	image_5: autoDraw = True
135.4831 	EXP 	text_11: autoDraw = True
135.6825 	EXP 	image_5: autoDraw = False
137.1547 	DATA 	Keypress: f
137.9861 	DATA 	Keypress: space
140.7497 	EXP 	window1: mouseVisible = True
140.7539 	DEBUG 	Saving data for configural_featural ExperimentHandler
140.7561 	INFO 	saved data to /Users/sophia/Documents/PycharmProjects/Configural_Featural_Study/data/_configural_featural_2020_Dec_20_1550.psydat
140.7588 	INFO 	saved data to '/Users/sophia/Documents/PycharmProjects/Configural_Featural_Study/data/_configural_featural_2020_Dec_20_1550.csv'
