8.5795 	INFO 	Loaded monitor calibration from ['2020_09_20 15:42']
10.8555 	WARNING 	Couldn't measure a consistent frame rate.
  - Is your graphics card set to sync to vertical blank?
  - Are you running other processes on your computer?

10.8559 	EXP 	Created window1 = Window(allowGUI=False, allowStencil=False, args=UNKNOWN, autoLog=True, bitsMode=UNKNOWN, blendMode='avg', bpc=(8, 8, 8), color=array([0., 0., 0.]), colorSpace='rgb', depthBits=8, fullscr=<method-wrapper '__getattribute__' of attributeSetter object at 0x121454a20>, gamma=None, gammaErrorPolicy='raise', kwargs=UNKNOWN, lms=UNKNOWN, monitor=<psychopy.monitors.calibTools.Monitor object at 0x157acda20>, multiSample=False, name='window1', numSamples=2, pos=[448.0, 280.0], screen=0, size=array([3584, 2240]), stencilBits=0, stereo=False, units='height', useFBO=True, useRetina=True, viewOri=0.0, viewPos=None, viewScale=None, waitBlanking=True, winType='pyglet')
10.8561 	EXP 	window1: mouseVisible = True
10.8561 	EXP 	window1: recordFrameIntervals = False
11.0224 	EXP 	window1: recordFrameIntervals = True
12.6893 	WARNING 	Couldn't measure a consistent frame rate.
  - Is your graphics card set to sync to vertical blank?
  - Are you running other processes on your computer?

13.3602 	EXP 	Created text_top = TextStim(__class__=<class 'psychopy.visual.text.TextStim'>, alignHoriz=method-wrapper(...), alignText='center', alignVert=method-wrapper(...), anchorHoriz='center', anchorVert='center', antialias=True, autoLog=True, bold=False, color='black', colorSpace='named', contrast=1.0, depth=-3.0, flipHoriz=False, flipVert=False, font='Arial', fontFiles=[], height=0.05, italic=False, languageStyle='LTR', name='text_top', opacity=1.0, ori=0, pos=array([0. , 0.3]), rgb=array([0., 0., 0.]), text=str(...), units='height', win=Window(...), wrapWidth=1)
13.3665 	EXP 	Created text_bottom = TextStim(__class__=<class 'psychopy.visual.text.TextStim'>, alignHoriz=method-wrapper(...), alignText='center', alignVert=method-wrapper(...), anchorHoriz='center', anchorVert='center', antialias=True, autoLog=True, bold=False, color='black', colorSpace='named', contrast=1.0, depth=-4.0, flipHoriz=False, flipVert=False, font='Arial', fontFiles=[], height=0.05, italic=False, languageStyle='LTR', name='text_bottom', opacity=1.0, ori=0, pos=array([ 0. , -0.3]), rgb=array([0., 0., 0.]), text='Press Space when you’re finished', units='height', win=Window(...), wrapWidth=1)
13.3896 	EXP 	Created ccimage = ImageStim(__class__=<class 'psychopy.visual.image.ImageStim'>, autoLog=True, color=array([1., 1., 1.]), colorSpace='rgb', contrast=1.0, depth=-5.0, flipHoriz=False, flipVert=False, image='bankcard.png', interpolate=True, mask=None, maskParams=None, name='ccimage', opacity=1.0, ori=0.0, pos=array([0., 0.]), size=array([0.428 , 0.2699]), texRes=512, units='height', win=Window(...))
13.3912 	EXP 	Created prac_instr1 = ImageStim(__class__=<class 'psychopy.visual.image.ImageStim'>, autoLog=True, color=array([1., 1., 1.]), colorSpace='rgb', contrast=1.0, depth=-1.0, flipHoriz=False, flipVert=False, image='sin', interpolate=True, mask=None, maskParams=None, name='prac_instr1', opacity=1.0, ori=0.0, pos=array([0., 0.]), size=array([1.125, 0.75 ]), texRes=512, units='height', win=Window(...))
13.9528 	EXP 	Created image_6 = ImageStim(__class__=<class 'psychopy.visual.image.ImageStim'>, autoLog=True, color=array([1., 1., 1.]), colorSpace='rgb', contrast=1.0, depth=0.0, flipHoriz=False, flipVert=False, image='sin', interpolate=True, mask=None, maskParams=None, name='image_6', opacity=1.0, ori=0.0, pos=array([0., 0.]), size=array([1., 1.]), texRes=512, units='height', win=Window(...))
13.9562 	EXP 	Created text_8 = TextStim(__class__=<class 'psychopy.visual.text.TextStim'>, alignHoriz=method-wrapper(...), alignText='center', alignVert=method-wrapper(...), anchorHoriz='center', anchorVert='center', antialias=True, autoLog=True, bold=False, color='white', colorSpace='named', contrast=1.0, depth=-1.0, flipHoriz=False, flipVert=False, font='Arial', fontFiles=[], height=0.1, italic=False, languageStyle='LTR', name='text_8', opacity=1.0, ori=0, pos=array([0., 0.]), rgb=array([255., 255., 255.]), text='+', units='height', win=Window(...), wrapWidth=1)
13.9574 	EXP 	Created image_7 = ImageStim(__class__=<class 'psychopy.visual.image.ImageStim'>, autoLog=True, color=array([1., 1., 1.]), colorSpace='rgb', contrast=1.0, depth=-2.0, flipHoriz=False, flipVert=False, image='sin', interpolate=True, mask=None, maskParams=None, name='image_7', opacity=1.0, ori=0.0, pos=array([0., 0.]), size=array([1., 1.]), texRes=512, units='height', win=Window(...))
13.9585 	EXP 	Created prac_instr2 = ImageStim(__class__=<class 'psychopy.visual.image.ImageStim'>, autoLog=True, color=array([1., 1., 1.]), colorSpace='rgb', contrast=1.0, depth=-1.0, flipHoriz=False, flipVert=False, image='sin', interpolate=True, mask=None, maskParams=None, name='prac_instr2', opacity=1.0, ori=0.0, pos=array([0., 0.]), size=array([1.125, 0.75 ]), texRes=512, units='height', win=Window(...))
14.5128 	EXP 	Created prac_instr3_feedback = ImageStim(__class__=<class 'psychopy.visual.image.ImageStim'>, autoLog=True, color=array([1., 1., 1.]), colorSpace='rgb', contrast=1.0, depth=-1.0, flipHoriz=False, flipVert=False, image='sin', interpolate=True, mask=None, maskParams=None, name='prac_instr3_feedback', opacity=1.0, ori=0.0, pos=array([0., 0.]), size=array([1.125, 0.75 ]), texRes=512, units='height', win=Window(...))
15.0630 	EXP 	Created image_8 = ImageStim(__class__=<class 'psychopy.visual.image.ImageStim'>, autoLog=True, color=array([1., 1., 1.]), colorSpace='rgb', contrast=1.0, depth=0.0, flipHoriz=False, flipVert=False, image='sin', interpolate=True, mask=None, maskParams=None, name='image_8', opacity=1.0, ori=0.0, pos=array([0., 0.]), size=array([1., 1.]), texRes=512, units='height', win=Window(...))
15.0642 	EXP 	Created text_9 = TextStim(__class__=<class 'psychopy.visual.text.TextStim'>, alignHoriz=method-wrapper(...), alignText='center', alignVert=method-wrapper(...), anchorHoriz='center', anchorVert='center', antialias=True, autoLog=True, bold=False, color='black', colorSpace='named', contrast=1.0, depth=-1.0, flipHoriz=False, flipVert=False, font='Arial', fontFiles=[], height=0.1, italic=False, languageStyle='LTR', name='text_9', opacity=1.0, ori=0, pos=array([0., 0.]), rgb=array([0., 0., 0.]), text='+', units='height', win=Window(...), wrapWidth=1)
15.0653 	EXP 	Created image_9 = ImageStim(__class__=<class 'psychopy.visual.image.ImageStim'>, autoLog=True, color=array([1., 1., 1.]), colorSpace='rgb', contrast=1.0, depth=-2.0, flipHoriz=False, flipVert=False, image='sin', interpolate=True, mask=None, maskParams=None, name='image_9', opacity=1.0, ori=0.0, pos=array([0., 0.]), size=array([1., 1.]), texRes=512, units='height', win=Window(...))
15.0664 	EXP 	Created prac_instr4 = ImageStim(__class__=<class 'psychopy.visual.image.ImageStim'>, autoLog=True, color=array([1., 1., 1.]), colorSpace='rgb', contrast=1.0, depth=-1.0, flipHoriz=False, flipVert=False, image='sin', interpolate=True, mask=None, maskParams=None, name='prac_instr4', opacity=1.0, ori=0.0, pos=array([0., 0.]), size=array([1.125, 0.75 ]), texRes=512, units='height', win=Window(...))
16.2449 	EXP 	Created prac_instr5 = ImageStim(__class__=<class 'psychopy.visual.image.ImageStim'>, autoLog=True, color=array([1., 1., 1.]), colorSpace='rgb', contrast=1.0, depth=-1.0, flipHoriz=False, flipVert=False, image='sin', interpolate=True, mask=None, maskParams=None, name='prac_instr5', opacity=1.0, ori=0.0, pos=array([0., 0.]), size=array([1.125, 0.75 ]), texRes=512, units='height', win=Window(...))
16.8056 	EXP 	Created image = ImageStim(__class__=<class 'psychopy.visual.image.ImageStim'>, autoLog=True, color=array([1., 1., 1.]), colorSpace='rgb', contrast=1.0, depth=-1.0, flipHoriz=False, flipVert=False, image='sin', interpolate=True, mask=None, maskParams=None, name='image', opacity=1.0, ori=0.0, pos=array([0., 0.]), size=array([1., 1.]), texRes=512, units='height', win=Window(...))
16.8086 	EXP 	Created text_6 = TextStim(__class__=<class 'psychopy.visual.text.TextStim'>, alignHoriz=method-wrapper(...), alignText='center', alignVert=method-wrapper(...), anchorHoriz='center', anchorVert='center', antialias=True, autoLog=True, bold=False, color='white', colorSpace='named', contrast=1.0, depth=-2.0, flipHoriz=False, flipVert=False, font='Arial', fontFiles=[], height=0.05, italic=False, languageStyle='LTR', name='text_6', opacity=1.0, ori=0, pos=array([0., 0.]), rgb=array([255., 255., 255.]), text='+', units='height', win=Window(...), wrapWidth=1)
16.8098 	EXP 	Created image_2 = ImageStim(__class__=<class 'psychopy.visual.image.ImageStim'>, autoLog=True, color=array([1., 1., 1.]), colorSpace='rgb', contrast=1.0, depth=0.0, flipHoriz=False, flipVert=False, image='sin', interpolate=True, mask=None, maskParams=None, name='image_2', opacity=1.0, ori=0.0, pos=array([0., 0.]), size=array([1., 1.]), texRes=512, units='height', win=Window(...))
16.8109 	EXP 	Created text_7 = TextStim(__class__=<class 'psychopy.visual.text.TextStim'>, alignHoriz=method-wrapper(...), alignText='center', alignVert=method-wrapper(...), anchorHoriz='center', anchorVert='center', antialias=True, autoLog=True, bold=False, color='white', colorSpace='named', contrast=1.0, depth=-1.0, flipHoriz=False, flipVert=False, font='Arial', fontFiles=[], height=0.05, italic=False, languageStyle='LTR', name='text_7', opacity=1.0, ori=0, pos=array([0., 0.]), rgb=array([255., 255., 255.]), text='+', units='height', win=Window(...), wrapWidth=1)
17.9156 	EXP 	Created image_3 = ImageStim(__class__=<class 'psychopy.visual.image.ImageStim'>, autoLog=True, color=array([1., 1., 1.]), colorSpace='rgb', contrast=1.0, depth=-1.0, flipHoriz=False, flipVert=False, image='sin', interpolate=True, mask=None, maskParams=None, name='image_3', opacity=1.0, ori=0.0, pos=array([0., 0.]), size=array([0.25, 0.25]), texRes=512, units='height', win=Window(...))
17.9191 	EXP 	Created feedback_msg = TextStim(__class__=<class 'psychopy.visual.text.TextStim'>, alignHoriz=method-wrapper(...), alignText='center', alignVert=method-wrapper(...), anchorHoriz='center', anchorVert='center', antialias=True, autoLog=True, bold=False, color='black', colorSpace='named', contrast=1.0, depth=-2.0, flipHoriz=False, flipVert=False, font='Arial', fontFiles=[], height=0.05, italic=False, languageStyle='LTR', name='feedback_msg', opacity=1.0, ori=0, pos=array([ 0.  , -0.25]), rgb=array([0., 0., 0.]), text='default text', units='height', win=Window(...), wrapWidth=1)
17.9318 	EXP 	Created text_3 = TextStim(__class__=<class 'psychopy.visual.text.TextStim'>, alignHoriz=method-wrapper(...), alignText='center', alignVert=method-wrapper(...), anchorHoriz='center', anchorVert='center', antialias=True, autoLog=True, bold=False, color='black', colorSpace='named', contrast=1.0, depth=-1.0, flipHoriz=False, flipVert=False, font='Arial', fontFiles=[], height=0.05, italic=False, languageStyle='LTR', name='text_3', opacity=1.0, ori=0, pos=array([0., 0.]), rgb=array([0., 0., 0.]), text=str(...), units='height', win=Window(...), wrapWidth=1)
18.4840 	EXP 	Created instructions_image = ImageStim(__class__=<class 'psychopy.visual.image.ImageStim'>, autoLog=True, color=array([1., 1., 1.]), colorSpace='rgb', contrast=1.0, depth=-1.0, flipHoriz=False, flipVert=False, image='sin', interpolate=True, mask=None, maskParams=None, name='instructions_image', opacity=1.0, ori=0.0, pos=array([0., 0.]), size=array([1.125, 0.75 ]), texRes=512, units='height', win=Window(...))
19.0359 	EXP 	Created text_4 = TextStim(__class__=<class 'psychopy.visual.text.TextStim'>, alignHoriz=method-wrapper(...), alignText='center', alignVert=method-wrapper(...), anchorHoriz='center', anchorVert='center', antialias=True, autoLog=True, bold=False, color='white', colorSpace='named', contrast=1.0, depth=-1.0, flipHoriz=False, flipVert=False, font='Arial', fontFiles=[], height=0.05, italic=False, languageStyle='LTR', name='text_4', opacity=1.0, ori=0, pos=array([0., 0.]), rgb=array([255., 255., 255.]), text='+', units='height', win=Window(...), wrapWidth=1)
19.0372 	EXP 	Created target_image = ImageStim(__class__=<class 'psychopy.visual.image.ImageStim'>, autoLog=True, color=array([1., 1., 1.]), colorSpace='rgb', contrast=1.0, depth=-2.0, flipHoriz=False, flipVert=False, image='sin', interpolate=True, mask=None, maskParams=None, name='target_image', opacity=1.0, ori=0.0, pos=array([0., 0.]), size=array([1., 1.]), texRes=512, units='height', win=Window(...))
19.5868 	EXP 	Created text = TextStim(__class__=<class 'psychopy.visual.text.TextStim'>, alignHoriz=method-wrapper(...), alignText='center', alignVert=method-wrapper(...), anchorHoriz='center', anchorVert='center', antialias=True, autoLog=True, bold=False, color='white', colorSpace='named', contrast=1.0, depth=0.0, flipHoriz=False, flipVert=False, font='Arial', fontFiles=[], height=0.05, italic=False, languageStyle='LTR', name='text', opacity=1.0, ori=0, pos=array([0., 0.]), rgb=array([255., 255., 255.]), text='+', units='height', win=Window(...), wrapWidth=1)
20.1312 	EXP 	Created text_5 = TextStim(__class__=<class 'psychopy.visual.text.TextStim'>, alignHoriz=method-wrapper(...), alignText='center', alignVert=method-wrapper(...), anchorHoriz='center', anchorVert='center', antialias=True, autoLog=True, bold=False, color='white', colorSpace='named', contrast=1.0, depth=-1.0, flipHoriz=False, flipVert=False, font='Arial', fontFiles=[], height=0.05, italic=False, languageStyle='LTR', name='text_5', opacity=1.0, ori=0, pos=array([0., 0.]), rgb=array([255., 255., 255.]), text='+', units='height', win=Window(...), wrapWidth=1)
20.1327 	EXP 	Created probe_image = ImageStim(__class__=<class 'psychopy.visual.image.ImageStim'>, autoLog=True, color=array([1., 1., 1.]), colorSpace='rgb', contrast=1.0, depth=-2.0, flipHoriz=False, flipVert=False, image='sin', interpolate=True, mask=None, maskParams=None, name='probe_image', opacity=1.0, ori=0.0, pos=array([0., 0.]), size=array([1., 1.]), texRes=512, units='height', win=Window(...))
20.6782 	EXP 	Created text_2 = TextStim(__class__=<class 'psychopy.visual.text.TextStim'>, alignHoriz=method-wrapper(...), alignText='center', alignVert=method-wrapper(...), anchorHoriz='center', anchorVert='center', antialias=True, autoLog=True, bold=False, color='white', colorSpace='named', contrast=1.0, depth=0.0, flipHoriz=False, flipVert=False, font='Arial', fontFiles=[], height=0.05, italic=False, languageStyle='LTR', name='text_2', opacity=1.0, ori=0, pos=array([0., 0.]), rgb=array([255., 255., 255.]), text='+', units='height', win=Window(...), wrapWidth=1)
21.7747 	EXP 	Created good_job = TextStim(__class__=<class 'psychopy.visual.text.TextStim'>, alignHoriz=method-wrapper(...), alignText='center', alignVert=method-wrapper(...), anchorHoriz='center', anchorVert='center', antialias=True, autoLog=True, bold=False, color='black', colorSpace='named', contrast=1.0, depth=0.0, flipHoriz=False, flipVert=False, font='Arial', fontFiles=[], height=0.1, italic=False, languageStyle='LTR', name='good_job', opacity=1.0, ori=0, pos=array([0., 0.]), rgb=array([0., 0., 0.]), text='Great Job!\n\nPress <SPACE> to keep going!', units='height', win=Window(...), wrapWidth=1)
22.3354 	EXP 	Created allDone = TextStim(__class__=<class 'psychopy.visual.text.TextStim'>, alignHoriz=method-wrapper(...), alignText='center', alignVert=method-wrapper(...), anchorHoriz='center', anchorVert='center', antialias=True, autoLog=True, bold=False, color='black', colorSpace='named', contrast=1.0, depth=0.0, flipHoriz=False, flipVert=False, font='Arial', fontFiles=[], height=0.1, italic=False, languageStyle='LTR', name='allDone', opacity=1.0, ori=0, pos=array([0., 0.]), rgb=array([0., 0., 0.]), text='You are all done. Thank you!', units='height', win=Window(...), wrapWidth=1)
22.3677 	WARNING 	t of last frame was 9678.65ms (=1/0)
22.3677 	EXP 	text_top: autoDraw = True
22.3677 	EXP 	text_bottom: autoDraw = True
22.3677 	EXP 	ccimage: autoDraw = True
22.3892 	WARNING 	t of last frame was 21.48ms (=1/46)
23.7056 	WARNING 	t of last frame was 32.77ms (=1/30)
24.2736 	DATA 	Keypress: space
24.3183 	WARNING 	t of last frame was 48.05ms (=1/20)
24.3183 	EXP 	ccimage: size = [0.42800000000000005, 0.2699]
24.3183 	EXP 	text_top: autoDraw = False
24.3183 	EXP 	text_bottom: autoDraw = False
24.3183 	EXP 	ccimage: autoDraw = False
24.3183 	EXP 	prac_instr1: image = 'Designs/prac_instr1.png'
24.3183 	EXP 	prac_instr1: autoDraw = True
24.3388 	WARNING 	Multiple dropped frames have occurred - I'll stop bothering you about them!
28.8317 	DATA 	Keypress: space
28.8513 	EXP 	prac_instr1: autoDraw = False
28.8513 	EXP 	image_6: pos = array([0.17295, 0.     ])
28.8513 	EXP 	image_6: size = array([0.17295, 0.17295])
28.8513 	EXP 	image_6: image = 'Stimuli/dory1.png'
28.8513 	EXP 	image_7: pos = array([0.17295, 0.     ])
28.8513 	EXP 	image_7: size = array([0.17295, 0.17295])
28.8513 	EXP 	image_7: image = 'Stimuli/dory2.png'
28.8513 	EXP 	image_6: autoDraw = True
28.8513 	EXP 	text_8: autoDraw = True
29.0538 	EXP 	image_6: autoDraw = False
29.3226 	EXP 	image_7: autoDraw = True
29.5041 	EXP 	image_6: autoDraw = False
29.5041 	EXP 	text_8: autoDraw = False
29.5041 	EXP 	image_7: autoDraw = False
29.5041 	EXP 	prac_instr2: image = 'Designs/prac_instr2_1234.png'
29.9901 	EXP 	prac_instr2: autoDraw = True
31.3238 	DATA 	Keypress: j
31.3372 	EXP 	prac_instr2: autoDraw = False
31.3372 	EXP 	prac_instr3_feedback: image = 'Designs/prac_instr3_corr.png'
31.3372 	EXP 	prac_instr3_feedback: autoDraw = True
32.6483 	DATA 	Keypress: space
32.6681 	EXP 	prac_instr3_feedback: autoDraw = False
32.6681 	EXP 	image_8: pos = array([-0.17295,  0.     ])
32.6681 	EXP 	image_8: size = array([0.17295, 0.17295])
32.6681 	EXP 	image_8: image = 'Stimuli/nemo2.png'
32.6681 	EXP 	image_9: pos = array([-0.17295,  0.     ])
32.6681 	EXP 	image_9: size = array([0.17295, 0.17295])
32.6681 	EXP 	image_9: image = 'Stimuli/nemo2.png'
32.6681 	EXP 	image_8: autoDraw = True
32.6681 	EXP 	text_9: autoDraw = True
32.8707 	EXP 	image_8: autoDraw = False
33.1395 	EXP 	image_9: autoDraw = True
33.3210 	EXP 	image_8: autoDraw = False
33.3210 	EXP 	text_9: autoDraw = False
33.3210 	EXP 	image_9: autoDraw = False
33.3210 	EXP 	prac_instr4: image = 'Designs/prac_instr4_1234.png'
33.3210 	EXP 	prac_instr4: autoDraw = True
34.1887 	DATA 	Keypress: f
34.5734 	DATA 	Keypress: space
42.3209 	EXP 	prac_instr4: autoDraw = False
42.3209 	EXP 	prac_instr5: image = 'Designs/prac_instr5_1234.png'
42.3209 	EXP 	prac_instr5: autoDraw = True
47.6387 	EXP 	Created sequence: random, trialTypes=1, nReps=12, seed=None
47.6392 	EXP 	New trial (rep=0, index=0): None
47.6816 	DATA 	Keypress: space
47.7015 	EXP 	prac_instr5: autoDraw = False
47.7015 	EXP 	image: pos = array([0.17295, 0.     ])
47.7015 	EXP 	image: size = array([0.17295, 0.17295])
47.7015 	EXP 	image: image = 'Stimuli/dory1.png'
47.7015 	EXP 	text_6: color = 'black (named)'
47.7015 	EXP 	image: autoDraw = True
47.7015 	EXP 	text_6: autoDraw = True
47.9059 	EXP 	image: autoDraw = False
47.9726 	EXP 	image: autoDraw = False
47.9726 	EXP 	text_6: autoDraw = False
47.9726 	EXP 	image_2: pos = array([0.17295, 0.     ])
47.9726 	EXP 	image_2: size = array([0.17295, 0.17295])
47.9726 	EXP 	image_2: image = 'Stimuli/dory2.png'
47.9726 	EXP 	text_7: color = 'black (named)'
47.9726 	EXP 	image_2: autoDraw = True
47.9726 	EXP 	text_7: autoDraw = True
48.1890 	EXP 	image_2: autoDraw = False
49.6915 	DATA 	Keypress: j
52.1895 	EXP 	image_2: autoDraw = False
52.1895 	EXP 	text_7: autoDraw = False
52.1895 	EXP 	image_3: image = 'Stimuli/greenCheck.png'
52.1895 	EXP 	feedback_msg: text = 'Well done!'
52.1895 	EXP 	image_3: autoDraw = True
52.1895 	EXP 	feedback_msg: autoDraw = True
54.1418 	EXP 	New trial (rep=1, index=0): None
54.2017 	EXP 	image_3: autoDraw = False
54.2017 	EXP 	feedback_msg: autoDraw = False
54.2017 	EXP 	image: pos = array([0.17295, 0.     ])
54.2017 	EXP 	image: size = array([0.17295, 0.17295])
54.2017 	EXP 	image: image = 'Stimuli/dory1.png'
54.2017 	EXP 	text_6: color = 'black (named)'
54.2017 	EXP 	image: autoDraw = True
54.2017 	EXP 	text_6: autoDraw = True
54.4064 	EXP 	image: autoDraw = False
54.4728 	EXP 	image: autoDraw = False
54.4728 	EXP 	text_6: autoDraw = False
54.4728 	EXP 	image_2: pos = array([0.17295, 0.     ])
54.4728 	EXP 	image_2: size = array([0.17295, 0.17295])
54.4728 	EXP 	image_2: image = 'Stimuli/dory2.png'
54.4728 	EXP 	text_7: color = 'black (named)'
54.4728 	EXP 	image_2: autoDraw = True
54.4728 	EXP 	text_7: autoDraw = True
54.6897 	EXP 	image_2: autoDraw = False
56.0927 	DATA 	Keypress: j
58.6710 	EXP 	image_2: autoDraw = False
58.6710 	EXP 	text_7: autoDraw = False
58.6710 	EXP 	image_3: image = 'Stimuli/greenCheck.png'
58.6710 	EXP 	feedback_msg: text = 'Well done!'
58.6710 	EXP 	image_3: autoDraw = True
58.6710 	EXP 	feedback_msg: autoDraw = True
60.6581 	EXP 	New trial (rep=2, index=0): None
60.7060 	EXP 	image_3: autoDraw = False
60.7060 	EXP 	feedback_msg: autoDraw = False
60.7060 	EXP 	image: pos = array([0.17295, 0.     ])
60.7060 	EXP 	image: size = array([0.17295, 0.17295])
60.7060 	EXP 	image: image = 'Stimuli/nemo1.jpg'
60.7060 	EXP 	text_6: color = 'white (named)'
60.7060 	EXP 	image: autoDraw = True
60.7060 	EXP 	text_6: autoDraw = True
60.9045 	EXP 	image: autoDraw = False
60.9711 	EXP 	image: autoDraw = False
60.9711 	EXP 	text_6: autoDraw = False
60.9711 	EXP 	image_2: pos = array([0.17295, 0.     ])
60.9711 	EXP 	image_2: size = array([0.17295, 0.17295])
60.9711 	EXP 	image_2: image = 'Stimuli/nemo1.jpg'
60.9711 	EXP 	text_7: color = 'white (named)'
60.9711 	EXP 	image_2: autoDraw = True
60.9711 	EXP 	text_7: autoDraw = True
61.1736 	EXP 	image_2: autoDraw = False
62.1248 	DATA 	Keypress: f
62.4063 	DATA 	Keypress: space
65.1544 	EXP 	image_2: autoDraw = False
65.1544 	EXP 	text_7: autoDraw = False
65.1544 	EXP 	image_3: image = 'Stimuli/greenCheck.png'
65.1544 	EXP 	feedback_msg: text = 'Well done!'
65.1544 	EXP 	image_3: autoDraw = True
65.1544 	EXP 	feedback_msg: autoDraw = True
67.1392 	EXP 	New trial (rep=3, index=0): None
67.2125 	EXP 	image_3: autoDraw = False
67.2125 	EXP 	feedback_msg: autoDraw = False
67.2125 	EXP 	image: pos = array([0.17295, 0.     ])
67.2125 	EXP 	image: size = array([0.17295, 0.17295])
67.2125 	EXP 	image: image = 'Stimuli/nemo2.png'
67.2125 	EXP 	text_6: color = 'white (named)'
67.2125 	EXP 	image: autoDraw = True
67.2125 	EXP 	text_6: autoDraw = True
67.4213 	EXP 	image: autoDraw = False
67.5018 	EXP 	image: autoDraw = False
67.5018 	EXP 	text_6: autoDraw = False
67.5018 	EXP 	image_2: pos = array([0.17295, 0.     ])
67.5018 	EXP 	image_2: size = array([0.17295, 0.17295])
67.5018 	EXP 	image_2: image = 'Stimuli/nemo2.png'
67.5018 	EXP 	text_7: color = 'white (named)'
67.5018 	EXP 	image_2: autoDraw = True
67.5018 	EXP 	text_7: autoDraw = True
67.7067 	EXP 	image_2: autoDraw = False
70.4931 	DATA 	Keypress: f
71.6543 	EXP 	image_2: autoDraw = False
71.6543 	EXP 	text_7: autoDraw = False
71.6543 	EXP 	image_3: image = 'Stimuli/greenCheck.png'
71.6543 	EXP 	feedback_msg: text = 'Well done!'
71.6543 	EXP 	image_3: autoDraw = True
71.6543 	EXP 	feedback_msg: autoDraw = True
73.6394 	EXP 	New trial (rep=4, index=0): None
73.6983 	EXP 	image_3: autoDraw = False
73.6983 	EXP 	feedback_msg: autoDraw = False
73.6983 	EXP 	image_3: autoDraw = False
73.6983 	EXP 	feedback_msg: autoDraw = False
73.6983 	EXP 	image: pos = array([0.17295, 0.     ])
73.6983 	EXP 	image: size = array([0.17295, 0.17295])
73.6983 	EXP 	image: image = 'Stimuli/nemo2.png'
73.6983 	EXP 	text_6: color = 'white (named)'
73.6983 	EXP 	image: autoDraw = True
73.6983 	EXP 	text_6: autoDraw = True
73.9045 	EXP 	image: autoDraw = False
73.9873 	EXP 	image: autoDraw = False
73.9873 	EXP 	text_6: autoDraw = False
73.9873 	EXP 	image_2: pos = array([0.17295, 0.     ])
73.9873 	EXP 	image_2: size = array([0.17295, 0.17295])
73.9873 	EXP 	image_2: image = 'Stimuli/nemo1.jpg'
73.9873 	EXP 	text_7: color = 'white (named)'
73.9873 	EXP 	image_2: autoDraw = True
73.9873 	EXP 	text_7: autoDraw = True
74.1899 	EXP 	image_2: autoDraw = False
76.2061 	DATA 	Keypress: j
78.1546 	EXP 	image_2: autoDraw = False
78.1546 	EXP 	text_7: autoDraw = False
78.1546 	EXP 	image_3: image = 'Stimuli/greenCheck.png'
78.1546 	EXP 	feedback_msg: text = 'Well done!'
78.1546 	EXP 	image_3: autoDraw = True
78.1546 	EXP 	feedback_msg: autoDraw = True
80.1413 	EXP 	New trial (rep=5, index=0): None
80.1714 	EXP 	image_3: autoDraw = False
80.1714 	EXP 	feedback_msg: autoDraw = False
80.1714 	EXP 	image: pos = array([-0.17295,  0.     ])
80.1714 	EXP 	image: size = array([0.17295, 0.17295])
80.1714 	EXP 	image: image = 'Stimuli/dory2.png'
80.1714 	EXP 	text_6: color = 'white (named)'
80.1714 	EXP 	image: autoDraw = True
80.1714 	EXP 	text_6: autoDraw = True
80.3737 	EXP 	image: autoDraw = False
80.5130 	EXP 	image: autoDraw = False
80.5130 	EXP 	text_6: autoDraw = False
80.5130 	EXP 	image_2: pos = array([-0.17295,  0.     ])
80.5130 	EXP 	image_2: size = array([0.17295, 0.17295])
80.5130 	EXP 	image_2: image = 'Stimuli/dory1.png'
80.5130 	EXP 	text_7: color = 'white (named)'
80.5130 	EXP 	image_2: autoDraw = True
80.5130 	EXP 	text_7: autoDraw = True
80.7233 	EXP 	image_2: autoDraw = False
81.9736 	DATA 	Keypress: j
84.6547 	EXP 	image_2: autoDraw = False
84.6547 	EXP 	text_7: autoDraw = False
84.6547 	EXP 	image_3: image = 'Stimuli/greenCheck.png'
84.6547 	EXP 	feedback_msg: text = 'Well done!'
84.6547 	EXP 	image_3: autoDraw = True
84.6547 	EXP 	feedback_msg: autoDraw = True
86.6393 	EXP 	New trial (rep=6, index=0): None
86.7012 	EXP 	image_3: autoDraw = False
86.7012 	EXP 	feedback_msg: autoDraw = False
86.7012 	EXP 	image_3: autoDraw = False
86.7012 	EXP 	feedback_msg: autoDraw = False
86.7012 	EXP 	image: pos = array([0.17295, 0.     ])
86.7012 	EXP 	image: size = array([0.17295, 0.17295])
86.7012 	EXP 	image: image = 'Stimuli/dory1.png'
86.7012 	EXP 	text_6: color = 'black (named)'
86.7012 	EXP 	image: autoDraw = True
86.7012 	EXP 	text_6: autoDraw = True
86.9065 	EXP 	image: autoDraw = False
87.0015 	EXP 	image: autoDraw = False
87.0015 	EXP 	text_6: autoDraw = False
87.0015 	EXP 	image_2: pos = array([0.17295, 0.     ])
87.0015 	EXP 	image_2: size = array([0.17295, 0.17295])
87.0015 	EXP 	image_2: image = 'Stimuli/dory1.png'
87.0015 	EXP 	text_7: color = 'black (named)'
87.0015 	EXP 	image_2: autoDraw = True
87.0015 	EXP 	text_7: autoDraw = True
87.2048 	EXP 	image_2: autoDraw = False
88.2261 	DATA 	Keypress: f
88.4917 	DATA 	Keypress: space
91.1707 	EXP 	image_2: autoDraw = False
91.1707 	EXP 	text_7: autoDraw = False
91.1707 	EXP 	image_3: image = 'Stimuli/greenCheck.png'
91.1707 	EXP 	feedback_msg: text = 'Well done!'
91.1707 	EXP 	image_3: autoDraw = True
91.1707 	EXP 	feedback_msg: autoDraw = True
93.1415 	EXP 	New trial (rep=7, index=0): None
93.1963 	EXP 	image_3: autoDraw = False
93.1963 	EXP 	feedback_msg: autoDraw = False
93.1963 	EXP 	image: pos = array([-0.17295,  0.     ])
93.1963 	EXP 	image: size = array([0.17295, 0.17295])
93.1963 	EXP 	image: image = 'Stimuli/nemo1.jpg'
93.1963 	EXP 	text_6: color = 'black (named)'
93.1963 	EXP 	image: autoDraw = True
93.1963 	EXP 	text_6: autoDraw = True
93.4046 	EXP 	image: autoDraw = False
93.5173 	EXP 	image: autoDraw = False
93.5173 	EXP 	text_6: autoDraw = False
93.5173 	EXP 	image_2: pos = array([-0.17295,  0.     ])
93.5173 	EXP 	image_2: size = array([0.17295, 0.17295])
93.5173 	EXP 	image_2: image = 'Stimuli/nemo2.png'
93.5173 	EXP 	text_7: color = 'black (named)'
93.5173 	EXP 	image_2: autoDraw = True
93.5173 	EXP 	text_7: autoDraw = True
93.7236 	EXP 	image_2: autoDraw = False
95.0593 	DATA 	Keypress: j
97.6547 	EXP 	image_2: autoDraw = False
97.6547 	EXP 	text_7: autoDraw = False
97.6547 	EXP 	image_3: image = 'Stimuli/greenCheck.png'
97.6547 	EXP 	feedback_msg: text = 'Well done!'
97.6547 	EXP 	image_3: autoDraw = True
97.6547 	EXP 	feedback_msg: autoDraw = True
99.6417 	EXP 	New trial (rep=8, index=0): None
99.6733 	EXP 	image_3: autoDraw = False
99.6733 	EXP 	feedback_msg: autoDraw = False
99.6733 	EXP 	image: pos = array([-0.17295,  0.     ])
99.6733 	EXP 	image: size = array([0.17295, 0.17295])
99.6733 	EXP 	image: image = 'Stimuli/dory2.png'
99.6733 	EXP 	text_6: color = 'black (named)'
99.6733 	EXP 	image: autoDraw = True
99.6733 	EXP 	text_6: autoDraw = True
99.8881 	EXP 	image: autoDraw = False
99.9732 	EXP 	image: autoDraw = False
99.9732 	EXP 	text_6: autoDraw = False
99.9732 	EXP 	image_2: pos = array([-0.17295,  0.     ])
99.9732 	EXP 	image_2: size = array([0.17295, 0.17295])
99.9732 	EXP 	image_2: image = 'Stimuli/dory2.png'
99.9732 	EXP 	text_7: color = 'black (named)'
99.9732 	EXP 	image_2: autoDraw = True
99.9732 	EXP 	text_7: autoDraw = True
100.1901 	EXP 	image_2: autoDraw = False
101.2590 	DATA 	Keypress: f
104.1548 	EXP 	image_2: autoDraw = False
104.1548 	EXP 	text_7: autoDraw = False
104.1548 	EXP 	image_3: image = 'Stimuli/greenCheck.png'
104.1548 	EXP 	feedback_msg: text = 'Well done!'
104.1548 	EXP 	image_3: autoDraw = True
104.1548 	EXP 	feedback_msg: autoDraw = True
106.1395 	EXP 	New trial (rep=9, index=0): None
106.2017 	EXP 	image_3: autoDraw = False
106.2017 	EXP 	feedback_msg: autoDraw = False
106.2017 	EXP 	image: pos = array([-0.17295,  0.     ])
106.2017 	EXP 	image: size = array([0.17295, 0.17295])
106.2017 	EXP 	image: image = 'Stimuli/nemo2.png'
106.2017 	EXP 	text_6: color = 'white (named)'
106.2017 	EXP 	image: autoDraw = True
106.2017 	EXP 	text_6: autoDraw = True
106.4048 	EXP 	image: autoDraw = False
106.4996 	EXP 	image: autoDraw = False
106.4996 	EXP 	text_6: autoDraw = False
106.4996 	EXP 	image_2: pos = array([-0.17295,  0.     ])
106.4996 	EXP 	image_2: size = array([0.17295, 0.17295])
106.4996 	EXP 	image_2: image = 'Stimuli/nemo2.png'
106.4996 	EXP 	text_7: color = 'white (named)'
106.4996 	EXP 	image_2: autoDraw = True
106.4996 	EXP 	text_7: autoDraw = True
106.7073 	EXP 	image_2: autoDraw = False
107.3921 	DATA 	Keypress: f
108.3430 	DATA 	Keypress: space
110.6549 	EXP 	image_2: autoDraw = False
110.6549 	EXP 	text_7: autoDraw = False
110.6549 	EXP 	image_3: image = 'Stimuli/greenCheck.png'
110.6549 	EXP 	feedback_msg: text = 'Well done!'
110.6549 	EXP 	image_3: autoDraw = True
110.6549 	EXP 	feedback_msg: autoDraw = True
112.6418 	EXP 	New trial (rep=10, index=0): None
112.6735 	EXP 	image_3: autoDraw = False
112.6735 	EXP 	feedback_msg: autoDraw = False
112.6735 	EXP 	image: pos = array([-0.17295,  0.     ])
112.6735 	EXP 	image: size = array([0.17295, 0.17295])
112.6735 	EXP 	image: image = 'Stimuli/dory2.png'
112.6735 	EXP 	text_6: color = 'white (named)'
112.6735 	EXP 	image: autoDraw = True
112.6735 	EXP 	text_6: autoDraw = True
112.8884 	EXP 	image: autoDraw = False
112.9734 	EXP 	image: autoDraw = False
112.9734 	EXP 	text_6: autoDraw = False
112.9734 	EXP 	image_2: pos = array([-0.17295,  0.     ])
112.9734 	EXP 	image_2: size = array([0.17295, 0.17295])
112.9734 	EXP 	image_2: image = 'Stimuli/dory2.png'
112.9734 	EXP 	text_7: color = 'white (named)'
112.9734 	EXP 	image_2: autoDraw = True
112.9734 	EXP 	text_7: autoDraw = True
113.1716 	EXP 	image_2: autoDraw = False
113.8589 	DATA 	Keypress: f
117.1551 	EXP 	image_2: autoDraw = False
117.1551 	EXP 	text_7: autoDraw = False
117.1551 	EXP 	image_3: image = 'Stimuli/greenCheck.png'
117.1551 	EXP 	feedback_msg: text = 'Well done!'
117.1551 	EXP 	image_3: autoDraw = True
117.1551 	EXP 	feedback_msg: autoDraw = True
119.1417 	EXP 	New trial (rep=11, index=0): None
119.1858 	EXP 	image_3: autoDraw = False
119.1858 	EXP 	feedback_msg: autoDraw = False
119.1858 	EXP 	image: pos = array([-0.17295,  0.     ])
119.1858 	EXP 	image: size = array([0.17295, 0.17295])
119.1858 	EXP 	image: image = 'Stimuli/nemo1.jpg'
119.1858 	EXP 	text_6: color = 'white (named)'
119.1858 	EXP 	image: autoDraw = True
119.1858 	EXP 	text_6: autoDraw = True
119.3882 	EXP 	image: autoDraw = False
119.5134 	EXP 	image: autoDraw = False
119.5134 	EXP 	text_6: autoDraw = False
119.5134 	EXP 	image_2: pos = array([-0.17295,  0.     ])
119.5134 	EXP 	image_2: size = array([0.17295, 0.17295])
119.5134 	EXP 	image_2: image = 'Stimuli/nemo2.png'
119.5134 	EXP 	text_7: color = 'white (named)'
119.5134 	EXP 	image_2: autoDraw = True
119.5134 	EXP 	text_7: autoDraw = True
119.7235 	EXP 	image_2: autoDraw = False
120.3252 	DATA 	Keypress: j
123.6548 	EXP 	image_2: autoDraw = False
123.6548 	EXP 	text_7: autoDraw = False
123.6548 	EXP 	image_3: image = 'Stimuli/greenCheck.png'
123.6548 	EXP 	feedback_msg: text = 'Well done!'
123.6548 	EXP 	image_3: autoDraw = True
123.6548 	EXP 	feedback_msg: autoDraw = True
125.6551 	EXP 	image_3: autoDraw = False
125.6551 	EXP 	feedback_msg: autoDraw = False
125.6551 	EXP 	text_3: autoDraw = True
126.8129 	DEBUG 	Read csv file with pandas: Designs/design1.csv
126.8160 	DEBUG 	Clearing unnamed columns from Designs/design1.csv
126.8164 	EXP 	Imported Designs/design1.csv as conditions, 4 conditions, 2 params
126.8167 	EXP 	Created sequence: sequential, trialTypes=4, nReps=1, seed=None
126.8170 	EXP 	New trial (rep=0, index=0): OrderedDict([('Block_type', 'conf_face'), ('instruction_text', 'Designs/instructions_face_1234.png')])
126.8404 	DATA 	Keypress: space
126.8690 	EXP 	text_3: autoDraw = False
126.8690 	EXP 	instructions_image: image = 'Designs/instructions_face_1234.png'
126.8690 	EXP 	instructions_image: autoDraw = True
129.9221 	EXP 	Created sequence: sequential, trialTypes=1, nReps=48, seed=None
129.9226 	EXP 	New trial (rep=0, index=0): None
129.9323 	DATA 	Keypress: space
129.9374 	EXP 	instructions_image: autoDraw = False
129.9374 	EXP 	text_4: color = 'white (named)'
129.9374 	EXP 	target_image: pos = array([0.17295, 0.     ])
129.9374 	EXP 	target_image: size = array([0.17295, 0.17295])
129.9374 	EXP 	target_image: image = 'Stimuli/edmd.png'
129.9374 	EXP 	text_4: autoDraw = True
129.9374 	EXP 	target_image: autoDraw = True
130.1385 	EXP 	text_4: autoDraw = False
130.1385 	EXP 	target_image: autoDraw = False
130.1385 	EXP 	text_4: autoDraw = False
130.1385 	EXP 	target_image: autoDraw = False
130.1385 	EXP 	text: color = 'white (named)'
130.1385 	EXP 	text: autoDraw = True
130.4568 	EXP 	text: autoDraw = False
130.4568 	EXP 	text_5: color = 'white (named)'
130.4568 	EXP 	probe_image: pos = array([0.17295, 0.     ])
130.4568 	EXP 	probe_image: size = array([0.17295, 0.17295])
130.4568 	EXP 	probe_image: image = 'Stimuli/eumu.png'
130.4568 	EXP 	text_5: autoDraw = True
130.4568 	EXP 	probe_image: autoDraw = True
130.6384 	EXP 	text_5: autoDraw = False
130.6384 	EXP 	probe_image: autoDraw = False
130.6384 	EXP 	text_2: color = 'white (named)'
130.6384 	EXP 	text_2: autoDraw = True
131.4408 	EXP 	New trial (rep=1, index=0): None
131.4486 	DATA 	Keypress: j
131.4548 	EXP 	text_2: autoDraw = False
131.4548 	EXP 	text_4: color = 'white (named)'
131.4548 	EXP 	target_image: pos = array([0.17295, 0.     ])
131.4548 	EXP 	target_image: size = array([0.17295, 0.17295])
131.4548 	EXP 	target_image: image = 'Stimuli/eomu.png'
131.4548 	EXP 	text_4: autoDraw = True
131.4548 	EXP 	target_image: autoDraw = True
131.6551 	EXP 	text_4: autoDraw = False
131.6551 	EXP 	target_image: autoDraw = False
131.6551 	EXP 	text: color = 'white (named)'
131.6551 	EXP 	text: autoDraw = True
131.9551 	EXP 	text: autoDraw = False
131.9551 	EXP 	text: autoDraw = False
131.9551 	EXP 	text_5: color = 'white (named)'
131.9551 	EXP 	probe_image: pos = array([0.17295, 0.     ])
131.9551 	EXP 	probe_image: size = array([0.17295, 0.17295])
131.9551 	EXP 	probe_image: image = 'Stimuli/eomu.png'
131.9551 	EXP 	text_5: autoDraw = True
131.9551 	EXP 	probe_image: autoDraw = True
132.1577 	EXP 	text_5: autoDraw = False
132.1577 	EXP 	probe_image: autoDraw = False
132.1577 	EXP 	text_5: autoDraw = False
132.1577 	EXP 	probe_image: autoDraw = False
132.1577 	EXP 	text_2: color = 'white (named)'
132.1577 	EXP 	text_2: autoDraw = True
132.9440 	EXP 	New trial (rep=2, index=0): None
132.9520 	DATA 	Keypress: j
132.9736 	EXP 	text_2: autoDraw = False
132.9736 	EXP 	text_4: color = 'white (named)'
132.9736 	EXP 	target_image: pos = array([-0.17295,  0.     ])
132.9736 	EXP 	target_image: size = array([0.17295, 0.17295])
132.9736 	EXP 	target_image: image = 'Stimuli/edmd.png'
132.9736 	EXP 	text_4: autoDraw = True
132.9736 	EXP 	target_image: autoDraw = True
133.1718 	EXP 	text_4: autoDraw = False
133.1718 	EXP 	target_image: autoDraw = False
133.1718 	EXP 	text: color = 'white (named)'
133.1718 	EXP 	text: autoDraw = True
133.4717 	EXP 	text: autoDraw = False
133.4717 	EXP 	text_5: color = 'white (named)'
133.4717 	EXP 	probe_image: pos = array([-0.17295,  0.     ])
133.4717 	EXP 	probe_image: size = array([0.17295, 0.17295])
133.4717 	EXP 	probe_image: image = 'Stimuli/eimd.png'
133.4717 	EXP 	text_5: autoDraw = True
133.4717 	EXP 	probe_image: autoDraw = True
133.6741 	EXP 	text_5: autoDraw = False
133.6741 	EXP 	probe_image: autoDraw = False
133.6741 	EXP 	text_2: color = 'white (named)'
133.6741 	EXP 	text_2: autoDraw = True
134.2065 	EXP 	New trial (rep=3, index=0): None
134.2143 	DATA 	Keypress: j
134.2217 	EXP 	text_2: autoDraw = False
134.2217 	EXP 	text_4: color = 'white (named)'
134.2217 	EXP 	target_image: pos = array([0.17295, 0.     ])
134.2217 	EXP 	target_image: size = array([0.17295, 0.17295])
134.2217 	EXP 	target_image: image = 'Stimuli/eumu.png'
134.2217 	EXP 	text_4: autoDraw = True
134.2217 	EXP 	target_image: autoDraw = True
134.4218 	EXP 	text_4: autoDraw = False
134.4218 	EXP 	target_image: autoDraw = False
134.4218 	EXP 	text: color = 'white (named)'
134.4218 	EXP 	text: autoDraw = True
134.7217 	EXP 	text: autoDraw = False
134.7217 	EXP 	text_5: color = 'white (named)'
134.7217 	EXP 	probe_image: pos = array([0.17295, 0.     ])
134.7217 	EXP 	probe_image: size = array([0.17295, 0.17295])
134.7217 	EXP 	probe_image: image = 'Stimuli/edmd.png'
134.7217 	EXP 	text_5: autoDraw = True
134.7217 	EXP 	probe_image: autoDraw = True
134.9218 	EXP 	text_5: autoDraw = False
134.9218 	EXP 	probe_image: autoDraw = False
134.9218 	EXP 	text_2: color = 'white (named)'
134.9218 	EXP 	text_2: autoDraw = True
135.5095 	EXP 	New trial (rep=4, index=0): None
135.5171 	DATA 	Keypress: j
135.5211 	EXP 	text_2: autoDraw = False
135.5211 	EXP 	text_4: color = 'white (named)'
135.5211 	EXP 	target_image: pos = array([-0.17295,  0.     ])
135.5211 	EXP 	target_image: size = array([0.17295, 0.17295])
135.5211 	EXP 	target_image: image = 'Stimuli/eomu.png'
135.5211 	EXP 	text_4: autoDraw = True
135.5211 	EXP 	target_image: autoDraw = True
135.7244 	EXP 	text_4: autoDraw = False
135.7244 	EXP 	target_image: autoDraw = False
135.7244 	EXP 	text_4: autoDraw = False
135.7244 	EXP 	target_image: autoDraw = False
135.7244 	EXP 	text: color = 'white (named)'
135.7244 	EXP 	text: autoDraw = True
136.0382 	EXP 	text: autoDraw = False
136.0382 	EXP 	text_5: color = 'white (named)'
136.0382 	EXP 	probe_image: pos = array([-0.17295,  0.     ])
136.0382 	EXP 	probe_image: size = array([0.17295, 0.17295])
136.0382 	EXP 	probe_image: image = 'Stimuli/eomu.png'
136.0382 	EXP 	text_5: autoDraw = True
136.0382 	EXP 	probe_image: autoDraw = True
136.2385 	EXP 	text_5: autoDraw = False
136.2385 	EXP 	probe_image: autoDraw = False
136.2385 	EXP 	text_2: color = 'white (named)'
136.2385 	EXP 	text_2: autoDraw = True
137.0571 	DATA 	Keypress: escape
137.5358 	EXP 	window1: mouseVisible = True
137.5358 	DEBUG 	Saving data for configural_featural ExperimentHandler
137.5376 	INFO 	saved data to /Users/sophia/Documents/PycharmProjects/Configural_Featural_Study/data/_configural_featural_2020_Oct_30_1748.psydat
137.5403 	INFO 	saved data to '/Users/sophia/Documents/PycharmProjects/Configural_Featural_Study/data/_configural_featural_2020_Oct_30_1748.csv'
