9.2164 	INFO 	Loaded monitor calibration from ['2020_09_20 15:42']
11.4537 	WARNING 	Couldn't measure a consistent frame rate.
  - Is your graphics card set to sync to vertical blank?
  - Are you running other processes on your computer?

11.4542 	EXP 	Created window1 = Window(allowGUI=False, allowStencil=False, args=UNKNOWN, autoLog=True, bitsMode=UNKNOWN, blendMode='avg', bpc=(8, 8, 8), color=array([0., 0., 0.]), colorSpace='rgb', depthBits=8, fullscr=<method-wrapper '__getattribute__' of attributeSetter object at 0x120350a20>, gamma=None, gammaErrorPolicy='raise', kwargs=UNKNOWN, lms=UNKNOWN, monitor=<psychopy.monitors.calibTools.Monitor object at 0x15690ab70>, multiSample=False, name='window1', numSamples=2, pos=[448.0, 280.0], screen=0, size=array([3584, 2240]), stencilBits=0, stereo=False, units='height', useFBO=True, useRetina=True, viewOri=0.0, viewPos=None, viewScale=None, waitBlanking=True, winType='pyglet')
11.4545 	EXP 	window1: mouseVisible = True
11.4545 	EXP 	window1: recordFrameIntervals = False
11.6200 	EXP 	window1: recordFrameIntervals = True
13.2870 	WARNING 	Couldn't measure a consistent frame rate.
  - Is your graphics card set to sync to vertical blank?
  - Are you running other processes on your computer?

13.9028 	EXP 	Created text_top = TextStim(__class__=<class 'psychopy.visual.text.TextStim'>, alignHoriz=method-wrapper(...), alignText='center', alignVert=method-wrapper(...), anchorHoriz='center', anchorVert='center', antialias=True, autoLog=True, bold=False, color='black', colorSpace='named', contrast=1.0, depth=-3.0, flipHoriz=False, flipVert=False, font='Arial', fontFiles=[], height=0.05, italic=False, languageStyle='LTR', name='text_top', opacity=1.0, ori=0, pos=array([0. , 0.3]), rgb=array([0., 0., 0.]), text=str(...), units='height', win=Window(...), wrapWidth=1)
13.9092 	EXP 	Created text_bottom = TextStim(__class__=<class 'psychopy.visual.text.TextStim'>, alignHoriz=method-wrapper(...), alignText='center', alignVert=method-wrapper(...), anchorHoriz='center', anchorVert='center', antialias=True, autoLog=True, bold=False, color='black', colorSpace='named', contrast=1.0, depth=-4.0, flipHoriz=False, flipVert=False, font='Arial', fontFiles=[], height=0.05, italic=False, languageStyle='LTR', name='text_bottom', opacity=1.0, ori=0, pos=array([ 0. , -0.3]), rgb=array([0., 0., 0.]), text='Press Space when you’re finished', units='height', win=Window(...), wrapWidth=1)
13.9320 	EXP 	Created ccimage = ImageStim(__class__=<class 'psychopy.visual.image.ImageStim'>, autoLog=True, color=array([1., 1., 1.]), colorSpace='rgb', contrast=1.0, depth=-5.0, flipHoriz=False, flipVert=False, image='bankcard.png', interpolate=True, mask=None, maskParams=None, name='ccimage', opacity=1.0, ori=0.0, pos=array([0., 0.]), size=array([0.428 , 0.2699]), texRes=512, units='height', win=Window(...))
13.9335 	EXP 	Created polygon = Rect(__class__=<class 'psychopy.visual.rect.Rect'>, autoDraw=False, autoLog=True, closeShape=True, color=method-wrapper(...), colorSpace=None, contrast=1.0, depth=-1.0, fillColor=array([1., 1., 1.]), fillColorSpace='rgb', fillRGB=array([1., 1., 1.]), interpolate=True, lineColor=array([1., 1., 1.]), lineColorSpace='rgb', lineRGB=array([1., 1., 1.]), lineWidth=1, name='polygon', opacity=1.0, ori=array(0.), pos=array([0., 0.]), size=array([1., 1.]), units='height', vertices=ndarray(...), win=Window(...))
13.9353 	EXP 	Created prac_instr1 = ImageStim(__class__=<class 'psychopy.visual.image.ImageStim'>, autoLog=True, color=array([1., 1., 1.]), colorSpace='rgb', contrast=1.0, depth=-1.0, flipHoriz=False, flipVert=False, image='sin', interpolate=True, mask=None, maskParams=None, name='prac_instr1', opacity=1.0, ori=0.0, pos=array([0., 0.]), size=array([1.125, 0.75 ]), texRes=512, units='height', win=Window(...))
14.4800 	EXP 	Created image_6 = ImageStim(__class__=<class 'psychopy.visual.image.ImageStim'>, autoLog=True, color=array([1., 1., 1.]), colorSpace='rgb', contrast=1.0, depth=0.0, flipHoriz=False, flipVert=False, image='sin', interpolate=True, mask=None, maskParams=None, name='image_6', opacity=1.0, ori=0.0, pos=array([0., 0.]), size=array([1., 1.]), texRes=512, units='height', win=Window(...))
14.4834 	EXP 	Created text_8 = TextStim(__class__=<class 'psychopy.visual.text.TextStim'>, alignHoriz=method-wrapper(...), alignText='center', alignVert=method-wrapper(...), anchorHoriz='center', anchorVert='center', antialias=True, autoLog=True, bold=False, color='white', colorSpace='named', contrast=1.0, depth=-1.0, flipHoriz=False, flipVert=False, font='Arial', fontFiles=[], height=0.05, italic=False, languageStyle='LTR', name='text_8', opacity=1.0, ori=0, pos=array([0., 0.]), rgb=array([255., 255., 255.]), text='+', units='height', win=Window(...), wrapWidth=1)
14.4846 	EXP 	Created image_7 = ImageStim(__class__=<class 'psychopy.visual.image.ImageStim'>, autoLog=True, color=array([1., 1., 1.]), colorSpace='rgb', contrast=1.0, depth=-2.0, flipHoriz=False, flipVert=False, image='sin', interpolate=True, mask=None, maskParams=None, name='image_7', opacity=1.0, ori=0.0, pos=array([0., 0.]), size=array([1., 1.]), texRes=512, units='height', win=Window(...))
14.4856 	EXP 	Created prac_instr2 = ImageStim(__class__=<class 'psychopy.visual.image.ImageStim'>, autoLog=True, color=array([1., 1., 1.]), colorSpace='rgb', contrast=1.0, depth=-1.0, flipHoriz=False, flipVert=False, image='sin', interpolate=True, mask=None, maskParams=None, name='prac_instr2', opacity=1.0, ori=0.0, pos=array([0., 0.]), size=array([1.125, 0.75 ]), texRes=512, units='height', win=Window(...))
15.0331 	EXP 	Created prac_instr3_feedback = ImageStim(__class__=<class 'psychopy.visual.image.ImageStim'>, autoLog=True, color=array([1., 1., 1.]), colorSpace='rgb', contrast=1.0, depth=-1.0, flipHoriz=False, flipVert=False, image='sin', interpolate=True, mask=None, maskParams=None, name='prac_instr3_feedback', opacity=1.0, ori=0.0, pos=array([0., 0.]), size=array([1.125, 0.75 ]), texRes=512, units='height', win=Window(...))
15.5583 	EXP 	Created image_8 = ImageStim(__class__=<class 'psychopy.visual.image.ImageStim'>, autoLog=True, color=array([1., 1., 1.]), colorSpace='rgb', contrast=1.0, depth=0.0, flipHoriz=False, flipVert=False, image='sin', interpolate=True, mask=None, maskParams=None, name='image_8', opacity=1.0, ori=0.0, pos=array([0., 0.]), size=array([1., 1.]), texRes=512, units='height', win=Window(...))
15.5594 	EXP 	Created text_9 = TextStim(__class__=<class 'psychopy.visual.text.TextStim'>, alignHoriz=method-wrapper(...), alignText='center', alignVert=method-wrapper(...), anchorHoriz='center', anchorVert='center', antialias=True, autoLog=True, bold=False, color='black', colorSpace='named', contrast=1.0, depth=-1.0, flipHoriz=False, flipVert=False, font='Arial', fontFiles=[], height=0.05, italic=False, languageStyle='LTR', name='text_9', opacity=1.0, ori=0, pos=array([0., 0.]), rgb=array([0., 0., 0.]), text='+', units='height', win=Window(...), wrapWidth=1)
15.5604 	EXP 	Created image_9 = ImageStim(__class__=<class 'psychopy.visual.image.ImageStim'>, autoLog=True, color=array([1., 1., 1.]), colorSpace='rgb', contrast=1.0, depth=-2.0, flipHoriz=False, flipVert=False, image='sin', interpolate=True, mask=None, maskParams=None, name='image_9', opacity=1.0, ori=0.0, pos=array([0., 0.]), size=array([1., 1.]), texRes=512, units='height', win=Window(...))
15.5615 	EXP 	Created prac_instr4 = ImageStim(__class__=<class 'psychopy.visual.image.ImageStim'>, autoLog=True, color=array([1., 1., 1.]), colorSpace='rgb', contrast=1.0, depth=-1.0, flipHoriz=False, flipVert=False, image='sin', interpolate=True, mask=None, maskParams=None, name='prac_instr4', opacity=1.0, ori=0.0, pos=array([0., 0.]), size=array([1.125, 0.75 ]), texRes=512, units='height', win=Window(...))
16.6102 	EXP 	Created prac_instr5 = ImageStim(__class__=<class 'psychopy.visual.image.ImageStim'>, autoLog=True, color=array([1., 1., 1.]), colorSpace='rgb', contrast=1.0, depth=-1.0, flipHoriz=False, flipVert=False, image='sin', interpolate=True, mask=None, maskParams=None, name='prac_instr5', opacity=1.0, ori=0.0, pos=array([0., 0.]), size=array([1.125, 0.75 ]), texRes=512, units='height', win=Window(...))
17.1298 	EXP 	Created image = ImageStim(__class__=<class 'psychopy.visual.image.ImageStim'>, autoLog=True, color=array([1., 1., 1.]), colorSpace='rgb', contrast=1.0, depth=-1.0, flipHoriz=False, flipVert=False, image='sin', interpolate=True, mask=None, maskParams=None, name='image', opacity=1.0, ori=0.0, pos=array([0., 0.]), size=array([1., 1.]), texRes=512, units='height', win=Window(...))
17.1309 	EXP 	Created text_6 = TextStim(__class__=<class 'psychopy.visual.text.TextStim'>, alignHoriz=method-wrapper(...), alignText='center', alignVert=method-wrapper(...), anchorHoriz='center', anchorVert='center', antialias=True, autoLog=True, bold=False, color='white', colorSpace='named', contrast=1.0, depth=-2.0, flipHoriz=False, flipVert=False, font='Arial', fontFiles=[], height=0.05, italic=False, languageStyle='LTR', name='text_6', opacity=1.0, ori=0, pos=array([0., 0.]), rgb=array([255., 255., 255.]), text='+', units='height', win=Window(...), wrapWidth=1)
17.1320 	EXP 	Created image_2 = ImageStim(__class__=<class 'psychopy.visual.image.ImageStim'>, autoLog=True, color=array([1., 1., 1.]), colorSpace='rgb', contrast=1.0, depth=0.0, flipHoriz=False, flipVert=False, image='sin', interpolate=True, mask=None, maskParams=None, name='image_2', opacity=1.0, ori=0.0, pos=array([0., 0.]), size=array([1., 1.]), texRes=512, units='height', win=Window(...))
17.1330 	EXP 	Created text_7 = TextStim(__class__=<class 'psychopy.visual.text.TextStim'>, alignHoriz=method-wrapper(...), alignText='center', alignVert=method-wrapper(...), anchorHoriz='center', anchorVert='center', antialias=True, autoLog=True, bold=False, color='white', colorSpace='named', contrast=1.0, depth=-1.0, flipHoriz=False, flipVert=False, font='Arial', fontFiles=[], height=0.05, italic=False, languageStyle='LTR', name='text_7', opacity=1.0, ori=0, pos=array([0., 0.]), rgb=array([255., 255., 255.]), text='+', units='height', win=Window(...), wrapWidth=1)
18.1782 	EXP 	Created image_3 = ImageStim(__class__=<class 'psychopy.visual.image.ImageStim'>, autoLog=True, color=array([1., 1., 1.]), colorSpace='rgb', contrast=1.0, depth=-1.0, flipHoriz=False, flipVert=False, image='sin', interpolate=True, mask=None, maskParams=None, name='image_3', opacity=1.0, ori=0.0, pos=array([0., 0.]), size=array([0.25, 0.25]), texRes=512, units='height', win=Window(...))
18.1816 	EXP 	Created feedback_msg = TextStim(__class__=<class 'psychopy.visual.text.TextStim'>, alignHoriz=method-wrapper(...), alignText='center', alignVert=method-wrapper(...), anchorHoriz='center', anchorVert='center', antialias=True, autoLog=True, bold=False, color='black', colorSpace='named', contrast=1.0, depth=-2.0, flipHoriz=False, flipVert=False, font='Arial', fontFiles=[], height=0.05, italic=False, languageStyle='LTR', name='feedback_msg', opacity=1.0, ori=0, pos=array([ 0.  , -0.25]), rgb=array([0., 0., 0.]), text='default text', units='height', win=Window(...), wrapWidth=1)
18.1950 	EXP 	Created text_3 = TextStim(__class__=<class 'psychopy.visual.text.TextStim'>, alignHoriz=method-wrapper(...), alignText='center', alignVert=method-wrapper(...), anchorHoriz='center', anchorVert='center', antialias=True, autoLog=True, bold=False, color='black', colorSpace='named', contrast=1.0, depth=-1.0, flipHoriz=False, flipVert=False, font='Arial', fontFiles=[], height=0.05, italic=False, languageStyle='LTR', name='text_3', opacity=1.0, ori=0, pos=array([0., 0.]), rgb=array([0., 0., 0.]), text=str(...), units='height', win=Window(...), wrapWidth=1)
18.7285 	EXP 	Created instructions_image = ImageStim(__class__=<class 'psychopy.visual.image.ImageStim'>, autoLog=True, color=array([1., 1., 1.]), colorSpace='rgb', contrast=1.0, depth=-1.0, flipHoriz=False, flipVert=False, image='sin', interpolate=True, mask=None, maskParams=None, name='instructions_image', opacity=1.0, ori=0.0, pos=array([0., 0.]), size=array([1.125, 0.75 ]), texRes=512, units='height', win=Window(...))
19.2770 	EXP 	Created text_4 = TextStim(__class__=<class 'psychopy.visual.text.TextStim'>, alignHoriz=method-wrapper(...), alignText='center', alignVert=method-wrapper(...), anchorHoriz='center', anchorVert='center', antialias=True, autoLog=True, bold=False, color='white', colorSpace='named', contrast=1.0, depth=-1.0, flipHoriz=False, flipVert=False, font='Arial', fontFiles=[], height=0.05, italic=False, languageStyle='LTR', name='text_4', opacity=1.0, ori=0, pos=array([0., 0.]), rgb=array([255., 255., 255.]), text='+', units='height', win=Window(...), wrapWidth=1)
19.2782 	EXP 	Created target_image = ImageStim(__class__=<class 'psychopy.visual.image.ImageStim'>, autoLog=True, color=array([1., 1., 1.]), colorSpace='rgb', contrast=1.0, depth=-2.0, flipHoriz=False, flipVert=False, image='sin', interpolate=True, mask=None, maskParams=None, name='target_image', opacity=1.0, ori=0.0, pos=array([0., 0.]), size=array([1., 1.]), texRes=512, units='height', win=Window(...))
19.8124 	EXP 	Created text = TextStim(__class__=<class 'psychopy.visual.text.TextStim'>, alignHoriz=method-wrapper(...), alignText='center', alignVert=method-wrapper(...), anchorHoriz='center', anchorVert='center', antialias=True, autoLog=True, bold=False, color='white', colorSpace='named', contrast=1.0, depth=0.0, flipHoriz=False, flipVert=False, font='Arial', fontFiles=[], height=0.05, italic=False, languageStyle='LTR', name='text', opacity=1.0, ori=0, pos=array([0., 0.]), rgb=array([255., 255., 255.]), text='+', units='height', win=Window(...), wrapWidth=1)
20.3392 	EXP 	Created text_5 = TextStim(__class__=<class 'psychopy.visual.text.TextStim'>, alignHoriz=method-wrapper(...), alignText='center', alignVert=method-wrapper(...), anchorHoriz='center', anchorVert='center', antialias=True, autoLog=True, bold=False, color='white', colorSpace='named', contrast=1.0, depth=-1.0, flipHoriz=False, flipVert=False, font='Arial', fontFiles=[], height=0.05, italic=False, languageStyle='LTR', name='text_5', opacity=1.0, ori=0, pos=array([0., 0.]), rgb=array([255., 255., 255.]), text='+', units='height', win=Window(...), wrapWidth=1)
20.3405 	EXP 	Created probe_image = ImageStim(__class__=<class 'psychopy.visual.image.ImageStim'>, autoLog=True, color=array([1., 1., 1.]), colorSpace='rgb', contrast=1.0, depth=-2.0, flipHoriz=False, flipVert=False, image='sin', interpolate=True, mask=None, maskParams=None, name='probe_image', opacity=1.0, ori=0.0, pos=array([0., 0.]), size=array([1., 1.]), texRes=512, units='height', win=Window(...))
20.8901 	EXP 	Created text_2 = TextStim(__class__=<class 'psychopy.visual.text.TextStim'>, alignHoriz=method-wrapper(...), alignText='center', alignVert=method-wrapper(...), anchorHoriz='center', anchorVert='center', antialias=True, autoLog=True, bold=False, color='white', colorSpace='named', contrast=1.0, depth=0.0, flipHoriz=False, flipVert=False, font='Arial', fontFiles=[], height=0.05, italic=False, languageStyle='LTR', name='text_2', opacity=1.0, ori=0, pos=array([0., 0.]), rgb=array([255., 255., 255.]), text='+', units='height', win=Window(...), wrapWidth=1)
21.9712 	EXP 	Created good_job = TextStim(__class__=<class 'psychopy.visual.text.TextStim'>, alignHoriz=method-wrapper(...), alignText='center', alignVert=method-wrapper(...), anchorHoriz='center', anchorVert='center', antialias=True, autoLog=True, bold=False, color='black', colorSpace='named', contrast=1.0, depth=0.0, flipHoriz=False, flipVert=False, font='Arial', fontFiles=[], height=0.1, italic=False, languageStyle='LTR', name='good_job', opacity=1.0, ori=0, pos=array([0., 0.]), rgb=array([0., 0., 0.]), text='Great Job!\n\nPress <SPACE> to keep going!', units='height', win=Window(...), wrapWidth=1)
22.5121 	EXP 	Created allDone = TextStim(__class__=<class 'psychopy.visual.text.TextStim'>, alignHoriz=method-wrapper(...), alignText='center', alignVert=method-wrapper(...), anchorHoriz='center', anchorVert='center', antialias=True, autoLog=True, bold=False, color='black', colorSpace='named', contrast=1.0, depth=0.0, flipHoriz=False, flipVert=False, font='Arial', fontFiles=[], height=0.1, italic=False, languageStyle='LTR', name='allDone', opacity=1.0, ori=0, pos=array([0., 0.]), rgb=array([0., 0., 0.]), text='You are all done. Thank you!', units='height', win=Window(...), wrapWidth=1)
22.5437 	WARNING 	t of last frame was 9256.88ms (=1/0)
22.5437 	EXP 	text_top: autoDraw = True
22.5437 	EXP 	text_bottom: autoDraw = True
22.5437 	EXP 	ccimage: autoDraw = True
24.3349 	WARNING 	t of last frame was 33.14ms (=1/30)
26.0042 	DATA 	Keypress: left
26.0184 	EXP 	ccimage: size = [0.427144, 0.2699]
26.1729 	DATA 	Keypress: left
26.1852 	EXP 	ccimage: size = [0.422864, 0.2699]
26.2865 	DATA 	Keypress: left
26.3018 	EXP 	ccimage: size = [0.418584, 0.2699]
26.4691 	DATA 	Keypress: left
26.4851 	EXP 	ccimage: size = [0.414304, 0.2699]
26.6364 	DATA 	Keypress: left
26.6519 	EXP 	ccimage: size = [0.410024, 0.2699]
26.8532 	DATA 	Keypress: left
26.8684 	EXP 	ccimage: size = [0.405744, 0.2699]
27.0532 	DATA 	Keypress: left
27.0684 	EXP 	ccimage: size = [0.401464, 0.2699]
27.2873 	DATA 	Keypress: left
27.3185 	EXP 	ccimage: size = [0.397184, 0.2699]
28.0692 	DATA 	Keypress: right
28.0851 	EXP 	ccimage: size = [0.39804, 0.2699]
28.7687 	DATA 	Keypress: down
28.7849 	EXP 	ccimage: size = [0.39804, 0.2693602]
29.0190 	DATA 	Keypress: down
29.0350 	EXP 	ccimage: size = [0.39804, 0.2666612]
29.2522 	DATA 	Keypress: down
29.2684 	EXP 	ccimage: size = [0.39804, 0.2639622]
29.4859 	DATA 	Keypress: down
29.5018 	EXP 	ccimage: size = [0.39804, 0.2612632]
29.9364 	DATA 	Keypress: down
29.9517 	EXP 	ccimage: size = [0.39804, 0.25856419999999997]
30.2030 	DATA 	Keypress: down
30.2186 	EXP 	ccimage: size = [0.39804, 0.25586519999999996]
30.7031 	DATA 	Keypress: down
30.7183 	EXP 	ccimage: size = [0.39804, 0.2553254]
30.9226 	WARNING 	t of last frame was 20.86ms (=1/47)
30.9442 	WARNING 	t of last frame was 21.60ms (=1/46)
31.1206 	DATA 	Keypress: down
31.1518 	EXP 	ccimage: size = [0.39804, 0.2526264]
32.8021 	DATA 	Keypress: down
32.8184 	EXP 	ccimage: size = [0.39804, 0.2520866]
36.5545 	DATA 	Keypress: space
36.5871 	WARNING 	Multiple dropped frames have occurred - I'll stop bothering you about them!
36.5870 	EXP 	ccimage: size = [0.39804, 0.2520866]
36.5870 	EXP 	text_top: autoDraw = False
36.5870 	EXP 	text_bottom: autoDraw = False
36.5870 	EXP 	ccimage: autoDraw = False
36.5870 	EXP 	polygon: size = array([0.2418 , 0.39695])
36.5870 	EXP 	polygon: autoDraw = True
45.2532 	DATA 	Keypress: space
46.1877 	DATA 	Keypress: escape
46.5795 	EXP 	window1: mouseVisible = True
46.5796 	DEBUG 	Saving data for configural_featural ExperimentHandler
46.5800 	INFO 	saved data to /Users/sophia/Documents/PycharmProjects/Configural_Featural_Study/data/_configural_featural_2020_Nov_03_1907.psydat
46.5803 	INFO 	saved data to '/Users/sophia/Documents/PycharmProjects/Configural_Featural_Study/data/_configural_featural_2020_Nov_03_1907.csv'
