6.1353 	INFO 	Loaded monitor calibration from ['2020_09_20 15:42']
8.3771 	WARNING 	Couldn't measure a consistent frame rate.
  - Is your graphics card set to sync to vertical blank?
  - Are you running other processes on your computer?

8.3776 	EXP 	Created window1 = Window(allowGUI=False, allowStencil=False, args=UNKNOWN, autoLog=True, bitsMode=UNKNOWN, blendMode='avg', bpc=(8, 8, 8), color=array([0., 0., 0.]), colorSpace='rgb', depthBits=8, fullscr=<method-wrapper '__getattribute__' of attributeSetter object at 0x156a49c50>, gamma=None, gammaErrorPolicy='raise', kwargs=UNKNOWN, lms=UNKNOWN, monitor=<psychopy.monitors.calibTools.Monitor object at 0x156735dd8>, multiSample=False, name='window1', numSamples=2, pos=[448.0, 280.0], screen=0, size=array([3584, 2240]), stencilBits=0, stereo=False, units='height', useFBO=True, useRetina=True, viewOri=0.0, viewPos=None, viewScale=None, waitBlanking=True, winType='pyglet')
8.3779 	EXP 	window1: mouseVisible = True
8.3779 	EXP 	window1: recordFrameIntervals = False
8.5422 	EXP 	window1: recordFrameIntervals = True
10.2083 	WARNING 	Couldn't measure a consistent frame rate.
  - Is your graphics card set to sync to vertical blank?
  - Are you running other processes on your computer?

10.7448 	EXP 	Created text_top = TextStim(__class__=<class 'psychopy.visual.text.TextStim'>, alignHoriz=method-wrapper(...), alignText='center', alignVert=method-wrapper(...), anchorHoriz='center', anchorVert='center', antialias=True, autoLog=True, bold=False, color='black', colorSpace='named', contrast=1.0, depth=-3.0, flipHoriz=False, flipVert=False, font='Arial', fontFiles=[], height=0.05, italic=False, languageStyle='LTR', name='text_top', opacity=1.0, ori=0, pos=array([0. , 0.3]), rgb=array([0., 0., 0.]), text=str(...), units='height', win=Window(...), wrapWidth=1)
10.7502 	EXP 	Created text_bottom = TextStim(__class__=<class 'psychopy.visual.text.TextStim'>, alignHoriz=method-wrapper(...), alignText='center', alignVert=method-wrapper(...), anchorHoriz='center', anchorVert='center', antialias=True, autoLog=True, bold=False, color='black', colorSpace='named', contrast=1.0, depth=-4.0, flipHoriz=False, flipVert=False, font='Arial', fontFiles=[], height=0.05, italic=False, languageStyle='LTR', name='text_bottom', opacity=1.0, ori=0, pos=array([ 0. , -0.3]), rgb=array([0., 0., 0.]), text='Press Space when you’re finished', units='height', win=Window(...), wrapWidth=1)
10.7600 	EXP 	Created ccimage = ImageStim(__class__=<class 'psychopy.visual.image.ImageStim'>, autoLog=True, color=array([1., 1., 1.]), colorSpace='rgb', contrast=1.0, depth=-5.0, flipHoriz=False, flipVert=False, image='bankcard.png', interpolate=True, mask=None, maskParams=None, name='ccimage', opacity=1.0, ori=0.0, pos=array([0., 0.]), size=array([0.428 , 0.2699]), texRes=512, units='height', win=Window(...))
10.7712 	EXP 	Created text_13 = TextStim(__class__=<class 'psychopy.visual.text.TextStim'>, alignHoriz=method-wrapper(...), alignText='center', alignVert=method-wrapper(...), anchorHoriz='center', anchorVert='center', antialias=True, autoLog=True, bold=False, color='black', colorSpace='named', contrast=1.0, depth=0.0, flipHoriz=False, flipVert=False, font='Arial', fontFiles=[], height=0.05, italic=False, languageStyle='LTR', name='text_13', opacity=1.0, ori=0, pos=array([0., 0.]), rgb=array([0., 0., 0.]), text=str(...), units='height', win=Window(...), wrapWidth=1)
11.1918 	EXP 	Created image_10 = ImageStim(__class__=<class 'psychopy.visual.image.ImageStim'>, autoLog=True, color=array([1., 1., 1.]), colorSpace='rgb', contrast=1.0, depth=0.0, flipHoriz=False, flipVert=False, image='Designs/smith_sisters.png', interpolate=True, mask=None, maskParams=None, name='image_10', opacity=1.0, ori=0.0, pos=array([0., 0.]), size=array([1.3275, 0.75  ]), texRes=512, units='height', win=Window(...))
11.2081 	EXP 	Created image_11 = ImageStim(__class__=<class 'psychopy.visual.image.ImageStim'>, autoLog=True, color=array([1., 1., 1.]), colorSpace='rgb', contrast=1.0, depth=-1.0, flipHoriz=False, flipVert=False, image='Designs/smith_houses.png', interpolate=True, mask=None, maskParams=None, name='image_11', opacity=1.0, ori=0.0, pos=array([0., 0.]), size=array([1.3275, 0.75  ]), texRes=512, units='height', win=Window(...))
11.2095 	EXP 	Created prac_instr1 = ImageStim(__class__=<class 'psychopy.visual.image.ImageStim'>, autoLog=True, color=array([1., 1., 1.]), colorSpace='rgb', contrast=1.0, depth=-1.0, flipHoriz=False, flipVert=False, image='sin', interpolate=True, mask=None, maskParams=None, name='prac_instr1', opacity=1.0, ori=0.0, pos=array([0., 0.]), size=array([1.3275, 0.75  ]), texRes=512, units='height', win=Window(...))
11.6595 	EXP 	Created image_6 = ImageStim(__class__=<class 'psychopy.visual.image.ImageStim'>, autoLog=True, color=array([1., 1., 1.]), colorSpace='rgb', contrast=1.0, depth=0.0, flipHoriz=False, flipVert=False, image='sin', interpolate=True, mask=None, maskParams=None, name='image_6', opacity=1.0, ori=0.0, pos=array([0., 0.]), size=array([1., 1.]), texRes=512, units='height', win=Window(...))
11.6627 	EXP 	Created text_8 = TextStim(__class__=<class 'psychopy.visual.text.TextStim'>, alignHoriz=method-wrapper(...), alignText='center', alignVert=method-wrapper(...), anchorHoriz='center', anchorVert='center', antialias=True, autoLog=True, bold=False, color='white', colorSpace='named', contrast=1.0, depth=-1.0, flipHoriz=False, flipVert=False, font='Arial', fontFiles=[], height=0.05, italic=False, languageStyle='LTR', name='text_8', opacity=1.0, ori=0, pos=array([0., 0.]), rgb=array([255., 255., 255.]), text='+', units='height', win=Window(...), wrapWidth=1)
11.6638 	EXP 	Created image_7 = ImageStim(__class__=<class 'psychopy.visual.image.ImageStim'>, autoLog=True, color=array([1., 1., 1.]), colorSpace='rgb', contrast=1.0, depth=-2.0, flipHoriz=False, flipVert=False, image='sin', interpolate=True, mask=None, maskParams=None, name='image_7', opacity=1.0, ori=0.0, pos=array([0., 0.]), size=array([1., 1.]), texRes=512, units='height', win=Window(...))
11.6651 	EXP 	Created prac_instr2 = ImageStim(__class__=<class 'psychopy.visual.image.ImageStim'>, autoLog=True, color=array([1., 1., 1.]), colorSpace='rgb', contrast=1.0, depth=-1.0, flipHoriz=False, flipVert=False, image='sin', interpolate=True, mask=None, maskParams=None, name='prac_instr2', opacity=1.0, ori=0.0, pos=array([0., 0.]), size=array([1.125, 0.75 ]), texRes=512, units='height', win=Window(...))
12.0619 	EXP 	Created prac_instr3_feedback = ImageStim(__class__=<class 'psychopy.visual.image.ImageStim'>, autoLog=True, color=array([1., 1., 1.]), colorSpace='rgb', contrast=1.0, depth=-1.0, flipHoriz=False, flipVert=False, image='sin', interpolate=True, mask=None, maskParams=None, name='prac_instr3_feedback', opacity=1.0, ori=0.0, pos=array([0., 0.]), size=array([1.125, 0.75 ]), texRes=512, units='height', win=Window(...))
12.4664 	EXP 	Created image_8 = ImageStim(__class__=<class 'psychopy.visual.image.ImageStim'>, autoLog=True, color=array([1., 1., 1.]), colorSpace='rgb', contrast=1.0, depth=0.0, flipHoriz=False, flipVert=False, image='sin', interpolate=True, mask=None, maskParams=None, name='image_8', opacity=1.0, ori=0.0, pos=array([0., 0.]), size=array([1., 1.]), texRes=512, units='height', win=Window(...))
12.4676 	EXP 	Created text_9 = TextStim(__class__=<class 'psychopy.visual.text.TextStim'>, alignHoriz=method-wrapper(...), alignText='center', alignVert=method-wrapper(...), anchorHoriz='center', anchorVert='center', antialias=True, autoLog=True, bold=False, color='black', colorSpace='named', contrast=1.0, depth=-1.0, flipHoriz=False, flipVert=False, font='Arial', fontFiles=[], height=0.05, italic=False, languageStyle='LTR', name='text_9', opacity=1.0, ori=0, pos=array([0., 0.]), rgb=array([0., 0., 0.]), text='+', units='height', win=Window(...), wrapWidth=1)
12.4687 	EXP 	Created image_9 = ImageStim(__class__=<class 'psychopy.visual.image.ImageStim'>, autoLog=True, color=array([1., 1., 1.]), colorSpace='rgb', contrast=1.0, depth=-2.0, flipHoriz=False, flipVert=False, image='sin', interpolate=True, mask=None, maskParams=None, name='image_9', opacity=1.0, ori=0.0, pos=array([0., 0.]), size=array([1., 1.]), texRes=512, units='height', win=Window(...))
12.4698 	EXP 	Created prac_instr4 = ImageStim(__class__=<class 'psychopy.visual.image.ImageStim'>, autoLog=True, color=array([1., 1., 1.]), colorSpace='rgb', contrast=1.0, depth=-1.0, flipHoriz=False, flipVert=False, image='sin', interpolate=True, mask=None, maskParams=None, name='prac_instr4', opacity=1.0, ori=0.0, pos=array([0., 0.]), size=array([1.125, 0.75 ]), texRes=512, units='height', win=Window(...))
13.2587 	EXP 	Created prac_instr5 = ImageStim(__class__=<class 'psychopy.visual.image.ImageStim'>, autoLog=True, color=array([1., 1., 1.]), colorSpace='rgb', contrast=1.0, depth=-1.0, flipHoriz=False, flipVert=False, image='sin', interpolate=True, mask=None, maskParams=None, name='prac_instr5', opacity=1.0, ori=0.0, pos=array([0., 0.]), size=array([1.125, 0.75 ]), texRes=512, units='height', win=Window(...))
13.6600 	EXP 	Created text_12 = TextStim(__class__=<class 'psychopy.visual.text.TextStim'>, alignHoriz=method-wrapper(...), alignText='center', alignVert=method-wrapper(...), anchorHoriz='center', anchorVert='center', antialias=True, autoLog=True, bold=False, color='black', colorSpace='named', contrast=1.0, depth=-1.0, flipHoriz=False, flipVert=False, font='Arial', fontFiles=[], height=0.07, italic=False, languageStyle='LTR', name='text_12', opacity=1.0, ori=0, pos=array([0., 0.]), rgb=array([0., 0., 0.]), text='default text', units='height', win=Window(...), wrapWidth=1)
13.6613 	EXP 	Created image = ImageStim(__class__=<class 'psychopy.visual.image.ImageStim'>, autoLog=True, color=array([1., 1., 1.]), colorSpace='rgb', contrast=1.0, depth=-1.0, flipHoriz=False, flipVert=False, image='sin', interpolate=True, mask=None, maskParams=None, name='image', opacity=1.0, ori=0.0, pos=array([0., 0.]), size=array([1., 1.]), texRes=512, units='height', win=Window(...))
13.6624 	EXP 	Created text_6 = TextStim(__class__=<class 'psychopy.visual.text.TextStim'>, alignHoriz=method-wrapper(...), alignText='center', alignVert=method-wrapper(...), anchorHoriz='center', anchorVert='center', antialias=True, autoLog=True, bold=False, color='white', colorSpace='named', contrast=1.0, depth=-2.0, flipHoriz=False, flipVert=False, font='Arial', fontFiles=[], height=0.05, italic=False, languageStyle='LTR', name='text_6', opacity=1.0, ori=0, pos=array([0., 0.]), rgb=array([255., 255., 255.]), text='+', units='height', win=Window(...), wrapWidth=1)
13.6636 	EXP 	Created image_2 = ImageStim(__class__=<class 'psychopy.visual.image.ImageStim'>, autoLog=True, color=array([1., 1., 1.]), colorSpace='rgb', contrast=1.0, depth=0.0, flipHoriz=False, flipVert=False, image='sin', interpolate=True, mask=None, maskParams=None, name='image_2', opacity=1.0, ori=0.0, pos=array([0., 0.]), size=array([1., 1.]), texRes=512, units='height', win=Window(...))
13.6647 	EXP 	Created text_7 = TextStim(__class__=<class 'psychopy.visual.text.TextStim'>, alignHoriz=method-wrapper(...), alignText='center', alignVert=method-wrapper(...), anchorHoriz='center', anchorVert='center', antialias=True, autoLog=True, bold=False, color='white', colorSpace='named', contrast=1.0, depth=-1.0, flipHoriz=False, flipVert=False, font='Arial', fontFiles=[], height=0.05, italic=False, languageStyle='LTR', name='text_7', opacity=1.0, ori=0, pos=array([0., 0.]), rgb=array([255., 255., 255.]), text='+', units='height', win=Window(...), wrapWidth=1)
14.4701 	EXP 	Created image_3 = ImageStim(__class__=<class 'psychopy.visual.image.ImageStim'>, autoLog=True, color=array([1., 1., 1.]), colorSpace='rgb', contrast=1.0, depth=-1.0, flipHoriz=False, flipVert=False, image='sin', interpolate=True, mask=None, maskParams=None, name='image_3', opacity=1.0, ori=0.0, pos=array([0., 0.]), size=array([0.25, 0.25]), texRes=512, units='height', win=Window(...))
14.4727 	EXP 	Created feedback_msg = TextStim(__class__=<class 'psychopy.visual.text.TextStim'>, alignHoriz=method-wrapper(...), alignText='center', alignVert=method-wrapper(...), anchorHoriz='center', anchorVert='center', antialias=True, autoLog=True, bold=False, color='black', colorSpace='named', contrast=1.0, depth=-2.0, flipHoriz=False, flipVert=False, font='Arial', fontFiles=[], height=0.05, italic=False, languageStyle='LTR', name='feedback_msg', opacity=1.0, ori=0, pos=array([ 0.  , -0.25]), rgb=array([0., 0., 0.]), text='default text', units='height', win=Window(...), wrapWidth=1)
14.4790 	EXP 	Created transition = TextStim(__class__=<class 'psychopy.visual.text.TextStim'>, alignHoriz=method-wrapper(...), alignText='center', alignVert=method-wrapper(...), anchorHoriz='center', anchorVert='center', antialias=True, autoLog=True, bold=False, color='black', colorSpace='named', contrast=1.0, depth=0.0, flipHoriz=False, flipVert=False, font='Arial', fontFiles=[], height=0.05, italic=False, languageStyle='LTR', name='transition', opacity=1.0, ori=0, pos=array([0., 0.]), rgb=array([0., 0., 0.]), text=str(...), units='height', win=Window(...), wrapWidth=1)
14.4803 	EXP 	Created image_4 = ImageStim(__class__=<class 'psychopy.visual.image.ImageStim'>, autoLog=True, color=array([1., 1., 1.]), colorSpace='rgb', contrast=1.0, depth=-1.0, flipHoriz=False, flipVert=False, image='sin', interpolate=True, mask=None, maskParams=None, name='image_4', opacity=1.0, ori=0.0, pos=array([0., 0.]), size=array([1., 1.]), texRes=512, units='height', win=Window(...))
14.4814 	EXP 	Created text_10 = TextStim(__class__=<class 'psychopy.visual.text.TextStim'>, alignHoriz=method-wrapper(...), alignText='center', alignVert=method-wrapper(...), anchorHoriz='center', anchorVert='center', antialias=True, autoLog=True, bold=False, color='white', colorSpace='named', contrast=1.0, depth=-2.0, flipHoriz=False, flipVert=False, font='Arial', fontFiles=[], height=0.05, italic=False, languageStyle='LTR', name='text_10', opacity=1.0, ori=0, pos=array([0., 0.]), rgb=array([255., 255., 255.]), text='+', units='height', win=Window(...), wrapWidth=1)
14.4825 	EXP 	Created image_5 = ImageStim(__class__=<class 'psychopy.visual.image.ImageStim'>, autoLog=True, color=array([1., 1., 1.]), colorSpace='rgb', contrast=1.0, depth=0.0, flipHoriz=False, flipVert=False, image='sin', interpolate=True, mask=None, maskParams=None, name='image_5', opacity=1.0, ori=0.0, pos=array([0., 0.]), size=array([1., 1.]), texRes=512, units='height', win=Window(...))
14.4836 	EXP 	Created text_11 = TextStim(__class__=<class 'psychopy.visual.text.TextStim'>, alignHoriz=method-wrapper(...), alignText='center', alignVert=method-wrapper(...), anchorHoriz='center', anchorVert='center', antialias=True, autoLog=True, bold=False, color='white', colorSpace='named', contrast=1.0, depth=-1.0, flipHoriz=False, flipVert=False, font='Arial', fontFiles=[], height=0.05, italic=False, languageStyle='LTR', name='text_11', opacity=1.0, ori=0, pos=array([0., 0.]), rgb=array([255., 255., 255.]), text='+', units='height', win=Window(...), wrapWidth=1)
15.2827 	EXP 	Created image_3 = ImageStim(__class__=<class 'psychopy.visual.image.ImageStim'>, autoLog=True, color=array([1., 1., 1.]), colorSpace='rgb', contrast=1.0, depth=-1.0, flipHoriz=False, flipVert=False, image='sin', interpolate=True, mask=None, maskParams=None, name='image_3', opacity=1.0, ori=0.0, pos=array([0., 0.]), size=array([0.25, 0.25]), texRes=512, units='height', win=Window(...))
15.2847 	EXP 	Created feedback_msg = TextStim(__class__=<class 'psychopy.visual.text.TextStim'>, alignHoriz=method-wrapper(...), alignText='center', alignVert=method-wrapper(...), anchorHoriz='center', anchorVert='center', antialias=True, autoLog=True, bold=False, color='black', colorSpace='named', contrast=1.0, depth=-2.0, flipHoriz=False, flipVert=False, font='Arial', fontFiles=[], height=0.05, italic=False, languageStyle='LTR', name='feedback_msg', opacity=1.0, ori=0, pos=array([ 0.  , -0.25]), rgb=array([0., 0., 0.]), text='default text', units='height', win=Window(...), wrapWidth=1)
15.2958 	EXP 	Created text_3 = TextStim(__class__=<class 'psychopy.visual.text.TextStim'>, alignHoriz=method-wrapper(...), alignText='center', alignVert=method-wrapper(...), anchorHoriz='center', anchorVert='center', antialias=True, autoLog=True, bold=False, color='black', colorSpace='named', contrast=1.0, depth=-1.0, flipHoriz=False, flipVert=False, font='Arial', fontFiles=[], height=0.05, italic=False, languageStyle='LTR', name='text_3', opacity=1.0, ori=0, pos=array([0., 0.]), rgb=array([0., 0., 0.]), text=str(...), units='height', win=Window(...), wrapWidth=1)
15.7052 	EXP 	Created instructions_image = ImageStim(__class__=<class 'psychopy.visual.image.ImageStim'>, autoLog=True, color=array([1., 1., 1.]), colorSpace='rgb', contrast=1.0, depth=-1.0, flipHoriz=False, flipVert=False, image='sin', interpolate=True, mask=None, maskParams=None, name='instructions_image', opacity=1.0, ori=0.0, pos=array([0., 0.]), size=array([1.125, 0.75 ]), texRes=512, units='height', win=Window(...))
16.1137 	EXP 	Created text_4 = TextStim(__class__=<class 'psychopy.visual.text.TextStim'>, alignHoriz=method-wrapper(...), alignText='center', alignVert=method-wrapper(...), anchorHoriz='center', anchorVert='center', antialias=True, autoLog=True, bold=False, color='white', colorSpace='named', contrast=1.0, depth=-1.0, flipHoriz=False, flipVert=False, font='Arial', fontFiles=[], height=0.05, italic=False, languageStyle='LTR', name='text_4', opacity=1.0, ori=0, pos=array([0., 0.]), rgb=array([255., 255., 255.]), text='+', units='height', win=Window(...), wrapWidth=1)
16.1150 	EXP 	Created target_image = ImageStim(__class__=<class 'psychopy.visual.image.ImageStim'>, autoLog=True, color=array([1., 1., 1.]), colorSpace='rgb', contrast=1.0, depth=-2.0, flipHoriz=False, flipVert=False, image='sin', interpolate=True, mask=None, maskParams=None, name='target_image', opacity=1.0, ori=0.0, pos=array([0., 0.]), size=array([1., 1.]), texRes=512, units='height', win=Window(...))
16.5277 	EXP 	Created text = TextStim(__class__=<class 'psychopy.visual.text.TextStim'>, alignHoriz=method-wrapper(...), alignText='center', alignVert=method-wrapper(...), anchorHoriz='center', anchorVert='center', antialias=True, autoLog=True, bold=False, color='white', colorSpace='named', contrast=1.0, depth=0.0, flipHoriz=False, flipVert=False, font='Arial', fontFiles=[], height=0.05, italic=False, languageStyle='LTR', name='text', opacity=1.0, ori=0, pos=array([0., 0.]), rgb=array([255., 255., 255.]), text='+', units='height', win=Window(...), wrapWidth=1)
16.9222 	EXP 	Created text_5 = TextStim(__class__=<class 'psychopy.visual.text.TextStim'>, alignHoriz=method-wrapper(...), alignText='center', alignVert=method-wrapper(...), anchorHoriz='center', anchorVert='center', antialias=True, autoLog=True, bold=False, color='white', colorSpace='named', contrast=1.0, depth=-1.0, flipHoriz=False, flipVert=False, font='Arial', fontFiles=[], height=0.05, italic=False, languageStyle='LTR', name='text_5', opacity=1.0, ori=0, pos=array([0., 0.]), rgb=array([255., 255., 255.]), text='+', units='height', win=Window(...), wrapWidth=1)
16.9234 	EXP 	Created probe_image = ImageStim(__class__=<class 'psychopy.visual.image.ImageStim'>, autoLog=True, color=array([1., 1., 1.]), colorSpace='rgb', contrast=1.0, depth=-2.0, flipHoriz=False, flipVert=False, image='sin', interpolate=True, mask=None, maskParams=None, name='probe_image', opacity=1.0, ori=0.0, pos=array([0., 0.]), size=array([1., 1.]), texRes=512, units='height', win=Window(...))
17.3191 	EXP 	Created text_2 = TextStim(__class__=<class 'psychopy.visual.text.TextStim'>, alignHoriz=method-wrapper(...), alignText='center', alignVert=method-wrapper(...), anchorHoriz='center', anchorVert='center', antialias=True, autoLog=True, bold=False, color='white', colorSpace='named', contrast=1.0, depth=0.0, flipHoriz=False, flipVert=False, font='Arial', fontFiles=[], height=0.05, italic=False, languageStyle='LTR', name='text_2', opacity=1.0, ori=0, pos=array([0., 0.]), rgb=array([255., 255., 255.]), text='+', units='height', win=Window(...), wrapWidth=1)
18.1163 	EXP 	Created ITI_fix_cross = TextStim(__class__=<class 'psychopy.visual.text.TextStim'>, alignHoriz=method-wrapper(...), alignText='center', alignVert=method-wrapper(...), anchorHoriz='center', anchorVert='center', antialias=True, autoLog=True, bold=False, color='white', colorSpace='named', contrast=1.0, depth=-1.0, flipHoriz=False, flipVert=False, font='Arial', fontFiles=[], height=0.05, italic=False, languageStyle='LTR', name='ITI_fix_cross', opacity=1.0, ori=0, pos=array([0., 0.]), rgb=array([255., 255., 255.]), text='+', units='height', win=Window(...), wrapWidth=1)
18.5205 	EXP 	Created good_job = TextStim(__class__=<class 'psychopy.visual.text.TextStim'>, alignHoriz=method-wrapper(...), alignText='center', alignVert=method-wrapper(...), anchorHoriz='center', anchorVert='center', antialias=True, autoLog=True, bold=False, color='black', colorSpace='named', contrast=1.0, depth=0.0, flipHoriz=False, flipVert=False, font='Arial', fontFiles=[], height=0.1, italic=False, languageStyle='LTR', name='good_job', opacity=1.0, ori=0, pos=array([0., 0.]), rgb=array([0., 0., 0.]), text='Great Job!\n\nPress <SPACE> to keep going!', units='height', win=Window(...), wrapWidth=1)
18.9275 	EXP 	Created allDone = TextStim(__class__=<class 'psychopy.visual.text.TextStim'>, alignHoriz=method-wrapper(...), alignText='center', alignVert=method-wrapper(...), anchorHoriz='center', anchorVert='center', antialias=True, autoLog=True, bold=False, color='black', colorSpace='named', contrast=1.0, depth=0.0, flipHoriz=False, flipVert=False, font='Arial', fontFiles=[], height=0.1, italic=False, languageStyle='LTR', name='allDone', opacity=1.0, ori=0, pos=array([0., 0.]), rgb=array([0., 0., 0.]), text='You are all done. Thank you!', units='height', win=Window(...), wrapWidth=1)
18.9655 	WARNING 	t of last frame was 8757.43ms (=1/0)
18.9655 	EXP 	text_top: autoDraw = True
18.9655 	EXP 	text_bottom: autoDraw = True
18.9655 	EXP 	ccimage: autoDraw = True
18.9883 	WARNING 	t of last frame was 22.78ms (=1/43)
19.0098 	WARNING 	t of last frame was 21.48ms (=1/46)
20.5128 	DATA 	Keypress: space
20.5241 	EXP 	ccimage: size = [0.42800000000000005, 0.2699]
20.5241 	EXP 	text_top: autoDraw = False
20.5241 	EXP 	text_bottom: autoDraw = False
20.5241 	EXP 	ccimage: autoDraw = False
20.5241 	EXP 	text_13: autoDraw = True
21.2595 	WARNING 	t of last frame was 34.75ms (=1/28)
22.5122 	DATA 	Keypress: space
22.5241 	EXP 	text_13: autoDraw = False
22.5241 	EXP 	image_10: autoDraw = True
28.0262 	EXP 	image_10: autoDraw = False
28.4908 	EXP 	image_11: autoDraw = True
34.0076 	WARNING 	Multiple dropped frames have occurred - I'll stop bothering you about them!
34.0075 	EXP 	image_11: autoDraw = False
34.0075 	EXP 	image_10: autoDraw = False
34.0075 	EXP 	image_11: autoDraw = False
34.0075 	EXP 	prac_instr1: image = 'Designs/prac_instr1.png'
34.0075 	EXP 	prac_instr1: autoDraw = True
37.2650 	DATA 	Keypress: space
37.2743 	EXP 	prac_instr1: autoDraw = False
37.2743 	EXP 	image_6: pos = array([0.17296, 0.     ])
37.2743 	EXP 	image_6: size = array([0.17296, 0.17296])
37.2743 	EXP 	image_6: image = 'Stimuli/eomu.png'
37.2743 	EXP 	image_7: pos = array([0.17296, 0.     ])
37.2743 	EXP 	image_7: size = array([0.17296, 0.17296])
37.2743 	EXP 	image_7: image = 'Stimuli/edmd.png'
37.2743 	EXP 	image_6: autoDraw = True
37.2743 	EXP 	text_8: autoDraw = True
37.7742 	EXP 	image_6: autoDraw = False
38.0592 	EXP 	image_7: autoDraw = True
38.5607 	EXP 	image_7: autoDraw = False
38.5914 	EXP 	image_6: autoDraw = False
38.5914 	EXP 	text_8: autoDraw = False
38.5914 	EXP 	image_7: autoDraw = False
38.5914 	EXP 	prac_instr2: image = 'Designs/prac_instr2_1234.png'
38.7765 	EXP 	prac_instr2: autoDraw = True
39.6757 	DATA 	Keypress: j
39.6911 	EXP 	prac_instr2: autoDraw = False
39.6911 	EXP 	prac_instr3_feedback: image = 'Designs/prac_instr3_corr.png'
39.6911 	EXP 	prac_instr3_feedback: autoDraw = True
47.5945 	DATA 	Keypress: space
47.6084 	EXP 	prac_instr3_feedback: autoDraw = False
47.6084 	EXP 	image_8: pos = array([-0.17296,  0.     ])
47.6084 	EXP 	image_8: size = array([0.17296, 0.17296])
47.6084 	EXP 	image_8: image = 'Stimuli/f15.png'
47.6084 	EXP 	image_9: pos = array([-0.17296,  0.     ])
47.6084 	EXP 	image_9: size = array([0.17296, 0.17296])
47.6084 	EXP 	image_9: image = 'Stimuli/f15.png'
47.6084 	EXP 	image_8: autoDraw = True
47.6084 	EXP 	text_9: autoDraw = True
48.1107 	EXP 	image_8: autoDraw = False
48.3775 	EXP 	image_9: autoDraw = True
48.9077 	EXP 	image_8: autoDraw = False
48.9077 	EXP 	text_9: autoDraw = False
48.9077 	EXP 	image_9: autoDraw = False
48.9077 	EXP 	prac_instr4: image = 'Designs/prac_instr4_1234.png'
48.9077 	EXP 	prac_instr4: autoDraw = True
49.5950 	DATA 	Keypress: f
49.9621 	DATA 	Keypress: space
57.9079 	EXP 	prac_instr4: autoDraw = False
57.9079 	EXP 	prac_instr5: image = 'Designs/prac_instr5_1234_corr.png'
57.9079 	EXP 	prac_instr5: autoDraw = True
59.0105 	EXP 	Created sequence: sequential, trialTypes=1, nReps=2, seed=None
59.0107 	EXP 	New trial (rep=0, index=0): None
59.0226 	DATA 	Keypress: space
59.0427 	EXP 	prac_instr5: autoDraw = False
59.0427 	EXP 	text_12: text = 'First we are going to practice with the Smith sisters.'
59.0427 	EXP 	text_12: autoDraw = True
62.5269 	EXP 	Created sequence: random, trialTypes=1, nReps=4, seed=None
62.5271 	EXP 	New trial (rep=0, index=0): None
62.5412 	EXP 	text_12: autoDraw = False
62.5412 	EXP 	image: pos = array([0.17296, 0.     ])
62.5412 	EXP 	image: size = array([0.17296, 0.17296])
62.5412 	EXP 	image: image = 'Stimuli/eimd.png'
62.5412 	EXP 	text_6: color = 'black (named)'
62.5412 	EXP 	image: autoDraw = True
62.5412 	EXP 	text_6: autoDraw = True
63.0412 	EXP 	image: autoDraw = False
63.3427 	EXP 	image: autoDraw = False
63.3427 	EXP 	text_6: autoDraw = False
63.3427 	EXP 	image_2: pos = array([0.17296, 0.     ])
63.3427 	EXP 	image_2: size = array([0.17296, 0.17296])
63.3427 	EXP 	image_2: image = 'Stimuli/eumu.png'
63.3427 	EXP 	text_7: color = 'black (named)'
63.3427 	EXP 	image_2: autoDraw = True
63.3427 	EXP 	text_7: autoDraw = True
63.8582 	EXP 	image_2: autoDraw = False
65.1458 	DATA 	Keypress: f
67.5607 	EXP 	image_2: autoDraw = False
67.5607 	EXP 	text_7: autoDraw = False
67.5607 	EXP 	image_3: image = 'Stimuli/redWrong.png'
67.5607 	EXP 	feedback_msg: text = 'Oops, your cross response was right but the picture response was wrong.'
67.5607 	EXP 	image_3: autoDraw = True
67.5607 	EXP 	feedback_msg: autoDraw = True
69.5279 	EXP 	New trial (rep=1, index=0): None
69.5413 	EXP 	image_3: autoDraw = False
69.5413 	EXP 	feedback_msg: autoDraw = False
69.5413 	EXP 	image: pos = array([-0.17296,  0.     ])
69.5413 	EXP 	image: size = array([0.17296, 0.17296])
69.5413 	EXP 	image: image = 'Stimuli/edmd.png'
69.5413 	EXP 	text_6: color = 'black (named)'
69.5413 	EXP 	image: autoDraw = True
69.5413 	EXP 	text_6: autoDraw = True
70.0437 	EXP 	image: autoDraw = False
70.3413 	EXP 	image: autoDraw = False
70.3413 	EXP 	text_6: autoDraw = False
70.3413 	EXP 	image_2: pos = array([-0.17296,  0.     ])
70.3413 	EXP 	image_2: size = array([0.17296, 0.17296])
70.3413 	EXP 	image_2: image = 'Stimuli/edmd.png'
70.3413 	EXP 	text_7: color = 'black (named)'
70.3413 	EXP 	image_2: autoDraw = True
70.3413 	EXP 	text_7: autoDraw = True
70.8412 	EXP 	image_2: autoDraw = False
71.0933 	DATA 	Keypress: f
74.5410 	EXP 	image_2: autoDraw = False
74.5410 	EXP 	text_7: autoDraw = False
74.5410 	EXP 	image_3: image = 'Stimuli/greenCheck.png'
74.5410 	EXP 	feedback_msg: text = 'Well done!'
74.5410 	EXP 	image_3: autoDraw = True
74.5410 	EXP 	feedback_msg: autoDraw = True
76.5255 	EXP 	New trial (rep=2, index=0): None
76.5414 	EXP 	image_3: autoDraw = False
76.5414 	EXP 	feedback_msg: autoDraw = False
76.5414 	EXP 	image: pos = array([-0.17296,  0.     ])
76.5414 	EXP 	image: size = array([0.17296, 0.17296])
76.5414 	EXP 	image: image = 'Stimuli/f24.png'
76.5414 	EXP 	text_6: color = 'black (named)'
76.5414 	EXP 	image: autoDraw = True
76.5414 	EXP 	text_6: autoDraw = True
77.0430 	EXP 	image: autoDraw = False
77.3414 	EXP 	image: autoDraw = False
77.3414 	EXP 	text_6: autoDraw = False
77.3414 	EXP 	image_2: pos = array([-0.17296,  0.     ])
77.3414 	EXP 	image_2: size = array([0.17296, 0.17296])
77.3414 	EXP 	image_2: image = 'Stimuli/f24.png'
77.3414 	EXP 	text_7: color = 'black (named)'
77.3414 	EXP 	image_2: autoDraw = True
77.3414 	EXP 	text_7: autoDraw = True
77.8441 	EXP 	image_2: autoDraw = False
78.2266 	DATA 	Keypress: f
81.5413 	EXP 	image_2: autoDraw = False
81.5413 	EXP 	text_7: autoDraw = False
81.5413 	EXP 	image_3: image = 'Stimuli/greenCheck.png'
81.5413 	EXP 	feedback_msg: text = 'Well done!'
81.5413 	EXP 	image_3: autoDraw = True
81.5413 	EXP 	feedback_msg: autoDraw = True
83.5269 	EXP 	New trial (rep=3, index=0): None
83.5413 	EXP 	image_3: autoDraw = False
83.5413 	EXP 	feedback_msg: autoDraw = False
83.5413 	EXP 	image: pos = array([0.17296, 0.     ])
83.5413 	EXP 	image: size = array([0.17296, 0.17296])
83.5413 	EXP 	image: image = 'Stimuli/eimd.png'
83.5413 	EXP 	text_6: color = 'black (named)'
83.5413 	EXP 	image: autoDraw = True
83.5413 	EXP 	text_6: autoDraw = True
84.0430 	EXP 	image: autoDraw = False
84.3246 	EXP 	image: autoDraw = False
84.3246 	EXP 	text_6: autoDraw = False
84.3246 	EXP 	image_2: pos = array([0.17296, 0.     ])
84.3246 	EXP 	image_2: size = array([0.17296, 0.17296])
84.3246 	EXP 	image_2: image = 'Stimuli/eimd.png'
84.3246 	EXP 	text_7: color = 'black (named)'
84.3246 	EXP 	image_2: autoDraw = True
84.3246 	EXP 	text_7: autoDraw = True
84.8262 	EXP 	image_2: autoDraw = False
85.2272 	DATA 	Keypress: f
88.5250 	EXP 	image_2: autoDraw = False
88.5250 	EXP 	text_7: autoDraw = False
88.5250 	EXP 	image_3: image = 'Stimuli/greenCheck.png'
88.5250 	EXP 	feedback_msg: text = 'Well done!'
88.5250 	EXP 	image_3: autoDraw = True
88.5250 	EXP 	feedback_msg: autoDraw = True
90.5254 	EXP 	image_3: autoDraw = False
90.5254 	EXP 	feedback_msg: autoDraw = False
90.5254 	EXP 	image_3: autoDraw = False
90.5254 	EXP 	feedback_msg: autoDraw = False
90.5254 	EXP 	transition: autoDraw = True
93.5097 	EXP 	Created sequence: random, trialTypes=1, nReps=4, seed=None
93.5100 	EXP 	New trial (rep=0, index=0): None
93.5431 	EXP 	transition: autoDraw = False
93.5431 	EXP 	transition: autoDraw = False
93.5431 	EXP 	image_4: pos = array([0.17296, 0.     ])
93.5431 	EXP 	image_4: size = array([0.17296, 0.17296])
93.5431 	EXP 	image_4: image = 'Stimuli/f142.png'
93.5431 	EXP 	text_10: color = 'black (named)'
93.5431 	EXP 	image_4: autoDraw = True
93.5431 	EXP 	text_10: autoDraw = True
93.7585 	EXP 	image_4: autoDraw = False
94.0415 	EXP 	image_4: autoDraw = False
94.0415 	EXP 	text_10: autoDraw = False
94.0415 	EXP 	image_5: pos = array([0.17296, 0.     ])
94.0415 	EXP 	image_5: size = array([0.17296, 0.17296])
94.0415 	EXP 	image_5: image = 'Stimuli/f142.png'
94.0415 	EXP 	text_11: color = 'black (named)'
94.0415 	EXP 	image_5: autoDraw = True
94.0415 	EXP 	text_11: autoDraw = True
94.2415 	EXP 	image_5: autoDraw = False
94.6433 	DATA 	Keypress: f
98.2415 	EXP 	image_5: autoDraw = False
98.2415 	EXP 	text_11: autoDraw = False
98.2415 	EXP 	image_3: image = 'Stimuli/greenCheck.png'
98.2415 	EXP 	feedback_msg: text = 'Well done!'
98.2415 	EXP 	image_3: autoDraw = True
98.2415 	EXP 	feedback_msg: autoDraw = True
100.2126 	EXP 	New trial (rep=1, index=0): None
100.2435 	EXP 	image_3: autoDraw = False
100.2435 	EXP 	feedback_msg: autoDraw = False
100.2435 	EXP 	image_4: pos = array([-0.17296,  0.     ])
100.2435 	EXP 	image_4: size = array([0.17296, 0.17296])
100.2435 	EXP 	image_4: image = 'Stimuli/eomu.png'
100.2435 	EXP 	text_10: color = 'black (named)'
100.2435 	EXP 	image_4: autoDraw = True
100.2435 	EXP 	text_10: autoDraw = True
100.4415 	EXP 	image_4: autoDraw = False
100.7583 	EXP 	image_4: autoDraw = False
100.7583 	EXP 	text_10: autoDraw = False
100.7583 	EXP 	image_5: pos = array([-0.17296,  0.     ])
100.7583 	EXP 	image_5: size = array([0.17296, 0.17296])
100.7583 	EXP 	image_5: image = 'Stimuli/eomu.png'
100.7583 	EXP 	text_11: color = 'black (named)'
100.7583 	EXP 	image_5: autoDraw = True
100.7583 	EXP 	text_11: autoDraw = True
100.9607 	EXP 	image_5: autoDraw = False
101.4268 	DATA 	Keypress: f
104.9420 	EXP 	image_5: autoDraw = False
104.9420 	EXP 	text_11: autoDraw = False
104.9420 	EXP 	image_3: image = 'Stimuli/greenCheck.png'
104.9420 	EXP 	feedback_msg: text = 'Well done!'
104.9420 	EXP 	image_3: autoDraw = True
104.9420 	EXP 	feedback_msg: autoDraw = True
106.9125 	EXP 	New trial (rep=2, index=0): None
106.9437 	EXP 	image_3: autoDraw = False
106.9437 	EXP 	feedback_msg: autoDraw = False
106.9437 	EXP 	image_4: pos = array([0.17296, 0.     ])
106.9437 	EXP 	image_4: size = array([0.17296, 0.17296])
106.9437 	EXP 	image_4: image = 'Stimuli/f15.png'
106.9437 	EXP 	text_10: color = 'white (named)'
106.9437 	EXP 	image_4: autoDraw = True
106.9437 	EXP 	text_10: autoDraw = True
107.1419 	EXP 	image_4: autoDraw = False
107.4433 	EXP 	image_4: autoDraw = False
107.4433 	EXP 	text_10: autoDraw = False
107.4433 	EXP 	image_5: pos = array([0.17296, 0.     ])
107.4433 	EXP 	image_5: size = array([0.17296, 0.17296])
107.4433 	EXP 	image_5: image = 'Stimuli/f15.png'
107.4433 	EXP 	text_11: color = 'white (named)'
107.4433 	EXP 	image_5: autoDraw = True
107.4433 	EXP 	text_11: autoDraw = True
107.6416 	EXP 	image_5: autoDraw = False
108.2623 	DATA 	Keypress: space
108.6127 	DATA 	Keypress: f
111.6604 	EXP 	image_5: autoDraw = False
111.6604 	EXP 	text_11: autoDraw = False
111.6604 	EXP 	image_3: image = 'Stimuli/redWrong.png'
111.6604 	EXP 	feedback_msg: text = 'Oops, your picture response was right but the cross response was wrong.'
111.6604 	EXP 	image_3: autoDraw = True
111.6604 	EXP 	feedback_msg: autoDraw = True
113.6270 	EXP 	New trial (rep=3, index=0): None
113.6606 	EXP 	image_3: autoDraw = False
113.6606 	EXP 	feedback_msg: autoDraw = False
113.6606 	EXP 	image_4: pos = array([-0.17296,  0.     ])
113.6606 	EXP 	image_4: size = array([0.17296, 0.17296])
113.6606 	EXP 	image_4: image = 'Stimuli/f142.png'
113.6606 	EXP 	text_10: color = 'white (named)'
113.6606 	EXP 	image_4: autoDraw = True
113.6606 	EXP 	text_10: autoDraw = True
113.8749 	EXP 	image_4: autoDraw = False
114.1415 	EXP 	image_4: autoDraw = False
114.1415 	EXP 	text_10: autoDraw = False
114.1415 	EXP 	image_5: pos = array([-0.17296,  0.     ])
114.1415 	EXP 	image_5: size = array([0.17296, 0.17296])
114.1415 	EXP 	image_5: image = 'Stimuli/eimd.png'
114.1415 	EXP 	text_11: color = 'white (named)'
114.1415 	EXP 	image_5: autoDraw = True
114.1415 	EXP 	text_11: autoDraw = True
114.3432 	EXP 	image_5: autoDraw = False
115.1798 	DATA 	Keypress: j
118.3415 	EXP 	image_5: autoDraw = False
118.3415 	EXP 	text_11: autoDraw = False
118.3415 	EXP 	image_3: image = 'Stimuli/redWrong.png'
118.3415 	EXP 	feedback_msg: text = 'Oops, your cross response was right but the picture response was wrong.'
118.3415 	EXP 	image_3: autoDraw = True
118.3415 	EXP 	feedback_msg: autoDraw = True
120.3110 	EXP 	New trial (rep=1, index=0): None
120.3432 	EXP 	image_3: autoDraw = False
120.3432 	EXP 	feedback_msg: autoDraw = False
120.3432 	EXP 	text_12: text = 'Now we are going to practice with the houses in their neighborhood.'
120.3432 	EXP 	text_12: autoDraw = True
123.8109 	EXP 	Created sequence: random, trialTypes=1, nReps=4, seed=None
123.8112 	EXP 	New trial (rep=0, index=0): None
123.8249 	EXP 	text_12: autoDraw = False
123.8249 	EXP 	image: pos = array([0.17296, 0.     ])
123.8249 	EXP 	image: size = array([0.17296, 0.17296])
123.8249 	EXP 	image: image = 'Stimuli/H-8sim1.png'
123.8249 	EXP 	text_6: color = 'white (named)'
123.8249 	EXP 	image: autoDraw = True
123.8249 	EXP 	text_6: autoDraw = True
124.3251 	EXP 	image: autoDraw = False
124.6251 	EXP 	image: autoDraw = False
124.6251 	EXP 	text_6: autoDraw = False
124.6251 	EXP 	image_2: pos = array([0.17296, 0.     ])
124.6251 	EXP 	image_2: size = array([0.17296, 0.17296])
124.6251 	EXP 	image_2: image = 'Stimuli/H8sim0.png'
124.6251 	EXP 	text_7: color = 'white (named)'
124.6251 	EXP 	image_2: autoDraw = True
124.6251 	EXP 	text_7: autoDraw = True
125.1257 	EXP 	image_2: autoDraw = False
125.4956 	DATA 	Keypress: j
128.8251 	EXP 	text_7: autoDraw = False
128.8251 	EXP 	image_2: autoDraw = False
128.8251 	EXP 	text_7: autoDraw = False
128.8251 	EXP 	image_3: image = 'Stimuli/greenCheck.png'
128.8251 	EXP 	feedback_msg: text = 'Well done!'
128.8251 	EXP 	image_3: autoDraw = True
128.8251 	EXP 	feedback_msg: autoDraw = True
130.8111 	EXP 	New trial (rep=1, index=0): None
130.8251 	EXP 	image_3: autoDraw = False
130.8251 	EXP 	feedback_msg: autoDraw = False
130.8251 	EXP 	image_3: autoDraw = False
130.8251 	EXP 	feedback_msg: autoDraw = False
130.8251 	EXP 	image: pos = array([0.17296, 0.     ])
130.8251 	EXP 	image: size = array([0.17296, 0.17296])
130.8251 	EXP 	image: image = 'Stimuli/H7sim0.png'
130.8251 	EXP 	text_6: color = 'black (named)'
130.8251 	EXP 	image: autoDraw = True
130.8251 	EXP 	text_6: autoDraw = True
131.3266 	EXP 	image: autoDraw = False
131.6257 	EXP 	image: autoDraw = False
131.6257 	EXP 	text_6: autoDraw = False
131.6257 	EXP 	image_2: pos = array([0.17296, 0.     ])
131.6257 	EXP 	image_2: size = array([0.17296, 0.17296])
131.6257 	EXP 	image_2: image = 'Stimuli/H7sim0.png'
131.6257 	EXP 	text_7: color = 'black (named)'
131.6257 	EXP 	image_2: autoDraw = True
131.6257 	EXP 	text_7: autoDraw = True
132.1280 	EXP 	image_2: autoDraw = False
132.4621 	DATA 	Keypress: f
133.4284 	DATA 	Keypress: space
135.8252 	EXP 	image_2: autoDraw = False
135.8252 	EXP 	text_7: autoDraw = False
135.8252 	EXP 	image_3: image = 'Stimuli/greenCheck.png'
135.8252 	EXP 	feedback_msg: text = 'Well done!'
135.8252 	EXP 	image_3: autoDraw = True
135.8252 	EXP 	feedback_msg: autoDraw = True
137.8109 	EXP 	New trial (rep=2, index=0): None
137.8252 	EXP 	image_3: autoDraw = False
137.8252 	EXP 	feedback_msg: autoDraw = False
137.8252 	EXP 	image: pos = array([-0.17296,  0.     ])
137.8252 	EXP 	image: size = array([0.17296, 0.17296])
137.8252 	EXP 	image: image = 'Stimuli/H6sim0.png'
137.8252 	EXP 	text_6: color = 'black (named)'
137.8252 	EXP 	image: autoDraw = True
137.8252 	EXP 	text_6: autoDraw = True
138.3267 	EXP 	image: autoDraw = False
138.6254 	EXP 	image: autoDraw = False
138.6254 	EXP 	text_6: autoDraw = False
138.6254 	EXP 	image_2: pos = array([-0.17296,  0.     ])
138.6254 	EXP 	image_2: size = array([0.17296, 0.17296])
138.6254 	EXP 	image_2: image = 'Stimuli/H-8sim2.png'
138.6254 	EXP 	text_7: color = 'black (named)'
138.6254 	EXP 	image_2: autoDraw = True
138.6254 	EXP 	text_7: autoDraw = True
139.1268 	EXP 	image_2: autoDraw = False
139.5286 	DATA 	Keypress: j
142.8253 	EXP 	image_2: autoDraw = False
142.8253 	EXP 	text_7: autoDraw = False
142.8253 	EXP 	image_3: image = 'Stimuli/greenCheck.png'
142.8253 	EXP 	feedback_msg: text = 'Well done!'
142.8253 	EXP 	image_3: autoDraw = True
142.8253 	EXP 	feedback_msg: autoDraw = True
144.8100 	EXP 	New trial (rep=3, index=0): None
144.8258 	EXP 	image_3: autoDraw = False
144.8258 	EXP 	feedback_msg: autoDraw = False
144.8258 	EXP 	image_3: autoDraw = False
144.8258 	EXP 	feedback_msg: autoDraw = False
144.8258 	EXP 	image: pos = array([-0.17296,  0.     ])
144.8258 	EXP 	image: size = array([0.17296, 0.17296])
144.8258 	EXP 	image: image = 'Stimuli/H-8sim0.png'
144.8258 	EXP 	text_6: color = 'black (named)'
144.8258 	EXP 	image: autoDraw = True
144.8258 	EXP 	text_6: autoDraw = True
145.3268 	EXP 	image: autoDraw = False
145.6255 	EXP 	text_6: autoDraw = False
145.6255 	EXP 	image: autoDraw = False
145.6255 	EXP 	text_6: autoDraw = False
145.6255 	EXP 	image_2: pos = array([-0.17296,  0.     ])
145.6255 	EXP 	image_2: size = array([0.17296, 0.17296])
145.6255 	EXP 	image_2: image = 'Stimuli/H-8sim0.png'
145.6255 	EXP 	text_7: color = 'black (named)'
145.6255 	EXP 	image_2: autoDraw = True
145.6255 	EXP 	text_7: autoDraw = True
146.1259 	EXP 	image_2: autoDraw = False
146.6607 	DATA 	Keypress: f
149.8251 	EXP 	text_7: autoDraw = False
149.8251 	EXP 	image_2: autoDraw = False
149.8251 	EXP 	text_7: autoDraw = False
149.8251 	EXP 	image_3: image = 'Stimuli/greenCheck.png'
149.8251 	EXP 	feedback_msg: text = 'Well done!'
149.8251 	EXP 	image_3: autoDraw = True
149.8251 	EXP 	feedback_msg: autoDraw = True
151.8252 	EXP 	image_3: autoDraw = False
151.8252 	EXP 	feedback_msg: autoDraw = False
151.8252 	EXP 	image_3: autoDraw = False
151.8252 	EXP 	feedback_msg: autoDraw = False
151.8252 	EXP 	transition: autoDraw = True
154.8114 	EXP 	Created sequence: random, trialTypes=1, nReps=4, seed=None
154.8116 	EXP 	New trial (rep=0, index=0): None
154.8258 	EXP 	transition: autoDraw = False
154.8258 	EXP 	image_4: pos = array([-0.17296,  0.     ])
154.8258 	EXP 	image_4: size = array([0.17296, 0.17296])
154.8258 	EXP 	image_4: image = 'Stimuli/H6sim0.png'
154.8258 	EXP 	text_10: color = 'black (named)'
154.8258 	EXP 	image_4: autoDraw = True
154.8258 	EXP 	text_10: autoDraw = True
155.0269 	EXP 	image_4: autoDraw = False
155.3252 	EXP 	text_10: autoDraw = False
155.3252 	EXP 	image_4: autoDraw = False
155.3252 	EXP 	text_10: autoDraw = False
155.3252 	EXP 	image_5: pos = array([-0.17296,  0.     ])
155.3252 	EXP 	image_5: size = array([0.17296, 0.17296])
155.3252 	EXP 	image_5: image = 'Stimuli/H-8sim0.png'
155.3252 	EXP 	text_11: color = 'black (named)'
155.3252 	EXP 	image_5: autoDraw = True
155.3252 	EXP 	text_11: autoDraw = True
155.5281 	EXP 	image_5: autoDraw = False
156.0459 	DATA 	Keypress: j
159.5252 	EXP 	text_11: autoDraw = False
159.5252 	EXP 	image_5: autoDraw = False
159.5252 	EXP 	text_11: autoDraw = False
159.5252 	EXP 	image_3: image = 'Stimuli/redWrong.png'
159.5252 	EXP 	feedback_msg: text = 'Oops, your cross response was right but the picture response was wrong.'
159.5252 	EXP 	image_3: autoDraw = True
159.5252 	EXP 	feedback_msg: autoDraw = True
161.5115 	EXP 	New trial (rep=1, index=0): None
161.5254 	EXP 	image_3: autoDraw = False
161.5254 	EXP 	feedback_msg: autoDraw = False
161.5254 	EXP 	image_4: pos = array([-0.17296,  0.     ])
161.5254 	EXP 	image_4: size = array([0.17296, 0.17296])
161.5254 	EXP 	image_4: image = 'Stimuli/H-8sim1.png'
161.5254 	EXP 	text_10: color = 'white (named)'
161.5254 	EXP 	image_4: autoDraw = True
161.5254 	EXP 	text_10: autoDraw = True
161.7252 	EXP 	image_4: autoDraw = False
162.0253 	EXP 	text_10: autoDraw = False
162.0253 	EXP 	image_4: autoDraw = False
162.0253 	EXP 	text_10: autoDraw = False
162.0253 	EXP 	image_5: pos = array([-0.17296,  0.     ])
162.0253 	EXP 	image_5: size = array([0.17296, 0.17296])
162.0253 	EXP 	image_5: image = 'Stimuli/H7sim0.png'
162.0253 	EXP 	text_11: color = 'white (named)'
162.0253 	EXP 	image_5: autoDraw = True
162.0253 	EXP 	text_11: autoDraw = True
162.2253 	EXP 	image_5: autoDraw = False
162.9440 	DATA 	Keypress: f
166.2250 	EXP 	image_5: autoDraw = False
166.2250 	EXP 	text_11: autoDraw = False
166.2250 	EXP 	image_3: image = 'Stimuli/redWrong.png'
166.2250 	EXP 	feedback_msg: text = 'Oops, both responses were wrong.'
166.2250 	EXP 	image_3: autoDraw = True
166.2250 	EXP 	feedback_msg: autoDraw = True
166.6962 	DATA 	Keypress: escape
167.1751 	EXP 	window1: mouseVisible = True
167.1752 	DEBUG 	Saving data for configural_featural ExperimentHandler
167.1766 	INFO 	saved data to /Users/sophia/Documents/PycharmProjects/Configural_Featural_Study/data/_configural_featural_2020_Nov_19_2130.psydat
167.1820 	INFO 	saved data to '/Users/sophia/Documents/PycharmProjects/Configural_Featural_Study/data/_configural_featural_2020_Nov_19_2130.csv'
