8.5431 	INFO 	Loaded monitor calibration from ['2020_09_20 15:42']
10.8488 	WARNING 	Couldn't measure a consistent frame rate.
  - Is your graphics card set to sync to vertical blank?
  - Are you running other processes on your computer?

10.8492 	EXP 	Created window1 = Window(allowGUI=False, allowStencil=False, args=UNKNOWN, autoLog=True, bitsMode=UNKNOWN, blendMode='avg', bpc=(8, 8, 8), color=array([0., 0., 0.]), colorSpace='rgb', depthBits=8, fullscr=<method-wrapper '__getattribute__' of attributeSetter object at 0x120f57ac8>, gamma=None, gammaErrorPolicy='raise', kwargs=UNKNOWN, lms=UNKNOWN, monitor=<psychopy.monitors.calibTools.Monitor object at 0x15795fcc0>, multiSample=False, name='window1', numSamples=2, pos=[448.0, 280.0], screen=0, size=array([3584, 2240]), stencilBits=0, stereo=False, units='height', useFBO=True, useRetina=True, viewOri=0.0, viewPos=None, viewScale=None, waitBlanking=True, winType='pyglet')
10.8494 	EXP 	window1: mouseVisible = True
10.8494 	EXP 	window1: recordFrameIntervals = False
11.0173 	EXP 	window1: recordFrameIntervals = True
12.6822 	WARNING 	Couldn't measure a consistent frame rate.
  - Is your graphics card set to sync to vertical blank?
  - Are you running other processes on your computer?

13.3698 	EXP 	Created text_top = TextStim(__class__=<class 'psychopy.visual.text.TextStim'>, alignHoriz=method-wrapper(...), alignText='center', alignVert=method-wrapper(...), anchorHoriz='center', anchorVert='center', antialias=True, autoLog=True, bold=False, color='black', colorSpace='named', contrast=1.0, depth=-3.0, flipHoriz=False, flipVert=False, font='Arial', fontFiles=[], height=0.05, italic=False, languageStyle='LTR', name='text_top', opacity=1.0, ori=0, pos=array([0. , 0.3]), rgb=array([0., 0., 0.]), text=str(...), units='height', win=Window(...), wrapWidth=1)
13.3762 	EXP 	Created text_bottom = TextStim(__class__=<class 'psychopy.visual.text.TextStim'>, alignHoriz=method-wrapper(...), alignText='center', alignVert=method-wrapper(...), anchorHoriz='center', anchorVert='center', antialias=True, autoLog=True, bold=False, color='black', colorSpace='named', contrast=1.0, depth=-4.0, flipHoriz=False, flipVert=False, font='Arial', fontFiles=[], height=0.05, italic=False, languageStyle='LTR', name='text_bottom', opacity=1.0, ori=0, pos=array([ 0. , -0.3]), rgb=array([0., 0., 0.]), text='Press Space when you’re finished', units='height', win=Window(...), wrapWidth=1)
13.3958 	EXP 	Created ccimage = ImageStim(__class__=<class 'psychopy.visual.image.ImageStim'>, autoLog=True, color=array([1., 1., 1.]), colorSpace='rgb', contrast=1.0, depth=-5.0, flipHoriz=False, flipVert=False, image='bankcard.png', interpolate=True, mask=None, maskParams=None, name='ccimage', opacity=1.0, ori=0.0, pos=array([0., 0.]), size=array([0.428 , 0.2699]), texRes=512, units='height', win=Window(...))
13.3974 	EXP 	Created prac_instr1 = ImageStim(__class__=<class 'psychopy.visual.image.ImageStim'>, autoLog=True, color=array([1., 1., 1.]), colorSpace='rgb', contrast=1.0, depth=-1.0, flipHoriz=False, flipVert=False, image='sin', interpolate=True, mask=None, maskParams=None, name='prac_instr1', opacity=1.0, ori=0.0, pos=array([0., 0.]), size=array([1.125, 0.75 ]), texRes=512, units='height', win=Window(...))
13.9766 	EXP 	Created image_6 = ImageStim(__class__=<class 'psychopy.visual.image.ImageStim'>, autoLog=True, color=array([1., 1., 1.]), colorSpace='rgb', contrast=1.0, depth=0.0, flipHoriz=False, flipVert=False, image='sin', interpolate=True, mask=None, maskParams=None, name='image_6', opacity=1.0, ori=0.0, pos=array([0., 0.]), size=array([1., 1.]), texRes=512, units='height', win=Window(...))
13.9802 	EXP 	Created text_8 = TextStim(__class__=<class 'psychopy.visual.text.TextStim'>, alignHoriz=method-wrapper(...), alignText='center', alignVert=method-wrapper(...), anchorHoriz='center', anchorVert='center', antialias=True, autoLog=True, bold=False, color='white', colorSpace='named', contrast=1.0, depth=-1.0, flipHoriz=False, flipVert=False, font='Arial', fontFiles=[], height=0.1, italic=False, languageStyle='LTR', name='text_8', opacity=1.0, ori=0, pos=array([0., 0.]), rgb=array([255., 255., 255.]), text='+', units='height', win=Window(...), wrapWidth=1)
13.9814 	EXP 	Created image_7 = ImageStim(__class__=<class 'psychopy.visual.image.ImageStim'>, autoLog=True, color=array([1., 1., 1.]), colorSpace='rgb', contrast=1.0, depth=-2.0, flipHoriz=False, flipVert=False, image='sin', interpolate=True, mask=None, maskParams=None, name='image_7', opacity=1.0, ori=0.0, pos=array([0., 0.]), size=array([1., 1.]), texRes=512, units='height', win=Window(...))
13.9825 	EXP 	Created prac_instr2 = ImageStim(__class__=<class 'psychopy.visual.image.ImageStim'>, autoLog=True, color=array([1., 1., 1.]), colorSpace='rgb', contrast=1.0, depth=-1.0, flipHoriz=False, flipVert=False, image='sin', interpolate=True, mask=None, maskParams=None, name='prac_instr2', opacity=1.0, ori=0.0, pos=array([0., 0.]), size=array([1.125, 0.75 ]), texRes=512, units='height', win=Window(...))
14.5578 	EXP 	Created prac_instr3_feedback = ImageStim(__class__=<class 'psychopy.visual.image.ImageStim'>, autoLog=True, color=array([1., 1., 1.]), colorSpace='rgb', contrast=1.0, depth=-1.0, flipHoriz=False, flipVert=False, image='sin', interpolate=True, mask=None, maskParams=None, name='prac_instr3_feedback', opacity=1.0, ori=0.0, pos=array([0., 0.]), size=array([1.125, 0.75 ]), texRes=512, units='height', win=Window(...))
15.1400 	EXP 	Created image_8 = ImageStim(__class__=<class 'psychopy.visual.image.ImageStim'>, autoLog=True, color=array([1., 1., 1.]), colorSpace='rgb', contrast=1.0, depth=0.0, flipHoriz=False, flipVert=False, image='sin', interpolate=True, mask=None, maskParams=None, name='image_8', opacity=1.0, ori=0.0, pos=array([0., 0.]), size=array([1., 1.]), texRes=512, units='height', win=Window(...))
15.1412 	EXP 	Created text_9 = TextStim(__class__=<class 'psychopy.visual.text.TextStim'>, alignHoriz=method-wrapper(...), alignText='center', alignVert=method-wrapper(...), anchorHoriz='center', anchorVert='center', antialias=True, autoLog=True, bold=False, color='black', colorSpace='named', contrast=1.0, depth=-1.0, flipHoriz=False, flipVert=False, font='Arial', fontFiles=[], height=0.1, italic=False, languageStyle='LTR', name='text_9', opacity=1.0, ori=0, pos=array([0., 0.]), rgb=array([0., 0., 0.]), text='+', units='height', win=Window(...), wrapWidth=1)
15.1424 	EXP 	Created image_9 = ImageStim(__class__=<class 'psychopy.visual.image.ImageStim'>, autoLog=True, color=array([1., 1., 1.]), colorSpace='rgb', contrast=1.0, depth=-2.0, flipHoriz=False, flipVert=False, image='sin', interpolate=True, mask=None, maskParams=None, name='image_9', opacity=1.0, ori=0.0, pos=array([0., 0.]), size=array([1., 1.]), texRes=512, units='height', win=Window(...))
15.1436 	EXP 	Created prac_instr4 = ImageStim(__class__=<class 'psychopy.visual.image.ImageStim'>, autoLog=True, color=array([1., 1., 1.]), colorSpace='rgb', contrast=1.0, depth=-1.0, flipHoriz=False, flipVert=False, image='sin', interpolate=True, mask=None, maskParams=None, name='prac_instr4', opacity=1.0, ori=0.0, pos=array([0., 0.]), size=array([1.125, 0.75 ]), texRes=512, units='height', win=Window(...))
16.2906 	EXP 	Created prac_instr5 = ImageStim(__class__=<class 'psychopy.visual.image.ImageStim'>, autoLog=True, color=array([1., 1., 1.]), colorSpace='rgb', contrast=1.0, depth=-1.0, flipHoriz=False, flipVert=False, image='sin', interpolate=True, mask=None, maskParams=None, name='prac_instr5', opacity=1.0, ori=0.0, pos=array([0., 0.]), size=array([1.125, 0.75 ]), texRes=512, units='height', win=Window(...))
16.8600 	EXP 	Created image = ImageStim(__class__=<class 'psychopy.visual.image.ImageStim'>, autoLog=True, color=array([1., 1., 1.]), colorSpace='rgb', contrast=1.0, depth=-1.0, flipHoriz=False, flipVert=False, image='sin', interpolate=True, mask=None, maskParams=None, name='image', opacity=1.0, ori=0.0, pos=array([0., 0.]), size=array([1., 1.]), texRes=512, units='height', win=Window(...))
16.8629 	EXP 	Created text_6 = TextStim(__class__=<class 'psychopy.visual.text.TextStim'>, alignHoriz=method-wrapper(...), alignText='center', alignVert=method-wrapper(...), anchorHoriz='center', anchorVert='center', antialias=True, autoLog=True, bold=False, color='white', colorSpace='named', contrast=1.0, depth=-2.0, flipHoriz=False, flipVert=False, font='Arial', fontFiles=[], height=0.05, italic=False, languageStyle='LTR', name='text_6', opacity=1.0, ori=0, pos=array([0., 0.]), rgb=array([255., 255., 255.]), text='+', units='height', win=Window(...), wrapWidth=1)
16.8643 	EXP 	Created image_2 = ImageStim(__class__=<class 'psychopy.visual.image.ImageStim'>, autoLog=True, color=array([1., 1., 1.]), colorSpace='rgb', contrast=1.0, depth=0.0, flipHoriz=False, flipVert=False, image='sin', interpolate=True, mask=None, maskParams=None, name='image_2', opacity=1.0, ori=0.0, pos=array([0., 0.]), size=array([1., 1.]), texRes=512, units='height', win=Window(...))
16.8656 	EXP 	Created text_7 = TextStim(__class__=<class 'psychopy.visual.text.TextStim'>, alignHoriz=method-wrapper(...), alignText='center', alignVert=method-wrapper(...), anchorHoriz='center', anchorVert='center', antialias=True, autoLog=True, bold=False, color='white', colorSpace='named', contrast=1.0, depth=-1.0, flipHoriz=False, flipVert=False, font='Arial', fontFiles=[], height=0.05, italic=False, languageStyle='LTR', name='text_7', opacity=1.0, ori=0, pos=array([0., 0.]), rgb=array([255., 255., 255.]), text='+', units='height', win=Window(...), wrapWidth=1)
18.0484 	EXP 	Created image_3 = ImageStim(__class__=<class 'psychopy.visual.image.ImageStim'>, autoLog=True, color=array([1., 1., 1.]), colorSpace='rgb', contrast=1.0, depth=-1.0, flipHoriz=False, flipVert=False, image='sin', interpolate=True, mask=None, maskParams=None, name='image_3', opacity=1.0, ori=0.0, pos=array([0., 0.]), size=array([0.5, 0.5]), texRes=512, units='height', win=Window(...))
18.0519 	EXP 	Created feedback_msg = TextStim(__class__=<class 'psychopy.visual.text.TextStim'>, alignHoriz=method-wrapper(...), alignText='center', alignVert=method-wrapper(...), anchorHoriz='center', anchorVert='center', antialias=True, autoLog=True, bold=False, color='black', colorSpace='named', contrast=1.0, depth=-2.0, flipHoriz=False, flipVert=False, font='Arial', fontFiles=[], height=0.05, italic=False, languageStyle='LTR', name='feedback_msg', opacity=1.0, ori=0, pos=array([ 0.  , -0.25]), rgb=array([0., 0., 0.]), text='default text', units='height', win=Window(...), wrapWidth=1)
18.0650 	EXP 	Created text_3 = TextStim(__class__=<class 'psychopy.visual.text.TextStim'>, alignHoriz=method-wrapper(...), alignText='center', alignVert=method-wrapper(...), anchorHoriz='center', anchorVert='center', antialias=True, autoLog=True, bold=False, color='black', colorSpace='named', contrast=1.0, depth=-1.0, flipHoriz=False, flipVert=False, font='Arial', fontFiles=[], height=0.05, italic=False, languageStyle='LTR', name='text_3', opacity=1.0, ori=0, pos=array([0., 0.]), rgb=array([0., 0., 0.]), text=str(...), units='height', win=Window(...), wrapWidth=1)
18.6547 	EXP 	Created instructions_image = ImageStim(__class__=<class 'psychopy.visual.image.ImageStim'>, autoLog=True, color=array([1., 1., 1.]), colorSpace='rgb', contrast=1.0, depth=-1.0, flipHoriz=False, flipVert=False, image='sin', interpolate=True, mask=None, maskParams=None, name='instructions_image', opacity=1.0, ori=0.0, pos=array([0., 0.]), size=array([1.125, 0.75 ]), texRes=512, units='height', win=Window(...))
19.2518 	EXP 	Created text_4 = TextStim(__class__=<class 'psychopy.visual.text.TextStim'>, alignHoriz=method-wrapper(...), alignText='center', alignVert=method-wrapper(...), anchorHoriz='center', anchorVert='center', antialias=True, autoLog=True, bold=False, color='white', colorSpace='named', contrast=1.0, depth=-1.0, flipHoriz=False, flipVert=False, font='Arial', fontFiles=[], height=0.05, italic=False, languageStyle='LTR', name='text_4', opacity=1.0, ori=0, pos=array([0., 0.]), rgb=array([255., 255., 255.]), text='+', units='height', win=Window(...), wrapWidth=1)
19.2531 	EXP 	Created target_image = ImageStim(__class__=<class 'psychopy.visual.image.ImageStim'>, autoLog=True, color=array([1., 1., 1.]), colorSpace='rgb', contrast=1.0, depth=-2.0, flipHoriz=False, flipVert=False, image='sin', interpolate=True, mask=None, maskParams=None, name='target_image', opacity=1.0, ori=0.0, pos=array([0., 0.]), size=array([1., 1.]), texRes=512, units='height', win=Window(...))
19.8421 	EXP 	Created text = TextStim(__class__=<class 'psychopy.visual.text.TextStim'>, alignHoriz=method-wrapper(...), alignText='center', alignVert=method-wrapper(...), anchorHoriz='center', anchorVert='center', antialias=True, autoLog=True, bold=False, color='white', colorSpace='named', contrast=1.0, depth=0.0, flipHoriz=False, flipVert=False, font='Arial', fontFiles=[], height=0.05, italic=False, languageStyle='LTR', name='text', opacity=1.0, ori=0, pos=array([0., 0.]), rgb=array([255., 255., 255.]), text='+', units='height', win=Window(...), wrapWidth=1)
20.4156 	EXP 	Created text_5 = TextStim(__class__=<class 'psychopy.visual.text.TextStim'>, alignHoriz=method-wrapper(...), alignText='center', alignVert=method-wrapper(...), anchorHoriz='center', anchorVert='center', antialias=True, autoLog=True, bold=False, color='white', colorSpace='named', contrast=1.0, depth=-1.0, flipHoriz=False, flipVert=False, font='Arial', fontFiles=[], height=0.05, italic=False, languageStyle='LTR', name='text_5', opacity=1.0, ori=0, pos=array([0., 0.]), rgb=array([255., 255., 255.]), text='+', units='height', win=Window(...), wrapWidth=1)
20.4168 	EXP 	Created probe_image = ImageStim(__class__=<class 'psychopy.visual.image.ImageStim'>, autoLog=True, color=array([1., 1., 1.]), colorSpace='rgb', contrast=1.0, depth=-2.0, flipHoriz=False, flipVert=False, image='sin', interpolate=True, mask=None, maskParams=None, name='probe_image', opacity=1.0, ori=0.0, pos=array([0., 0.]), size=array([1., 1.]), texRes=512, units='height', win=Window(...))
20.9871 	EXP 	Created text_2 = TextStim(__class__=<class 'psychopy.visual.text.TextStim'>, alignHoriz=method-wrapper(...), alignText='center', alignVert=method-wrapper(...), anchorHoriz='center', anchorVert='center', antialias=True, autoLog=True, bold=False, color='white', colorSpace='named', contrast=1.0, depth=0.0, flipHoriz=False, flipVert=False, font='Arial', fontFiles=[], height=0.05, italic=False, languageStyle='LTR', name='text_2', opacity=1.0, ori=0, pos=array([0., 0.]), rgb=array([255., 255., 255.]), text='+', units='height', win=Window(...), wrapWidth=1)
22.1273 	EXP 	Created good_job = TextStim(__class__=<class 'psychopy.visual.text.TextStim'>, alignHoriz=method-wrapper(...), alignText='center', alignVert=method-wrapper(...), anchorHoriz='center', anchorVert='center', antialias=True, autoLog=True, bold=False, color='black', colorSpace='named', contrast=1.0, depth=0.0, flipHoriz=False, flipVert=False, font='Arial', fontFiles=[], height=0.1, italic=False, languageStyle='LTR', name='good_job', opacity=1.0, ori=0, pos=array([0., 0.]), rgb=array([0., 0., 0.]), text='Great Job!\n\nPress <SPACE> to keep going!', units='height', win=Window(...), wrapWidth=1)
22.7034 	EXP 	Created allDone = TextStim(__class__=<class 'psychopy.visual.text.TextStim'>, alignHoriz=method-wrapper(...), alignText='center', alignVert=method-wrapper(...), anchorHoriz='center', anchorVert='center', antialias=True, autoLog=True, bold=False, color='black', colorSpace='named', contrast=1.0, depth=0.0, flipHoriz=False, flipVert=False, font='Arial', fontFiles=[], height=0.1, italic=False, languageStyle='LTR', name='allDone', opacity=1.0, ori=0, pos=array([0., 0.]), rgb=array([0., 0., 0.]), text='You are all done. Thank you!', units='height', win=Window(...), wrapWidth=1)
22.7406 	WARNING 	t of last frame was 10058.57ms (=1/0)
22.7406 	EXP 	text_top: autoDraw = True
22.7406 	EXP 	text_bottom: autoDraw = True
22.7406 	EXP 	ccimage: autoDraw = True
22.7631 	WARNING 	t of last frame was 22.45ms (=1/44)
22.7841 	WARNING 	t of last frame was 21.00ms (=1/47)
23.5371 	DATA 	Keypress: space
23.5758 	WARNING 	t of last frame was 41.77ms (=1/23)
23.5758 	EXP 	ccimage: size = [0.42800000000000005, 0.2699]
23.5758 	EXP 	text_top: autoDraw = False
23.5758 	EXP 	text_bottom: autoDraw = False
23.5758 	EXP 	ccimage: autoDraw = False
23.5758 	EXP 	prac_instr1: image = 'Designs/prac_instr1.png'
23.5758 	EXP 	prac_instr1: autoDraw = True
24.9036 	DATA 	Keypress: space
25.9069 	DATA 	Keypress: space
25.9276 	WARNING 	Multiple dropped frames have occurred - I'll stop bothering you about them!
25.9276 	EXP 	prac_instr1: autoDraw = False
25.9276 	EXP 	image_6: pos = array([0.17295, 0.     ])
25.9276 	EXP 	image_6: size = array([0.17295, 0.17295])
25.9276 	EXP 	image_6: image = 'Stimuli/dory1.png'
25.9276 	EXP 	image_7: pos = array([0.17295, 0.     ])
25.9276 	EXP 	image_7: size = array([0.17295, 0.17295])
25.9276 	EXP 	image_7: image = 'Stimuli/dory2.png'
25.9276 	EXP 	image_6: autoDraw = True
25.9276 	EXP 	text_8: autoDraw = True
26.1342 	EXP 	image_6: autoDraw = False
26.4002 	EXP 	image_7: autoDraw = True
26.5990 	EXP 	image_6: autoDraw = False
26.5990 	EXP 	text_8: autoDraw = False
26.5990 	EXP 	image_7: autoDraw = False
26.5990 	EXP 	prac_instr2: image = 'Designs/prac_instr2_1234.png'
27.0822 	EXP 	prac_instr2: autoDraw = True
30.0186 	DATA 	Keypress: f
30.0325 	EXP 	prac_instr2: autoDraw = False
30.0325 	EXP 	prac_instr3_feedback: image = 'Designs/prac_instr3_wrong.png'
30.0325 	EXP 	prac_instr3_feedback: autoDraw = True
39.0763 	DATA 	Keypress: space
39.0964 	EXP 	prac_instr3_feedback: autoDraw = False
39.0964 	EXP 	image_8: pos = array([-0.17295,  0.     ])
39.0964 	EXP 	image_8: size = array([0.17295, 0.17295])
39.0964 	EXP 	image_8: image = 'Stimuli/nemo2.png'
39.0964 	EXP 	image_9: pos = array([-0.17295,  0.     ])
39.0964 	EXP 	image_9: size = array([0.17295, 0.17295])
39.0964 	EXP 	image_9: image = 'Stimuli/nemo2.png'
39.0964 	EXP 	image_8: autoDraw = True
39.0964 	EXP 	text_9: autoDraw = True
39.2989 	EXP 	image_8: autoDraw = False
39.5651 	EXP 	image_9: autoDraw = True
39.7319 	EXP 	image_8: autoDraw = False
39.7319 	EXP 	text_9: autoDraw = False
39.7319 	EXP 	image_9: autoDraw = False
39.7319 	EXP 	prac_instr4: image = 'Designs/prac_instr4_1234.png'
39.7319 	EXP 	prac_instr4: autoDraw = True
40.8178 	DATA 	Keypress: f
43.7338 	DATA 	Keypress: space
48.7324 	EXP 	prac_instr4: autoDraw = False
48.7324 	EXP 	prac_instr5: image = 'Designs/prac_instr5_1234.png'
48.7324 	EXP 	prac_instr5: autoDraw = True
53.0025 	EXP 	Created sequence: random, trialTypes=1, nReps=12, seed=None
53.0029 	EXP 	New trial (rep=0, index=0): None
53.0296 	DATA 	Keypress: space
53.0508 	EXP 	prac_instr5: autoDraw = False
53.0508 	EXP 	image: pos = array([0.17295, 0.     ])
53.0508 	EXP 	image: size = array([0.17295, 0.17295])
53.0508 	EXP 	image: image = 'Stimuli/nemo1.jpg'
53.0508 	EXP 	text_6: color = 'white (named)'
53.0508 	EXP 	image: autoDraw = True
53.0508 	EXP 	text_6: autoDraw = True
53.2654 	EXP 	image: autoDraw = False
53.3796 	EXP 	image: autoDraw = False
53.3796 	EXP 	text_6: autoDraw = False
53.3796 	EXP 	image_2: pos = array([0.17295, 0.     ])
53.3796 	EXP 	image_2: size = array([0.17295, 0.17295])
53.3796 	EXP 	image_2: image = 'Stimuli/nemo2.png'
53.3796 	EXP 	text_7: color = 'white (named)'
53.3796 	EXP 	image_2: autoDraw = True
53.3796 	EXP 	text_7: autoDraw = True
53.5825 	EXP 	image_2: autoDraw = False
54.4175 	DATA 	Keypress: f
57.5493 	EXP 	image_2: autoDraw = False
57.5493 	EXP 	text_7: autoDraw = False
57.5493 	EXP 	image_3: image = 'Stimuli/redWrong.png'
57.5493 	EXP 	feedback_msg: text = 'Oops, your cross response was right but the image response was wrong.'
57.5493 	EXP 	image_3: autoDraw = True
57.5493 	EXP 	feedback_msg: autoDraw = True
59.5200 	EXP 	New trial (rep=1, index=0): None
59.5508 	EXP 	image_3: autoDraw = False
59.5508 	EXP 	feedback_msg: autoDraw = False
59.5508 	EXP 	image: pos = array([0.17295, 0.     ])
59.5508 	EXP 	image: size = array([0.17295, 0.17295])
59.5508 	EXP 	image: image = 'Stimuli/dory2.png'
59.5508 	EXP 	text_6: color = 'white (named)'
59.5508 	EXP 	image: autoDraw = True
59.5508 	EXP 	text_6: autoDraw = True
59.7494 	EXP 	image: autoDraw = False
59.8509 	EXP 	image: autoDraw = False
59.8509 	EXP 	text_6: autoDraw = False
59.8509 	EXP 	image_2: pos = array([0.17295, 0.     ])
59.8509 	EXP 	image_2: size = array([0.17295, 0.17295])
59.8509 	EXP 	image_2: image = 'Stimuli/dory2.png'
59.8509 	EXP 	text_7: color = 'white (named)'
59.8509 	EXP 	image_2: autoDraw = True
59.8509 	EXP 	text_7: autoDraw = True
60.0658 	EXP 	image_2: autoDraw = False
61.9702 	DATA 	Keypress: f
64.0509 	EXP 	image_2: autoDraw = False
64.0509 	EXP 	text_7: autoDraw = False
64.0509 	EXP 	image_3: image = 'Stimuli/greenCheck.png'
64.0509 	EXP 	feedback_msg: text = 'Well done!'
64.0509 	EXP 	image_3: autoDraw = True
64.0509 	EXP 	feedback_msg: autoDraw = True
66.0190 	EXP 	New trial (rep=2, index=0): None
66.0579 	EXP 	image_3: autoDraw = False
66.0579 	EXP 	feedback_msg: autoDraw = False
66.0579 	EXP 	image: pos = array([0.17295, 0.     ])
66.0579 	EXP 	image: size = array([0.17295, 0.17295])
66.0579 	EXP 	image: image = 'Stimuli/nemo1.jpg'
66.0579 	EXP 	text_6: color = 'black (named)'
66.0579 	EXP 	image: autoDraw = True
66.0579 	EXP 	text_6: autoDraw = True
66.2660 	EXP 	image: autoDraw = False
66.3493 	EXP 	image: autoDraw = False
66.3493 	EXP 	text_6: autoDraw = False
66.3493 	EXP 	image_2: pos = array([0.17295, 0.     ])
66.3493 	EXP 	image_2: size = array([0.17295, 0.17295])
66.3493 	EXP 	image_2: image = 'Stimuli/nemo1.jpg'
66.3493 	EXP 	text_7: color = 'black (named)'
66.3493 	EXP 	image_2: autoDraw = True
66.3493 	EXP 	text_7: autoDraw = True
66.5494 	EXP 	image_2: autoDraw = False
68.2341 	DATA 	Keypress: f
68.5372 	DATA 	Keypress: space
70.5327 	EXP 	image_2: autoDraw = False
70.5327 	EXP 	text_7: autoDraw = False
70.5327 	EXP 	image_3: image = 'Stimuli/greenCheck.png'
70.5327 	EXP 	feedback_msg: text = 'Well done!'
70.5327 	EXP 	image_3: autoDraw = True
70.5327 	EXP 	feedback_msg: autoDraw = True
71.7370 	DATA 	Keypress: escape
72.1942 	EXP 	window1: mouseVisible = True
72.1942 	DEBUG 	Saving data for configural_featural ExperimentHandler
72.1954 	INFO 	saved data to /Users/sophia/Documents/PycharmProjects/Configural_Featural_Study/data/_configural_featural_2020_Oct_30_1731.psydat
72.1963 	INFO 	saved data to '/Users/sophia/Documents/PycharmProjects/Configural_Featural_Study/data/_configural_featural_2020_Oct_30_1731.csv'
