0.4958 	WARNING 	We strongly recommend you activate the PTB sound engine in PsychoPy prefs as the preferred audio engine. Its timing is vastly superior. Your prefs are currently set to use ['sounddevice', 'PTB', 'pyo', 'pygame'] (in that order).
167.5693 	INFO 	Loaded monitor calibration from ['2020_09_20 15:42']
169.7995 	WARNING 	Couldn't measure a consistent frame rate.
  - Is your graphics card set to sync to vertical blank?
  - Are you running other processes on your computer?

169.8000 	EXP 	Created window1 = Window(allowGUI=False, allowStencil=False, args=UNKNOWN, autoLog=True, bitsMode=UNKNOWN, blendMode='avg', bpc=(8, 8, 8), color=array([0., 0., 0.]), colorSpace='rgb', depthBits=8, fullscr=<method-wrapper '__getattribute__' of attributeSetter object at 0x155390ba8>, gamma=None, gammaErrorPolicy='raise', kwargs=UNKNOWN, lms=UNKNOWN, monitor=<psychopy.monitors.calibTools.Monitor object at 0x156048ac8>, multiSample=False, name='window1', numSamples=2, pos=[448.0, 280.0], screen=0, size=array([3584, 2240]), stencilBits=0, stereo=False, units='height', useFBO=True, useRetina=True, viewOri=0.0, viewPos=None, viewScale=None, waitBlanking=True, winType='pyglet')
169.8003 	EXP 	window1: mouseVisible = True
169.8003 	EXP 	window1: recordFrameIntervals = False
169.9642 	EXP 	window1: recordFrameIntervals = True
171.6328 	WARNING 	Couldn't measure a consistent frame rate.
  - Is your graphics card set to sync to vertical blank?
  - Are you running other processes on your computer?

172.1551 	EXP 	Created text_top = TextStim(__class__=<class 'psychopy.visual.text.TextStim'>, alignHoriz=method-wrapper(...), alignText='center', alignVert=method-wrapper(...), anchorHoriz='center', anchorVert='center', antialias=True, autoLog=True, bold=False, color='black', colorSpace='named', contrast=1.0, depth=-3.0, flipHoriz=False, flipVert=False, font='Arial', fontFiles=[], height=0.05, italic=False, languageStyle='LTR', name='text_top', opacity=1.0, ori=0, pos=array([0. , 0.3]), rgb=array([0., 0., 0.]), text=str(...), units='height', win=Window(...), wrapWidth=1)
172.1614 	EXP 	Created text_bottom = TextStim(__class__=<class 'psychopy.visual.text.TextStim'>, alignHoriz=method-wrapper(...), alignText='center', alignVert=method-wrapper(...), anchorHoriz='center', anchorVert='center', antialias=True, autoLog=True, bold=False, color='black', colorSpace='named', contrast=1.0, depth=-4.0, flipHoriz=False, flipVert=False, font='Arial', fontFiles=[], height=0.05, italic=False, languageStyle='LTR', name='text_bottom', opacity=1.0, ori=0, pos=array([ 0. , -0.3]), rgb=array([0., 0., 0.]), text='Press Space when you’re finished', units='height', win=Window(...), wrapWidth=1)
172.1849 	EXP 	Created ccimage = ImageStim(__class__=<class 'psychopy.visual.image.ImageStim'>, autoLog=True, color=array([1., 1., 1.]), colorSpace='rgb', contrast=1.0, depth=-5.0, flipHoriz=False, flipVert=False, image='bankcard.png', interpolate=True, mask=None, maskParams=None, name='ccimage', opacity=1.0, ori=0.0, pos=array([0., 0.]), size=array([0.428 , 0.2699]), texRes=512, units='height', win=Window(...))
172.1889 	EXP 	Created text_3 = TextStim(__class__=<class 'psychopy.visual.text.TextStim'>, alignHoriz=method-wrapper(...), alignText='center', alignVert=method-wrapper(...), anchorHoriz='center', anchorVert='center', antialias=True, autoLog=True, bold=False, color='black', colorSpace='named', contrast=1.0, depth=-1.0, flipHoriz=False, flipVert=False, font='Arial', fontFiles=[], height=0.05, italic=False, languageStyle='LTR', name='text_3', opacity=1.0, ori=0, pos=array([0., 0.]), rgb=array([0., 0., 0.]), text='default text', units='height', win=Window(...), wrapWidth=1)
172.5838 	EXP 	Created text_4 = TextStim(__class__=<class 'psychopy.visual.text.TextStim'>, alignHoriz=method-wrapper(...), alignText='center', alignVert=method-wrapper(...), anchorHoriz='center', anchorVert='center', antialias=True, autoLog=True, bold=False, color='white', colorSpace='named', contrast=1.0, depth=-1.0, flipHoriz=False, flipVert=False, font='Arial', fontFiles=[], height=0.05, italic=False, languageStyle='LTR', name='text_4', opacity=1.0, ori=0, pos=array([0., 0.]), rgb=array([255., 255., 255.]), text='+', units='height', win=Window(...), wrapWidth=1)
172.5852 	EXP 	Created target_image = ImageStim(__class__=<class 'psychopy.visual.image.ImageStim'>, autoLog=True, color=array([1., 1., 1.]), colorSpace='rgb', contrast=1.0, depth=-2.0, flipHoriz=False, flipVert=False, image='sin', interpolate=True, mask=None, maskParams=None, name='target_image', opacity=1.0, ori=0.0, pos=array([0., 0.]), size=array([1., 1.]), texRes=512, units='height', win=Window(...))
172.9725 	EXP 	Created text = TextStim(__class__=<class 'psychopy.visual.text.TextStim'>, alignHoriz=method-wrapper(...), alignText='center', alignVert=method-wrapper(...), anchorHoriz='center', anchorVert='center', antialias=True, autoLog=True, bold=False, color='white', colorSpace='named', contrast=1.0, depth=0.0, flipHoriz=False, flipVert=False, font='Arial', fontFiles=[], height=0.05, italic=False, languageStyle='LTR', name='text', opacity=1.0, ori=0, pos=array([0., 0.]), rgb=array([255., 255., 255.]), text='+', units='height', win=Window(...), wrapWidth=1)
173.3589 	EXP 	Created text_5 = TextStim(__class__=<class 'psychopy.visual.text.TextStim'>, alignHoriz=method-wrapper(...), alignText='center', alignVert=method-wrapper(...), anchorHoriz='center', anchorVert='center', antialias=True, autoLog=True, bold=False, color='white', colorSpace='named', contrast=1.0, depth=-1.0, flipHoriz=False, flipVert=False, font='Arial', fontFiles=[], height=0.05, italic=False, languageStyle='LTR', name='text_5', opacity=1.0, ori=0, pos=array([0., 0.]), rgb=array([255., 255., 255.]), text='+', units='height', win=Window(...), wrapWidth=1)
173.3601 	EXP 	Created probe_image = ImageStim(__class__=<class 'psychopy.visual.image.ImageStim'>, autoLog=True, color=array([1., 1., 1.]), colorSpace='rgb', contrast=1.0, depth=-2.0, flipHoriz=False, flipVert=False, image='sin', interpolate=True, mask=None, maskParams=None, name='probe_image', opacity=1.0, ori=0.0, pos=array([0., 0.]), size=array([1., 1.]), texRes=512, units='height', win=Window(...))
173.7431 	EXP 	Created text_2 = TextStim(__class__=<class 'psychopy.visual.text.TextStim'>, alignHoriz=method-wrapper(...), alignText='center', alignVert=method-wrapper(...), anchorHoriz='center', anchorVert='center', antialias=True, autoLog=True, bold=False, color='white', colorSpace='named', contrast=1.0, depth=0.0, flipHoriz=False, flipVert=False, font='Arial', fontFiles=[], height=0.05, italic=False, languageStyle='LTR', name='text_2', opacity=1.0, ori=0, pos=array([0., 0.]), rgb=array([255., 255., 255.]), text='+', units='height', win=Window(...), wrapWidth=1)
174.5175 	EXP 	Created allDone = TextStim(__class__=<class 'psychopy.visual.text.TextStim'>, alignHoriz=method-wrapper(...), alignText='center', alignVert=method-wrapper(...), anchorHoriz='center', anchorVert='center', antialias=True, autoLog=True, bold=False, color='black', colorSpace='named', contrast=1.0, depth=0.0, flipHoriz=False, flipVert=False, font='Arial', fontFiles=[], height=0.1, italic=False, languageStyle='LTR', name='allDone', opacity=1.0, ori=0, pos=array([0., 0.]), rgb=array([0., 0., 0.]), text='You are all done. Thank you!', units='height', win=Window(...), wrapWidth=1)
174.5452 	WARNING 	t of last frame was 2912.64ms (=1/0)
174.5452 	EXP 	text_top: autoDraw = True
174.5452 	EXP 	text_bottom: autoDraw = True
174.5452 	EXP 	ccimage: autoDraw = True
174.5659 	WARNING 	t of last frame was 20.73ms (=1/48)
181.5336 	DATA 	Keypress: space
181.5397 	DEBUG 	Read csv file with pandas: Designs/design7.csv
181.5421 	DEBUG 	Clearing unnamed columns from Designs/design7.csv
181.5425 	EXP 	Imported Designs/design7.csv as conditions, 4 conditions, 2 params
181.5427 	EXP 	Created sequence: sequential, trialTypes=4, nReps=1, seed=None
181.5430 	EXP 	New trial (rep=0, index=0): OrderedDict([('Block_type', 'conf_haus'), ('instruction_text', 'Press J for same or F for different houses. \nTry your best to keep your eyes on the + \nIf you see the + change colors \npress <SPACE>. \n\nPress <SPACE> to start!')])
181.5841 	WARNING 	t of last frame was 53.81ms (=1/18)
181.5841 	EXP 	ccimage: size = [0.42800000000000005, 0.2699]
181.5841 	EXP 	text_top: autoDraw = False
181.5841 	EXP 	text_bottom: autoDraw = False
181.5841 	EXP 	ccimage: autoDraw = False
181.5841 	EXP 	text_3: text = 'Press J for same or F for different houses. \nTry your best to keep your eyes on the + \nIf you see the + change colors \npress <SPACE>. \n\nPress <SPACE> to start!'
181.5841 	EXP 	text_3: autoDraw = True
187.2476 	EXP 	Created sequence: sequential, trialTypes=1, nReps=48, seed=None
187.2481 	EXP 	New trial (rep=0, index=0): None
187.2568 	DATA 	Keypress: space
187.2635 	EXP 	text_3: autoDraw = False
187.2635 	EXP 	text_4: color = 'pink (named)'
187.2635 	EXP 	target_image: pos = array([0.17295, 0.     ])
187.2635 	EXP 	target_image: size = array([0.17295, 0.17295])
187.2635 	EXP 	target_image: image = 'Stimuli/H-8sim3.png'
187.2635 	EXP 	text_4: autoDraw = True
187.2635 	EXP 	target_image: autoDraw = True
187.4644 	EXP 	text_4: autoDraw = False
187.4644 	EXP 	target_image: autoDraw = False
187.4644 	EXP 	text: color = 'pink (named)'
187.4644 	EXP 	text: autoDraw = True
187.7644 	EXP 	text: autoDraw = False
187.7644 	EXP 	text_5: color = 'pink (named)'
187.7644 	EXP 	probe_image: pos = array([0.17295, 0.     ])
187.7644 	EXP 	probe_image: size = array([0.17295, 0.17295])
187.7644 	EXP 	probe_image: image = 'Stimuli/H-8sim2.png'
187.7644 	EXP 	text_5: autoDraw = True
187.7644 	EXP 	probe_image: autoDraw = True
187.9644 	EXP 	text_5: autoDraw = False
187.9644 	EXP 	probe_image: autoDraw = False
187.9644 	EXP 	text_2: color = 'pink (named)'
187.9644 	EXP 	text_2: autoDraw = True
188.3841 	DATA 	Keypress: escape
188.8410 	EXP 	window1: mouseVisible = True
188.8411 	DEBUG 	Saving data for configural_featural ExperimentHandler
188.8418 	INFO 	saved data to /Users/sophia/Documents/PycharmProjects/Configural_Featural_Study/data/code_configural_featural_2020_Oct_25_1950.psydat
188.8422 	INFO 	saved data to '/Users/sophia/Documents/PycharmProjects/Configural_Featural_Study/data/code_configural_featural_2020_Oct_25_1950.csv'
