0.2382 	WARNING 	We strongly recommend you activate the PTB sound engine in PsychoPy prefs as the preferred audio engine. Its timing is vastly superior. Your prefs are currently set to use ['sounddevice', 'PTB', 'pyo', 'pygame'] (in that order).
6.5329 	INFO 	Loaded monitor calibration from ['2020_09_20 15:42']
8.7334 	WARNING 	Couldn't measure a consistent frame rate.
  - Is your graphics card set to sync to vertical blank?
  - Are you running other processes on your computer?

8.7340 	EXP 	Created window1 = Window(allowGUI=False, allowStencil=False, args=UNKNOWN, autoLog=True, bitsMode=UNKNOWN, blendMode='avg', bpc=(8, 8, 8), color=array([0., 0., 0.]), colorSpace='rgb', depthBits=8, fullscr=<method-wrapper '__getattribute__' of attributeSetter object at 0x155a34b38>, gamma=None, gammaErrorPolicy='raise', kwargs=UNKNOWN, lms=UNKNOWN, monitor=<psychopy.monitors.calibTools.Monitor object at 0x15744b208>, multiSample=False, name='window1', numSamples=2, pos=[448.0, 280.0], screen=0, size=array([3584, 2240]), stencilBits=0, stereo=False, units='height', useFBO=True, useRetina=True, viewOri=0.0, viewPos=None, viewScale=None, waitBlanking=True, winType='pyglet')
8.7342 	EXP 	window1: mouseVisible = True
8.7342 	EXP 	window1: recordFrameIntervals = False
8.9000 	EXP 	window1: recordFrameIntervals = True
10.5668 	WARNING 	Couldn't measure a consistent frame rate.
  - Is your graphics card set to sync to vertical blank?
  - Are you running other processes on your computer?

11.0200 	EXP 	Created text_top = TextStim(__class__=<class 'psychopy.visual.text.TextStim'>, alignHoriz=method-wrapper(...), alignText='center', alignVert=method-wrapper(...), anchorHoriz='center', anchorVert='center', antialias=True, autoLog=True, bold=False, color='black', colorSpace='named', contrast=1.0, depth=-3.0, flipHoriz=False, flipVert=False, font='Arial', fontFiles=[], height=0.05, italic=False, languageStyle='LTR', name='text_top', opacity=1.0, ori=0, pos=array([0. , 0.3]), rgb=array([0., 0., 0.]), text=str(...), units='height', win=Window(...), wrapWidth=1)
11.0255 	EXP 	Created text_bottom = TextStim(__class__=<class 'psychopy.visual.text.TextStim'>, alignHoriz=method-wrapper(...), alignText='center', alignVert=method-wrapper(...), anchorHoriz='center', anchorVert='center', antialias=True, autoLog=True, bold=False, color='black', colorSpace='named', contrast=1.0, depth=-4.0, flipHoriz=False, flipVert=False, font='Arial', fontFiles=[], height=0.05, italic=False, languageStyle='LTR', name='text_bottom', opacity=1.0, ori=0, pos=array([ 0. , -0.3]), rgb=array([0., 0., 0.]), text='Press Space when you’re finished', units='height', win=Window(...), wrapWidth=1)
11.0354 	EXP 	Created ccimage = ImageStim(__class__=<class 'psychopy.visual.image.ImageStim'>, autoLog=True, color=array([1., 1., 1.]), colorSpace='rgb', contrast=1.0, depth=-5.0, flipHoriz=False, flipVert=False, image='bankcard.png', interpolate=True, mask=None, maskParams=None, name='ccimage', opacity=1.0, ori=0.0, pos=array([0., 0.]), size=array([0.428 , 0.2699]), texRes=512, units='height', win=Window(...))
11.0369 	EXP 	Created instructions_image = ImageStim(__class__=<class 'psychopy.visual.image.ImageStim'>, autoLog=True, color=array([1., 1., 1.]), colorSpace='rgb', contrast=1.0, depth=-1.0, flipHoriz=False, flipVert=False, image='sin', interpolate=True, mask=None, maskParams=None, name='instructions_image', opacity=1.0, ori=0.0, pos=array([0., 0.]), size=array([1.125, 0.75 ]), texRes=512, units='height', win=Window(...))
11.4340 	EXP 	Created text_4 = TextStim(__class__=<class 'psychopy.visual.text.TextStim'>, alignHoriz=method-wrapper(...), alignText='center', alignVert=method-wrapper(...), anchorHoriz='center', anchorVert='center', antialias=True, autoLog=True, bold=False, color='white', colorSpace='named', contrast=1.0, depth=-1.0, flipHoriz=False, flipVert=False, font='Arial', fontFiles=[], height=0.05, italic=False, languageStyle='LTR', name='text_4', opacity=1.0, ori=0, pos=array([0., 0.]), rgb=array([255., 255., 255.]), text='+', units='height', win=Window(...), wrapWidth=1)
11.4353 	EXP 	Created target_image = ImageStim(__class__=<class 'psychopy.visual.image.ImageStim'>, autoLog=True, color=array([1., 1., 1.]), colorSpace='rgb', contrast=1.0, depth=-2.0, flipHoriz=False, flipVert=False, image='sin', interpolate=True, mask=None, maskParams=None, name='target_image', opacity=1.0, ori=0.0, pos=array([0., 0.]), size=array([1., 1.]), texRes=512, units='height', win=Window(...))
11.8269 	EXP 	Created text = TextStim(__class__=<class 'psychopy.visual.text.TextStim'>, alignHoriz=method-wrapper(...), alignText='center', alignVert=method-wrapper(...), anchorHoriz='center', anchorVert='center', antialias=True, autoLog=True, bold=False, color='white', colorSpace='named', contrast=1.0, depth=0.0, flipHoriz=False, flipVert=False, font='Arial', fontFiles=[], height=0.05, italic=False, languageStyle='LTR', name='text', opacity=1.0, ori=0, pos=array([0., 0.]), rgb=array([255., 255., 255.]), text='+', units='height', win=Window(...), wrapWidth=1)
12.2177 	EXP 	Created text_5 = TextStim(__class__=<class 'psychopy.visual.text.TextStim'>, alignHoriz=method-wrapper(...), alignText='center', alignVert=method-wrapper(...), anchorHoriz='center', anchorVert='center', antialias=True, autoLog=True, bold=False, color='white', colorSpace='named', contrast=1.0, depth=-1.0, flipHoriz=False, flipVert=False, font='Arial', fontFiles=[], height=0.05, italic=False, languageStyle='LTR', name='text_5', opacity=1.0, ori=0, pos=array([0., 0.]), rgb=array([255., 255., 255.]), text='+', units='height', win=Window(...), wrapWidth=1)
12.2189 	EXP 	Created probe_image = ImageStim(__class__=<class 'psychopy.visual.image.ImageStim'>, autoLog=True, color=array([1., 1., 1.]), colorSpace='rgb', contrast=1.0, depth=-2.0, flipHoriz=False, flipVert=False, image='sin', interpolate=True, mask=None, maskParams=None, name='probe_image', opacity=1.0, ori=0.0, pos=array([0., 0.]), size=array([1., 1.]), texRes=512, units='height', win=Window(...))
12.6151 	EXP 	Created text_2 = TextStim(__class__=<class 'psychopy.visual.text.TextStim'>, alignHoriz=method-wrapper(...), alignText='center', alignVert=method-wrapper(...), anchorHoriz='center', anchorVert='center', antialias=True, autoLog=True, bold=False, color='white', colorSpace='named', contrast=1.0, depth=0.0, flipHoriz=False, flipVert=False, font='Arial', fontFiles=[], height=0.05, italic=False, languageStyle='LTR', name='text_2', opacity=1.0, ori=0, pos=array([0., 0.]), rgb=array([255., 255., 255.]), text='+', units='height', win=Window(...), wrapWidth=1)
13.4082 	EXP 	Created allDone = TextStim(__class__=<class 'psychopy.visual.text.TextStim'>, alignHoriz=method-wrapper(...), alignText='center', alignVert=method-wrapper(...), anchorHoriz='center', anchorVert='center', antialias=True, autoLog=True, bold=False, color='black', colorSpace='named', contrast=1.0, depth=0.0, flipHoriz=False, flipVert=False, font='Arial', fontFiles=[], height=0.1, italic=False, languageStyle='LTR', name='allDone', opacity=1.0, ori=0, pos=array([0., 0.]), rgb=array([0., 0., 0.]), text='You are all done. Thank you!', units='height', win=Window(...), wrapWidth=1)
13.4396 	WARNING 	t of last frame was 2873.07ms (=1/0)
13.4396 	EXP 	text_top: autoDraw = True
13.4396 	EXP 	text_bottom: autoDraw = True
13.4396 	EXP 	ccimage: autoDraw = True
13.4622 	WARNING 	t of last frame was 22.53ms (=1/44)
13.4833 	WARNING 	t of last frame was 21.12ms (=1/47)
14.0691 	DATA 	Keypress: space
14.0752 	DEBUG 	Read csv file with pandas: Designs/design2.csv
14.0776 	DEBUG 	Clearing unnamed columns from Designs/design2.csv
14.0780 	EXP 	Imported Designs/design2.csv as conditions, 4 conditions, 2 params
14.0783 	EXP 	Created sequence: sequential, trialTypes=4, nReps=1, seed=None
14.0786 	EXP 	New trial (rep=0, index=0): OrderedDict([('Block_type', 'feat_face'), ('instruction_text', 'Designs/instructions_face_1234.png')])
14.1285 	WARNING 	t of last frame was 63.73ms (=1/15)
14.1285 	EXP 	ccimage: size = [0.42800000000000005, 0.2699]
14.1285 	EXP 	text_top: autoDraw = False
14.1285 	EXP 	text_bottom: autoDraw = False
14.1285 	EXP 	ccimage: autoDraw = False
14.1285 	EXP 	instructions_image: image = 'Designs/instructions_face_5678.png'
14.1285 	EXP 	instructions_image: autoDraw = True
14.1491 	WARNING 	Multiple dropped frames have occurred - I'll stop bothering you about them!
15.4648 	EXP 	Created sequence: sequential, trialTypes=1, nReps=48, seed=None
15.4652 	EXP 	New trial (rep=0, index=0): None
15.4773 	DATA 	Keypress: space
15.4813 	EXP 	instructions_image: autoDraw = False
15.4813 	EXP 	text_4: color = 'orange (named)'
15.4813 	EXP 	target_image: pos = array([-0.17295,  0.     ])
15.4813 	EXP 	target_image: size = array([0.17295, 0.17295])
15.4813 	EXP 	target_image: image = 'Stimuli/f15.png'
15.4813 	EXP 	text_4: autoDraw = True
15.4813 	EXP 	target_image: autoDraw = True
15.6817 	EXP 	text_4: autoDraw = False
15.6817 	EXP 	target_image: autoDraw = False
15.6817 	EXP 	text: color = 'orange (named)'
15.6817 	EXP 	text: autoDraw = True
15.9809 	EXP 	text: autoDraw = False
15.9809 	EXP 	text_5: color = 'orange (named)'
15.9809 	EXP 	probe_image: pos = array([-0.17295,  0.     ])
15.9809 	EXP 	probe_image: size = array([0.17295, 0.17295])
15.9809 	EXP 	probe_image: image = 'Stimuli/f15.png'
15.9809 	EXP 	text_5: autoDraw = True
15.9809 	EXP 	probe_image: autoDraw = True
16.1815 	EXP 	text_5: autoDraw = False
16.1815 	EXP 	probe_image: autoDraw = False
16.1815 	EXP 	text_2: color = 'orange (named)'
16.1815 	EXP 	text_2: autoDraw = True
16.5360 	EXP 	New trial (rep=1, index=0): None
16.5464 	DATA 	Keypress: f
16.5668 	EXP 	text_2: autoDraw = False
16.5668 	EXP 	text_4: color = 'orange (named)'
16.5668 	EXP 	target_image: pos = array([-0.17295,  0.     ])
16.5668 	EXP 	target_image: size = array([0.17295, 0.17295])
16.5668 	EXP 	target_image: image = 'Stimuli/f131.png'
16.5668 	EXP 	text_4: autoDraw = True
16.5668 	EXP 	target_image: autoDraw = True
16.7165 	DATA 	Keypress: j
16.7674 	EXP 	text_4: autoDraw = False
16.7674 	EXP 	target_image: autoDraw = False
16.7674 	EXP 	text: color = 'orange (named)'
16.7674 	EXP 	text: autoDraw = True
17.0648 	EXP 	text: autoDraw = False
17.0648 	EXP 	text_5: color = 'orange (named)'
17.0648 	EXP 	probe_image: pos = array([-0.17295,  0.     ])
17.0648 	EXP 	probe_image: size = array([0.17295, 0.17295])
17.0648 	EXP 	probe_image: image = 'Stimuli/f15.png'
17.0648 	EXP 	text_5: autoDraw = True
17.0648 	EXP 	probe_image: autoDraw = True
17.2011 	DATA 	Keypress: f
17.2673 	EXP 	text_5: autoDraw = False
17.2673 	EXP 	probe_image: autoDraw = False
17.2673 	EXP 	text_2: color = 'orange (named)'
17.2673 	EXP 	text_2: autoDraw = True
17.8363 	EXP 	New trial (rep=2, index=0): None
17.8465 	DATA 	Keypress: f
17.8667 	EXP 	text_2: autoDraw = False
17.8667 	EXP 	text_4: color = 'orange (named)'
17.8667 	EXP 	target_image: pos = array([0.17295, 0.     ])
17.8667 	EXP 	target_image: size = array([0.17295, 0.17295])
17.8667 	EXP 	target_image: image = 'Stimuli/f24.png'
17.8667 	EXP 	text_4: autoDraw = True
17.8667 	EXP 	target_image: autoDraw = True
18.0673 	EXP 	text_4: autoDraw = False
18.0673 	EXP 	target_image: autoDraw = False
18.0673 	EXP 	text: color = 'orange (named)'
18.0673 	EXP 	text: autoDraw = True
18.2863 	DATA 	Keypress: j
18.3645 	EXP 	text: autoDraw = False
18.3645 	EXP 	text_5: color = 'orange (named)'
18.3645 	EXP 	probe_image: pos = array([0.17295, 0.     ])
18.3645 	EXP 	probe_image: size = array([0.17295, 0.17295])
18.3645 	EXP 	probe_image: image = 'Stimuli/f131.png'
18.3645 	EXP 	text_5: autoDraw = True
18.3645 	EXP 	probe_image: autoDraw = True
18.5672 	EXP 	text_5: autoDraw = False
18.5672 	EXP 	probe_image: autoDraw = False
18.5672 	EXP 	text_2: color = 'orange (named)'
18.5672 	EXP 	text_2: autoDraw = True
18.6694 	EXP 	New trial (rep=3, index=0): None
18.6782 	DATA 	Keypress: f
18.6997 	EXP 	text_2: autoDraw = False
18.6997 	EXP 	text_4: color = 'orange (named)'
18.6997 	EXP 	target_image: pos = array([-0.17295,  0.     ])
18.6997 	EXP 	target_image: size = array([0.17295, 0.17295])
18.6997 	EXP 	target_image: image = 'Stimuli/f142.png'
18.6997 	EXP 	text_4: autoDraw = True
18.6997 	EXP 	target_image: autoDraw = True
18.8867 	DATA 	Keypress: j
18.8983 	EXP 	text_4: autoDraw = False
18.8983 	EXP 	target_image: autoDraw = False
18.8983 	EXP 	text: color = 'orange (named)'
18.8983 	EXP 	text: autoDraw = True
19.1979 	EXP 	text: autoDraw = False
19.1979 	EXP 	text_5: color = 'orange (named)'
19.1979 	EXP 	probe_image: pos = array([-0.17295,  0.     ])
19.1979 	EXP 	probe_image: size = array([0.17295, 0.17295])
19.1979 	EXP 	probe_image: image = 'Stimuli/f24.png'
19.1979 	EXP 	text_5: autoDraw = True
19.1979 	EXP 	probe_image: autoDraw = True
19.3172 	DATA 	Keypress: f
19.3982 	EXP 	text_5: autoDraw = False
19.3982 	EXP 	probe_image: autoDraw = False
19.3982 	EXP 	text_2: color = 'orange (named)'
19.3982 	EXP 	text_2: autoDraw = True
19.5530 	EXP 	New trial (rep=4, index=0): None
19.5608 	DATA 	Keypress: j
19.5643 	EXP 	text_2: autoDraw = False
19.5643 	EXP 	text_4: color = 'orange (named)'
19.5643 	EXP 	target_image: pos = array([0.17295, 0.     ])
19.5643 	EXP 	target_image: size = array([0.17295, 0.17295])
19.5643 	EXP 	target_image: image = 'Stimuli/f131.png'
19.5643 	EXP 	text_4: autoDraw = True
19.5643 	EXP 	target_image: autoDraw = True
19.7646 	EXP 	text_4: autoDraw = False
19.7646 	EXP 	target_image: autoDraw = False
19.7646 	EXP 	text_4: autoDraw = False
19.7646 	EXP 	target_image: autoDraw = False
19.7646 	EXP 	text: color = 'orange (named)'
19.7646 	EXP 	text: autoDraw = True
19.9005 	DATA 	Keypress: f
20.0363 	DATA 	Keypress: space
20.0650 	EXP 	text: autoDraw = False
20.0650 	EXP 	text: autoDraw = False
20.0650 	EXP 	text_5: color = 'orange (named)'
20.0650 	EXP 	probe_image: pos = array([0.17295, 0.     ])
20.0650 	EXP 	probe_image: size = array([0.17295, 0.17295])
20.0650 	EXP 	probe_image: image = 'Stimuli/f131.png'
20.0650 	EXP 	text_5: autoDraw = True
20.0650 	EXP 	probe_image: autoDraw = True
20.2671 	EXP 	text_5: autoDraw = False
20.2671 	EXP 	probe_image: autoDraw = False
20.2671 	EXP 	text_5: autoDraw = False
20.2671 	EXP 	probe_image: autoDraw = False
20.2671 	EXP 	text_2: color = 'orange (named)'
20.2671 	EXP 	text_2: autoDraw = True
20.4996 	DATA 	Keypress: space
20.8338 	EXP 	New trial (rep=5, index=0): None
20.8413 	DATA 	Keypress: j
20.8477 	EXP 	text_2: autoDraw = False
20.8477 	EXP 	text_4: color = 'orange (named)'
20.8477 	EXP 	target_image: pos = array([0.17295, 0.     ])
20.8477 	EXP 	target_image: size = array([0.17295, 0.17295])
20.8477 	EXP 	target_image: image = 'Stimuli/f15.png'
20.8477 	EXP 	text_4: autoDraw = True
20.8477 	EXP 	target_image: autoDraw = True
21.0480 	EXP 	text_4: autoDraw = False
21.0480 	EXP 	target_image: autoDraw = False
21.0480 	EXP 	text: color = 'orange (named)'
21.0480 	EXP 	text: autoDraw = True
21.2330 	DATA 	Keypress: escape
21.3481 	EXP 	text: autoDraw = False
21.3481 	EXP 	text: autoDraw = False
21.3481 	EXP 	text_5: color = 'orange (named)'
21.3481 	EXP 	probe_image: pos = array([0.17295, 0.     ])
21.3481 	EXP 	probe_image: size = array([0.17295, 0.17295])
21.3481 	EXP 	probe_image: image = 'Stimuli/f15.png'
21.3481 	EXP 	text_5: autoDraw = True
21.3481 	EXP 	probe_image: autoDraw = True
21.5483 	EXP 	text_5: autoDraw = False
21.5483 	EXP 	probe_image: autoDraw = False
21.5483 	EXP 	text_2: color = 'orange (named)'
21.5483 	EXP 	text_2: autoDraw = True
23.1666 	DATA 	Mouse: Left button down, pos=(780,535)
23.2833 	DATA 	Mouse:  Left button up, pos=(780,535)
23.3855 	DATA 	Keypress: escape
23.8099 	EXP 	window1: mouseVisible = True
23.8100 	DEBUG 	Saving data for configural_featural ExperimentHandler
23.8107 	INFO 	saved data to /Users/sophia/Documents/PycharmProjects/Configural_Featural_Study/data/code_configural_featural_2020_Oct_25_2125.psydat
23.8115 	INFO 	saved data to '/Users/sophia/Documents/PycharmProjects/Configural_Featural_Study/data/code_configural_featural_2020_Oct_25_2125.csv'
0.2315 	WARNING 	We strongly recommend you activate the PTB sound engine in PsychoPy prefs as the preferred audio engine. Its timing is vastly superior. Your prefs are currently set to use ['sounddevice', 'PTB', 'pyo', 'pygame'] (in that order).
6.3669 	INFO 	Loaded monitor calibration from ['2020_09_20 15:42']
8.5639 	WARNING 	Couldn't measure a consistent frame rate.
  - Is your graphics card set to sync to vertical blank?
  - Are you running other processes on your computer?

8.5644 	EXP 	Created window1 = Window(allowGUI=False, allowStencil=False, args=UNKNOWN, autoLog=True, bitsMode=UNKNOWN, blendMode='avg', bpc=(8, 8, 8), color=array([0., 0., 0.]), colorSpace='rgb', depthBits=8, fullscr=<method-wrapper '__getattribute__' of attributeSetter object at 0x154333b00>, gamma=None, gammaErrorPolicy='raise', kwargs=UNKNOWN, lms=UNKNOWN, monitor=<psychopy.monitors.calibTools.Monitor object at 0x156196da0>, multiSample=False, name='window1', numSamples=2, pos=[448.0, 280.0], screen=0, size=array([3584, 2240]), stencilBits=0, stereo=False, units='height', useFBO=True, useRetina=True, viewOri=0.0, viewPos=None, viewScale=None, waitBlanking=True, winType='pyglet')
8.5647 	EXP 	window1: mouseVisible = True
8.5647 	EXP 	window1: recordFrameIntervals = False
8.7304 	EXP 	window1: recordFrameIntervals = True
10.3990 	WARNING 	Couldn't measure a consistent frame rate.
  - Is your graphics card set to sync to vertical blank?
  - Are you running other processes on your computer?

10.8412 	EXP 	Created text_top = TextStim(__class__=<class 'psychopy.visual.text.TextStim'>, alignHoriz=method-wrapper(...), alignText='center', alignVert=method-wrapper(...), anchorHoriz='center', anchorVert='center', antialias=True, autoLog=True, bold=False, color='black', colorSpace='named', contrast=1.0, depth=-3.0, flipHoriz=False, flipVert=False, font='Arial', fontFiles=[], height=0.05, italic=False, languageStyle='LTR', name='text_top', opacity=1.0, ori=0, pos=array([0. , 0.3]), rgb=array([0., 0., 0.]), text=str(...), units='height', win=Window(...), wrapWidth=1)
10.8469 	EXP 	Created text_bottom = TextStim(__class__=<class 'psychopy.visual.text.TextStim'>, alignHoriz=method-wrapper(...), alignText='center', alignVert=method-wrapper(...), anchorHoriz='center', anchorVert='center', antialias=True, autoLog=True, bold=False, color='black', colorSpace='named', contrast=1.0, depth=-4.0, flipHoriz=False, flipVert=False, font='Arial', fontFiles=[], height=0.05, italic=False, languageStyle='LTR', name='text_bottom', opacity=1.0, ori=0, pos=array([ 0. , -0.3]), rgb=array([0., 0., 0.]), text='Press Space when you’re finished', units='height', win=Window(...), wrapWidth=1)
10.8568 	EXP 	Created ccimage = ImageStim(__class__=<class 'psychopy.visual.image.ImageStim'>, autoLog=True, color=array([1., 1., 1.]), colorSpace='rgb', contrast=1.0, depth=-5.0, flipHoriz=False, flipVert=False, image='bankcard.png', interpolate=True, mask=None, maskParams=None, name='ccimage', opacity=1.0, ori=0.0, pos=array([0., 0.]), size=array([0.428 , 0.2699]), texRes=512, units='height', win=Window(...))
10.8581 	EXP 	Created instructions_image = ImageStim(__class__=<class 'psychopy.visual.image.ImageStim'>, autoLog=True, color=array([1., 1., 1.]), colorSpace='rgb', contrast=1.0, depth=-1.0, flipHoriz=False, flipVert=False, image='sin', interpolate=True, mask=None, maskParams=None, name='instructions_image', opacity=1.0, ori=0.0, pos=array([0., 0.]), size=array([1.125, 0.75 ]), texRes=512, units='height', win=Window(...))
11.2510 	EXP 	Created text_4 = TextStim(__class__=<class 'psychopy.visual.text.TextStim'>, alignHoriz=method-wrapper(...), alignText='center', alignVert=method-wrapper(...), anchorHoriz='center', anchorVert='center', antialias=True, autoLog=True, bold=False, color='white', colorSpace='named', contrast=1.0, depth=-1.0, flipHoriz=False, flipVert=False, font='Arial', fontFiles=[], height=0.05, italic=False, languageStyle='LTR', name='text_4', opacity=1.0, ori=0, pos=array([0., 0.]), rgb=array([255., 255., 255.]), text='+', units='height', win=Window(...), wrapWidth=1)
11.2524 	EXP 	Created target_image = ImageStim(__class__=<class 'psychopy.visual.image.ImageStim'>, autoLog=True, color=array([1., 1., 1.]), colorSpace='rgb', contrast=1.0, depth=-2.0, flipHoriz=False, flipVert=False, image='sin', interpolate=True, mask=None, maskParams=None, name='target_image', opacity=1.0, ori=0.0, pos=array([0., 0.]), size=array([1., 1.]), texRes=512, units='height', win=Window(...))
11.6441 	EXP 	Created text = TextStim(__class__=<class 'psychopy.visual.text.TextStim'>, alignHoriz=method-wrapper(...), alignText='center', alignVert=method-wrapper(...), anchorHoriz='center', anchorVert='center', antialias=True, autoLog=True, bold=False, color='white', colorSpace='named', contrast=1.0, depth=0.0, flipHoriz=False, flipVert=False, font='Arial', fontFiles=[], height=0.05, italic=False, languageStyle='LTR', name='text', opacity=1.0, ori=0, pos=array([0., 0.]), rgb=array([255., 255., 255.]), text='+', units='height', win=Window(...), wrapWidth=1)
12.0331 	EXP 	Created text_5 = TextStim(__class__=<class 'psychopy.visual.text.TextStim'>, alignHoriz=method-wrapper(...), alignText='center', alignVert=method-wrapper(...), anchorHoriz='center', anchorVert='center', antialias=True, autoLog=True, bold=False, color='white', colorSpace='named', contrast=1.0, depth=-1.0, flipHoriz=False, flipVert=False, font='Arial', fontFiles=[], height=0.05, italic=False, languageStyle='LTR', name='text_5', opacity=1.0, ori=0, pos=array([0., 0.]), rgb=array([255., 255., 255.]), text='+', units='height', win=Window(...), wrapWidth=1)
12.0343 	EXP 	Created probe_image = ImageStim(__class__=<class 'psychopy.visual.image.ImageStim'>, autoLog=True, color=array([1., 1., 1.]), colorSpace='rgb', contrast=1.0, depth=-2.0, flipHoriz=False, flipVert=False, image='sin', interpolate=True, mask=None, maskParams=None, name='probe_image', opacity=1.0, ori=0.0, pos=array([0., 0.]), size=array([1., 1.]), texRes=512, units='height', win=Window(...))
12.4205 	EXP 	Created text_2 = TextStim(__class__=<class 'psychopy.visual.text.TextStim'>, alignHoriz=method-wrapper(...), alignText='center', alignVert=method-wrapper(...), anchorHoriz='center', anchorVert='center', antialias=True, autoLog=True, bold=False, color='white', colorSpace='named', contrast=1.0, depth=0.0, flipHoriz=False, flipVert=False, font='Arial', fontFiles=[], height=0.05, italic=False, languageStyle='LTR', name='text_2', opacity=1.0, ori=0, pos=array([0., 0.]), rgb=array([255., 255., 255.]), text='+', units='height', win=Window(...), wrapWidth=1)
13.2304 	EXP 	Created allDone = TextStim(__class__=<class 'psychopy.visual.text.TextStim'>, alignHoriz=method-wrapper(...), alignText='center', alignVert=method-wrapper(...), anchorHoriz='center', anchorVert='center', antialias=True, autoLog=True, bold=False, color='black', colorSpace='named', contrast=1.0, depth=0.0, flipHoriz=False, flipVert=False, font='Arial', fontFiles=[], height=0.1, italic=False, languageStyle='LTR', name='allDone', opacity=1.0, ori=0, pos=array([0., 0.]), rgb=array([0., 0., 0.]), text='You are all done. Thank you!', units='height', win=Window(...), wrapWidth=1)
13.2606 	WARNING 	t of last frame was 2861.84ms (=1/0)
13.2606 	EXP 	text_top: autoDraw = True
13.2606 	EXP 	text_bottom: autoDraw = True
13.2606 	EXP 	ccimage: autoDraw = True
13.2819 	WARNING 	t of last frame was 21.26ms (=1/47)
15.3666 	DATA 	Keypress: space
15.3727 	DEBUG 	Read csv file with pandas: Designs/design3.csv
15.3751 	DEBUG 	Clearing unnamed columns from Designs/design3.csv
15.3754 	EXP 	Imported Designs/design3.csv as conditions, 4 conditions, 2 params
15.3757 	EXP 	Created sequence: sequential, trialTypes=4, nReps=1, seed=None
15.3760 	EXP 	New trial (rep=0, index=0): OrderedDict([('Block_type', 'conf_haus'), ('instruction_text', 'Designs/instructions_haus_1234.png')])
15.4273 	WARNING 	t of last frame was 64.19ms (=1/15)
15.4273 	EXP 	ccimage: size = [0.42800000000000005, 0.2699]
15.4273 	EXP 	text_top: autoDraw = False
15.4273 	EXP 	text_bottom: autoDraw = False
15.4273 	EXP 	ccimage: autoDraw = False
15.4273 	EXP 	instructions_image: image = 'Designs/instructions_haus_5678.png'
15.4273 	EXP 	instructions_image: autoDraw = True
15.4483 	WARNING 	t of last frame was 20.96ms (=1/47)
16.3691 	DATA 	Keypress: space
16.9640 	EXP 	Created sequence: sequential, trialTypes=1, nReps=48, seed=None
16.9645 	EXP 	New trial (rep=0, index=0): None
16.9710 	DATA 	Keypress: space
16.9800 	EXP 	instructions_image: autoDraw = False
16.9800 	EXP 	text_4: color = 'orange (named)'
16.9800 	EXP 	target_image: pos = array([0.17295, 0.     ])
16.9800 	EXP 	target_image: size = array([0.17295, 0.17295])
16.9800 	EXP 	target_image: image = 'Stimuli/H-8sim3.png'
16.9800 	EXP 	text_4: autoDraw = True
16.9800 	EXP 	target_image: autoDraw = True
17.1803 	EXP 	text_4: autoDraw = False
17.1803 	EXP 	target_image: autoDraw = False
17.1803 	EXP 	text: color = 'orange (named)'
17.1803 	EXP 	text: autoDraw = True
17.4798 	EXP 	text: autoDraw = False
17.4798 	EXP 	text_5: color = 'orange (named)'
17.4798 	EXP 	probe_image: pos = array([0.17295, 0.     ])
17.4798 	EXP 	probe_image: size = array([0.17295, 0.17295])
17.4798 	EXP 	probe_image: image = 'Stimuli/H-8sim0.png'
17.4798 	EXP 	text_5: autoDraw = True
17.4798 	EXP 	probe_image: autoDraw = True
17.6803 	EXP 	text_5: autoDraw = False
17.6803 	EXP 	probe_image: autoDraw = False
17.6803 	EXP 	text_5: autoDraw = False
17.6803 	EXP 	probe_image: autoDraw = False
17.6803 	EXP 	text_2: color = 'orange (named)'
17.6803 	EXP 	text_2: autoDraw = True
18.3322 	EXP 	New trial (rep=1, index=0): None
18.3371 	DATA 	Keypress: f
18.3470 	EXP 	text_2: autoDraw = False
18.3470 	EXP 	text_4: color = 'orange (named)'
18.3470 	EXP 	target_image: pos = array([0.17295, 0.     ])
18.3470 	EXP 	target_image: size = array([0.17295, 0.17295])
18.3470 	EXP 	target_image: image = 'Stimuli/H-8sim1.png'
18.3470 	EXP 	text_4: autoDraw = True
18.3470 	EXP 	target_image: autoDraw = True
18.5496 	EXP 	text_4: autoDraw = False
18.5496 	EXP 	target_image: autoDraw = False
18.5496 	EXP 	text_4: autoDraw = False
18.5496 	EXP 	target_image: autoDraw = False
18.5496 	EXP 	text: color = 'orange (named)'
18.5496 	EXP 	text: autoDraw = True
18.8471 	EXP 	text: autoDraw = False
18.8471 	EXP 	text_5: color = 'orange (named)'
18.8471 	EXP 	probe_image: pos = array([0.17295, 0.     ])
18.8471 	EXP 	probe_image: size = array([0.17295, 0.17295])
18.8471 	EXP 	probe_image: image = 'Stimuli/H-8sim3.png'
18.8471 	EXP 	text_5: autoDraw = True
18.8471 	EXP 	probe_image: autoDraw = True
19.0343 	DATA 	Keypress: j
19.0470 	EXP 	text_5: autoDraw = False
19.0470 	EXP 	probe_image: autoDraw = False
19.0470 	EXP 	text_2: color = 'orange (named)'
19.0470 	EXP 	text_2: autoDraw = True
19.3653 	EXP 	New trial (rep=2, index=0): None
19.3698 	DATA 	Keypress: j
19.3803 	EXP 	text_2: autoDraw = False
19.3803 	EXP 	text_4: color = 'orange (named)'
19.3803 	EXP 	target_image: pos = array([-0.17295,  0.     ])
19.3803 	EXP 	target_image: size = array([0.17295, 0.17295])
19.3803 	EXP 	target_image: image = 'Stimuli/H-8sim2.png'
19.3803 	EXP 	text_4: autoDraw = True
19.3803 	EXP 	target_image: autoDraw = True
19.5805 	EXP 	text_4: autoDraw = False
19.5805 	EXP 	target_image: autoDraw = False
19.5805 	EXP 	text_4: autoDraw = False
19.5805 	EXP 	target_image: autoDraw = False
19.5805 	EXP 	text: color = 'orange (named)'
19.5805 	EXP 	text: autoDraw = True
19.7349 	DATA 	Keypress: f
19.8802 	EXP 	text: autoDraw = False
19.8802 	EXP 	text: autoDraw = False
19.8802 	EXP 	text_5: color = 'orange (named)'
19.8802 	EXP 	probe_image: pos = array([-0.17295,  0.     ])
19.8802 	EXP 	probe_image: size = array([0.17295, 0.17295])
19.8802 	EXP 	probe_image: image = 'Stimuli/H-8sim2.png'
19.8802 	EXP 	text_5: autoDraw = True
19.8802 	EXP 	probe_image: autoDraw = True
20.0674 	DATA 	Keypress: j
20.0803 	EXP 	text_5: autoDraw = False
20.0803 	EXP 	probe_image: autoDraw = False
20.0803 	EXP 	text_2: color = 'orange (named)'
20.0803 	EXP 	text_2: autoDraw = True
20.7005 	EXP 	New trial (rep=3, index=0): None
20.7044 	DATA 	Keypress: f
20.7136 	EXP 	text_2: autoDraw = False
20.7136 	EXP 	text_4: color = 'orange (named)'
20.7136 	EXP 	target_image: pos = array([-0.17295,  0.     ])
20.7136 	EXP 	target_image: size = array([0.17295, 0.17295])
20.7136 	EXP 	target_image: image = 'Stimuli/H-8sim0.png'
20.7136 	EXP 	text_4: autoDraw = True
20.7136 	EXP 	target_image: autoDraw = True
20.7328 	DATA 	Keypress: j
20.9162 	EXP 	text_4: autoDraw = False
20.9162 	EXP 	target_image: autoDraw = False
20.9162 	EXP 	text_4: autoDraw = False
20.9162 	EXP 	target_image: autoDraw = False
20.9162 	EXP 	text: color = 'orange (named)'
20.9162 	EXP 	text: autoDraw = True
21.1843 	DATA 	Keypress: escape
21.2304 	EXP 	text: autoDraw = False
21.2304 	EXP 	text_5: color = 'orange (named)'
21.2304 	EXP 	probe_image: pos = array([-0.17295,  0.     ])
21.2304 	EXP 	probe_image: size = array([0.17295, 0.17295])
21.2304 	EXP 	probe_image: image = 'Stimuli/H-8sim3.png'
21.2304 	EXP 	text_5: autoDraw = True
21.2304 	EXP 	probe_image: autoDraw = True
21.4302 	EXP 	text_5: autoDraw = False
21.4302 	EXP 	probe_image: autoDraw = False
21.4302 	EXP 	text_2: color = 'orange (named)'
21.4302 	EXP 	text_2: autoDraw = True
21.4822 	WARNING 	Multiple dropped frames have occurred - I'll stop bothering you about them!
21.8842 	DATA 	Mouse: Left button down, pos=(780,587)
21.9843 	DATA 	Mouse:  Left button up, pos=(780,587)
22.0853 	DATA 	Keypress: escape
22.5234 	EXP 	window1: mouseVisible = True
22.5235 	DEBUG 	Saving data for configural_featural ExperimentHandler
22.5250 	INFO 	saved data to /Users/sophia/Documents/PycharmProjects/Configural_Featural_Study/data/code_configural_featural_2020_Oct_25_2125_1.psydat
22.5264 	INFO 	saved data to '/Users/sophia/Documents/PycharmProjects/Configural_Featural_Study/data/code_configural_featural_2020_Oct_25_2125_1.csv'
0.2345 	WARNING 	We strongly recommend you activate the PTB sound engine in PsychoPy prefs as the preferred audio engine. Its timing is vastly superior. Your prefs are currently set to use ['sounddevice', 'PTB', 'pyo', 'pygame'] (in that order).
5.9428 	INFO 	Loaded monitor calibration from ['2020_09_20 15:42']
8.1685 	WARNING 	Couldn't measure a consistent frame rate.
  - Is your graphics card set to sync to vertical blank?
  - Are you running other processes on your computer?

8.1690 	EXP 	Created window1 = Window(allowGUI=False, allowStencil=False, args=UNKNOWN, autoLog=True, bitsMode=UNKNOWN, blendMode='avg', bpc=(8, 8, 8), color=array([0., 0., 0.]), colorSpace='rgb', depthBits=8, fullscr=<method-wrapper '__getattribute__' of attributeSetter object at 0x154b34b38>, gamma=None, gammaErrorPolicy='raise', kwargs=UNKNOWN, lms=UNKNOWN, monitor=<psychopy.monitors.calibTools.Monitor object at 0x156719208>, multiSample=False, name='window1', numSamples=2, pos=[448.0, 280.0], screen=0, size=array([3584, 2240]), stencilBits=0, stereo=False, units='height', useFBO=True, useRetina=True, viewOri=0.0, viewPos=None, viewScale=None, waitBlanking=True, winType='pyglet')
8.1692 	EXP 	window1: mouseVisible = True
8.1693 	EXP 	window1: recordFrameIntervals = False
8.3349 	EXP 	window1: recordFrameIntervals = True
10.0017 	WARNING 	Couldn't measure a consistent frame rate.
  - Is your graphics card set to sync to vertical blank?
  - Are you running other processes on your computer?

10.4613 	EXP 	Created text_top = TextStim(__class__=<class 'psychopy.visual.text.TextStim'>, alignHoriz=method-wrapper(...), alignText='center', alignVert=method-wrapper(...), anchorHoriz='center', anchorVert='center', antialias=True, autoLog=True, bold=False, color='black', colorSpace='named', contrast=1.0, depth=-3.0, flipHoriz=False, flipVert=False, font='Arial', fontFiles=[], height=0.05, italic=False, languageStyle='LTR', name='text_top', opacity=1.0, ori=0, pos=array([0. , 0.3]), rgb=array([0., 0., 0.]), text=str(...), units='height', win=Window(...), wrapWidth=1)
10.4669 	EXP 	Created text_bottom = TextStim(__class__=<class 'psychopy.visual.text.TextStim'>, alignHoriz=method-wrapper(...), alignText='center', alignVert=method-wrapper(...), anchorHoriz='center', anchorVert='center', antialias=True, autoLog=True, bold=False, color='black', colorSpace='named', contrast=1.0, depth=-4.0, flipHoriz=False, flipVert=False, font='Arial', fontFiles=[], height=0.05, italic=False, languageStyle='LTR', name='text_bottom', opacity=1.0, ori=0, pos=array([ 0. , -0.3]), rgb=array([0., 0., 0.]), text='Press Space when you’re finished', units='height', win=Window(...), wrapWidth=1)
10.4770 	EXP 	Created ccimage = ImageStim(__class__=<class 'psychopy.visual.image.ImageStim'>, autoLog=True, color=array([1., 1., 1.]), colorSpace='rgb', contrast=1.0, depth=-5.0, flipHoriz=False, flipVert=False, image='bankcard.png', interpolate=True, mask=None, maskParams=None, name='ccimage', opacity=1.0, ori=0.0, pos=array([0., 0.]), size=array([0.428 , 0.2699]), texRes=512, units='height', win=Window(...))
10.4784 	EXP 	Created instructions_image = ImageStim(__class__=<class 'psychopy.visual.image.ImageStim'>, autoLog=True, color=array([1., 1., 1.]), colorSpace='rgb', contrast=1.0, depth=-1.0, flipHoriz=False, flipVert=False, image='sin', interpolate=True, mask=None, maskParams=None, name='instructions_image', opacity=1.0, ori=0.0, pos=array([0., 0.]), size=array([1.125, 0.75 ]), texRes=512, units='height', win=Window(...))
10.8807 	EXP 	Created text_4 = TextStim(__class__=<class 'psychopy.visual.text.TextStim'>, alignHoriz=method-wrapper(...), alignText='center', alignVert=method-wrapper(...), anchorHoriz='center', anchorVert='center', antialias=True, autoLog=True, bold=False, color='white', colorSpace='named', contrast=1.0, depth=-1.0, flipHoriz=False, flipVert=False, font='Arial', fontFiles=[], height=0.05, italic=False, languageStyle='LTR', name='text_4', opacity=1.0, ori=0, pos=array([0., 0.]), rgb=array([255., 255., 255.]), text='+', units='height', win=Window(...), wrapWidth=1)
10.8821 	EXP 	Created target_image = ImageStim(__class__=<class 'psychopy.visual.image.ImageStim'>, autoLog=True, color=array([1., 1., 1.]), colorSpace='rgb', contrast=1.0, depth=-2.0, flipHoriz=False, flipVert=False, image='sin', interpolate=True, mask=None, maskParams=None, name='target_image', opacity=1.0, ori=0.0, pos=array([0., 0.]), size=array([1., 1.]), texRes=512, units='height', win=Window(...))
11.2847 	EXP 	Created text = TextStim(__class__=<class 'psychopy.visual.text.TextStim'>, alignHoriz=method-wrapper(...), alignText='center', alignVert=method-wrapper(...), anchorHoriz='center', anchorVert='center', antialias=True, autoLog=True, bold=False, color='white', colorSpace='named', contrast=1.0, depth=0.0, flipHoriz=False, flipVert=False, font='Arial', fontFiles=[], height=0.05, italic=False, languageStyle='LTR', name='text', opacity=1.0, ori=0, pos=array([0., 0.]), rgb=array([255., 255., 255.]), text='+', units='height', win=Window(...), wrapWidth=1)
11.6892 	EXP 	Created text_5 = TextStim(__class__=<class 'psychopy.visual.text.TextStim'>, alignHoriz=method-wrapper(...), alignText='center', alignVert=method-wrapper(...), anchorHoriz='center', anchorVert='center', antialias=True, autoLog=True, bold=False, color='white', colorSpace='named', contrast=1.0, depth=-1.0, flipHoriz=False, flipVert=False, font='Arial', fontFiles=[], height=0.05, italic=False, languageStyle='LTR', name='text_5', opacity=1.0, ori=0, pos=array([0., 0.]), rgb=array([255., 255., 255.]), text='+', units='height', win=Window(...), wrapWidth=1)
11.6905 	EXP 	Created probe_image = ImageStim(__class__=<class 'psychopy.visual.image.ImageStim'>, autoLog=True, color=array([1., 1., 1.]), colorSpace='rgb', contrast=1.0, depth=-2.0, flipHoriz=False, flipVert=False, image='sin', interpolate=True, mask=None, maskParams=None, name='probe_image', opacity=1.0, ori=0.0, pos=array([0., 0.]), size=array([1., 1.]), texRes=512, units='height', win=Window(...))
12.0925 	EXP 	Created text_2 = TextStim(__class__=<class 'psychopy.visual.text.TextStim'>, alignHoriz=method-wrapper(...), alignText='center', alignVert=method-wrapper(...), anchorHoriz='center', anchorVert='center', antialias=True, autoLog=True, bold=False, color='white', colorSpace='named', contrast=1.0, depth=0.0, flipHoriz=False, flipVert=False, font='Arial', fontFiles=[], height=0.05, italic=False, languageStyle='LTR', name='text_2', opacity=1.0, ori=0, pos=array([0., 0.]), rgb=array([255., 255., 255.]), text='+', units='height', win=Window(...), wrapWidth=1)
12.8979 	EXP 	Created allDone = TextStim(__class__=<class 'psychopy.visual.text.TextStim'>, alignHoriz=method-wrapper(...), alignText='center', alignVert=method-wrapper(...), anchorHoriz='center', anchorVert='center', antialias=True, autoLog=True, bold=False, color='black', colorSpace='named', contrast=1.0, depth=0.0, flipHoriz=False, flipVert=False, font='Arial', fontFiles=[], height=0.1, italic=False, languageStyle='LTR', name='allDone', opacity=1.0, ori=0, pos=array([0., 0.]), rgb=array([0., 0., 0.]), text='You are all done. Thank you!', units='height', win=Window(...), wrapWidth=1)
12.9283 	WARNING 	t of last frame was 2926.76ms (=1/0)
12.9283 	EXP 	text_top: autoDraw = True
12.9283 	EXP 	text_bottom: autoDraw = True
12.9283 	EXP 	ccimage: autoDraw = True
12.9674 	WARNING 	t of last frame was 39.11ms (=1/25)
12.9918 	WARNING 	t of last frame was 24.40ms (=1/40)
14.3690 	DATA 	Keypress: space
14.3750 	DEBUG 	Read csv file with pandas: Designs/design4.csv
14.3773 	DEBUG 	Clearing unnamed columns from Designs/design4.csv
14.3777 	EXP 	Imported Designs/design4.csv as conditions, 4 conditions, 2 params
14.3779 	EXP 	Created sequence: sequential, trialTypes=4, nReps=1, seed=None
14.3782 	EXP 	New trial (rep=0, index=0): OrderedDict([('Block_type', 'feat_haus'), ('instruction_text', 'Designs/instructions_haus_1234.png')])
14.4301 	WARNING 	t of last frame was 64.39ms (=1/15)
14.4301 	EXP 	ccimage: size = [0.42800000000000005, 0.2699]
14.4301 	EXP 	text_top: autoDraw = False
14.4301 	EXP 	text_bottom: autoDraw = False
14.4301 	EXP 	ccimage: autoDraw = False
14.4301 	EXP 	instructions_image: image = 'Designs/instructions_haus_5678.png'
14.4301 	EXP 	instructions_image: autoDraw = True
14.4516 	WARNING 	Multiple dropped frames have occurred - I'll stop bothering you about them!
15.6495 	EXP 	Created sequence: sequential, trialTypes=1, nReps=48, seed=None
15.6500 	EXP 	New trial (rep=0, index=0): None
15.6579 	DATA 	Keypress: space
15.6656 	EXP 	instructions_image: autoDraw = False
15.6656 	EXP 	text_4: color = 'orange (named)'
15.6656 	EXP 	target_image: pos = array([0.17295, 0.     ])
15.6656 	EXP 	target_image: size = array([0.17295, 0.17295])
15.6656 	EXP 	target_image: image = 'Stimuli/H8sim0.png'
15.6656 	EXP 	text_4: autoDraw = True
15.6656 	EXP 	target_image: autoDraw = True
15.8662 	EXP 	text_4: autoDraw = False
15.8662 	EXP 	target_image: autoDraw = False
15.8662 	EXP 	text: color = 'orange (named)'
15.8662 	EXP 	text: autoDraw = True
16.1663 	EXP 	text: autoDraw = False
16.1663 	EXP 	text_5: color = 'orange (named)'
16.1663 	EXP 	probe_image: pos = array([0.17295, 0.     ])
16.1663 	EXP 	probe_image: size = array([0.17295, 0.17295])
16.1663 	EXP 	probe_image: image = 'Stimuli/H8sim0.png'
16.1663 	EXP 	text_5: autoDraw = True
16.1663 	EXP 	probe_image: autoDraw = True
16.3663 	EXP 	text_5: autoDraw = False
16.3663 	EXP 	probe_image: autoDraw = False
16.3663 	EXP 	text_2: color = 'orange (named)'
16.3663 	EXP 	text_2: autoDraw = True
16.6201 	DATA 	Keypress: space
17.1890 	EXP 	New trial (rep=1, index=0): None
17.1953 	DATA 	Keypress: j
17.1991 	EXP 	text_2: autoDraw = False
17.1991 	EXP 	text_4: color = 'orange (named)'
17.1991 	EXP 	target_image: pos = array([0.17295, 0.     ])
17.1991 	EXP 	target_image: size = array([0.17295, 0.17295])
17.1991 	EXP 	target_image: image = 'Stimuli/H7sim0.png'
17.1991 	EXP 	text_4: autoDraw = True
17.1991 	EXP 	target_image: autoDraw = True
17.2012 	DATA 	Keypress: f
17.4018 	EXP 	text_4: autoDraw = False
17.4018 	EXP 	target_image: autoDraw = False
17.4018 	EXP 	text_4: autoDraw = False
17.4018 	EXP 	target_image: autoDraw = False
17.4018 	EXP 	text: color = 'orange (named)'
17.4018 	EXP 	text: autoDraw = True
17.6718 	DATA 	Keypress: j
17.7165 	EXP 	text: autoDraw = False
17.7165 	EXP 	text_5: color = 'orange (named)'
17.7165 	EXP 	probe_image: pos = array([0.17295, 0.     ])
17.7165 	EXP 	probe_image: size = array([0.17295, 0.17295])
17.7165 	EXP 	probe_image: image = 'Stimuli/H7sim0.png'
17.7165 	EXP 	text_5: autoDraw = True
17.7165 	EXP 	probe_image: autoDraw = True
17.8716 	DATA 	Keypress: j
17.9166 	EXP 	text_5: autoDraw = False
17.9166 	EXP 	probe_image: autoDraw = False
17.9166 	EXP 	text_2: color = 'orange (named)'
17.9166 	EXP 	text_2: autoDraw = True
18.2180 	EXP 	New trial (rep=2, index=0): None
18.2220 	DATA 	Keypress: f
18.2333 	EXP 	text_2: autoDraw = False
18.2333 	EXP 	text_4: color = 'orange (named)'
18.2333 	EXP 	target_image: pos = array([0.17295, 0.     ])
18.2333 	EXP 	target_image: size = array([0.17295, 0.17295])
18.2333 	EXP 	target_image: image = 'Stimuli/H7sim0.png'
18.2333 	EXP 	text_4: autoDraw = True
18.2333 	EXP 	target_image: autoDraw = True
18.4358 	EXP 	text_4: autoDraw = False
18.4358 	EXP 	target_image: autoDraw = False
18.4358 	EXP 	text_4: autoDraw = False
18.4358 	EXP 	target_image: autoDraw = False
18.4358 	EXP 	text: color = 'orange (named)'
18.4358 	EXP 	text: autoDraw = True
18.5700 	DATA 	Keypress: j
18.7334 	EXP 	text: autoDraw = False
18.7334 	EXP 	text_5: color = 'orange (named)'
18.7334 	EXP 	probe_image: pos = array([0.17295, 0.     ])
18.7334 	EXP 	probe_image: size = array([0.17295, 0.17295])
18.7334 	EXP 	probe_image: image = 'Stimuli/H8sim0.png'
18.7334 	EXP 	text_5: autoDraw = True
18.7334 	EXP 	probe_image: autoDraw = True
18.8873 	DATA 	Keypress: f
18.9332 	EXP 	text_5: autoDraw = False
18.9332 	EXP 	probe_image: autoDraw = False
18.9332 	EXP 	text_2: color = 'orange (named)'
18.9332 	EXP 	text_2: autoDraw = True
19.2372 	EXP 	New trial (rep=3, index=0): None
19.2411 	DATA 	Keypress: j
19.2497 	EXP 	text_2: autoDraw = False
19.2497 	EXP 	text_4: color = 'orange (named)'
19.2497 	EXP 	target_image: pos = array([0.17295, 0.     ])
19.2497 	EXP 	target_image: size = array([0.17295, 0.17295])
19.2497 	EXP 	target_image: image = 'Stimuli/H7sim0.png'
19.2497 	EXP 	text_4: autoDraw = True
19.2497 	EXP 	target_image: autoDraw = True
19.4499 	EXP 	text_4: autoDraw = False
19.4499 	EXP 	target_image: autoDraw = False
19.4499 	EXP 	text_4: autoDraw = False
19.4499 	EXP 	target_image: autoDraw = False
19.4499 	EXP 	text: color = 'orange (named)'
19.4499 	EXP 	text: autoDraw = True
19.5365 	DATA 	Keypress: f
19.7500 	EXP 	text: autoDraw = False
19.7500 	EXP 	text: autoDraw = False
19.7500 	EXP 	text_5: color = 'orange (named)'
19.7500 	EXP 	probe_image: pos = array([0.17295, 0.     ])
19.7500 	EXP 	probe_image: size = array([0.17295, 0.17295])
19.7500 	EXP 	probe_image: image = 'Stimuli/H5sim0.png'
19.7500 	EXP 	text_5: autoDraw = True
19.7500 	EXP 	probe_image: autoDraw = True
19.9204 	DATA 	Keypress: j
19.9526 	EXP 	text_5: autoDraw = False
19.9526 	EXP 	probe_image: autoDraw = False
19.9526 	EXP 	text_5: autoDraw = False
19.9526 	EXP 	probe_image: autoDraw = False
19.9526 	EXP 	text_2: color = 'orange (named)'
19.9526 	EXP 	text_2: autoDraw = True
20.6685 	EXP 	New trial (rep=4, index=0): None
20.6726 	DATA 	Keypress: j
20.6833 	EXP 	text_2: autoDraw = False
20.6833 	EXP 	text_4: color = 'orange (named)'
20.6833 	EXP 	target_image: pos = array([0.17295, 0.     ])
20.6833 	EXP 	target_image: size = array([0.17295, 0.17295])
20.6833 	EXP 	target_image: image = 'Stimuli/H5sim0.png'
20.6833 	EXP 	text_4: autoDraw = True
20.6833 	EXP 	target_image: autoDraw = True
20.8833 	EXP 	text_4: autoDraw = False
20.8833 	EXP 	target_image: autoDraw = False
20.8833 	EXP 	text: color = 'orange (named)'
20.8833 	EXP 	text: autoDraw = True
20.9184 	DATA 	Keypress: f
21.1832 	EXP 	text: autoDraw = False
21.1832 	EXP 	text_5: color = 'orange (named)'
21.1832 	EXP 	probe_image: pos = array([0.17295, 0.     ])
21.1832 	EXP 	probe_image: size = array([0.17295, 0.17295])
21.1832 	EXP 	probe_image: image = 'Stimuli/H8sim0.png'
21.1832 	EXP 	text_5: autoDraw = True
21.1832 	EXP 	probe_image: autoDraw = True
21.2378 	DATA 	Keypress: j
21.3833 	EXP 	text_5: autoDraw = False
21.3833 	EXP 	probe_image: autoDraw = False
21.3833 	EXP 	text_5: autoDraw = False
21.3833 	EXP 	probe_image: autoDraw = False
21.3833 	EXP 	text_2: color = 'orange (named)'
21.3833 	EXP 	text_2: autoDraw = True
21.5547 	EXP 	New trial (rep=5, index=0): None
21.5597 	DATA 	Keypress: f
21.5663 	EXP 	text_2: autoDraw = False
21.5663 	EXP 	text_4: color = 'orange (named)'
21.5663 	EXP 	target_image: pos = array([0.17295, 0.     ])
21.5663 	EXP 	target_image: size = array([0.17295, 0.17295])
21.5663 	EXP 	target_image: image = 'Stimuli/H5sim0.png'
21.5663 	EXP 	text_4: autoDraw = True
21.5663 	EXP 	target_image: autoDraw = True
21.7690 	EXP 	text_4: autoDraw = False
21.7690 	EXP 	target_image: autoDraw = False
21.7690 	EXP 	text_4: autoDraw = False
21.7690 	EXP 	target_image: autoDraw = False
21.7690 	EXP 	text: color = 'orange (named)'
21.7690 	EXP 	text: autoDraw = True
21.8875 	DATA 	Keypress: j
22.0560 	DATA 	Keypress: f
22.0667 	EXP 	text: autoDraw = False
22.0667 	EXP 	text: autoDraw = False
22.0667 	EXP 	text_5: color = 'orange (named)'
22.0667 	EXP 	probe_image: pos = array([0.17295, 0.     ])
22.0667 	EXP 	probe_image: size = array([0.17295, 0.17295])
22.0667 	EXP 	probe_image: image = 'Stimuli/H5sim0.png'
22.0667 	EXP 	text_5: autoDraw = True
22.0667 	EXP 	probe_image: autoDraw = True
22.2665 	EXP 	text_5: autoDraw = False
22.2665 	EXP 	probe_image: autoDraw = False
22.2665 	EXP 	text_5: autoDraw = False
22.2665 	EXP 	probe_image: autoDraw = False
22.2665 	EXP 	text_2: color = 'orange (named)'
22.2665 	EXP 	text_2: autoDraw = True
22.4202 	EXP 	New trial (rep=6, index=0): None
22.4242 	DATA 	Keypress: j
22.4331 	EXP 	text_2: autoDraw = False
22.4331 	EXP 	text_4: color = 'orange (named)'
22.4331 	EXP 	target_image: pos = array([-0.17295,  0.     ])
22.4331 	EXP 	target_image: size = array([0.17295, 0.17295])
22.4331 	EXP 	target_image: image = 'Stimuli/H8sim0.png'
22.4331 	EXP 	text_4: autoDraw = True
22.4331 	EXP 	target_image: autoDraw = True
22.5718 	DATA 	Keypress: f
22.6333 	EXP 	text_4: autoDraw = False
22.6333 	EXP 	target_image: autoDraw = False
22.6333 	EXP 	text_4: autoDraw = False
22.6333 	EXP 	target_image: autoDraw = False
22.6333 	EXP 	text: color = 'orange (named)'
22.6333 	EXP 	text: autoDraw = True
22.8870 	DATA 	Keypress: j
22.9334 	EXP 	text: autoDraw = False
22.9334 	EXP 	text: autoDraw = False
22.9334 	EXP 	text_5: color = 'orange (named)'
22.9334 	EXP 	probe_image: pos = array([-0.17295,  0.     ])
22.9334 	EXP 	probe_image: size = array([0.17295, 0.17295])
22.9334 	EXP 	probe_image: image = 'Stimuli/H5sim0.png'
22.9334 	EXP 	text_5: autoDraw = True
22.9334 	EXP 	probe_image: autoDraw = True
23.1348 	EXP 	text_5: autoDraw = False
23.1348 	EXP 	probe_image: autoDraw = False
23.1348 	EXP 	text_5: autoDraw = False
23.1348 	EXP 	probe_image: autoDraw = False
23.1348 	EXP 	text_2: color = 'orange (named)'
23.1348 	EXP 	text_2: autoDraw = True
23.2518 	EXP 	New trial (rep=7, index=0): None
23.2569 	DATA 	Keypress: f
23.2664 	EXP 	text_2: autoDraw = False
23.2664 	EXP 	text_4: color = 'orange (named)'
23.2664 	EXP 	target_image: pos = array([0.17295, 0.     ])
23.2664 	EXP 	target_image: size = array([0.17295, 0.17295])
23.2664 	EXP 	target_image: image = 'Stimuli/H6sim0.png'
23.2664 	EXP 	text_4: autoDraw = True
23.2664 	EXP 	target_image: autoDraw = True
23.4667 	EXP 	text_4: autoDraw = False
23.4667 	EXP 	target_image: autoDraw = False
23.4667 	EXP 	text: color = 'orange (named)'
23.4667 	EXP 	text: autoDraw = True
23.5535 	DATA 	Keypress: f
23.6212 	DATA 	Keypress: j
23.7667 	EXP 	text: autoDraw = False
23.7667 	EXP 	text_5: color = 'orange (named)'
23.7667 	EXP 	probe_image: pos = array([0.17295, 0.     ])
23.7667 	EXP 	probe_image: size = array([0.17295, 0.17295])
23.7667 	EXP 	probe_image: image = 'Stimuli/H6sim0.png'
23.7667 	EXP 	text_5: autoDraw = True
23.7667 	EXP 	probe_image: autoDraw = True
23.9665 	EXP 	text_5: autoDraw = False
23.9665 	EXP 	probe_image: autoDraw = False
23.9665 	EXP 	text_2: color = 'orange (named)'
23.9665 	EXP 	text_2: autoDraw = True
24.2355 	EXP 	New trial (rep=8, index=0): None
24.2396 	DATA 	Keypress: j
24.2500 	EXP 	text_2: autoDraw = False
24.2500 	EXP 	text_4: color = 'orange (named)'
24.2500 	EXP 	target_image: pos = array([-0.17295,  0.     ])
24.2500 	EXP 	target_image: size = array([0.17295, 0.17295])
24.2500 	EXP 	target_image: image = 'Stimuli/H7sim0.png'
24.2500 	EXP 	text_4: autoDraw = True
24.2500 	EXP 	target_image: autoDraw = True
24.4499 	EXP 	text_4: autoDraw = False
24.4499 	EXP 	target_image: autoDraw = False
24.4499 	EXP 	text: color = 'orange (named)'
24.4499 	EXP 	text: autoDraw = True
24.6043 	DATA 	Keypress: f
24.6705 	DATA 	Keypress: j
24.7500 	EXP 	text: autoDraw = False
24.7500 	EXP 	text: autoDraw = False
24.7500 	EXP 	text_5: color = 'orange (named)'
24.7500 	EXP 	probe_image: pos = array([-0.17295,  0.     ])
24.7500 	EXP 	probe_image: size = array([0.17295, 0.17295])
24.7500 	EXP 	probe_image: image = 'Stimuli/H7sim0.png'
24.7500 	EXP 	text_5: autoDraw = True
24.7500 	EXP 	probe_image: autoDraw = True
24.9500 	EXP 	text_5: autoDraw = False
24.9500 	EXP 	probe_image: autoDraw = False
24.9500 	EXP 	text_2: color = 'orange (named)'
24.9500 	EXP 	text_2: autoDraw = True
25.1206 	EXP 	New trial (rep=9, index=0): None
25.1247 	DATA 	Keypress: f
25.1331 	EXP 	text_2: autoDraw = False
25.1331 	EXP 	text_4: color = 'orange (named)'
25.1331 	EXP 	target_image: pos = array([-0.17295,  0.     ])
25.1331 	EXP 	target_image: size = array([0.17295, 0.17295])
25.1331 	EXP 	target_image: image = 'Stimuli/H8sim0.png'
25.1331 	EXP 	text_4: autoDraw = True
25.1331 	EXP 	target_image: autoDraw = True
25.2547 	DATA 	Keypress: j
25.3334 	EXP 	text_4: autoDraw = False
25.3334 	EXP 	target_image: autoDraw = False
25.3334 	EXP 	text_4: autoDraw = False
25.3334 	EXP 	target_image: autoDraw = False
25.3334 	EXP 	text: color = 'orange (named)'
25.3334 	EXP 	text: autoDraw = True
25.5868 	DATA 	Keypress: f
25.6334 	EXP 	text: autoDraw = False
25.6334 	EXP 	text: autoDraw = False
25.6334 	EXP 	text_5: color = 'orange (named)'
25.6334 	EXP 	probe_image: pos = array([-0.17295,  0.     ])
25.6334 	EXP 	probe_image: size = array([0.17295, 0.17295])
25.6334 	EXP 	probe_image: image = 'Stimuli/H8sim0.png'
25.6334 	EXP 	text_5: autoDraw = True
25.6334 	EXP 	probe_image: autoDraw = True
25.8333 	EXP 	text_5: autoDraw = False
25.8333 	EXP 	probe_image: autoDraw = False
25.8333 	EXP 	text_5: autoDraw = False
25.8333 	EXP 	probe_image: autoDraw = False
25.8333 	EXP 	text_2: color = 'orange (named)'
25.8333 	EXP 	text_2: autoDraw = True
25.9349 	EXP 	New trial (rep=10, index=0): None
25.9393 	DATA 	Keypress: j
25.9499 	EXP 	text_2: autoDraw = False
25.9499 	EXP 	text_4: color = 'orange (named)'
25.9499 	EXP 	target_image: pos = array([-0.17295,  0.     ])
25.9499 	EXP 	target_image: size = array([0.17295, 0.17295])
25.9499 	EXP 	target_image: image = 'Stimuli/H7sim0.png'
25.9499 	EXP 	text_4: autoDraw = True
25.9499 	EXP 	target_image: autoDraw = True
25.9851 	DATA 	Keypress: f
26.1497 	EXP 	text_4: autoDraw = False
26.1497 	EXP 	target_image: autoDraw = False
26.1497 	EXP 	text: color = 'orange (named)'
26.1497 	EXP 	text: autoDraw = True
26.1523 	DATA 	Keypress: j
26.4499 	EXP 	text: autoDraw = False
26.4499 	EXP 	text: autoDraw = False
26.4499 	EXP 	text_5: color = 'orange (named)'
26.4499 	EXP 	probe_image: pos = array([-0.17295,  0.     ])
26.4499 	EXP 	probe_image: size = array([0.17295, 0.17295])
26.4499 	EXP 	probe_image: image = 'Stimuli/H8sim0.png'
26.4499 	EXP 	text_5: autoDraw = True
26.4499 	EXP 	probe_image: autoDraw = True
26.6203 	DATA 	Keypress: f
26.6526 	EXP 	text_5: autoDraw = False
26.6526 	EXP 	probe_image: autoDraw = False
26.6526 	EXP 	text_5: autoDraw = False
26.6526 	EXP 	probe_image: autoDraw = False
26.6526 	EXP 	text_2: color = 'orange (named)'
26.6526 	EXP 	text_2: autoDraw = True
26.9874 	EXP 	New trial (rep=11, index=0): None
26.9914 	DATA 	Keypress: j
26.9998 	EXP 	text_2: autoDraw = False
26.9998 	EXP 	text_4: color = 'orange (named)'
26.9998 	EXP 	target_image: pos = array([-0.17295,  0.     ])
26.9998 	EXP 	target_image: size = array([0.17295, 0.17295])
26.9998 	EXP 	target_image: image = 'Stimuli/H5sim0.png'
26.9998 	EXP 	text_4: autoDraw = True
26.9998 	EXP 	target_image: autoDraw = True
27.1999 	EXP 	text_4: autoDraw = False
27.1999 	EXP 	target_image: autoDraw = False
27.1999 	EXP 	text_4: autoDraw = False
27.1999 	EXP 	target_image: autoDraw = False
27.1999 	EXP 	text: color = 'orange (named)'
27.1999 	EXP 	text: autoDraw = True
27.3027 	DATA 	Keypress: f
27.4214 	DATA 	Keypress: j
27.4998 	EXP 	text: autoDraw = False
27.4998 	EXP 	text: autoDraw = False
27.4998 	EXP 	text_5: color = 'orange (named)'
27.4998 	EXP 	probe_image: pos = array([-0.17295,  0.     ])
27.4998 	EXP 	probe_image: size = array([0.17295, 0.17295])
27.4998 	EXP 	probe_image: image = 'Stimuli/H8sim0.png'
27.4998 	EXP 	text_5: autoDraw = True
27.4998 	EXP 	probe_image: autoDraw = True
27.7001 	EXP 	text_5: autoDraw = False
27.7001 	EXP 	probe_image: autoDraw = False
27.7001 	EXP 	text_5: autoDraw = False
27.7001 	EXP 	probe_image: autoDraw = False
27.7001 	EXP 	text_2: color = 'orange (named)'
27.7001 	EXP 	text_2: autoDraw = True
27.7712 	EXP 	New trial (rep=12, index=0): None
27.7762 	DATA 	Keypress: f
27.7832 	EXP 	text_2: autoDraw = False
27.7832 	EXP 	text_4: color = 'orange (named)'
27.7832 	EXP 	target_image: pos = array([0.17295, 0.     ])
27.7832 	EXP 	target_image: size = array([0.17295, 0.17295])
27.7832 	EXP 	target_image: image = 'Stimuli/H8sim0.png'
27.7832 	EXP 	text_4: autoDraw = True
27.7832 	EXP 	target_image: autoDraw = True
27.9387 	DATA 	Keypress: j
27.9835 	EXP 	text_4: autoDraw = False
27.9835 	EXP 	target_image: autoDraw = False
27.9835 	EXP 	text_4: autoDraw = False
27.9835 	EXP 	target_image: autoDraw = False
27.9835 	EXP 	text: color = 'orange (named)'
27.9835 	EXP 	text: autoDraw = True
28.2513 	DATA 	Keypress: f
28.2833 	EXP 	text: autoDraw = False
28.2833 	EXP 	text: autoDraw = False
28.2833 	EXP 	text_5: color = 'orange (named)'
28.2833 	EXP 	probe_image: pos = array([0.17295, 0.     ])
28.2833 	EXP 	probe_image: size = array([0.17295, 0.17295])
28.2833 	EXP 	probe_image: image = 'Stimuli/H8sim0.png'
28.2833 	EXP 	text_5: autoDraw = True
28.2833 	EXP 	probe_image: autoDraw = True
28.4833 	EXP 	text_5: autoDraw = False
28.4833 	EXP 	probe_image: autoDraw = False
28.4833 	EXP 	text_5: autoDraw = False
28.4833 	EXP 	probe_image: autoDraw = False
28.4833 	EXP 	text_2: color = 'orange (named)'
28.4833 	EXP 	text_2: autoDraw = True
28.6372 	EXP 	New trial (rep=13, index=0): None
28.6414 	DATA 	Keypress: j
28.6497 	EXP 	text_2: autoDraw = False
28.6497 	EXP 	text_4: color = 'orange (named)'
28.6497 	EXP 	target_image: pos = array([0.17295, 0.     ])
28.6497 	EXP 	target_image: size = array([0.17295, 0.17295])
28.6497 	EXP 	target_image: image = 'Stimuli/H6sim0.png'
28.6497 	EXP 	text_4: autoDraw = True
28.6497 	EXP 	target_image: autoDraw = True
28.8039 	DATA 	Keypress: f
28.8500 	EXP 	text_4: autoDraw = False
28.8500 	EXP 	target_image: autoDraw = False
28.8500 	EXP 	text_4: autoDraw = False
28.8500 	EXP 	target_image: autoDraw = False
28.8500 	EXP 	text: color = 'orange (named)'
28.8500 	EXP 	text: autoDraw = True
28.9368 	DATA 	Keypress: j
29.1501 	EXP 	text: autoDraw = False
29.1501 	EXP 	text: autoDraw = False
29.1501 	EXP 	text_5: color = 'orange (named)'
29.1501 	EXP 	probe_image: pos = array([0.17295, 0.     ])
29.1501 	EXP 	probe_image: size = array([0.17295, 0.17295])
29.1501 	EXP 	probe_image: image = 'Stimuli/H5sim0.png'
29.1501 	EXP 	text_5: autoDraw = True
29.1501 	EXP 	probe_image: autoDraw = True
29.2864 	DATA 	Keypress: escape
29.3526 	EXP 	text_5: autoDraw = False
29.3526 	EXP 	probe_image: autoDraw = False
29.3526 	EXP 	text_5: autoDraw = False
29.3526 	EXP 	probe_image: autoDraw = False
29.3526 	EXP 	text_2: color = 'orange (named)'
29.3526 	EXP 	text_2: autoDraw = True
29.9017 	DATA 	Mouse: Left button down, pos=(704,554)
30.0367 	DATA 	Mouse:  Left button up, pos=(704,554)
30.1015 	DATA 	Keypress: escape
30.5492 	EXP 	window1: mouseVisible = True
30.5493 	DEBUG 	Saving data for configural_featural ExperimentHandler
30.5510 	INFO 	saved data to /Users/sophia/Documents/PycharmProjects/Configural_Featural_Study/data/code_configural_featural_2020_Oct_25_2125_2.psydat
30.5530 	INFO 	saved data to '/Users/sophia/Documents/PycharmProjects/Configural_Featural_Study/data/code_configural_featural_2020_Oct_25_2125_2.csv'
