0.2295 	WARNING 	We strongly recommend you activate the PTB sound engine in PsychoPy prefs as the preferred audio engine. Its timing is vastly superior. Your prefs are currently set to use ['sounddevice', 'PTB', 'pyo', 'pygame'] (in that order).
6.7702 	INFO 	Loaded monitor calibration from ['2020_09_20 15:42']
8.9827 	WARNING 	Couldn't measure a consistent frame rate.
  - Is your graphics card set to sync to vertical blank?
  - Are you running other processes on your computer?

8.9832 	EXP 	Created window1 = Window(allowGUI=False, allowStencil=False, args=UNKNOWN, autoLog=True, bitsMode=UNKNOWN, blendMode='avg', bpc=(8, 8, 8), color=array([0., 0., 0.]), colorSpace='rgb', depthBits=8, fullscr=<method-wrapper '__getattribute__' of attributeSetter object at 0x154953a90>, gamma=None, gammaErrorPolicy='raise', kwargs=UNKNOWN, lms=UNKNOWN, monitor=<psychopy.monitors.calibTools.Monitor object at 0x15526bf28>, multiSample=False, name='window1', numSamples=2, pos=[448.0, 280.0], screen=0, size=array([3584, 2240]), stencilBits=0, stereo=False, units='height', useFBO=True, useRetina=True, viewOri=0.0, viewPos=None, viewScale=None, waitBlanking=True, winType='pyglet')
8.9834 	EXP 	window1: mouseVisible = True
8.9835 	EXP 	window1: recordFrameIntervals = False
9.1492 	EXP 	window1: recordFrameIntervals = True
10.8161 	WARNING 	Couldn't measure a consistent frame rate.
  - Is your graphics card set to sync to vertical blank?
  - Are you running other processes on your computer?

11.2949 	EXP 	Created text_top = TextStim(__class__=<class 'psychopy.visual.text.TextStim'>, alignHoriz=method-wrapper(...), alignText='center', alignVert=method-wrapper(...), anchorHoriz='center', anchorVert='center', antialias=True, autoLog=True, bold=False, color='black', colorSpace='named', contrast=1.0, depth=-3.0, flipHoriz=False, flipVert=False, font='Arial', fontFiles=[], height=0.05, italic=False, languageStyle='LTR', name='text_top', opacity=1.0, ori=0, pos=array([0. , 0.3]), rgb=array([0., 0., 0.]), text=str(...), units='height', win=Window(...), wrapWidth=1)
11.3012 	EXP 	Created text_bottom = TextStim(__class__=<class 'psychopy.visual.text.TextStim'>, alignHoriz=method-wrapper(...), alignText='center', alignVert=method-wrapper(...), anchorHoriz='center', anchorVert='center', antialias=True, autoLog=True, bold=False, color='black', colorSpace='named', contrast=1.0, depth=-4.0, flipHoriz=False, flipVert=False, font='Arial', fontFiles=[], height=0.05, italic=False, languageStyle='LTR', name='text_bottom', opacity=1.0, ori=0, pos=array([ 0. , -0.3]), rgb=array([0., 0., 0.]), text='Press Space when you’re finished', units='height', win=Window(...), wrapWidth=1)
11.3181 	EXP 	Created ccimage = ImageStim(__class__=<class 'psychopy.visual.image.ImageStim'>, autoLog=True, color=array([1., 1., 1.]), colorSpace='rgb', contrast=1.0, depth=-5.0, flipHoriz=False, flipVert=False, image='bankcard.png', interpolate=True, mask=None, maskParams=None, name='ccimage', opacity=1.0, ori=0.0, pos=array([0., 0.]), size=array([0.428 , 0.2699]), texRes=512, units='height', win=Window(...))
11.3249 	EXP 	Created text_3 = TextStim(__class__=<class 'psychopy.visual.text.TextStim'>, alignHoriz=method-wrapper(...), alignText='center', alignVert=method-wrapper(...), anchorHoriz='center', anchorVert='center', antialias=True, autoLog=True, bold=False, color='black', colorSpace='named', contrast=1.0, depth=-1.0, flipHoriz=False, flipVert=False, font='Arial', fontFiles=[], height=0.1, italic=False, languageStyle='LTR', name='text_3', opacity=1.0, ori=0, pos=array([0., 0.]), rgb=array([0., 0., 0.]), text='default text', units='height', win=Window(...), wrapWidth=1)
11.7034 	EXP 	Created text_4 = TextStim(__class__=<class 'psychopy.visual.text.TextStim'>, alignHoriz=method-wrapper(...), alignText='center', alignVert=method-wrapper(...), anchorHoriz='center', anchorVert='center', antialias=True, autoLog=True, bold=False, color='white', colorSpace='named', contrast=1.0, depth=-1.0, flipHoriz=False, flipVert=False, font='Arial', fontFiles=[], height=0.05, italic=False, languageStyle='LTR', name='text_4', opacity=1.0, ori=0, pos=array([0., 0.]), rgb=array([255., 255., 255.]), text='+', units='height', win=Window(...), wrapWidth=1)
11.7047 	EXP 	Created target_image = ImageStim(__class__=<class 'psychopy.visual.image.ImageStim'>, autoLog=True, color=array([1., 1., 1.]), colorSpace='rgb', contrast=1.0, depth=-2.0, flipHoriz=False, flipVert=False, image='sin', interpolate=True, mask=None, maskParams=None, name='target_image', opacity=1.0, ori=0.0, pos=array([0., 0.]), size=array([1., 1.]), texRes=512, units='height', win=Window(...))
12.0804 	EXP 	Created text = TextStim(__class__=<class 'psychopy.visual.text.TextStim'>, alignHoriz=method-wrapper(...), alignText='center', alignVert=method-wrapper(...), anchorHoriz='center', anchorVert='center', antialias=True, autoLog=True, bold=False, color='white', colorSpace='named', contrast=1.0, depth=0.0, flipHoriz=False, flipVert=False, font='Arial', fontFiles=[], height=0.05, italic=False, languageStyle='LTR', name='text', opacity=1.0, ori=0, pos=array([0., 0.]), rgb=array([255., 255., 255.]), text='+', units='height', win=Window(...), wrapWidth=1)
12.4437 	EXP 	Created text_5 = TextStim(__class__=<class 'psychopy.visual.text.TextStim'>, alignHoriz=method-wrapper(...), alignText='center', alignVert=method-wrapper(...), anchorHoriz='center', anchorVert='center', antialias=True, autoLog=True, bold=False, color='white', colorSpace='named', contrast=1.0, depth=-1.0, flipHoriz=False, flipVert=False, font='Arial', fontFiles=[], height=0.05, italic=False, languageStyle='LTR', name='text_5', opacity=1.0, ori=0, pos=array([0., 0.]), rgb=array([255., 255., 255.]), text='+', units='height', win=Window(...), wrapWidth=1)
12.4449 	EXP 	Created probe_image = ImageStim(__class__=<class 'psychopy.visual.image.ImageStim'>, autoLog=True, color=array([1., 1., 1.]), colorSpace='rgb', contrast=1.0, depth=-2.0, flipHoriz=False, flipVert=False, image='sin', interpolate=True, mask=None, maskParams=None, name='probe_image', opacity=1.0, ori=0.0, pos=array([0., 0.]), size=array([1., 1.]), texRes=512, units='height', win=Window(...))
12.8079 	EXP 	Created text_2 = TextStim(__class__=<class 'psychopy.visual.text.TextStim'>, alignHoriz=method-wrapper(...), alignText='center', alignVert=method-wrapper(...), anchorHoriz='center', anchorVert='center', antialias=True, autoLog=True, bold=False, color='white', colorSpace='named', contrast=1.0, depth=0.0, flipHoriz=False, flipVert=False, font='Arial', fontFiles=[], height=0.05, italic=False, languageStyle='LTR', name='text_2', opacity=1.0, ori=0, pos=array([0., 0.]), rgb=array([255., 255., 255.]), text='+', units='height', win=Window(...), wrapWidth=1)
13.5741 	WARNING 	t of last frame was 2758.18ms (=1/0)
13.5741 	EXP 	text_top: autoDraw = True
13.5741 	EXP 	text_bottom: autoDraw = True
13.5741 	EXP 	ccimage: autoDraw = True
13.5966 	WARNING 	t of last frame was 22.54ms (=1/44)
13.6176 	WARNING 	t of last frame was 21.03ms (=1/47)
14.5220 	DATA 	Keypress: space
14.5276 	DEBUG 	Read csv file with pandas: Designs/design1.csv
14.5310 	DEBUG 	Clearing unnamed columns from Designs/design1.csv
14.5314 	EXP 	Imported Designs/design1.csv as conditions, 4 conditions, 2 params
14.5316 	EXP 	Created sequence: sequential, trialTypes=4, nReps=1, seed=None
14.5319 	EXP 	New trial (rep=0, index=0): OrderedDict([('Block_type', 'conf_face'), ('instruction_text', 'Press S for same or D for different faces. Press <SPACE> to continue.')])
14.5740 	WARNING 	t of last frame was 58.80ms (=1/17)
14.5740 	EXP 	ccimage: size = [0.42800000000000005, 0.2699]
14.5740 	EXP 	text_top: autoDraw = False
14.5740 	EXP 	text_bottom: autoDraw = False
14.5740 	EXP 	ccimage: autoDraw = False
14.5740 	EXP 	text_3: text = 'Press S for same or D for different faces. Press <SPACE> to continue.'
14.5740 	EXP 	text_3: autoDraw = True
14.5966 	WARNING 	Multiple dropped frames have occurred - I'll stop bothering you about them!
15.2891 	DATA 	Keypress: space
17.6859 	EXP 	Created sequence: sequential, trialTypes=1, nReps=48, seed=None
17.6866 	EXP 	New trial (rep=0, index=0): None
17.6997 	DATA 	Keypress: space
17.7161 	EXP 	text_3: autoDraw = False
17.7161 	EXP 	text_4: color = 'pink (named)'
17.7161 	EXP 	target_image: pos = array([0.17295, 0.     ])
17.7161 	EXP 	target_image: size = array([0.17295, 0.17295])
17.7161 	EXP 	target_image: image = 'Stimuli/eomu.png'
17.7161 	EXP 	text_4: autoDraw = True
17.7161 	EXP 	target_image: autoDraw = True
17.9161 	EXP 	text_4: autoDraw = False
17.9161 	EXP 	target_image: autoDraw = False
17.9161 	EXP 	text: color = 'pink (named)'
17.9161 	EXP 	text: autoDraw = True
18.2342 	EXP 	text: autoDraw = False
18.2342 	EXP 	text_5: color = 'pink (named)'
18.2342 	EXP 	probe_image: pos = array([0.17295, 0.     ])
18.2342 	EXP 	probe_image: size = array([0.17295, 0.17295])
18.2342 	EXP 	probe_image: image = 'Stimuli/eumu.png'
18.2342 	EXP 	text_5: autoDraw = True
18.2342 	EXP 	probe_image: autoDraw = True
18.4161 	EXP 	text_5: autoDraw = False
18.4161 	EXP 	probe_image: autoDraw = False
18.4161 	EXP 	text_2: color = 'pink (named)'
18.4161 	EXP 	text_2: autoDraw = True
19.0856 	EXP 	New trial (rep=1, index=0): None
19.0934 	DATA 	Keypress: s
19.0988 	EXP 	text_2: autoDraw = False
19.0988 	EXP 	text_4: color = 'pink (named)'
19.0988 	EXP 	target_image: pos = array([0.17295, 0.     ])
19.0988 	EXP 	target_image: size = array([0.17295, 0.17295])
19.0988 	EXP 	target_image: image = 'Stimuli/edmd.png'
19.0988 	EXP 	text_4: autoDraw = True
19.0988 	EXP 	target_image: autoDraw = True
19.3019 	EXP 	text_4: autoDraw = False
19.3019 	EXP 	target_image: autoDraw = False
19.3019 	EXP 	text_4: autoDraw = False
19.3019 	EXP 	target_image: autoDraw = False
19.3019 	EXP 	text: color = 'pink (named)'
19.3019 	EXP 	text: autoDraw = True
19.6158 	EXP 	text: autoDraw = False
19.6158 	EXP 	text_5: color = 'pink (named)'
19.6158 	EXP 	probe_image: pos = array([0.17295, 0.     ])
19.6158 	EXP 	probe_image: size = array([0.17295, 0.17295])
19.6158 	EXP 	probe_image: image = 'Stimuli/edmd.png'
19.6158 	EXP 	text_5: autoDraw = True
19.6158 	EXP 	probe_image: autoDraw = True
19.8160 	EXP 	text_5: autoDraw = False
19.8160 	EXP 	probe_image: autoDraw = False
19.8160 	EXP 	text_2: color = 'pink (named)'
19.8160 	EXP 	text_2: autoDraw = True
20.0040 	EXP 	New trial (rep=2, index=0): None
20.0126 	DATA 	Keypress: s
20.0345 	EXP 	text_2: autoDraw = False
20.0345 	EXP 	text_4: color = 'pink (named)'
20.0345 	EXP 	target_image: pos = array([-0.17295,  0.     ])
20.0345 	EXP 	target_image: size = array([0.17295, 0.17295])
20.0345 	EXP 	target_image: image = 'Stimuli/eimd.png'
20.0345 	EXP 	text_4: autoDraw = True
20.0345 	EXP 	target_image: autoDraw = True
20.2349 	EXP 	text_4: autoDraw = False
20.2349 	EXP 	target_image: autoDraw = False
20.2349 	EXP 	text: color = 'pink (named)'
20.2349 	EXP 	text: autoDraw = True
20.5327 	EXP 	text: autoDraw = False
20.5327 	EXP 	text_5: color = 'pink (named)'
20.5327 	EXP 	probe_image: pos = array([-0.17295,  0.     ])
20.5327 	EXP 	probe_image: size = array([0.17295, 0.17295])
20.5327 	EXP 	probe_image: image = 'Stimuli/edmd.png'
20.5327 	EXP 	text_5: autoDraw = True
20.5327 	EXP 	probe_image: autoDraw = True
20.7327 	EXP 	text_5: autoDraw = False
20.7327 	EXP 	probe_image: autoDraw = False
20.7327 	EXP 	text_2: color = 'pink (named)'
20.7327 	EXP 	text_2: autoDraw = True
21.4342 	EXP 	New trial (rep=3, index=0): None
21.4415 	DATA 	Keypress: s
21.4491 	EXP 	text_2: autoDraw = False
21.4491 	EXP 	text_4: color = 'pink (named)'
21.4491 	EXP 	target_image: pos = array([-0.17295,  0.     ])
21.4491 	EXP 	target_image: size = array([0.17295, 0.17295])
21.4491 	EXP 	target_image: image = 'Stimuli/eumu.png'
21.4491 	EXP 	text_4: autoDraw = True
21.4491 	EXP 	target_image: autoDraw = True
21.6495 	EXP 	text_4: autoDraw = False
21.6495 	EXP 	target_image: autoDraw = False
21.6495 	EXP 	text: color = 'pink (named)'
21.6495 	EXP 	text: autoDraw = True
21.9493 	EXP 	text: autoDraw = False
21.9493 	EXP 	text: autoDraw = False
21.9493 	EXP 	text_5: color = 'pink (named)'
21.9493 	EXP 	probe_image: pos = array([-0.17295,  0.     ])
21.9493 	EXP 	probe_image: size = array([0.17295, 0.17295])
21.9493 	EXP 	probe_image: image = 'Stimuli/eumu.png'
21.9493 	EXP 	text_5: autoDraw = True
21.9493 	EXP 	probe_image: autoDraw = True
22.1495 	EXP 	text_5: autoDraw = False
22.1495 	EXP 	probe_image: autoDraw = False
22.1495 	EXP 	text_2: color = 'pink (named)'
22.1495 	EXP 	text_2: autoDraw = True
22.3175 	EXP 	New trial (rep=4, index=0): None
22.3246 	DATA 	Keypress: s
22.3324 	EXP 	text_2: autoDraw = False
22.3324 	EXP 	text_4: color = 'pink (named)'
22.3324 	EXP 	target_image: pos = array([0.17295, 0.     ])
22.3324 	EXP 	target_image: size = array([0.17295, 0.17295])
22.3324 	EXP 	target_image: image = 'Stimuli/eimd.png'
22.3324 	EXP 	text_4: autoDraw = True
22.3324 	EXP 	target_image: autoDraw = True
22.5352 	EXP 	text_4: autoDraw = False
22.5352 	EXP 	target_image: autoDraw = False
22.5352 	EXP 	text_4: autoDraw = False
22.5352 	EXP 	target_image: autoDraw = False
22.5352 	EXP 	text: color = 'pink (named)'
22.5352 	EXP 	text: autoDraw = True
22.8492 	EXP 	text: autoDraw = False
22.8492 	EXP 	text_5: color = 'pink (named)'
22.8492 	EXP 	probe_image: pos = array([0.17295, 0.     ])
22.8492 	EXP 	probe_image: size = array([0.17295, 0.17295])
22.8492 	EXP 	probe_image: image = 'Stimuli/eimd.png'
22.8492 	EXP 	text_5: autoDraw = True
22.8492 	EXP 	probe_image: autoDraw = True
23.0326 	EXP 	text_5: autoDraw = False
23.0326 	EXP 	probe_image: autoDraw = False
23.0326 	EXP 	text_2: color = 'pink (named)'
23.0326 	EXP 	text_2: autoDraw = True
23.4865 	EXP 	New trial (rep=5, index=0): None
23.4943 	DATA 	Keypress: s
23.4990 	EXP 	text_2: autoDraw = False
23.4990 	EXP 	text_4: color = 'pink (named)'
23.4990 	EXP 	target_image: pos = array([0.17295, 0.     ])
23.4990 	EXP 	target_image: size = array([0.17295, 0.17295])
23.4990 	EXP 	target_image: image = 'Stimuli/eumu.png'
23.4990 	EXP 	text_4: autoDraw = True
23.4990 	EXP 	target_image: autoDraw = True
23.6994 	EXP 	text_4: autoDraw = False
23.6994 	EXP 	target_image: autoDraw = False
23.6994 	EXP 	text_4: autoDraw = False
23.6994 	EXP 	target_image: autoDraw = False
23.6994 	EXP 	text: color = 'pink (named)'
23.6994 	EXP 	text: autoDraw = True
23.9993 	EXP 	text: autoDraw = False
23.9993 	EXP 	text: autoDraw = False
23.9993 	EXP 	text_5: color = 'pink (named)'
23.9993 	EXP 	probe_image: pos = array([0.17295, 0.     ])
23.9993 	EXP 	probe_image: size = array([0.17295, 0.17295])
23.9993 	EXP 	probe_image: image = 'Stimuli/eomu.png'
23.9993 	EXP 	text_5: autoDraw = True
23.9993 	EXP 	probe_image: autoDraw = True
24.1995 	EXP 	text_5: autoDraw = False
24.1995 	EXP 	probe_image: autoDraw = False
24.1995 	EXP 	text_5: autoDraw = False
24.1995 	EXP 	probe_image: autoDraw = False
24.1995 	EXP 	text_2: color = 'pink (named)'
24.1995 	EXP 	text_2: autoDraw = True
24.5008 	EXP 	New trial (rep=6, index=0): None
24.5084 	DATA 	Keypress: s
24.5159 	EXP 	text_2: autoDraw = False
24.5159 	EXP 	text_4: color = 'pink (named)'
24.5159 	EXP 	target_image: pos = array([-0.17295,  0.     ])
24.5159 	EXP 	target_image: size = array([0.17295, 0.17295])
24.5159 	EXP 	target_image: image = 'Stimuli/edmd.png'
24.5159 	EXP 	text_4: autoDraw = True
24.5159 	EXP 	target_image: autoDraw = True
24.7160 	EXP 	text_4: autoDraw = False
24.7160 	EXP 	target_image: autoDraw = False
24.7160 	EXP 	text: color = 'pink (named)'
24.7160 	EXP 	text: autoDraw = True
25.0157 	EXP 	text: autoDraw = False
25.0157 	EXP 	text_5: color = 'pink (named)'
25.0157 	EXP 	probe_image: pos = array([-0.17295,  0.     ])
25.0157 	EXP 	probe_image: size = array([0.17295, 0.17295])
25.0157 	EXP 	probe_image: image = 'Stimuli/eimd.png'
25.0157 	EXP 	text_5: autoDraw = True
25.0157 	EXP 	probe_image: autoDraw = True
25.2160 	EXP 	text_5: autoDraw = False
25.2160 	EXP 	probe_image: autoDraw = False
25.2160 	EXP 	text_2: color = 'pink (named)'
25.2160 	EXP 	text_2: autoDraw = True
25.5695 	EXP 	New trial (rep=7, index=0): None
25.5766 	DATA 	Keypress: s
25.5828 	EXP 	text_2: autoDraw = False
25.5828 	EXP 	text_4: color = 'pink (named)'
25.5828 	EXP 	target_image: pos = array([0.17295, 0.     ])
25.5828 	EXP 	target_image: size = array([0.17295, 0.17295])
25.5828 	EXP 	target_image: image = 'Stimuli/eomu.png'
25.5828 	EXP 	text_4: autoDraw = True
25.5828 	EXP 	target_image: autoDraw = True
25.7827 	EXP 	text_4: autoDraw = False
25.7827 	EXP 	target_image: autoDraw = False
25.7827 	EXP 	text_4: autoDraw = False
25.7827 	EXP 	target_image: autoDraw = False
25.7827 	EXP 	text: color = 'pink (named)'
25.7827 	EXP 	text: autoDraw = True
26.0827 	EXP 	text: autoDraw = False
26.0827 	EXP 	text: autoDraw = False
26.0827 	EXP 	text_5: color = 'pink (named)'
26.0827 	EXP 	probe_image: pos = array([0.17295, 0.     ])
26.0827 	EXP 	probe_image: size = array([0.17295, 0.17295])
26.0827 	EXP 	probe_image: image = 'Stimuli/eomu.png'
26.0827 	EXP 	text_5: autoDraw = True
26.0827 	EXP 	probe_image: autoDraw = True
26.2827 	EXP 	text_5: autoDraw = False
26.2827 	EXP 	probe_image: autoDraw = False
26.2827 	EXP 	text_5: autoDraw = False
26.2827 	EXP 	probe_image: autoDraw = False
26.2827 	EXP 	text_2: color = 'pink (named)'
26.2827 	EXP 	text_2: autoDraw = True
26.4346 	EXP 	New trial (rep=8, index=0): None
26.4416 	DATA 	Keypress: s
26.4491 	EXP 	text_2: autoDraw = False
26.4491 	EXP 	text_4: color = 'pink (named)'
26.4491 	EXP 	target_image: pos = array([-0.17295,  0.     ])
26.4491 	EXP 	target_image: size = array([0.17295, 0.17295])
26.4491 	EXP 	target_image: image = 'Stimuli/eumu.png'
26.4491 	EXP 	text_4: autoDraw = True
26.4491 	EXP 	target_image: autoDraw = True
26.6495 	EXP 	text_4: autoDraw = False
26.6495 	EXP 	target_image: autoDraw = False
26.6495 	EXP 	text: color = 'pink (named)'
26.6495 	EXP 	text: autoDraw = True
26.9494 	EXP 	text: autoDraw = False
26.9494 	EXP 	text: autoDraw = False
26.9494 	EXP 	text_5: color = 'pink (named)'
26.9494 	EXP 	probe_image: pos = array([-0.17295,  0.     ])
26.9494 	EXP 	probe_image: size = array([0.17295, 0.17295])
26.9494 	EXP 	probe_image: image = 'Stimuli/eomu.png'
26.9494 	EXP 	text_5: autoDraw = True
26.9494 	EXP 	probe_image: autoDraw = True
27.1495 	EXP 	text_5: autoDraw = False
27.1495 	EXP 	probe_image: autoDraw = False
27.1495 	EXP 	text_2: color = 'pink (named)'
27.1495 	EXP 	text_2: autoDraw = True
27.3535 	EXP 	New trial (rep=9, index=0): None
27.3601 	DATA 	Keypress: s
27.3658 	EXP 	text_2: autoDraw = False
27.3658 	EXP 	text_4: color = 'pink (named)'
27.3658 	EXP 	target_image: pos = array([0.17295, 0.     ])
27.3658 	EXP 	target_image: size = array([0.17295, 0.17295])
27.3658 	EXP 	target_image: image = 'Stimuli/eumu.png'
27.3658 	EXP 	text_4: autoDraw = True
27.3658 	EXP 	target_image: autoDraw = True
27.5687 	EXP 	text_4: autoDraw = False
27.5687 	EXP 	target_image: autoDraw = False
27.5687 	EXP 	text_4: autoDraw = False
27.5687 	EXP 	target_image: autoDraw = False
27.5687 	EXP 	text: color = 'pink (named)'
27.5687 	EXP 	text: autoDraw = True
27.8825 	EXP 	text: autoDraw = False
27.8825 	EXP 	text_5: color = 'pink (named)'
27.8825 	EXP 	probe_image: pos = array([0.17295, 0.     ])
27.8825 	EXP 	probe_image: size = array([0.17295, 0.17295])
27.8825 	EXP 	probe_image: image = 'Stimuli/eumu.png'
27.8825 	EXP 	text_5: autoDraw = True
27.8825 	EXP 	probe_image: autoDraw = True
28.0827 	EXP 	text_5: autoDraw = False
28.0827 	EXP 	probe_image: autoDraw = False
28.0827 	EXP 	text_2: color = 'pink (named)'
28.0827 	EXP 	text_2: autoDraw = True
28.2365 	EXP 	New trial (rep=10, index=0): None
28.2439 	DATA 	Keypress: s
28.2488 	EXP 	text_2: autoDraw = False
28.2488 	EXP 	text_4: color = 'pink (named)'
28.2488 	EXP 	target_image: pos = array([0.17295, 0.     ])
28.2488 	EXP 	target_image: size = array([0.17295, 0.17295])
28.2488 	EXP 	target_image: image = 'Stimuli/edmd.png'
28.2488 	EXP 	text_4: autoDraw = True
28.2488 	EXP 	target_image: autoDraw = True
28.4494 	EXP 	text_4: autoDraw = False
28.4494 	EXP 	target_image: autoDraw = False
28.4494 	EXP 	text_4: autoDraw = False
28.4494 	EXP 	target_image: autoDraw = False
28.4494 	EXP 	text: color = 'pink (named)'
28.4494 	EXP 	text: autoDraw = True
28.7491 	EXP 	text: autoDraw = False
28.7491 	EXP 	text: autoDraw = False
28.7491 	EXP 	text_5: color = 'pink (named)'
28.7491 	EXP 	probe_image: pos = array([0.17295, 0.     ])
28.7491 	EXP 	probe_image: size = array([0.17295, 0.17295])
28.7491 	EXP 	probe_image: image = 'Stimuli/edmd.png'
28.7491 	EXP 	text_5: autoDraw = True
28.7491 	EXP 	probe_image: autoDraw = True
28.9521 	EXP 	text_5: autoDraw = False
28.9521 	EXP 	probe_image: autoDraw = False
28.9521 	EXP 	text_5: autoDraw = False
28.9521 	EXP 	probe_image: autoDraw = False
28.9521 	EXP 	text_2: color = 'pink (named)'
28.9521 	EXP 	text_2: autoDraw = True
29.2684 	EXP 	New trial (rep=11, index=0): None
29.2749 	DATA 	Keypress: s
29.2825 	EXP 	text_2: autoDraw = False
29.2825 	EXP 	text_4: color = 'pink (named)'
29.2825 	EXP 	target_image: pos = array([0.17295, 0.     ])
29.2825 	EXP 	target_image: size = array([0.17295, 0.17295])
29.2825 	EXP 	target_image: image = 'Stimuli/eimd.png'
29.2825 	EXP 	text_4: autoDraw = True
29.2825 	EXP 	target_image: autoDraw = True
29.4852 	EXP 	text_4: autoDraw = False
29.4852 	EXP 	target_image: autoDraw = False
29.4852 	EXP 	text_4: autoDraw = False
29.4852 	EXP 	target_image: autoDraw = False
29.4852 	EXP 	text: color = 'pink (named)'
29.4852 	EXP 	text: autoDraw = True
29.7825 	EXP 	text: autoDraw = False
29.7825 	EXP 	text: autoDraw = False
29.7825 	EXP 	text_5: color = 'pink (named)'
29.7825 	EXP 	probe_image: pos = array([0.17295, 0.     ])
29.7825 	EXP 	probe_image: size = array([0.17295, 0.17295])
29.7825 	EXP 	probe_image: image = 'Stimuli/eomu.png'
29.7825 	EXP 	text_5: autoDraw = True
29.7825 	EXP 	probe_image: autoDraw = True
29.9828 	EXP 	text_5: autoDraw = False
29.9828 	EXP 	probe_image: autoDraw = False
29.9828 	EXP 	text_2: color = 'pink (named)'
29.9828 	EXP 	text_2: autoDraw = True
30.2181 	EXP 	New trial (rep=12, index=0): None
30.2259 	DATA 	Keypress: s
30.2324 	EXP 	text_2: autoDraw = False
30.2324 	EXP 	text_4: color = 'pink (named)'
30.2324 	EXP 	target_image: pos = array([0.17295, 0.     ])
30.2324 	EXP 	target_image: size = array([0.17295, 0.17295])
30.2324 	EXP 	target_image: image = 'Stimuli/eumu.png'
30.2324 	EXP 	text_4: autoDraw = True
30.2324 	EXP 	target_image: autoDraw = True
30.4352 	EXP 	text_4: autoDraw = False
30.4352 	EXP 	target_image: autoDraw = False
30.4352 	EXP 	text_4: autoDraw = False
30.4352 	EXP 	target_image: autoDraw = False
30.4352 	EXP 	text: color = 'pink (named)'
30.4352 	EXP 	text: autoDraw = True
30.7326 	EXP 	text: autoDraw = False
30.7326 	EXP 	text_5: color = 'pink (named)'
30.7326 	EXP 	probe_image: pos = array([0.17295, 0.     ])
30.7326 	EXP 	probe_image: size = array([0.17295, 0.17295])
30.7326 	EXP 	probe_image: image = 'Stimuli/eimd.png'
30.7326 	EXP 	text_5: autoDraw = True
30.7326 	EXP 	probe_image: autoDraw = True
30.9351 	EXP 	text_5: autoDraw = False
30.9351 	EXP 	probe_image: autoDraw = False
30.9351 	EXP 	text_5: autoDraw = False
30.9351 	EXP 	probe_image: autoDraw = False
30.9351 	EXP 	text_2: color = 'pink (named)'
30.9351 	EXP 	text_2: autoDraw = True
31.1705 	EXP 	New trial (rep=13, index=0): None
31.1798 	DATA 	Keypress: s
31.2012 	EXP 	text_2: autoDraw = False
31.2012 	EXP 	text_4: color = 'pink (named)'
31.2012 	EXP 	target_image: pos = array([0.17295, 0.     ])
31.2012 	EXP 	target_image: size = array([0.17295, 0.17295])
31.2012 	EXP 	target_image: image = 'Stimuli/eimd.png'
31.2012 	EXP 	text_4: autoDraw = True
31.2012 	EXP 	target_image: autoDraw = True
31.3995 	EXP 	text_4: autoDraw = False
31.3995 	EXP 	target_image: autoDraw = False
31.3995 	EXP 	text: color = 'pink (named)'
31.3995 	EXP 	text: autoDraw = True
31.6995 	EXP 	text: autoDraw = False
31.6995 	EXP 	text_5: color = 'pink (named)'
31.6995 	EXP 	probe_image: pos = array([0.17295, 0.     ])
31.6995 	EXP 	probe_image: size = array([0.17295, 0.17295])
31.6995 	EXP 	probe_image: image = 'Stimuli/eimd.png'
31.6995 	EXP 	text_5: autoDraw = True
31.6995 	EXP 	probe_image: autoDraw = True
31.8994 	EXP 	text_5: autoDraw = False
31.8994 	EXP 	probe_image: autoDraw = False
31.8994 	EXP 	text_2: color = 'pink (named)'
31.8994 	EXP 	text_2: autoDraw = True
32.1508 	EXP 	New trial (rep=14, index=0): None
32.1572 	DATA 	Keypress: s
32.1659 	EXP 	text_2: autoDraw = False
32.1659 	EXP 	text_4: color = 'pink (named)'
32.1659 	EXP 	target_image: pos = array([-0.17295,  0.     ])
32.1659 	EXP 	target_image: size = array([0.17295, 0.17295])
32.1659 	EXP 	target_image: image = 'Stimuli/edmd.png'
32.1659 	EXP 	text_4: autoDraw = True
32.1659 	EXP 	target_image: autoDraw = True
32.3659 	EXP 	text_4: autoDraw = False
32.3659 	EXP 	target_image: autoDraw = False
32.3659 	EXP 	text: color = 'pink (named)'
32.3659 	EXP 	text: autoDraw = True
32.6662 	EXP 	text: autoDraw = False
32.6662 	EXP 	text: autoDraw = False
32.6662 	EXP 	text_5: color = 'pink (named)'
32.6662 	EXP 	probe_image: pos = array([-0.17295,  0.     ])
32.6662 	EXP 	probe_image: size = array([0.17295, 0.17295])
32.6662 	EXP 	probe_image: image = 'Stimuli/edmd.png'
32.6662 	EXP 	text_5: autoDraw = True
32.6662 	EXP 	probe_image: autoDraw = True
32.8660 	EXP 	text_5: autoDraw = False
32.8660 	EXP 	probe_image: autoDraw = False
32.8660 	EXP 	text_5: autoDraw = False
32.8660 	EXP 	probe_image: autoDraw = False
32.8660 	EXP 	text_2: color = 'pink (named)'
32.8660 	EXP 	text_2: autoDraw = True
33.0210 	EXP 	New trial (rep=15, index=0): None
33.0283 	DATA 	Keypress: s
33.0323 	EXP 	text_2: autoDraw = False
33.0323 	EXP 	text_4: color = 'pink (named)'
33.0323 	EXP 	target_image: pos = array([-0.17295,  0.     ])
33.0323 	EXP 	target_image: size = array([0.17295, 0.17295])
33.0323 	EXP 	target_image: image = 'Stimuli/eimd.png'
33.0323 	EXP 	text_4: autoDraw = True
33.0323 	EXP 	target_image: autoDraw = True
33.2329 	EXP 	text_4: autoDraw = False
33.2329 	EXP 	target_image: autoDraw = False
33.2329 	EXP 	text_4: autoDraw = False
33.2329 	EXP 	target_image: autoDraw = False
33.2329 	EXP 	text: color = 'pink (named)'
33.2329 	EXP 	text: autoDraw = True
33.5326 	EXP 	text: autoDraw = False
33.5326 	EXP 	text: autoDraw = False
33.5326 	EXP 	text_5: color = 'pink (named)'
33.5326 	EXP 	probe_image: pos = array([-0.17295,  0.     ])
33.5326 	EXP 	probe_image: size = array([0.17295, 0.17295])
33.5326 	EXP 	probe_image: image = 'Stimuli/eimd.png'
33.5326 	EXP 	text_5: autoDraw = True
33.5326 	EXP 	probe_image: autoDraw = True
33.7329 	EXP 	text_5: autoDraw = False
33.7329 	EXP 	probe_image: autoDraw = False
33.7329 	EXP 	text_5: autoDraw = False
33.7329 	EXP 	probe_image: autoDraw = False
33.7329 	EXP 	text_2: color = 'pink (named)'
33.7329 	EXP 	text_2: autoDraw = True
34.0342 	EXP 	New trial (rep=16, index=0): None
34.0416 	DATA 	Keypress: s
34.0491 	EXP 	text_2: autoDraw = False
34.0491 	EXP 	text_4: color = 'pink (named)'
34.0491 	EXP 	target_image: pos = array([-0.17295,  0.     ])
34.0491 	EXP 	target_image: size = array([0.17295, 0.17295])
34.0491 	EXP 	target_image: image = 'Stimuli/eumu.png'
34.0491 	EXP 	text_4: autoDraw = True
34.0491 	EXP 	target_image: autoDraw = True
34.2518 	EXP 	text_4: autoDraw = False
34.2518 	EXP 	target_image: autoDraw = False
34.2518 	EXP 	text_4: autoDraw = False
34.2518 	EXP 	target_image: autoDraw = False
34.2518 	EXP 	text: color = 'pink (named)'
34.2518 	EXP 	text: autoDraw = True
34.5494 	EXP 	text: autoDraw = False
34.5494 	EXP 	text_5: color = 'pink (named)'
34.5494 	EXP 	probe_image: pos = array([-0.17295,  0.     ])
34.5494 	EXP 	probe_image: size = array([0.17295, 0.17295])
34.5494 	EXP 	probe_image: image = 'Stimuli/edmd.png'
34.5494 	EXP 	text_5: autoDraw = True
34.5494 	EXP 	probe_image: autoDraw = True
34.7494 	EXP 	text_5: autoDraw = False
34.7494 	EXP 	probe_image: autoDraw = False
34.7494 	EXP 	text_2: color = 'pink (named)'
34.7494 	EXP 	text_2: autoDraw = True
34.9042 	EXP 	New trial (rep=17, index=0): None
34.9136 	DATA 	Keypress: s
34.9345 	EXP 	text_2: autoDraw = False
34.9345 	EXP 	text_4: color = 'pink (named)'
34.9345 	EXP 	target_image: pos = array([-0.17295,  0.     ])
34.9345 	EXP 	target_image: size = array([0.17295, 0.17295])
34.9345 	EXP 	target_image: image = 'Stimuli/eumu.png'
34.9345 	EXP 	text_4: autoDraw = True
34.9345 	EXP 	target_image: autoDraw = True
35.1352 	EXP 	text_4: autoDraw = False
35.1352 	EXP 	target_image: autoDraw = False
35.1352 	EXP 	text: color = 'pink (named)'
35.1352 	EXP 	text: autoDraw = True
35.4328 	EXP 	text: autoDraw = False
35.4328 	EXP 	text_5: color = 'pink (named)'
35.4328 	EXP 	probe_image: pos = array([-0.17295,  0.     ])
35.4328 	EXP 	probe_image: size = array([0.17295, 0.17295])
35.4328 	EXP 	probe_image: image = 'Stimuli/eimd.png'
35.4328 	EXP 	text_5: autoDraw = True
35.4328 	EXP 	probe_image: autoDraw = True
35.6326 	EXP 	text_5: autoDraw = False
35.6326 	EXP 	probe_image: autoDraw = False
35.6326 	EXP 	text_2: color = 'pink (named)'
35.6326 	EXP 	text_2: autoDraw = True
35.8021 	EXP 	New trial (rep=18, index=0): None
35.8098 	DATA 	Keypress: s
35.8155 	EXP 	text_2: autoDraw = False
35.8155 	EXP 	text_4: color = 'pink (named)'
35.8155 	EXP 	target_image: pos = array([-0.17295,  0.     ])
35.8155 	EXP 	target_image: size = array([0.17295, 0.17295])
35.8155 	EXP 	target_image: image = 'Stimuli/eomu.png'
35.8155 	EXP 	text_4: autoDraw = True
35.8155 	EXP 	target_image: autoDraw = True
36.0182 	EXP 	text_4: autoDraw = False
36.0182 	EXP 	target_image: autoDraw = False
36.0182 	EXP 	text_4: autoDraw = False
36.0182 	EXP 	target_image: autoDraw = False
36.0182 	EXP 	text: color = 'pink (named)'
36.0182 	EXP 	text: autoDraw = True
36.3327 	EXP 	text: autoDraw = False
36.3327 	EXP 	text_5: color = 'pink (named)'
36.3327 	EXP 	probe_image: pos = array([-0.17295,  0.     ])
36.3327 	EXP 	probe_image: size = array([0.17295, 0.17295])
36.3327 	EXP 	probe_image: image = 'Stimuli/eomu.png'
36.3327 	EXP 	text_5: autoDraw = True
36.3327 	EXP 	probe_image: autoDraw = True
36.5328 	EXP 	text_5: autoDraw = False
36.5328 	EXP 	probe_image: autoDraw = False
36.5328 	EXP 	text_2: color = 'pink (named)'
36.5328 	EXP 	text_2: autoDraw = True
36.7209 	EXP 	New trial (rep=19, index=0): None
36.7286 	DATA 	Keypress: s
36.7325 	EXP 	text_2: autoDraw = False
36.7325 	EXP 	text_4: color = 'pink (named)'
36.7325 	EXP 	target_image: pos = array([0.17295, 0.     ])
36.7325 	EXP 	target_image: size = array([0.17295, 0.17295])
36.7325 	EXP 	target_image: image = 'Stimuli/eumu.png'
36.7325 	EXP 	text_4: autoDraw = True
36.7325 	EXP 	target_image: autoDraw = True
36.9328 	EXP 	text_4: autoDraw = False
36.9328 	EXP 	target_image: autoDraw = False
36.9328 	EXP 	text_4: autoDraw = False
36.9328 	EXP 	target_image: autoDraw = False
36.9328 	EXP 	text: color = 'pink (named)'
36.9328 	EXP 	text: autoDraw = True
37.2326 	EXP 	text: autoDraw = False
37.2326 	EXP 	text: autoDraw = False
37.2326 	EXP 	text_5: color = 'pink (named)'
37.2326 	EXP 	probe_image: pos = array([0.17295, 0.     ])
37.2326 	EXP 	probe_image: size = array([0.17295, 0.17295])
37.2326 	EXP 	probe_image: image = 'Stimuli/eumu.png'
37.2326 	EXP 	text_5: autoDraw = True
37.2326 	EXP 	probe_image: autoDraw = True
37.4329 	EXP 	text_5: autoDraw = False
37.4329 	EXP 	probe_image: autoDraw = False
37.4329 	EXP 	text_5: autoDraw = False
37.4329 	EXP 	probe_image: autoDraw = False
37.4329 	EXP 	text_2: color = 'pink (named)'
37.4329 	EXP 	text_2: autoDraw = True
37.6201 	EXP 	New trial (rep=20, index=0): None
37.6276 	DATA 	Keypress: s
37.6322 	EXP 	text_2: autoDraw = False
37.6322 	EXP 	text_4: color = 'pink (named)'
37.6322 	EXP 	target_image: pos = array([0.17295, 0.     ])
37.6322 	EXP 	target_image: size = array([0.17295, 0.17295])
37.6322 	EXP 	target_image: image = 'Stimuli/edmd.png'
37.6322 	EXP 	text_4: autoDraw = True
37.6322 	EXP 	target_image: autoDraw = True
37.8328 	EXP 	text_4: autoDraw = False
37.8328 	EXP 	target_image: autoDraw = False
37.8328 	EXP 	text_4: autoDraw = False
37.8328 	EXP 	target_image: autoDraw = False
37.8328 	EXP 	text: color = 'pink (named)'
37.8328 	EXP 	text: autoDraw = True
38.1329 	EXP 	text: autoDraw = False
38.1329 	EXP 	text: autoDraw = False
38.1329 	EXP 	text_5: color = 'pink (named)'
38.1329 	EXP 	probe_image: pos = array([0.17295, 0.     ])
38.1329 	EXP 	probe_image: size = array([0.17295, 0.17295])
38.1329 	EXP 	probe_image: image = 'Stimuli/eumu.png'
38.1329 	EXP 	text_5: autoDraw = True
38.1329 	EXP 	probe_image: autoDraw = True
38.3327 	EXP 	text_5: autoDraw = False
38.3327 	EXP 	probe_image: autoDraw = False
38.3327 	EXP 	text_5: autoDraw = False
38.3327 	EXP 	probe_image: autoDraw = False
38.3327 	EXP 	text_2: color = 'pink (named)'
38.3327 	EXP 	text_2: autoDraw = True
38.5199 	EXP 	New trial (rep=21, index=0): None
38.5270 	DATA 	Keypress: s
38.5325 	EXP 	text_2: autoDraw = False
38.5325 	EXP 	text_4: color = 'pink (named)'
38.5325 	EXP 	target_image: pos = array([0.17295, 0.     ])
38.5325 	EXP 	target_image: size = array([0.17295, 0.17295])
38.5325 	EXP 	target_image: image = 'Stimuli/eomu.png'
38.5325 	EXP 	text_4: autoDraw = True
38.5325 	EXP 	target_image: autoDraw = True
38.7329 	EXP 	text_4: autoDraw = False
38.7329 	EXP 	target_image: autoDraw = False
38.7329 	EXP 	text_4: autoDraw = False
38.7329 	EXP 	target_image: autoDraw = False
38.7329 	EXP 	text: color = 'pink (named)'
38.7329 	EXP 	text: autoDraw = True
39.0328 	EXP 	text: autoDraw = False
39.0328 	EXP 	text: autoDraw = False
39.0328 	EXP 	text_5: color = 'pink (named)'
39.0328 	EXP 	probe_image: pos = array([0.17295, 0.     ])
39.0328 	EXP 	probe_image: size = array([0.17295, 0.17295])
39.0328 	EXP 	probe_image: image = 'Stimuli/eomu.png'
39.0328 	EXP 	text_5: autoDraw = True
39.0328 	EXP 	probe_image: autoDraw = True
39.2328 	EXP 	text_5: autoDraw = False
39.2328 	EXP 	probe_image: autoDraw = False
39.2328 	EXP 	text_5: autoDraw = False
39.2328 	EXP 	probe_image: autoDraw = False
39.2328 	EXP 	text_2: color = 'pink (named)'
39.2328 	EXP 	text_2: autoDraw = True
39.4698 	EXP 	New trial (rep=22, index=0): None
39.4766 	DATA 	Keypress: s
39.4824 	EXP 	text_2: autoDraw = False
39.4824 	EXP 	text_4: color = 'pink (named)'
39.4824 	EXP 	target_image: pos = array([-0.17295,  0.     ])
39.4824 	EXP 	target_image: size = array([0.17295, 0.17295])
39.4824 	EXP 	target_image: image = 'Stimuli/eomu.png'
39.4824 	EXP 	text_4: autoDraw = True
39.4824 	EXP 	target_image: autoDraw = True
39.6852 	EXP 	text_4: autoDraw = False
39.6852 	EXP 	target_image: autoDraw = False
39.6852 	EXP 	text_4: autoDraw = False
39.6852 	EXP 	target_image: autoDraw = False
39.6852 	EXP 	text: color = 'pink (named)'
39.6852 	EXP 	text: autoDraw = True
39.9826 	EXP 	text: autoDraw = False
39.9826 	EXP 	text: autoDraw = False
39.9826 	EXP 	text_5: color = 'pink (named)'
39.9826 	EXP 	probe_image: pos = array([-0.17295,  0.     ])
39.9826 	EXP 	probe_image: size = array([0.17295, 0.17295])
39.9826 	EXP 	probe_image: image = 'Stimuli/eimd.png'
39.9826 	EXP 	text_5: autoDraw = True
39.9826 	EXP 	probe_image: autoDraw = True
40.1828 	EXP 	text_5: autoDraw = False
40.1828 	EXP 	probe_image: autoDraw = False
40.1828 	EXP 	text_5: autoDraw = False
40.1828 	EXP 	probe_image: autoDraw = False
40.1828 	EXP 	text_2: color = 'pink (named)'
40.1828 	EXP 	text_2: autoDraw = True
40.3180 	EXP 	New trial (rep=23, index=0): None
40.3248 	DATA 	Keypress: s
40.3326 	EXP 	text_2: autoDraw = False
40.3326 	EXP 	text_4: color = 'pink (named)'
40.3326 	EXP 	target_image: pos = array([-0.17295,  0.     ])
40.3326 	EXP 	target_image: size = array([0.17295, 0.17295])
40.3326 	EXP 	target_image: image = 'Stimuli/eomu.png'
40.3326 	EXP 	text_4: autoDraw = True
40.3326 	EXP 	target_image: autoDraw = True
40.5353 	EXP 	text_4: autoDraw = False
40.5353 	EXP 	target_image: autoDraw = False
40.5353 	EXP 	text_4: autoDraw = False
40.5353 	EXP 	target_image: autoDraw = False
40.5353 	EXP 	text: color = 'pink (named)'
40.5353 	EXP 	text: autoDraw = True
40.8494 	EXP 	text: autoDraw = False
40.8494 	EXP 	text_5: color = 'pink (named)'
40.8494 	EXP 	probe_image: pos = array([-0.17295,  0.     ])
40.8494 	EXP 	probe_image: size = array([0.17295, 0.17295])
40.8494 	EXP 	probe_image: image = 'Stimuli/eumu.png'
40.8494 	EXP 	text_5: autoDraw = True
40.8494 	EXP 	probe_image: autoDraw = True
41.0495 	EXP 	text_5: autoDraw = False
41.0495 	EXP 	probe_image: autoDraw = False
41.0495 	EXP 	text_2: color = 'pink (named)'
41.0495 	EXP 	text_2: autoDraw = True
41.2038 	EXP 	New trial (rep=24, index=0): None
41.2114 	DATA 	Keypress: s
41.2157 	EXP 	text_2: autoDraw = False
41.2157 	EXP 	text_4: color = 'pink (named)'
41.2157 	EXP 	target_image: pos = array([-0.17295,  0.     ])
41.2157 	EXP 	target_image: size = array([0.17295, 0.17295])
41.2157 	EXP 	target_image: image = 'Stimuli/edmd.png'
41.2157 	EXP 	text_4: autoDraw = True
41.2157 	EXP 	target_image: autoDraw = True
41.4186 	EXP 	text_4: autoDraw = False
41.4186 	EXP 	target_image: autoDraw = False
41.4186 	EXP 	text_4: autoDraw = False
41.4186 	EXP 	target_image: autoDraw = False
41.4186 	EXP 	text: color = 'pink (named)'
41.4186 	EXP 	text: autoDraw = True
41.7160 	EXP 	text: autoDraw = False
41.7160 	EXP 	text: autoDraw = False
41.7160 	EXP 	text_5: color = 'pink (named)'
41.7160 	EXP 	probe_image: pos = array([-0.17295,  0.     ])
41.7160 	EXP 	probe_image: size = array([0.17295, 0.17295])
41.7160 	EXP 	probe_image: image = 'Stimuli/eomu.png'
41.7160 	EXP 	text_5: autoDraw = True
41.7160 	EXP 	probe_image: autoDraw = True
41.9161 	EXP 	text_5: autoDraw = False
41.9161 	EXP 	probe_image: autoDraw = False
41.9161 	EXP 	text_5: autoDraw = False
41.9161 	EXP 	probe_image: autoDraw = False
41.9161 	EXP 	text_2: color = 'pink (named)'
41.9161 	EXP 	text_2: autoDraw = True
42.2009 	EXP 	New trial (rep=25, index=0): None
42.2076 	DATA 	Keypress: s
42.2160 	EXP 	text_2: autoDraw = False
42.2160 	EXP 	text_4: color = 'pink (named)'
42.2160 	EXP 	target_image: pos = array([-0.17295,  0.     ])
42.2160 	EXP 	target_image: size = array([0.17295, 0.17295])
42.2160 	EXP 	target_image: image = 'Stimuli/edmd.png'
42.2160 	EXP 	text_4: autoDraw = True
42.2160 	EXP 	target_image: autoDraw = True
42.4164 	EXP 	text_4: autoDraw = False
42.4164 	EXP 	target_image: autoDraw = False
42.4164 	EXP 	text: color = 'pink (named)'
42.4164 	EXP 	text: autoDraw = True
42.7161 	EXP 	text: autoDraw = False
42.7161 	EXP 	text_5: color = 'pink (named)'
42.7161 	EXP 	probe_image: pos = array([-0.17295,  0.     ])
42.7161 	EXP 	probe_image: size = array([0.17295, 0.17295])
42.7161 	EXP 	probe_image: image = 'Stimuli/eumu.png'
42.7161 	EXP 	text_5: autoDraw = True
42.7161 	EXP 	probe_image: autoDraw = True
42.9161 	EXP 	text_5: autoDraw = False
42.9161 	EXP 	probe_image: autoDraw = False
42.9161 	EXP 	text_2: color = 'pink (named)'
42.9161 	EXP 	text_2: autoDraw = True
43.1378 	EXP 	New trial (rep=26, index=0): None
43.1452 	DATA 	Keypress: s
43.1492 	EXP 	text_2: autoDraw = False
43.1492 	EXP 	text_4: color = 'pink (named)'
43.1492 	EXP 	target_image: pos = array([0.17295, 0.     ])
43.1492 	EXP 	target_image: size = array([0.17295, 0.17295])
43.1492 	EXP 	target_image: image = 'Stimuli/edmd.png'
43.1492 	EXP 	text_4: autoDraw = True
43.1492 	EXP 	target_image: autoDraw = True
43.3495 	EXP 	text_4: autoDraw = False
43.3495 	EXP 	target_image: autoDraw = False
43.3495 	EXP 	text_4: autoDraw = False
43.3495 	EXP 	target_image: autoDraw = False
43.3495 	EXP 	text: color = 'pink (named)'
43.3495 	EXP 	text: autoDraw = True
43.6491 	EXP 	text: autoDraw = False
43.6491 	EXP 	text: autoDraw = False
43.6491 	EXP 	text_5: color = 'pink (named)'
43.6491 	EXP 	probe_image: pos = array([0.17295, 0.     ])
43.6491 	EXP 	probe_image: size = array([0.17295, 0.17295])
43.6491 	EXP 	probe_image: image = 'Stimuli/edmd.png'
43.6491 	EXP 	text_5: autoDraw = True
43.6491 	EXP 	probe_image: autoDraw = True
43.8495 	EXP 	text_5: autoDraw = False
43.8495 	EXP 	probe_image: autoDraw = False
43.8495 	EXP 	text_5: autoDraw = False
43.8495 	EXP 	probe_image: autoDraw = False
43.8495 	EXP 	text_2: color = 'pink (named)'
43.8495 	EXP 	text_2: autoDraw = True
44.0210 	EXP 	New trial (rep=27, index=0): None
44.0289 	DATA 	Keypress: s
44.0328 	EXP 	text_2: autoDraw = False
44.0328 	EXP 	text_4: color = 'pink (named)'
44.0328 	EXP 	target_image: pos = array([-0.17295,  0.     ])
44.0328 	EXP 	target_image: size = array([0.17295, 0.17295])
44.0328 	EXP 	target_image: image = 'Stimuli/eomu.png'
44.0328 	EXP 	text_4: autoDraw = True
44.0328 	EXP 	target_image: autoDraw = True
44.2329 	EXP 	text_4: autoDraw = False
44.2329 	EXP 	target_image: autoDraw = False
44.2329 	EXP 	text_4: autoDraw = False
44.2329 	EXP 	target_image: autoDraw = False
44.2329 	EXP 	text: color = 'pink (named)'
44.2329 	EXP 	text: autoDraw = True
44.5329 	EXP 	text: autoDraw = False
44.5329 	EXP 	text: autoDraw = False
44.5329 	EXP 	text_5: color = 'pink (named)'
44.5329 	EXP 	probe_image: pos = array([-0.17295,  0.     ])
44.5329 	EXP 	probe_image: size = array([0.17295, 0.17295])
44.5329 	EXP 	probe_image: image = 'Stimuli/eomu.png'
44.5329 	EXP 	text_5: autoDraw = True
44.5329 	EXP 	probe_image: autoDraw = True
44.7329 	EXP 	text_5: autoDraw = False
44.7329 	EXP 	probe_image: autoDraw = False
44.7329 	EXP 	text_5: autoDraw = False
44.7329 	EXP 	probe_image: autoDraw = False
44.7329 	EXP 	text_2: color = 'pink (named)'
44.7329 	EXP 	text_2: autoDraw = True
44.8354 	EXP 	New trial (rep=28, index=0): None
44.8432 	DATA 	Keypress: s
44.8493 	EXP 	text_2: autoDraw = False
44.8493 	EXP 	text_4: color = 'pink (named)'
44.8493 	EXP 	target_image: pos = array([-0.17295,  0.     ])
44.8493 	EXP 	target_image: size = array([0.17295, 0.17295])
44.8493 	EXP 	target_image: image = 'Stimuli/eimd.png'
44.8493 	EXP 	text_4: autoDraw = True
44.8493 	EXP 	target_image: autoDraw = True
45.0496 	EXP 	text_4: autoDraw = False
45.0496 	EXP 	target_image: autoDraw = False
45.0496 	EXP 	text_4: autoDraw = False
45.0496 	EXP 	target_image: autoDraw = False
45.0496 	EXP 	text: color = 'pink (named)'
45.0496 	EXP 	text: autoDraw = True
45.3494 	EXP 	text: autoDraw = False
45.3494 	EXP 	text: autoDraw = False
45.3494 	EXP 	text_5: color = 'pink (named)'
45.3494 	EXP 	probe_image: pos = array([-0.17295,  0.     ])
45.3494 	EXP 	probe_image: size = array([0.17295, 0.17295])
45.3494 	EXP 	probe_image: image = 'Stimuli/eumu.png'
45.3494 	EXP 	text_5: autoDraw = True
45.3494 	EXP 	probe_image: autoDraw = True
45.5495 	EXP 	text_5: autoDraw = False
45.5495 	EXP 	probe_image: autoDraw = False
45.5495 	EXP 	text_2: color = 'pink (named)'
45.5495 	EXP 	text_2: autoDraw = True
45.7503 	EXP 	New trial (rep=29, index=0): None
45.7552 	DATA 	Keypress: s
45.7656 	EXP 	text_2: autoDraw = False
45.7656 	EXP 	text_4: color = 'pink (named)'
45.7656 	EXP 	target_image: pos = array([-0.17295,  0.     ])
45.7656 	EXP 	target_image: size = array([0.17295, 0.17295])
45.7656 	EXP 	target_image: image = 'Stimuli/edmd.png'
45.7656 	EXP 	text_4: autoDraw = True
45.7656 	EXP 	target_image: autoDraw = True
45.9663 	EXP 	text_4: autoDraw = False
45.9663 	EXP 	target_image: autoDraw = False
45.9663 	EXP 	text_4: autoDraw = False
45.9663 	EXP 	target_image: autoDraw = False
45.9663 	EXP 	text: color = 'pink (named)'
45.9663 	EXP 	text: autoDraw = True
46.2660 	EXP 	text: autoDraw = False
46.2660 	EXP 	text_5: color = 'pink (named)'
46.2660 	EXP 	probe_image: pos = array([-0.17295,  0.     ])
46.2660 	EXP 	probe_image: size = array([0.17295, 0.17295])
46.2660 	EXP 	probe_image: image = 'Stimuli/edmd.png'
46.2660 	EXP 	text_5: autoDraw = True
46.2660 	EXP 	probe_image: autoDraw = True
46.4660 	EXP 	text_5: autoDraw = False
46.4660 	EXP 	probe_image: autoDraw = False
46.4660 	EXP 	text_2: color = 'pink (named)'
46.4660 	EXP 	text_2: autoDraw = True
46.6515 	EXP 	New trial (rep=30, index=0): None
46.6586 	DATA 	Keypress: s
46.6660 	EXP 	text_2: autoDraw = False
46.6660 	EXP 	text_4: color = 'pink (named)'
46.6660 	EXP 	target_image: pos = array([-0.17295,  0.     ])
46.6660 	EXP 	target_image: size = array([0.17295, 0.17295])
46.6660 	EXP 	target_image: image = 'Stimuli/eimd.png'
46.6660 	EXP 	text_4: autoDraw = True
46.6660 	EXP 	target_image: autoDraw = True
46.8687 	EXP 	text_4: autoDraw = False
46.8687 	EXP 	target_image: autoDraw = False
46.8687 	EXP 	text_4: autoDraw = False
46.8687 	EXP 	target_image: autoDraw = False
46.8687 	EXP 	text: color = 'pink (named)'
46.8687 	EXP 	text: autoDraw = True
47.1661 	EXP 	text: autoDraw = False
47.1661 	EXP 	text_5: color = 'pink (named)'
47.1661 	EXP 	probe_image: pos = array([-0.17295,  0.     ])
47.1661 	EXP 	probe_image: size = array([0.17295, 0.17295])
47.1661 	EXP 	probe_image: image = 'Stimuli/eomu.png'
47.1661 	EXP 	text_5: autoDraw = True
47.1661 	EXP 	probe_image: autoDraw = True
47.3662 	EXP 	text_5: autoDraw = False
47.3662 	EXP 	probe_image: autoDraw = False
47.3662 	EXP 	text_2: color = 'pink (named)'
47.3662 	EXP 	text_2: autoDraw = True
47.6011 	EXP 	New trial (rep=31, index=0): None
47.6078 	DATA 	Keypress: s
47.6160 	EXP 	text_2: autoDraw = False
47.6160 	EXP 	text_4: color = 'pink (named)'
47.6160 	EXP 	target_image: pos = array([0.17295, 0.     ])
47.6160 	EXP 	target_image: size = array([0.17295, 0.17295])
47.6160 	EXP 	target_image: image = 'Stimuli/eimd.png'
47.6160 	EXP 	text_4: autoDraw = True
47.6160 	EXP 	target_image: autoDraw = True
47.8163 	EXP 	text_4: autoDraw = False
47.8163 	EXP 	target_image: autoDraw = False
47.8163 	EXP 	text_4: autoDraw = False
47.8163 	EXP 	target_image: autoDraw = False
47.8163 	EXP 	text: color = 'pink (named)'
47.8163 	EXP 	text: autoDraw = True
48.1160 	EXP 	text: autoDraw = False
48.1160 	EXP 	text_5: color = 'pink (named)'
48.1160 	EXP 	probe_image: pos = array([0.17295, 0.     ])
48.1160 	EXP 	probe_image: size = array([0.17295, 0.17295])
48.1160 	EXP 	probe_image: image = 'Stimuli/eimd.png'
48.1160 	EXP 	text_5: autoDraw = True
48.1160 	EXP 	probe_image: autoDraw = True
48.3186 	EXP 	text_5: autoDraw = False
48.3186 	EXP 	probe_image: autoDraw = False
48.3186 	EXP 	text_5: autoDraw = False
48.3186 	EXP 	probe_image: autoDraw = False
48.3186 	EXP 	text_2: color = 'pink (named)'
48.3186 	EXP 	text_2: autoDraw = True
48.5516 	EXP 	New trial (rep=32, index=0): None
48.5586 	DATA 	Keypress: s
48.5661 	EXP 	text_2: autoDraw = False
48.5661 	EXP 	text_4: color = 'pink (named)'
48.5661 	EXP 	target_image: pos = array([-0.17295,  0.     ])
48.5661 	EXP 	target_image: size = array([0.17295, 0.17295])
48.5661 	EXP 	target_image: image = 'Stimuli/eimd.png'
48.5661 	EXP 	text_4: autoDraw = True
48.5661 	EXP 	target_image: autoDraw = True
48.7660 	EXP 	text_4: autoDraw = False
48.7660 	EXP 	target_image: autoDraw = False
48.7660 	EXP 	text_4: autoDraw = False
48.7660 	EXP 	target_image: autoDraw = False
48.7660 	EXP 	text: color = 'pink (named)'
48.7660 	EXP 	text: autoDraw = True
49.0661 	EXP 	text: autoDraw = False
49.0661 	EXP 	text: autoDraw = False
49.0661 	EXP 	text_5: color = 'pink (named)'
49.0661 	EXP 	probe_image: pos = array([-0.17295,  0.     ])
49.0661 	EXP 	probe_image: size = array([0.17295, 0.17295])
49.0661 	EXP 	probe_image: image = 'Stimuli/eimd.png'
49.0661 	EXP 	text_5: autoDraw = True
49.0661 	EXP 	probe_image: autoDraw = True
49.2661 	EXP 	text_5: autoDraw = False
49.2661 	EXP 	probe_image: autoDraw = False
49.2661 	EXP 	text_2: color = 'pink (named)'
49.2661 	EXP 	text_2: autoDraw = True
49.4677 	EXP 	New trial (rep=33, index=0): None
49.4747 	DATA 	Keypress: s
49.4827 	EXP 	text_2: autoDraw = False
49.4827 	EXP 	text_4: color = 'pink (named)'
49.4827 	EXP 	target_image: pos = array([-0.17295,  0.     ])
49.4827 	EXP 	target_image: size = array([0.17295, 0.17295])
49.4827 	EXP 	target_image: image = 'Stimuli/eomu.png'
49.4827 	EXP 	text_4: autoDraw = True
49.4827 	EXP 	target_image: autoDraw = True
49.6829 	EXP 	text_4: autoDraw = False
49.6829 	EXP 	target_image: autoDraw = False
49.6829 	EXP 	text: color = 'pink (named)'
49.6829 	EXP 	text: autoDraw = True
49.9830 	EXP 	text: autoDraw = False
49.9830 	EXP 	text_5: color = 'pink (named)'
49.9830 	EXP 	probe_image: pos = array([-0.17295,  0.     ])
49.9830 	EXP 	probe_image: size = array([0.17295, 0.17295])
49.9830 	EXP 	probe_image: image = 'Stimuli/edmd.png'
49.9830 	EXP 	text_5: autoDraw = True
49.9830 	EXP 	probe_image: autoDraw = True
50.1855 	EXP 	text_5: autoDraw = False
50.1855 	EXP 	probe_image: autoDraw = False
50.1855 	EXP 	text_5: autoDraw = False
50.1855 	EXP 	probe_image: autoDraw = False
50.1855 	EXP 	text_2: color = 'pink (named)'
50.1855 	EXP 	text_2: autoDraw = True
50.3343 	EXP 	New trial (rep=34, index=0): None
50.3416 	DATA 	Keypress: s
50.3493 	EXP 	text_2: autoDraw = False
50.3493 	EXP 	text_4: color = 'pink (named)'
50.3493 	EXP 	target_image: pos = array([-0.17295,  0.     ])
50.3493 	EXP 	target_image: size = array([0.17295, 0.17295])
50.3493 	EXP 	target_image: image = 'Stimuli/eumu.png'
50.3493 	EXP 	text_4: autoDraw = True
50.3493 	EXP 	target_image: autoDraw = True
50.5496 	EXP 	text_4: autoDraw = False
50.5496 	EXP 	target_image: autoDraw = False
50.5496 	EXP 	text: color = 'pink (named)'
50.5496 	EXP 	text: autoDraw = True
50.8494 	EXP 	text: autoDraw = False
50.8494 	EXP 	text_5: color = 'pink (named)'
50.8494 	EXP 	probe_image: pos = array([-0.17295,  0.     ])
50.8494 	EXP 	probe_image: size = array([0.17295, 0.17295])
50.8494 	EXP 	probe_image: image = 'Stimuli/eumu.png'
50.8494 	EXP 	text_5: autoDraw = True
50.8494 	EXP 	probe_image: autoDraw = True
51.0520 	EXP 	text_5: autoDraw = False
51.0520 	EXP 	probe_image: autoDraw = False
51.0520 	EXP 	text_5: autoDraw = False
51.0520 	EXP 	probe_image: autoDraw = False
51.0520 	EXP 	text_2: color = 'pink (named)'
51.0520 	EXP 	text_2: autoDraw = True
51.1676 	EXP 	New trial (rep=35, index=0): None
51.1749 	DATA 	Keypress: s
51.1828 	EXP 	text_2: autoDraw = False
51.1828 	EXP 	text_4: color = 'pink (named)'
51.1828 	EXP 	target_image: pos = array([0.17295, 0.     ])
51.1828 	EXP 	target_image: size = array([0.17295, 0.17295])
51.1828 	EXP 	target_image: image = 'Stimuli/eimd.png'
51.1828 	EXP 	text_4: autoDraw = True
51.1828 	EXP 	target_image: autoDraw = True
51.3829 	EXP 	text_4: autoDraw = False
51.3829 	EXP 	target_image: autoDraw = False
51.3829 	EXP 	text: color = 'pink (named)'
51.3829 	EXP 	text: autoDraw = True
51.6829 	EXP 	text: autoDraw = False
51.6829 	EXP 	text: autoDraw = False
51.6829 	EXP 	text_5: color = 'pink (named)'
51.6829 	EXP 	probe_image: pos = array([0.17295, 0.     ])
51.6829 	EXP 	probe_image: size = array([0.17295, 0.17295])
51.6829 	EXP 	probe_image: image = 'Stimuli/edmd.png'
51.6829 	EXP 	text_5: autoDraw = True
51.6829 	EXP 	probe_image: autoDraw = True
51.8830 	EXP 	text_5: autoDraw = False
51.8830 	EXP 	probe_image: autoDraw = False
51.8830 	EXP 	text_2: color = 'pink (named)'
51.8830 	EXP 	text_2: autoDraw = True
52.1030 	EXP 	New trial (rep=36, index=0): None
52.1097 	DATA 	Keypress: s
52.1160 	EXP 	text_2: autoDraw = False
52.1160 	EXP 	text_4: color = 'pink (named)'
52.1160 	EXP 	target_image: pos = array([-0.17295,  0.     ])
52.1160 	EXP 	target_image: size = array([0.17295, 0.17295])
52.1160 	EXP 	target_image: image = 'Stimuli/eimd.png'
52.1160 	EXP 	text_4: autoDraw = True
52.1160 	EXP 	target_image: autoDraw = True
52.3188 	EXP 	text_4: autoDraw = False
52.3188 	EXP 	target_image: autoDraw = False
52.3188 	EXP 	text_4: autoDraw = False
52.3188 	EXP 	target_image: autoDraw = False
52.3188 	EXP 	text: color = 'pink (named)'
52.3188 	EXP 	text: autoDraw = True
52.6330 	EXP 	text: autoDraw = False
52.6330 	EXP 	text_5: color = 'pink (named)'
52.6330 	EXP 	probe_image: pos = array([-0.17295,  0.     ])
52.6330 	EXP 	probe_image: size = array([0.17295, 0.17295])
52.6330 	EXP 	probe_image: image = 'Stimuli/eimd.png'
52.6330 	EXP 	text_5: autoDraw = True
52.6330 	EXP 	probe_image: autoDraw = True
52.8328 	EXP 	text_5: autoDraw = False
52.8328 	EXP 	probe_image: autoDraw = False
52.8328 	EXP 	text_2: color = 'pink (named)'
52.8328 	EXP 	text_2: autoDraw = True
52.9847 	EXP 	New trial (rep=37, index=0): None
52.9918 	DATA 	Keypress: s
52.9993 	EXP 	text_2: autoDraw = False
52.9993 	EXP 	text_4: color = 'pink (named)'
52.9993 	EXP 	target_image: pos = array([0.17295, 0.     ])
52.9993 	EXP 	target_image: size = array([0.17295, 0.17295])
52.9993 	EXP 	target_image: image = 'Stimuli/eumu.png'
52.9993 	EXP 	text_4: autoDraw = True
52.9993 	EXP 	target_image: autoDraw = True
53.1995 	EXP 	text_4: autoDraw = False
53.1995 	EXP 	target_image: autoDraw = False
53.1995 	EXP 	text_4: autoDraw = False
53.1995 	EXP 	target_image: autoDraw = False
53.1995 	EXP 	text: color = 'pink (named)'
53.1995 	EXP 	text: autoDraw = True
53.4997 	EXP 	text: autoDraw = False
53.4997 	EXP 	text_5: color = 'pink (named)'
53.4997 	EXP 	probe_image: pos = array([0.17295, 0.     ])
53.4997 	EXP 	probe_image: size = array([0.17295, 0.17295])
53.4997 	EXP 	probe_image: image = 'Stimuli/eumu.png'
53.4997 	EXP 	text_5: autoDraw = True
53.4997 	EXP 	probe_image: autoDraw = True
53.6996 	EXP 	text_5: autoDraw = False
53.6996 	EXP 	probe_image: autoDraw = False
53.6996 	EXP 	text_5: autoDraw = False
53.6996 	EXP 	probe_image: autoDraw = False
53.6996 	EXP 	text_2: color = 'pink (named)'
53.6996 	EXP 	text_2: autoDraw = True
53.9677 	EXP 	New trial (rep=38, index=0): None
53.9747 	DATA 	Keypress: s
53.9827 	EXP 	text_2: autoDraw = False
53.9827 	EXP 	text_4: color = 'pink (named)'
53.9827 	EXP 	target_image: pos = array([0.17295, 0.     ])
53.9827 	EXP 	target_image: size = array([0.17295, 0.17295])
53.9827 	EXP 	target_image: image = 'Stimuli/eomu.png'
53.9827 	EXP 	text_4: autoDraw = True
53.9827 	EXP 	target_image: autoDraw = True
54.1829 	EXP 	text_4: autoDraw = False
54.1829 	EXP 	target_image: autoDraw = False
54.1829 	EXP 	text: color = 'pink (named)'
54.1829 	EXP 	text: autoDraw = True
54.4826 	EXP 	text: autoDraw = False
54.4826 	EXP 	text_5: color = 'pink (named)'
54.4826 	EXP 	probe_image: pos = array([0.17295, 0.     ])
54.4826 	EXP 	probe_image: size = array([0.17295, 0.17295])
54.4826 	EXP 	probe_image: image = 'Stimuli/eomu.png'
54.4826 	EXP 	text_5: autoDraw = True
54.4826 	EXP 	probe_image: autoDraw = True
54.6851 	EXP 	text_5: autoDraw = False
54.6851 	EXP 	probe_image: autoDraw = False
54.6851 	EXP 	text_5: autoDraw = False
54.6851 	EXP 	probe_image: autoDraw = False
54.6851 	EXP 	text_2: color = 'pink (named)'
54.6851 	EXP 	text_2: autoDraw = True
54.8363 	EXP 	New trial (rep=39, index=0): None
54.8448 	DATA 	Keypress: s
54.8490 	EXP 	text_2: autoDraw = False
54.8490 	EXP 	text_4: color = 'pink (named)'
54.8490 	EXP 	target_image: pos = array([0.17295, 0.     ])
54.8490 	EXP 	target_image: size = array([0.17295, 0.17295])
54.8490 	EXP 	target_image: image = 'Stimuli/eimd.png'
54.8490 	EXP 	text_4: autoDraw = True
54.8490 	EXP 	target_image: autoDraw = True
55.0519 	EXP 	text_4: autoDraw = False
55.0519 	EXP 	target_image: autoDraw = False
55.0519 	EXP 	text_4: autoDraw = False
55.0519 	EXP 	target_image: autoDraw = False
55.0519 	EXP 	text: color = 'pink (named)'
55.0519 	EXP 	text: autoDraw = True
55.3660 	EXP 	text: autoDraw = False
55.3660 	EXP 	text_5: color = 'pink (named)'
55.3660 	EXP 	probe_image: pos = array([0.17295, 0.     ])
55.3660 	EXP 	probe_image: size = array([0.17295, 0.17295])
55.3660 	EXP 	probe_image: image = 'Stimuli/eumu.png'
55.3660 	EXP 	text_5: autoDraw = True
55.3660 	EXP 	probe_image: autoDraw = True
55.5660 	EXP 	text_5: autoDraw = False
55.5660 	EXP 	probe_image: autoDraw = False
55.5660 	EXP 	text_2: color = 'pink (named)'
55.5660 	EXP 	text_2: autoDraw = True
55.8518 	EXP 	New trial (rep=40, index=0): None
55.8592 	DATA 	Keypress: s
55.8660 	EXP 	text_2: autoDraw = False
55.8660 	EXP 	text_4: color = 'pink (named)'
55.8660 	EXP 	target_image: pos = array([0.17295, 0.     ])
55.8660 	EXP 	target_image: size = array([0.17295, 0.17295])
55.8660 	EXP 	target_image: image = 'Stimuli/eumu.png'
55.8660 	EXP 	text_4: autoDraw = True
55.8660 	EXP 	target_image: autoDraw = True
56.0661 	EXP 	text_4: autoDraw = False
56.0661 	EXP 	target_image: autoDraw = False
56.0661 	EXP 	text: color = 'pink (named)'
56.0661 	EXP 	text: autoDraw = True
56.3661 	EXP 	text: autoDraw = False
56.3661 	EXP 	text: autoDraw = False
56.3661 	EXP 	text_5: color = 'pink (named)'
56.3661 	EXP 	probe_image: pos = array([0.17295, 0.     ])
56.3661 	EXP 	probe_image: size = array([0.17295, 0.17295])
56.3661 	EXP 	probe_image: image = 'Stimuli/edmd.png'
56.3661 	EXP 	text_5: autoDraw = True
56.3661 	EXP 	probe_image: autoDraw = True
56.5661 	EXP 	text_5: autoDraw = False
56.5661 	EXP 	probe_image: autoDraw = False
56.5661 	EXP 	text_2: color = 'pink (named)'
56.5661 	EXP 	text_2: autoDraw = True
56.6543 	EXP 	New trial (rep=41, index=0): None
56.6636 	DATA 	Keypress: s
56.6846 	EXP 	text_2: autoDraw = False
56.6846 	EXP 	text_4: color = 'pink (named)'
56.6846 	EXP 	target_image: pos = array([0.17295, 0.     ])
56.6846 	EXP 	target_image: size = array([0.17295, 0.17295])
56.6846 	EXP 	target_image: image = 'Stimuli/eomu.png'
56.6846 	EXP 	text_4: autoDraw = True
56.6846 	EXP 	target_image: autoDraw = True
56.8852 	EXP 	text_4: autoDraw = False
56.8852 	EXP 	target_image: autoDraw = False
56.8852 	EXP 	text: color = 'pink (named)'
56.8852 	EXP 	text: autoDraw = True
57.1828 	EXP 	text: autoDraw = False
57.1828 	EXP 	text_5: color = 'pink (named)'
57.1828 	EXP 	probe_image: pos = array([0.17295, 0.     ])
57.1828 	EXP 	probe_image: size = array([0.17295, 0.17295])
57.1828 	EXP 	probe_image: image = 'Stimuli/eimd.png'
57.1828 	EXP 	text_5: autoDraw = True
57.1828 	EXP 	probe_image: autoDraw = True
57.3827 	EXP 	text_5: autoDraw = False
57.3827 	EXP 	probe_image: autoDraw = False
57.3827 	EXP 	text_2: color = 'pink (named)'
57.3827 	EXP 	text_2: autoDraw = True
57.5377 	EXP 	New trial (rep=42, index=0): None
57.5447 	DATA 	Keypress: s
57.5490 	EXP 	text_2: autoDraw = False
57.5490 	EXP 	text_4: color = 'pink (named)'
57.5490 	EXP 	target_image: pos = array([0.17295, 0.     ])
57.5490 	EXP 	target_image: size = array([0.17295, 0.17295])
57.5490 	EXP 	target_image: image = 'Stimuli/eomu.png'
57.5490 	EXP 	text_4: autoDraw = True
57.5490 	EXP 	target_image: autoDraw = True
57.7495 	EXP 	text_4: autoDraw = False
57.7495 	EXP 	target_image: autoDraw = False
57.7495 	EXP 	text_4: autoDraw = False
57.7495 	EXP 	target_image: autoDraw = False
57.7495 	EXP 	text: color = 'pink (named)'
57.7495 	EXP 	text: autoDraw = True
58.0494 	EXP 	text: autoDraw = False
58.0494 	EXP 	text: autoDraw = False
58.0494 	EXP 	text_5: color = 'pink (named)'
58.0494 	EXP 	probe_image: pos = array([0.17295, 0.     ])
58.0494 	EXP 	probe_image: size = array([0.17295, 0.17295])
58.0494 	EXP 	probe_image: image = 'Stimuli/edmd.png'
58.0494 	EXP 	text_5: autoDraw = True
58.0494 	EXP 	probe_image: autoDraw = True
58.2494 	EXP 	text_5: autoDraw = False
58.2494 	EXP 	probe_image: autoDraw = False
58.2494 	EXP 	text_5: autoDraw = False
58.2494 	EXP 	probe_image: autoDraw = False
58.2494 	EXP 	text_2: color = 'pink (named)'
58.2494 	EXP 	text_2: autoDraw = True
58.3845 	EXP 	New trial (rep=43, index=0): None
58.6608 	EXP 	window1: mouseVisible = True
58.6732 	DEBUG 	Saving data for configural_featural ExperimentHandler
58.6742 	INFO 	saved data to /Users/sophia/Documents/PycharmProjects/Configural_Featural_Study/data/code_configural_featural_2020_Oct_25_1653.psydat
58.6774 	INFO 	saved data to '/Users/sophia/Documents/PycharmProjects/Configural_Featural_Study/data/code_configural_featural_2020_Oct_25_1653.csv'
