0.2321 	WARNING 	We strongly recommend you activate the PTB sound engine in PsychoPy prefs as the preferred audio engine. Its timing is vastly superior. Your prefs are currently set to use ['sounddevice', 'PTB', 'pyo', 'pygame'] (in that order).
5.6901 	INFO 	Loaded monitor calibration from ['2020_09_20 15:42']
7.9129 	WARNING 	Couldn't measure a consistent frame rate.
  - Is your graphics card set to sync to vertical blank?
  - Are you running other processes on your computer?

7.9134 	EXP 	Created window1 = Window(allowGUI=False, allowStencil=False, args=UNKNOWN, autoLog=True, bitsMode=UNKNOWN, blendMode='avg', bpc=(8, 8, 8), color=array([0., 0., 0.]), colorSpace='rgb', depthBits=8, fullscr=<method-wrapper '__getattribute__' of attributeSetter object at 0x155b90be0>, gamma=None, gammaErrorPolicy='raise', kwargs=UNKNOWN, lms=UNKNOWN, monitor=<psychopy.monitors.calibTools.Monitor object at 0x155b7bac8>, multiSample=False, name='window1', numSamples=2, pos=[448.0, 280.0], screen=0, size=array([3584, 2240]), stencilBits=0, stereo=False, units='height', useFBO=True, useRetina=True, viewOri=0.0, viewPos=None, viewScale=None, waitBlanking=True, winType='pyglet')
7.9136 	EXP 	window1: mouseVisible = True
7.9137 	EXP 	window1: recordFrameIntervals = False
8.0794 	EXP 	window1: recordFrameIntervals = True
9.7446 	WARNING 	Couldn't measure a consistent frame rate.
  - Is your graphics card set to sync to vertical blank?
  - Are you running other processes on your computer?

10.2096 	EXP 	Created text_top = TextStim(__class__=<class 'psychopy.visual.text.TextStim'>, alignHoriz=method-wrapper(...), alignText='center', alignVert=method-wrapper(...), anchorHoriz='center', anchorVert='center', antialias=True, autoLog=True, bold=False, color='black', colorSpace='named', contrast=1.0, depth=-3.0, flipHoriz=False, flipVert=False, font='Arial', fontFiles=[], height=0.05, italic=False, languageStyle='LTR', name='text_top', opacity=1.0, ori=0, pos=array([0. , 0.3]), rgb=array([0., 0., 0.]), text=str(...), units='height', win=Window(...), wrapWidth=1)
10.2158 	EXP 	Created text_bottom = TextStim(__class__=<class 'psychopy.visual.text.TextStim'>, alignHoriz=method-wrapper(...), alignText='center', alignVert=method-wrapper(...), anchorHoriz='center', anchorVert='center', antialias=True, autoLog=True, bold=False, color='black', colorSpace='named', contrast=1.0, depth=-4.0, flipHoriz=False, flipVert=False, font='Arial', fontFiles=[], height=0.05, italic=False, languageStyle='LTR', name='text_bottom', opacity=1.0, ori=0, pos=array([ 0. , -0.3]), rgb=array([0., 0., 0.]), text='Press Space when you’re finished', units='height', win=Window(...), wrapWidth=1)
10.2425 	EXP 	Created ccimage = ImageStim(__class__=<class 'psychopy.visual.image.ImageStim'>, autoLog=True, color=array([1., 1., 1.]), colorSpace='rgb', contrast=1.0, depth=-5.0, flipHoriz=False, flipVert=False, image='bankcard.png', interpolate=True, mask=None, maskParams=None, name='ccimage', opacity=1.0, ori=0.0, pos=array([0., 0.]), size=array([0.428 , 0.2699]), texRes=512, units='height', win=Window(...))
10.2466 	EXP 	Created text_3 = TextStim(__class__=<class 'psychopy.visual.text.TextStim'>, alignHoriz=method-wrapper(...), alignText='center', alignVert=method-wrapper(...), anchorHoriz='center', anchorVert='center', antialias=True, autoLog=True, bold=False, color='black', colorSpace='named', contrast=1.0, depth=-1.0, flipHoriz=False, flipVert=False, font='Arial', fontFiles=[], height=0.05, italic=False, languageStyle='LTR', name='text_3', opacity=1.0, ori=0, pos=array([0., 0.]), rgb=array([0., 0., 0.]), text='default text', units='height', win=Window(...), wrapWidth=1)
10.6212 	EXP 	Created text_4 = TextStim(__class__=<class 'psychopy.visual.text.TextStim'>, alignHoriz=method-wrapper(...), alignText='center', alignVert=method-wrapper(...), anchorHoriz='center', anchorVert='center', antialias=True, autoLog=True, bold=False, color='white', colorSpace='named', contrast=1.0, depth=-1.0, flipHoriz=False, flipVert=False, font='Arial', fontFiles=[], height=0.05, italic=False, languageStyle='LTR', name='text_4', opacity=1.0, ori=0, pos=array([0., 0.]), rgb=array([255., 255., 255.]), text='+', units='height', win=Window(...), wrapWidth=1)
10.6226 	EXP 	Created target_image = ImageStim(__class__=<class 'psychopy.visual.image.ImageStim'>, autoLog=True, color=array([1., 1., 1.]), colorSpace='rgb', contrast=1.0, depth=-2.0, flipHoriz=False, flipVert=False, image='sin', interpolate=True, mask=None, maskParams=None, name='target_image', opacity=1.0, ori=0.0, pos=array([0., 0.]), size=array([1., 1.]), texRes=512, units='height', win=Window(...))
10.9924 	EXP 	Created text = TextStim(__class__=<class 'psychopy.visual.text.TextStim'>, alignHoriz=method-wrapper(...), alignText='center', alignVert=method-wrapper(...), anchorHoriz='center', anchorVert='center', antialias=True, autoLog=True, bold=False, color='white', colorSpace='named', contrast=1.0, depth=0.0, flipHoriz=False, flipVert=False, font='Arial', fontFiles=[], height=0.05, italic=False, languageStyle='LTR', name='text', opacity=1.0, ori=0, pos=array([0., 0.]), rgb=array([255., 255., 255.]), text='+', units='height', win=Window(...), wrapWidth=1)
11.3620 	EXP 	Created text_5 = TextStim(__class__=<class 'psychopy.visual.text.TextStim'>, alignHoriz=method-wrapper(...), alignText='center', alignVert=method-wrapper(...), anchorHoriz='center', anchorVert='center', antialias=True, autoLog=True, bold=False, color='white', colorSpace='named', contrast=1.0, depth=-1.0, flipHoriz=False, flipVert=False, font='Arial', fontFiles=[], height=0.05, italic=False, languageStyle='LTR', name='text_5', opacity=1.0, ori=0, pos=array([0., 0.]), rgb=array([255., 255., 255.]), text='+', units='height', win=Window(...), wrapWidth=1)
11.3633 	EXP 	Created probe_image = ImageStim(__class__=<class 'psychopy.visual.image.ImageStim'>, autoLog=True, color=array([1., 1., 1.]), colorSpace='rgb', contrast=1.0, depth=-2.0, flipHoriz=False, flipVert=False, image='sin', interpolate=True, mask=None, maskParams=None, name='probe_image', opacity=1.0, ori=0.0, pos=array([0., 0.]), size=array([1., 1.]), texRes=512, units='height', win=Window(...))
11.7323 	EXP 	Created text_2 = TextStim(__class__=<class 'psychopy.visual.text.TextStim'>, alignHoriz=method-wrapper(...), alignText='center', alignVert=method-wrapper(...), anchorHoriz='center', anchorVert='center', antialias=True, autoLog=True, bold=False, color='white', colorSpace='named', contrast=1.0, depth=0.0, flipHoriz=False, flipVert=False, font='Arial', fontFiles=[], height=0.05, italic=False, languageStyle='LTR', name='text_2', opacity=1.0, ori=0, pos=array([0., 0.]), rgb=array([255., 255., 255.]), text='+', units='height', win=Window(...), wrapWidth=1)
12.4724 	EXP 	Created allDone = TextStim(__class__=<class 'psychopy.visual.text.TextStim'>, alignHoriz=method-wrapper(...), alignText='center', alignVert=method-wrapper(...), anchorHoriz='center', anchorVert='center', antialias=True, autoLog=True, bold=False, color='black', colorSpace='named', contrast=1.0, depth=0.0, flipHoriz=False, flipVert=False, font='Arial', fontFiles=[], height=0.1, italic=False, languageStyle='LTR', name='allDone', opacity=1.0, ori=0, pos=array([0., 0.]), rgb=array([0., 0., 0.]), text='You are all done. Thank you!', units='height', win=Window(...), wrapWidth=1)
12.5036 	WARNING 	t of last frame was 2759.26ms (=1/0)
12.5036 	EXP 	text_top: autoDraw = True
12.5036 	EXP 	text_bottom: autoDraw = True
12.5036 	EXP 	ccimage: autoDraw = True
13.4038 	DATA 	Keypress: space
13.4107 	DEBUG 	Read csv file with pandas: Designs/design1.csv
13.4130 	DEBUG 	Clearing unnamed columns from Designs/design1.csv
13.4134 	EXP 	Imported Designs/design1.csv as conditions, 4 conditions, 2 params
13.4137 	EXP 	Created sequence: sequential, trialTypes=4, nReps=1, seed=None
13.4140 	EXP 	New trial (rep=0, index=0): OrderedDict([('Block_type', 'conf_face'), ('instruction_text', 'Press F for same or J for different faces. \n\nTry your best to keep your eyes on the + \n\nIf you see the + change colors \npress <SPACE>. \n\nPress <SPACE> to start!')])
13.4543 	WARNING 	t of last frame was 59.70ms (=1/16)
13.4543 	EXP 	ccimage: size = [0.42800000000000005, 0.2699]
13.4543 	EXP 	text_top: autoDraw = False
13.4543 	EXP 	text_bottom: autoDraw = False
13.4543 	EXP 	ccimage: autoDraw = False
13.4543 	EXP 	text_3: text = 'Press F for same or J for different faces. \n\nTry your best to keep your eyes on the + \n\nIf you see the + change colors \npress <SPACE>. \n\nPress <SPACE> to start!'
13.4543 	EXP 	text_3: autoDraw = True
15.5975 	EXP 	Created sequence: sequential, trialTypes=1, nReps=48, seed=None
15.5982 	EXP 	New trial (rep=0, index=0): None
15.6152 	DATA 	Keypress: space
15.6280 	WARNING 	t of last frame was 31.33ms (=1/31)
15.6280 	EXP 	text_3: autoDraw = False
15.6280 	EXP 	text_4: color = 'pink (named)'
15.6280 	EXP 	target_image: pos = array([-0.17295,  0.     ])
15.6280 	EXP 	target_image: size = array([0.17295, 0.17295])
15.6280 	EXP 	target_image: image = 'Stimuli/eumu.png'
15.6280 	EXP 	text_4: autoDraw = True
15.6280 	EXP 	target_image: autoDraw = True
15.8279 	EXP 	text_4: autoDraw = False
15.8279 	EXP 	target_image: autoDraw = False
15.8279 	EXP 	text: color = 'pink (named)'
15.8279 	EXP 	text: autoDraw = True
16.1279 	EXP 	text: autoDraw = False
16.1279 	EXP 	text_5: color = 'pink (named)'
16.1279 	EXP 	probe_image: pos = array([-0.17295,  0.     ])
16.1279 	EXP 	probe_image: size = array([0.17295, 0.17295])
16.1279 	EXP 	probe_image: image = 'Stimuli/eumu.png'
16.1279 	EXP 	text_5: autoDraw = True
16.1279 	EXP 	probe_image: autoDraw = True
16.3281 	EXP 	text_5: autoDraw = False
16.3281 	EXP 	probe_image: autoDraw = False
16.3281 	EXP 	text_2: color = 'pink (named)'
16.3281 	EXP 	text_2: autoDraw = True
16.5148 	DATA 	Keypress: escape
16.9054 	EXP 	window1: mouseVisible = True
16.9055 	DEBUG 	Saving data for configural_featural ExperimentHandler
16.9061 	INFO 	saved data to /Users/sophia/Documents/PycharmProjects/Configural_Featural_Study/data/code_configural_featural_2020_Oct_25_2024.psydat
16.9065 	INFO 	saved data to '/Users/sophia/Documents/PycharmProjects/Configural_Featural_Study/data/code_configural_featural_2020_Oct_25_2024.csv'
