0.2335 	WARNING 	We strongly recommend you activate the PTB sound engine in PsychoPy prefs as the preferred audio engine. Its timing is vastly superior. Your prefs are currently set to use ['sounddevice', 'PTB', 'pyo', 'pygame'] (in that order).
6.6364 	INFO 	Loaded monitor calibration from ['2020_09_20 15:42']
8.8294 	WARNING 	Couldn't measure a consistent frame rate.
  - Is your graphics card set to sync to vertical blank?
  - Are you running other processes on your computer?

8.8299 	EXP 	Created window1 = Window(allowGUI=False, allowStencil=False, args=UNKNOWN, autoLog=True, bitsMode=UNKNOWN, blendMode='avg', bpc=(8, 8, 8), color=array([0., 0., 0.]), colorSpace='rgb', depthBits=8, fullscr=<method-wrapper '__getattribute__' of attributeSetter object at 0x154333b70>, gamma=None, gammaErrorPolicy='raise', kwargs=UNKNOWN, lms=UNKNOWN, monitor=<psychopy.monitors.calibTools.Monitor object at 0x156796d68>, multiSample=False, name='window1', numSamples=2, pos=[448.0, 280.0], screen=0, size=array([3584, 2240]), stencilBits=0, stereo=False, units='height', useFBO=True, useRetina=True, viewOri=0.0, viewPos=None, viewScale=None, waitBlanking=True, winType='pyglet')
8.8302 	EXP 	window1: mouseVisible = True
8.8302 	EXP 	window1: recordFrameIntervals = False
8.9957 	EXP 	window1: recordFrameIntervals = True
10.6644 	WARNING 	Couldn't measure a consistent frame rate.
  - Is your graphics card set to sync to vertical blank?
  - Are you running other processes on your computer?

11.0971 	EXP 	Created text_top = TextStim(__class__=<class 'psychopy.visual.text.TextStim'>, alignHoriz=method-wrapper(...), alignText='center', alignVert=method-wrapper(...), anchorHoriz='center', anchorVert='center', antialias=True, autoLog=True, bold=False, color='black', colorSpace='named', contrast=1.0, depth=-3.0, flipHoriz=False, flipVert=False, font='Arial', fontFiles=[], height=0.05, italic=False, languageStyle='LTR', name='text_top', opacity=1.0, ori=0, pos=array([0. , 0.3]), rgb=array([0., 0., 0.]), text=str(...), units='height', win=Window(...), wrapWidth=1)
11.1027 	EXP 	Created text_bottom = TextStim(__class__=<class 'psychopy.visual.text.TextStim'>, alignHoriz=method-wrapper(...), alignText='center', alignVert=method-wrapper(...), anchorHoriz='center', anchorVert='center', antialias=True, autoLog=True, bold=False, color='black', colorSpace='named', contrast=1.0, depth=-4.0, flipHoriz=False, flipVert=False, font='Arial', fontFiles=[], height=0.05, italic=False, languageStyle='LTR', name='text_bottom', opacity=1.0, ori=0, pos=array([ 0. , -0.3]), rgb=array([0., 0., 0.]), text='Press Space when you’re finished', units='height', win=Window(...), wrapWidth=1)
11.1125 	EXP 	Created ccimage = ImageStim(__class__=<class 'psychopy.visual.image.ImageStim'>, autoLog=True, color=array([1., 1., 1.]), colorSpace='rgb', contrast=1.0, depth=-5.0, flipHoriz=False, flipVert=False, image='bankcard.png', interpolate=True, mask=None, maskParams=None, name='ccimage', opacity=1.0, ori=0.0, pos=array([0., 0.]), size=array([0.428 , 0.2699]), texRes=512, units='height', win=Window(...))
11.1140 	EXP 	Created instructions_image = ImageStim(__class__=<class 'psychopy.visual.image.ImageStim'>, autoLog=True, color=array([1., 1., 1.]), colorSpace='rgb', contrast=1.0, depth=-1.0, flipHoriz=False, flipVert=False, image='sin', interpolate=True, mask=None, maskParams=None, name='instructions_image', opacity=1.0, ori=0.0, pos=array([0., 0.]), size=array([1.125, 0.75 ]), texRes=512, units='height', win=Window(...))
11.5045 	EXP 	Created text_4 = TextStim(__class__=<class 'psychopy.visual.text.TextStim'>, alignHoriz=method-wrapper(...), alignText='center', alignVert=method-wrapper(...), anchorHoriz='center', anchorVert='center', antialias=True, autoLog=True, bold=False, color='white', colorSpace='named', contrast=1.0, depth=-1.0, flipHoriz=False, flipVert=False, font='Arial', fontFiles=[], height=0.05, italic=False, languageStyle='LTR', name='text_4', opacity=1.0, ori=0, pos=array([0., 0.]), rgb=array([255., 255., 255.]), text='+', units='height', win=Window(...), wrapWidth=1)
11.5060 	EXP 	Created target_image = ImageStim(__class__=<class 'psychopy.visual.image.ImageStim'>, autoLog=True, color=array([1., 1., 1.]), colorSpace='rgb', contrast=1.0, depth=-2.0, flipHoriz=False, flipVert=False, image='sin', interpolate=True, mask=None, maskParams=None, name='target_image', opacity=1.0, ori=0.0, pos=array([0., 0.]), size=array([1., 1.]), texRes=512, units='height', win=Window(...))
11.8971 	EXP 	Created text = TextStim(__class__=<class 'psychopy.visual.text.TextStim'>, alignHoriz=method-wrapper(...), alignText='center', alignVert=method-wrapper(...), anchorHoriz='center', anchorVert='center', antialias=True, autoLog=True, bold=False, color='white', colorSpace='named', contrast=1.0, depth=0.0, flipHoriz=False, flipVert=False, font='Arial', fontFiles=[], height=0.05, italic=False, languageStyle='LTR', name='text', opacity=1.0, ori=0, pos=array([0., 0.]), rgb=array([255., 255., 255.]), text='+', units='height', win=Window(...), wrapWidth=1)
12.2828 	EXP 	Created text_5 = TextStim(__class__=<class 'psychopy.visual.text.TextStim'>, alignHoriz=method-wrapper(...), alignText='center', alignVert=method-wrapper(...), anchorHoriz='center', anchorVert='center', antialias=True, autoLog=True, bold=False, color='white', colorSpace='named', contrast=1.0, depth=-1.0, flipHoriz=False, flipVert=False, font='Arial', fontFiles=[], height=0.05, italic=False, languageStyle='LTR', name='text_5', opacity=1.0, ori=0, pos=array([0., 0.]), rgb=array([255., 255., 255.]), text='+', units='height', win=Window(...), wrapWidth=1)
12.2840 	EXP 	Created probe_image = ImageStim(__class__=<class 'psychopy.visual.image.ImageStim'>, autoLog=True, color=array([1., 1., 1.]), colorSpace='rgb', contrast=1.0, depth=-2.0, flipHoriz=False, flipVert=False, image='sin', interpolate=True, mask=None, maskParams=None, name='probe_image', opacity=1.0, ori=0.0, pos=array([0., 0.]), size=array([1., 1.]), texRes=512, units='height', win=Window(...))
12.6695 	EXP 	Created text_2 = TextStim(__class__=<class 'psychopy.visual.text.TextStim'>, alignHoriz=method-wrapper(...), alignText='center', alignVert=method-wrapper(...), anchorHoriz='center', anchorVert='center', antialias=True, autoLog=True, bold=False, color='white', colorSpace='named', contrast=1.0, depth=0.0, flipHoriz=False, flipVert=False, font='Arial', fontFiles=[], height=0.05, italic=False, languageStyle='LTR', name='text_2', opacity=1.0, ori=0, pos=array([0., 0.]), rgb=array([255., 255., 255.]), text='+', units='height', win=Window(...), wrapWidth=1)
13.4465 	EXP 	Created allDone = TextStim(__class__=<class 'psychopy.visual.text.TextStim'>, alignHoriz=method-wrapper(...), alignText='center', alignVert=method-wrapper(...), anchorHoriz='center', anchorVert='center', antialias=True, autoLog=True, bold=False, color='black', colorSpace='named', contrast=1.0, depth=0.0, flipHoriz=False, flipVert=False, font='Arial', fontFiles=[], height=0.1, italic=False, languageStyle='LTR', name='allDone', opacity=1.0, ori=0, pos=array([0., 0.]), rgb=array([0., 0., 0.]), text='You are all done. Thank you!', units='height', win=Window(...), wrapWidth=1)
13.4765 	WARNING 	t of last frame was 2812.32ms (=1/0)
13.4765 	EXP 	text_top: autoDraw = True
13.4765 	EXP 	text_bottom: autoDraw = True
13.4765 	EXP 	ccimage: autoDraw = True
13.4976 	WARNING 	t of last frame was 21.09ms (=1/47)
14.0377 	DATA 	Keypress: space
14.0438 	DEBUG 	Read csv file with pandas: Designs/design1.csv
14.0461 	DEBUG 	Clearing unnamed columns from Designs/design1.csv
14.0465 	EXP 	Imported Designs/design1.csv as conditions, 4 conditions, 2 params
14.0467 	EXP 	Created sequence: sequential, trialTypes=4, nReps=1, seed=None
14.0470 	EXP 	New trial (rep=0, index=0): OrderedDict([('Block_type', 'conf_face'), ('instruction_text', 'Designs/instructions_face_1234.png')])
14.0933 	WARNING 	t of last frame was 64.13ms (=1/15)
14.0933 	EXP 	ccimage: size = [0.42800000000000005, 0.2699]
14.0933 	EXP 	text_top: autoDraw = False
14.0933 	EXP 	text_bottom: autoDraw = False
14.0933 	EXP 	ccimage: autoDraw = False
14.0933 	EXP 	instructions_image: image = 'Designs/instructions_face_5678.png'
14.0933 	EXP 	instructions_image: autoDraw = True
14.1142 	WARNING 	t of last frame was 20.91ms (=1/47)
15.3291 	EXP 	Created sequence: sequential, trialTypes=1, nReps=48, seed=None
15.3296 	EXP 	New trial (rep=0, index=0): None
15.3404 	DATA 	Keypress: space
15.3447 	EXP 	instructions_image: autoDraw = False
15.3447 	EXP 	text_4: color = 'pink (named)'
15.3447 	EXP 	target_image: pos = array([0.17295, 0.     ])
15.3447 	EXP 	target_image: size = array([0.17295, 0.17295])
15.3447 	EXP 	target_image: image = 'Stimuli/eomu.png'
15.3447 	EXP 	text_4: autoDraw = True
15.3447 	EXP 	target_image: autoDraw = True
15.5456 	EXP 	text_4: autoDraw = False
15.5456 	EXP 	target_image: autoDraw = False
15.5456 	EXP 	text: color = 'pink (named)'
15.5456 	EXP 	text: autoDraw = True
15.8450 	EXP 	text: autoDraw = False
15.8450 	EXP 	text_5: color = 'pink (named)'
15.8450 	EXP 	probe_image: pos = array([0.17295, 0.     ])
15.8450 	EXP 	probe_image: size = array([0.17295, 0.17295])
15.8450 	EXP 	probe_image: image = 'Stimuli/edmd.png'
15.8450 	EXP 	text_5: autoDraw = True
15.8450 	EXP 	probe_image: autoDraw = True
16.0456 	EXP 	text_5: autoDraw = False
16.0456 	EXP 	probe_image: autoDraw = False
16.0456 	EXP 	text_2: color = 'pink (named)'
16.0456 	EXP 	text_2: autoDraw = True
16.5168 	EXP 	New trial (rep=1, index=0): None
16.5240 	DATA 	Keypress: f
16.5286 	EXP 	text_2: autoDraw = False
16.5286 	EXP 	text_4: color = 'pink (named)'
16.5286 	EXP 	target_image: pos = array([-0.17295,  0.     ])
16.5286 	EXP 	target_image: size = array([0.17295, 0.17295])
16.5286 	EXP 	target_image: image = 'Stimuli/eimd.png'
16.5286 	EXP 	text_4: autoDraw = True
16.5286 	EXP 	target_image: autoDraw = True
16.7293 	EXP 	text_4: autoDraw = False
16.7293 	EXP 	target_image: autoDraw = False
16.7293 	EXP 	text_4: autoDraw = False
16.7293 	EXP 	target_image: autoDraw = False
16.7293 	EXP 	text: color = 'pink (named)'
16.7293 	EXP 	text: autoDraw = True
17.0292 	EXP 	text: autoDraw = False
17.0292 	EXP 	text: autoDraw = False
17.0292 	EXP 	text_5: color = 'pink (named)'
17.0292 	EXP 	probe_image: pos = array([-0.17295,  0.     ])
17.0292 	EXP 	probe_image: size = array([0.17295, 0.17295])
17.0292 	EXP 	probe_image: image = 'Stimuli/eimd.png'
17.0292 	EXP 	text_5: autoDraw = True
17.0292 	EXP 	probe_image: autoDraw = True
17.2293 	EXP 	text_5: autoDraw = False
17.2293 	EXP 	probe_image: autoDraw = False
17.2293 	EXP 	text_5: autoDraw = False
17.2293 	EXP 	probe_image: autoDraw = False
17.2293 	EXP 	text_2: color = 'pink (named)'
17.2293 	EXP 	text_2: autoDraw = True
17.3162 	DATA 	Keypress: escape
17.8074 	EXP 	window1: mouseVisible = True
17.8075 	DEBUG 	Saving data for configural_featural ExperimentHandler
17.8082 	INFO 	saved data to /Users/sophia/Documents/PycharmProjects/Configural_Featural_Study/data/code_configural_featural_2020_Oct_25_2124.psydat
17.8087 	INFO 	saved data to '/Users/sophia/Documents/PycharmProjects/Configural_Featural_Study/data/code_configural_featural_2020_Oct_25_2124.csv'
