0.4769 	WARNING 	We strongly recommend you activate the PTB sound engine in PsychoPy prefs as the preferred audio engine. Its timing is vastly superior. Your prefs are currently set to use ['sounddevice', 'PTB', 'pyo', 'pygame'] (in that order).
8.6404 	INFO 	Loaded monitor calibration from ['2020_09_20 15:42']
10.9294 	WARNING 	Couldn't measure a consistent frame rate.
  - Is your graphics card set to sync to vertical blank?
  - Are you running other processes on your computer?

10.9297 	EXP 	Created window1 = Window(allowGUI=False, allowStencil=False, args=UNKNOWN, autoLog=True, bitsMode=UNKNOWN, blendMode='avg', bpc=(8, 8, 8), color=array([0., 0., 0.]), colorSpace='rgb', depthBits=8, fullscr=<method-wrapper '__getattribute__' of attributeSetter object at 0x154f72b38>, gamma=None, gammaErrorPolicy='raise', kwargs=UNKNOWN, lms=UNKNOWN, monitor=<psychopy.monitors.calibTools.Monitor object at 0x1569bfd68>, multiSample=False, name='window1', numSamples=2, pos=[448.0, 280.0], screen=0, size=array([3584, 2240]), stencilBits=0, stereo=False, units='height', useFBO=True, useRetina=True, viewOri=0.0, viewPos=None, viewScale=None, waitBlanking=True, winType='pyglet')
10.9299 	EXP 	window1: mouseVisible = True
10.9300 	EXP 	window1: recordFrameIntervals = False
11.0980 	EXP 	window1: recordFrameIntervals = True
12.7645 	WARNING 	Couldn't measure a consistent frame rate.
  - Is your graphics card set to sync to vertical blank?
  - Are you running other processes on your computer?

13.4261 	EXP 	Created text_top = TextStim(__class__=<class 'psychopy.visual.text.TextStim'>, alignHoriz=method-wrapper(...), alignText='center', alignVert=method-wrapper(...), anchorHoriz='center', anchorVert='center', antialias=True, autoLog=True, bold=False, color='black', colorSpace='named', contrast=1.0, depth=-3.0, flipHoriz=False, flipVert=False, font='Arial', fontFiles=[], height=0.05, italic=False, languageStyle='LTR', name='text_top', opacity=1.0, ori=0, pos=array([0. , 0.3]), rgb=array([0., 0., 0.]), text=str(...), units='height', win=Window(...), wrapWidth=1)
13.4327 	EXP 	Created text_bottom = TextStim(__class__=<class 'psychopy.visual.text.TextStim'>, alignHoriz=method-wrapper(...), alignText='center', alignVert=method-wrapper(...), anchorHoriz='center', anchorVert='center', antialias=True, autoLog=True, bold=False, color='black', colorSpace='named', contrast=1.0, depth=-4.0, flipHoriz=False, flipVert=False, font='Arial', fontFiles=[], height=0.05, italic=False, languageStyle='LTR', name='text_bottom', opacity=1.0, ori=0, pos=array([ 0. , -0.3]), rgb=array([0., 0., 0.]), text='Press Space when you’re finished', units='height', win=Window(...), wrapWidth=1)
13.4514 	EXP 	Created ccimage = ImageStim(__class__=<class 'psychopy.visual.image.ImageStim'>, autoLog=True, color=array([1., 1., 1.]), colorSpace='rgb', contrast=1.0, depth=-5.0, flipHoriz=False, flipVert=False, image='bankcard.png', interpolate=True, mask=None, maskParams=None, name='ccimage', opacity=1.0, ori=0.0, pos=array([0., 0.]), size=array([0.428 , 0.2699]), texRes=512, units='height', win=Window(...))
13.4532 	EXP 	Created instructions_image = ImageStim(__class__=<class 'psychopy.visual.image.ImageStim'>, autoLog=True, color=array([1., 1., 1.]), colorSpace='rgb', contrast=1.0, depth=-1.0, flipHoriz=False, flipVert=False, image='sin', interpolate=True, mask=None, maskParams=None, name='instructions_image', opacity=1.0, ori=0.0, pos=array([0., 0.]), size=array([1.125, 0.75 ]), texRes=512, units='height', win=Window(...))
14.0154 	EXP 	Created text_4 = TextStim(__class__=<class 'psychopy.visual.text.TextStim'>, alignHoriz=method-wrapper(...), alignText='center', alignVert=method-wrapper(...), anchorHoriz='center', anchorVert='center', antialias=True, autoLog=True, bold=False, color='white', colorSpace='named', contrast=1.0, depth=-1.0, flipHoriz=False, flipVert=False, font='Arial', fontFiles=[], height=0.05, italic=False, languageStyle='LTR', name='text_4', opacity=1.0, ori=0, pos=array([0., 0.]), rgb=array([255., 255., 255.]), text='+', units='height', win=Window(...), wrapWidth=1)
14.0167 	EXP 	Created target_image = ImageStim(__class__=<class 'psychopy.visual.image.ImageStim'>, autoLog=True, color=array([1., 1., 1.]), colorSpace='rgb', contrast=1.0, depth=-2.0, flipHoriz=False, flipVert=False, image='sin', interpolate=True, mask=None, maskParams=None, name='target_image', opacity=1.0, ori=0.0, pos=array([0., 0.]), size=array([1., 1.]), texRes=512, units='height', win=Window(...))
14.5737 	EXP 	Created text = TextStim(__class__=<class 'psychopy.visual.text.TextStim'>, alignHoriz=method-wrapper(...), alignText='center', alignVert=method-wrapper(...), anchorHoriz='center', anchorVert='center', antialias=True, autoLog=True, bold=False, color='white', colorSpace='named', contrast=1.0, depth=0.0, flipHoriz=False, flipVert=False, font='Arial', fontFiles=[], height=0.05, italic=False, languageStyle='LTR', name='text', opacity=1.0, ori=0, pos=array([0., 0.]), rgb=array([255., 255., 255.]), text='+', units='height', win=Window(...), wrapWidth=1)
15.1350 	EXP 	Created text_5 = TextStim(__class__=<class 'psychopy.visual.text.TextStim'>, alignHoriz=method-wrapper(...), alignText='center', alignVert=method-wrapper(...), anchorHoriz='center', anchorVert='center', antialias=True, autoLog=True, bold=False, color='white', colorSpace='named', contrast=1.0, depth=-1.0, flipHoriz=False, flipVert=False, font='Arial', fontFiles=[], height=0.05, italic=False, languageStyle='LTR', name='text_5', opacity=1.0, ori=0, pos=array([0., 0.]), rgb=array([255., 255., 255.]), text='+', units='height', win=Window(...), wrapWidth=1)
15.1364 	EXP 	Created probe_image = ImageStim(__class__=<class 'psychopy.visual.image.ImageStim'>, autoLog=True, color=array([1., 1., 1.]), colorSpace='rgb', contrast=1.0, depth=-2.0, flipHoriz=False, flipVert=False, image='sin', interpolate=True, mask=None, maskParams=None, name='probe_image', opacity=1.0, ori=0.0, pos=array([0., 0.]), size=array([1., 1.]), texRes=512, units='height', win=Window(...))
15.6887 	EXP 	Created text_2 = TextStim(__class__=<class 'psychopy.visual.text.TextStim'>, alignHoriz=method-wrapper(...), alignText='center', alignVert=method-wrapper(...), anchorHoriz='center', anchorVert='center', antialias=True, autoLog=True, bold=False, color='white', colorSpace='named', contrast=1.0, depth=0.0, flipHoriz=False, flipVert=False, font='Arial', fontFiles=[], height=0.05, italic=False, languageStyle='LTR', name='text_2', opacity=1.0, ori=0, pos=array([0., 0.]), rgb=array([255., 255., 255.]), text='+', units='height', win=Window(...), wrapWidth=1)
16.8125 	EXP 	Created allDone = TextStim(__class__=<class 'psychopy.visual.text.TextStim'>, alignHoriz=method-wrapper(...), alignText='center', alignVert=method-wrapper(...), anchorHoriz='center', anchorVert='center', antialias=True, autoLog=True, bold=False, color='black', colorSpace='named', contrast=1.0, depth=0.0, flipHoriz=False, flipVert=False, font='Arial', fontFiles=[], height=0.1, italic=False, languageStyle='LTR', name='allDone', opacity=1.0, ori=0, pos=array([0., 0.]), rgb=array([0., 0., 0.]), text='You are all done. Thank you!', units='height', win=Window(...), wrapWidth=1)
16.8431 	WARNING 	t of last frame was 4078.80ms (=1/0)
16.8431 	EXP 	text_top: autoDraw = True
16.8431 	EXP 	text_bottom: autoDraw = True
16.8431 	EXP 	ccimage: autoDraw = True
16.8647 	WARNING 	t of last frame was 21.57ms (=1/46)
17.4208 	DATA 	Keypress: space
17.4287 	DEBUG 	Read csv file with pandas: Designs/design1.csv
17.4310 	DEBUG 	Clearing unnamed columns from Designs/design1.csv
17.4314 	EXP 	Imported Designs/design1.csv as conditions, 4 conditions, 2 params
17.4316 	EXP 	Created sequence: sequential, trialTypes=4, nReps=1, seed=None
17.4319 	EXP 	New trial (rep=0, index=0): OrderedDict([('Block_type', 'conf_face'), ('instruction_text', 'Designs/instructions_face_1234.png')])
17.4781 	WARNING 	t of last frame was 65.84ms (=1/15)
17.4781 	EXP 	ccimage: size = [0.42800000000000005, 0.2699]
17.4781 	EXP 	text_top: autoDraw = False
17.4781 	EXP 	text_bottom: autoDraw = False
17.4781 	EXP 	ccimage: autoDraw = False
17.4781 	EXP 	instructions_image: image = 'Designs/instructions_face_5678.png'
17.4781 	EXP 	instructions_image: autoDraw = True
17.9862 	DATA 	Keypress: space
18.4963 	EXP 	Created sequence: sequential, trialTypes=1, nReps=48, seed=None
18.4968 	EXP 	New trial (rep=0, index=0): None
18.5108 	DATA 	Keypress: space
18.5313 	WARNING 	t of last frame was 35.67ms (=1/28)
18.5313 	EXP 	instructions_image: autoDraw = False
18.5313 	EXP 	text_4: color = 'orange (named)'
18.5313 	EXP 	target_image: pos = array([-0.17295,  0.     ])
18.5313 	EXP 	target_image: size = array([0.17295, 0.17295])
18.5313 	EXP 	target_image: image = 'Stimuli/eumu.png'
18.5313 	EXP 	text_4: autoDraw = True
18.5313 	EXP 	target_image: autoDraw = True
18.7124 	EXP 	text_4: autoDraw = False
18.7124 	EXP 	target_image: autoDraw = False
18.7124 	EXP 	text: color = 'orange (named)'
18.7124 	EXP 	text: autoDraw = True
19.0123 	EXP 	text: autoDraw = False
19.0123 	EXP 	text_5: color = 'orange (named)'
19.0123 	EXP 	probe_image: pos = array([-0.17295,  0.     ])
19.0123 	EXP 	probe_image: size = array([0.17295, 0.17295])
19.0123 	EXP 	probe_image: image = 'Stimuli/eumu.png'
19.0123 	EXP 	text_5: autoDraw = True
19.0123 	EXP 	probe_image: autoDraw = True
19.2125 	EXP 	text_5: autoDraw = False
19.2125 	EXP 	probe_image: autoDraw = False
19.2125 	EXP 	text_2: color = 'orange (named)'
19.2125 	EXP 	text_2: autoDraw = True
19.3660 	EXP 	New trial (rep=1, index=0): None
19.3731 	DATA 	Keypress: j
19.3792 	EXP 	text_2: autoDraw = False
19.3792 	EXP 	text_4: color = 'orange (named)'
19.3792 	EXP 	target_image: pos = array([0.17295, 0.     ])
19.3792 	EXP 	target_image: size = array([0.17295, 0.17295])
19.3792 	EXP 	target_image: image = 'Stimuli/eumu.png'
19.3792 	EXP 	text_4: autoDraw = True
19.3792 	EXP 	target_image: autoDraw = True
19.5795 	EXP 	text_4: autoDraw = False
19.5795 	EXP 	target_image: autoDraw = False
19.5795 	EXP 	text_4: autoDraw = False
19.5795 	EXP 	target_image: autoDraw = False
19.5795 	EXP 	text: color = 'orange (named)'
19.5795 	EXP 	text: autoDraw = True
19.8793 	EXP 	text: autoDraw = False
19.8793 	EXP 	text: autoDraw = False
19.8793 	EXP 	text_5: color = 'orange (named)'
19.8793 	EXP 	probe_image: pos = array([0.17295, 0.     ])
19.8793 	EXP 	probe_image: size = array([0.17295, 0.17295])
19.8793 	EXP 	probe_image: image = 'Stimuli/eumu.png'
19.8793 	EXP 	text_5: autoDraw = True
19.8793 	EXP 	probe_image: autoDraw = True
20.0812 	EXP 	text_5: autoDraw = False
20.0812 	EXP 	probe_image: autoDraw = False
20.0812 	EXP 	text_5: autoDraw = False
20.0812 	EXP 	probe_image: autoDraw = False
20.0812 	EXP 	text_2: color = 'orange (named)'
20.0812 	EXP 	text_2: autoDraw = True
20.2829 	EXP 	New trial (rep=2, index=0): None
20.2913 	DATA 	Keypress: f
20.2956 	EXP 	text_2: autoDraw = False
20.2956 	EXP 	text_4: color = 'orange (named)'
20.2956 	EXP 	target_image: pos = array([0.17295, 0.     ])
20.2956 	EXP 	target_image: size = array([0.17295, 0.17295])
20.2956 	EXP 	target_image: image = 'Stimuli/eomu.png'
20.2956 	EXP 	text_4: autoDraw = True
20.2956 	EXP 	target_image: autoDraw = True
20.4962 	EXP 	text_4: autoDraw = False
20.4962 	EXP 	target_image: autoDraw = False
20.4962 	EXP 	text_4: autoDraw = False
20.4962 	EXP 	target_image: autoDraw = False
20.4962 	EXP 	text: color = 'orange (named)'
20.4962 	EXP 	text: autoDraw = True
20.7961 	EXP 	text: autoDraw = False
20.7961 	EXP 	text: autoDraw = False
20.7961 	EXP 	text_5: color = 'orange (named)'
20.7961 	EXP 	probe_image: pos = array([0.17295, 0.     ])
20.7961 	EXP 	probe_image: size = array([0.17295, 0.17295])
20.7961 	EXP 	probe_image: image = 'Stimuli/eomu.png'
20.7961 	EXP 	text_5: autoDraw = True
20.7961 	EXP 	probe_image: autoDraw = True
20.9959 	EXP 	text_5: autoDraw = False
20.9959 	EXP 	probe_image: autoDraw = False
20.9959 	EXP 	text_5: autoDraw = False
20.9959 	EXP 	probe_image: autoDraw = False
20.9959 	EXP 	text_2: color = 'orange (named)'
20.9959 	EXP 	text_2: autoDraw = True
21.4001 	EXP 	New trial (rep=3, index=0): None
21.4079 	DATA 	Keypress: f
21.4120 	EXP 	text_2: autoDraw = False
21.4120 	EXP 	text_4: color = 'orange (named)'
21.4120 	EXP 	target_image: pos = array([-0.17295,  0.     ])
21.4120 	EXP 	target_image: size = array([0.17295, 0.17295])
21.4120 	EXP 	target_image: image = 'Stimuli/eimd.png'
21.4120 	EXP 	text_4: autoDraw = True
21.4120 	EXP 	target_image: autoDraw = True
21.6125 	EXP 	text_4: autoDraw = False
21.6125 	EXP 	target_image: autoDraw = False
21.6125 	EXP 	text_4: autoDraw = False
21.6125 	EXP 	target_image: autoDraw = False
21.6125 	EXP 	text: color = 'orange (named)'
21.6125 	EXP 	text: autoDraw = True
21.9125 	EXP 	text: autoDraw = False
21.9125 	EXP 	text: autoDraw = False
21.9125 	EXP 	text_5: color = 'orange (named)'
21.9125 	EXP 	probe_image: pos = array([-0.17295,  0.     ])
21.9125 	EXP 	probe_image: size = array([0.17295, 0.17295])
21.9125 	EXP 	probe_image: image = 'Stimuli/edmd.png'
21.9125 	EXP 	text_5: autoDraw = True
21.9125 	EXP 	probe_image: autoDraw = True
22.1128 	EXP 	text_5: autoDraw = False
22.1128 	EXP 	probe_image: autoDraw = False
22.1128 	EXP 	text_5: autoDraw = False
22.1128 	EXP 	probe_image: autoDraw = False
22.1128 	EXP 	text_2: color = 'orange (named)'
22.1128 	EXP 	text_2: autoDraw = True
22.6001 	EXP 	New trial (rep=4, index=0): None
22.6074 	DATA 	Keypress: f
22.6123 	EXP 	text_2: autoDraw = False
22.6123 	EXP 	text_4: color = 'orange (named)'
22.6123 	EXP 	target_image: pos = array([0.17295, 0.     ])
22.6123 	EXP 	target_image: size = array([0.17295, 0.17295])
22.6123 	EXP 	target_image: image = 'Stimuli/eomu.png'
22.6123 	EXP 	text_4: autoDraw = True
22.6123 	EXP 	target_image: autoDraw = True
22.8125 	EXP 	text_4: autoDraw = False
22.8125 	EXP 	target_image: autoDraw = False
22.8125 	EXP 	text_4: autoDraw = False
22.8125 	EXP 	target_image: autoDraw = False
22.8125 	EXP 	text: color = 'orange (named)'
22.8125 	EXP 	text: autoDraw = True
23.1062 	DATA 	Keypress: j
23.1126 	EXP 	text: autoDraw = False
23.1126 	EXP 	text: autoDraw = False
23.1126 	EXP 	text_5: color = 'orange (named)'
23.1126 	EXP 	probe_image: pos = array([0.17295, 0.     ])
23.1126 	EXP 	probe_image: size = array([0.17295, 0.17295])
23.1126 	EXP 	probe_image: image = 'Stimuli/edmd.png'
23.1126 	EXP 	text_5: autoDraw = True
23.1126 	EXP 	probe_image: autoDraw = True
23.3147 	EXP 	text_5: autoDraw = False
23.3147 	EXP 	probe_image: autoDraw = False
23.3147 	EXP 	text_5: autoDraw = False
23.3147 	EXP 	probe_image: autoDraw = False
23.3147 	EXP 	text_2: color = 'orange (named)'
23.3147 	EXP 	text_2: autoDraw = True
23.5992 	EXP 	New trial (rep=5, index=0): None
23.6065 	DATA 	Keypress: f
23.6129 	EXP 	text_2: autoDraw = False
23.6129 	EXP 	text_4: color = 'pink (named)'
23.6129 	EXP 	target_image: pos = array([0.17295, 0.     ])
23.6129 	EXP 	target_image: size = array([0.17295, 0.17295])
23.6129 	EXP 	target_image: image = 'Stimuli/eumu.png'
23.6129 	EXP 	text_4: autoDraw = True
23.6129 	EXP 	target_image: autoDraw = True
23.7640 	WARNING 	Multiple dropped frames have occurred - I'll stop bothering you about them!
23.7811 	DATA 	Keypress: j
23.8146 	EXP 	text_4: autoDraw = False
23.8146 	EXP 	target_image: autoDraw = False
23.8146 	EXP 	text_4: autoDraw = False
23.8146 	EXP 	target_image: autoDraw = False
23.8146 	EXP 	text: color = 'pink (named)'
23.8146 	EXP 	text: autoDraw = True
24.1294 	EXP 	text: autoDraw = False
24.1294 	EXP 	text_5: color = 'pink (named)'
24.1294 	EXP 	probe_image: pos = array([0.17295, 0.     ])
24.1294 	EXP 	probe_image: size = array([0.17295, 0.17295])
24.1294 	EXP 	probe_image: image = 'Stimuli/eomu.png'
24.1294 	EXP 	text_5: autoDraw = True
24.1294 	EXP 	probe_image: autoDraw = True
24.2665 	DATA 	Keypress: f
24.3298 	EXP 	text_5: autoDraw = False
24.3298 	EXP 	probe_image: autoDraw = False
24.3298 	EXP 	text_2: color = 'pink (named)'
24.3298 	EXP 	text_2: autoDraw = True
24.5318 	DATA 	Keypress: space
25.2153 	DATA 	Keypress: space
25.6648 	DATA 	Keypress: escape
26.0747 	EXP 	window1: mouseVisible = True
26.0747 	DEBUG 	Saving data for configural_featural ExperimentHandler
26.0756 	INFO 	saved data to /Users/sophia/Documents/PycharmProjects/Configural_Featural_Study/data/code_configural_featural_2020_Oct_27_0001.psydat
26.0764 	INFO 	saved data to '/Users/sophia/Documents/PycharmProjects/Configural_Featural_Study/data/code_configural_featural_2020_Oct_27_0001.csv'
