0.4233 	WARNING 	We strongly recommend you activate the PTB sound engine in PsychoPy prefs as the preferred audio engine. Its timing is vastly superior. Your prefs are currently set to use ['sounddevice', 'PTB', 'pyo', 'pygame'] (in that order).
6.9152 	INFO 	Loaded monitor calibration from ['2020_09_20 15:42']
9.1841 	WARNING 	Couldn't measure a consistent frame rate.
  - Is your graphics card set to sync to vertical blank?
  - Are you running other processes on your computer?

9.1845 	EXP 	Created window1 = Window(allowGUI=False, allowStencil=False, args=UNKNOWN, autoLog=True, bitsMode=UNKNOWN, blendMode='avg', bpc=(8, 8, 8), color=array([0., 0., 0.]), colorSpace='rgb', depthBits=8, fullscr=<method-wrapper '__getattribute__' of attributeSetter object at 0x15574fcc0>, gamma=None, gammaErrorPolicy='raise', kwargs=UNKNOWN, lms=UNKNOWN, monitor=<psychopy.monitors.calibTools.Monitor object at 0x1576d3fd0>, multiSample=False, name='window1', numSamples=2, pos=[448.0, 280.0], screen=0, size=array([3584, 2240]), stencilBits=0, stereo=False, units='height', useFBO=True, useRetina=True, viewOri=0.0, viewPos=None, viewScale=None, waitBlanking=True, winType='pyglet')
9.1846 	EXP 	window1: mouseVisible = True
9.1847 	EXP 	window1: recordFrameIntervals = False
9.3490 	EXP 	window1: recordFrameIntervals = True
11.0178 	WARNING 	Couldn't measure a consistent frame rate.
  - Is your graphics card set to sync to vertical blank?
  - Are you running other processes on your computer?

11.5116 	EXP 	Created text_top = TextStim(__class__=<class 'psychopy.visual.text.TextStim'>, alignHoriz=method-wrapper(...), alignText='center', alignVert=method-wrapper(...), anchorHoriz='center', anchorVert='center', antialias=True, autoLog=True, bold=False, color='black', colorSpace='named', contrast=1.0, depth=-3.0, flipHoriz=False, flipVert=False, font='Arial', fontFiles=[], height=0.05, italic=False, languageStyle='LTR', name='text_top', opacity=1.0, ori=0, pos=array([0. , 0.3]), rgb=array([0., 0., 0.]), text=str(...), units='height', win=Window(...), wrapWidth=1)
11.5179 	EXP 	Created text_bottom = TextStim(__class__=<class 'psychopy.visual.text.TextStim'>, alignHoriz=method-wrapper(...), alignText='center', alignVert=method-wrapper(...), anchorHoriz='center', anchorVert='center', antialias=True, autoLog=True, bold=False, color='black', colorSpace='named', contrast=1.0, depth=-4.0, flipHoriz=False, flipVert=False, font='Arial', fontFiles=[], height=0.05, italic=False, languageStyle='LTR', name='text_bottom', opacity=1.0, ori=0, pos=array([ 0. , -0.3]), rgb=array([0., 0., 0.]), text='Press Space when you’re finished', units='height', win=Window(...), wrapWidth=1)
11.5451 	EXP 	Created ccimage = ImageStim(__class__=<class 'psychopy.visual.image.ImageStim'>, autoLog=True, color=array([1., 1., 1.]), colorSpace='rgb', contrast=1.0, depth=-5.0, flipHoriz=False, flipVert=False, image='bankcard.png', interpolate=True, mask=None, maskParams=None, name='ccimage', opacity=1.0, ori=0.0, pos=array([0., 0.]), size=array([0.428 , 0.2699]), texRes=512, units='height', win=Window(...))
11.5526 	EXP 	Created text_3 = TextStim(__class__=<class 'psychopy.visual.text.TextStim'>, alignHoriz=method-wrapper(...), alignText='center', alignVert=method-wrapper(...), anchorHoriz='center', anchorVert='center', antialias=True, autoLog=True, bold=False, color='white', colorSpace='named', contrast=1.0, depth=-1.0, flipHoriz=False, flipVert=False, font='Arial', fontFiles=[], height=0.1, italic=False, languageStyle='LTR', name='text_3', opacity=1.0, ori=0, pos=array([0., 0.]), rgb=array([255., 255., 255.]), text='default text', units='height', win=Window(...), wrapWidth=1)
11.9645 	EXP 	Created target_image = ImageStim(__class__=<class 'psychopy.visual.image.ImageStim'>, autoLog=True, color=array([1., 1., 1.]), colorSpace='rgb', contrast=1.0, depth=-1.0, flipHoriz=False, flipVert=False, image='sin', interpolate=True, mask=None, maskParams=None, name='target_image', opacity=1.0, ori=0.0, pos=array([0., 0.]), size=array([1., 1.]), texRes=512, units='height', win=Window(...))
11.9666 	EXP 	Created text = TextStim(__class__=<class 'psychopy.visual.text.TextStim'>, alignHoriz=method-wrapper(...), alignText='center', alignVert=method-wrapper(...), anchorHoriz='center', anchorVert='center', antialias=True, autoLog=True, bold=False, color='white', colorSpace='named', contrast=1.0, depth=0.0, flipHoriz=False, flipVert=False, font='Arial', fontFiles=[], height=0.05, italic=False, languageStyle='LTR', name='text', opacity=1.0, ori=0, pos=array([0., 0.]), rgb=array([255., 255., 255.]), text='+', units='height', win=Window(...), wrapWidth=1)
11.9678 	EXP 	Created probe_image = ImageStim(__class__=<class 'psychopy.visual.image.ImageStim'>, autoLog=True, color=array([1., 1., 1.]), colorSpace='rgb', contrast=1.0, depth=-1.0, flipHoriz=False, flipVert=False, image='sin', interpolate=True, mask=None, maskParams=None, name='probe_image', opacity=1.0, ori=0.0, pos=array([0., 0.]), size=array([1., 1.]), texRes=512, units='height', win=Window(...))
11.9689 	EXP 	Created text_2 = TextStim(__class__=<class 'psychopy.visual.text.TextStim'>, alignHoriz=method-wrapper(...), alignText='center', alignVert=method-wrapper(...), anchorHoriz='center', anchorVert='center', antialias=True, autoLog=True, bold=False, color='white', colorSpace='named', contrast=1.0, depth=0.0, flipHoriz=False, flipVert=False, font='Arial', fontFiles=[], height=0.05, italic=False, languageStyle='LTR', name='text_2', opacity=1.0, ori=0, pos=array([0., 0.]), rgb=array([255., 255., 255.]), text='+', units='height', win=Window(...), wrapWidth=1)
12.4076 	WARNING 	t of last frame was 1390.07ms (=1/0)
12.4076 	EXP 	text_top: autoDraw = True
12.4076 	EXP 	text_bottom: autoDraw = True
12.4076 	EXP 	ccimage: autoDraw = True
12.4300 	WARNING 	t of last frame was 22.37ms (=1/44)
12.4511 	WARNING 	t of last frame was 21.11ms (=1/47)
13.4898 	DATA 	Keypress: space
13.4949 	DEBUG 	Read csv file with pandas: Designs/design1.csv
13.4972 	DEBUG 	Clearing unnamed columns from Designs/design1.csv
13.4976 	EXP 	Imported Designs/design1.csv as conditions, 4 conditions, 2 params
13.4979 	EXP 	Created sequence: sequential, trialTypes=4, nReps=1, seed=None
13.4981 	EXP 	New trial (rep=0, index=0): OrderedDict([('Block_type', 'conf_face'), ('instruction_text', 'Press S for same or D for different faces. Press <SPACE> to continue.')])
13.5407 	WARNING 	t of last frame was 58.80ms (=1/17)
13.5407 	EXP 	ccimage: size = [0.42800000000000005, 0.2699]
13.5407 	EXP 	text_top: autoDraw = False
13.5407 	EXP 	text_bottom: autoDraw = False
13.5407 	EXP 	ccimage: autoDraw = False
13.5407 	EXP 	text_3: text = 'Press S for same or D for different faces. Press <SPACE> to continue.'
13.5407 	EXP 	text_3: autoDraw = True
13.5631 	WARNING 	Multiple dropped frames have occurred - I'll stop bothering you about them!
14.8337 	EXP 	Created sequence: sequential, trialTypes=1, nReps=24, seed=None
14.8341 	EXP 	New trial (rep=0, index=0): None
14.8460 	DATA 	Keypress: space
14.8676 	EXP 	text_3: autoDraw = False
14.8676 	EXP 	target_image: pos = array([0.17295, 0.17295])
14.8676 	EXP 	target_image: size = array([0.17295, 0.17295])
14.8676 	EXP 	target_image: image = 'Stimuli/eumu.png'
14.8676 	EXP 	target_image: autoDraw = True
15.0493 	EXP 	target_image: autoDraw = False
15.0493 	EXP 	text: color = 'orange (named)'
15.0493 	EXP 	text: autoDraw = True
15.2485 	EXP 	text: autoDraw = False
15.2485 	EXP 	probe_image: pos = array([0.17295, 0.17295])
15.2485 	EXP 	probe_image: size = array([0.17295, 0.17295])
15.2485 	EXP 	probe_image: image = 'Stimuli/eumu.png'
15.2485 	EXP 	probe_image: autoDraw = True
15.4505 	EXP 	probe_image: autoDraw = False
15.4505 	EXP 	probe_image: autoDraw = False
15.4505 	EXP 	text_2: color = 'orange (named)'
15.4505 	EXP 	text_2: autoDraw = True
16.8369 	EXP 	New trial (rep=1, index=0): None
16.8464 	DATA 	Keypress: space
16.8673 	EXP 	text_2: autoDraw = False
16.8673 	EXP 	target_image: pos = array([0.17295, 0.17295])
16.8673 	EXP 	target_image: size = array([0.17295, 0.17295])
16.8673 	EXP 	target_image: image = 'Stimuli/eomu.png'
16.8673 	EXP 	target_image: autoDraw = True
17.0657 	EXP 	target_image: autoDraw = False
17.0657 	EXP 	text: color = 'orange (named)'
17.0657 	EXP 	text: autoDraw = True
17.2660 	EXP 	text: autoDraw = False
17.2660 	EXP 	probe_image: pos = array([0.17295, 0.17295])
17.2660 	EXP 	probe_image: size = array([0.17295, 0.17295])
17.2660 	EXP 	probe_image: image = 'Stimuli/eumu.png'
17.2660 	EXP 	probe_image: autoDraw = True
17.4683 	EXP 	probe_image: autoDraw = False
17.4683 	EXP 	text_2: color = 'orange (named)'
17.4683 	EXP 	text_2: autoDraw = True
17.9185 	EXP 	New trial (rep=2, index=0): None
17.9241 	DATA 	Keypress: space
17.9325 	EXP 	text_2: autoDraw = False
17.9325 	EXP 	target_image: pos = array([-0.17295, -0.17295])
17.9325 	EXP 	target_image: size = array([0.17295, 0.17295])
17.9325 	EXP 	target_image: image = 'Stimuli/eomu.png'
17.9325 	EXP 	target_image: autoDraw = True
18.1327 	EXP 	target_image: autoDraw = False
18.1327 	EXP 	target_image: autoDraw = False
18.1327 	EXP 	text: color = 'orange (named)'
18.1327 	EXP 	text: autoDraw = True
18.3326 	EXP 	text: autoDraw = False
18.3326 	EXP 	text: autoDraw = False
18.3326 	EXP 	probe_image: pos = array([-0.17295, -0.17295])
18.3326 	EXP 	probe_image: size = array([0.17295, 0.17295])
18.3326 	EXP 	probe_image: image = 'Stimuli/eomu.png'
18.3326 	EXP 	probe_image: autoDraw = True
18.5347 	EXP 	probe_image: autoDraw = False
18.5347 	EXP 	probe_image: autoDraw = False
18.5347 	EXP 	text_2: color = 'orange (named)'
18.5347 	EXP 	text_2: autoDraw = True
19.0173 	EXP 	New trial (rep=3, index=0): None
19.0246 	DATA 	Keypress: space
19.0325 	EXP 	text_2: autoDraw = False
19.0325 	EXP 	target_image: pos = array([0.17295, 0.17295])
19.0325 	EXP 	target_image: size = array([0.17295, 0.17295])
19.0325 	EXP 	target_image: image = 'Stimuli/edmd.png'
19.0325 	EXP 	target_image: autoDraw = True
19.2328 	EXP 	target_image: autoDraw = False
19.2328 	EXP 	text: color = 'orange (named)'
19.2328 	EXP 	text: autoDraw = True
19.4328 	EXP 	text: autoDraw = False
19.4328 	EXP 	text: autoDraw = False
19.4328 	EXP 	probe_image: pos = array([0.17295, 0.17295])
19.4328 	EXP 	probe_image: size = array([0.17295, 0.17295])
19.4328 	EXP 	probe_image: image = 'Stimuli/edmd.png'
19.4328 	EXP 	probe_image: autoDraw = True
19.6328 	EXP 	probe_image: autoDraw = False
19.6328 	EXP 	text_2: color = 'orange (named)'
19.6328 	EXP 	text_2: autoDraw = True
20.0502 	EXP 	New trial (rep=4, index=0): None
20.0570 	DATA 	Keypress: space
20.0660 	EXP 	text_2: autoDraw = False
20.0660 	EXP 	target_image: pos = array([-0.17295, -0.17295])
20.0660 	EXP 	target_image: size = array([0.17295, 0.17295])
20.0660 	EXP 	target_image: image = 'Stimuli/edmd.png'
20.0660 	EXP 	target_image: autoDraw = True
20.2682 	EXP 	target_image: autoDraw = False
20.2682 	EXP 	target_image: autoDraw = False
20.2682 	EXP 	text: color = 'orange (named)'
20.2682 	EXP 	text: autoDraw = True
20.4828 	EXP 	text: autoDraw = False
20.4828 	EXP 	probe_image: pos = array([-0.17295, -0.17295])
20.4828 	EXP 	probe_image: size = array([0.17295, 0.17295])
20.4828 	EXP 	probe_image: image = 'Stimuli/eimd.png'
20.4828 	EXP 	probe_image: autoDraw = True
20.6662 	EXP 	probe_image: autoDraw = False
20.6662 	EXP 	text_2: color = 'orange (named)'
20.6662 	EXP 	text_2: autoDraw = True
21.1854 	EXP 	New trial (rep=5, index=0): None
21.1912 	DATA 	Keypress: space
21.1991 	EXP 	text_2: autoDraw = False
21.1991 	EXP 	target_image: pos = array([-0.17295, -0.17295])
21.1991 	EXP 	target_image: size = array([0.17295, 0.17295])
21.1991 	EXP 	target_image: image = 'Stimuli/eimd.png'
21.1991 	EXP 	target_image: autoDraw = True
21.3993 	EXP 	target_image: autoDraw = False
21.3993 	EXP 	target_image: autoDraw = False
21.3993 	EXP 	text: color = 'orange (named)'
21.3993 	EXP 	text: autoDraw = True
21.5990 	EXP 	text: autoDraw = False
21.5990 	EXP 	text: autoDraw = False
21.5990 	EXP 	probe_image: pos = array([-0.17295, -0.17295])
21.5990 	EXP 	probe_image: size = array([0.17295, 0.17295])
21.5990 	EXP 	probe_image: image = 'Stimuli/edmd.png'
21.5990 	EXP 	probe_image: autoDraw = True
21.7992 	EXP 	probe_image: autoDraw = False
21.7992 	EXP 	probe_image: autoDraw = False
21.7992 	EXP 	text_2: color = 'orange (named)'
21.7992 	EXP 	text_2: autoDraw = True
22.2031 	DATA 	Keypress: escape
22.6451 	EXP 	window1: mouseVisible = True
22.6451 	DEBUG 	Saving data for configural_featural ExperimentHandler
22.6462 	INFO 	saved data to /Users/sophia/Documents/PycharmProjects/Configural_Featural_Study/data/SR_configural_featural_2020_Oct_24_1958.psydat
22.6470 	INFO 	saved data to '/Users/sophia/Documents/PycharmProjects/Configural_Featural_Study/data/SR_configural_featural_2020_Oct_24_1958.csv'
