0.2248 	WARNING 	We strongly recommend you activate the PTB sound engine in PsychoPy prefs as the preferred audio engine. Its timing is vastly superior. Your prefs are currently set to use ['sounddevice', 'PTB', 'pyo', 'pygame'] (in that order).
7.3581 	INFO 	Loaded monitor calibration from ['2020_09_20 15:42']
9.5709 	WARNING 	Couldn't measure a consistent frame rate.
  - Is your graphics card set to sync to vertical blank?
  - Are you running other processes on your computer?

9.5714 	EXP 	Created window1 = Window(allowGUI=False, allowStencil=False, args=UNKNOWN, autoLog=True, bitsMode=UNKNOWN, blendMode='avg', bpc=(8, 8, 8), color=array([0., 0., 0.]), colorSpace='rgb', depthBits=8, fullscr=<method-wrapper '__getattribute__' of attributeSetter object at 0x156306a90>, gamma=None, gammaErrorPolicy='raise', kwargs=UNKNOWN, lms=UNKNOWN, monitor=<psychopy.monitors.calibTools.Monitor object at 0x156f67a58>, multiSample=False, name='window1', numSamples=2, pos=[448.0, 280.0], screen=0, size=array([3584, 2240]), stencilBits=0, stereo=False, units='height', useFBO=True, useRetina=True, viewOri=0.0, viewPos=None, viewScale=None, waitBlanking=True, winType='pyglet')
9.5717 	EXP 	window1: mouseVisible = True
9.5717 	EXP 	window1: recordFrameIntervals = False
9.7372 	EXP 	window1: recordFrameIntervals = True
11.4061 	WARNING 	Couldn't measure a consistent frame rate.
  - Is your graphics card set to sync to vertical blank?
  - Are you running other processes on your computer?

11.8405 	EXP 	Created text_top = TextStim(__class__=<class 'psychopy.visual.text.TextStim'>, alignHoriz=method-wrapper(...), alignText='center', alignVert=method-wrapper(...), anchorHoriz='center', anchorVert='center', antialias=True, autoLog=True, bold=False, color='black', colorSpace='named', contrast=1.0, depth=-3.0, flipHoriz=False, flipVert=False, font='Arial', fontFiles=[], height=0.05, italic=False, languageStyle='LTR', name='text_top', opacity=1.0, ori=0, pos=array([0. , 0.3]), rgb=array([0., 0., 0.]), text=str(...), units='height', win=Window(...), wrapWidth=1)
11.8461 	EXP 	Created text_bottom = TextStim(__class__=<class 'psychopy.visual.text.TextStim'>, alignHoriz=method-wrapper(...), alignText='center', alignVert=method-wrapper(...), anchorHoriz='center', anchorVert='center', antialias=True, autoLog=True, bold=False, color='black', colorSpace='named', contrast=1.0, depth=-4.0, flipHoriz=False, flipVert=False, font='Arial', fontFiles=[], height=0.05, italic=False, languageStyle='LTR', name='text_bottom', opacity=1.0, ori=0, pos=array([ 0. , -0.3]), rgb=array([0., 0., 0.]), text='Press Space when you’re finished', units='height', win=Window(...), wrapWidth=1)
11.8560 	EXP 	Created ccimage = ImageStim(__class__=<class 'psychopy.visual.image.ImageStim'>, autoLog=True, color=array([1., 1., 1.]), colorSpace='rgb', contrast=1.0, depth=-5.0, flipHoriz=False, flipVert=False, image='bankcard.png', interpolate=True, mask=None, maskParams=None, name='ccimage', opacity=1.0, ori=0.0, pos=array([0., 0.]), size=array([0.428 , 0.2699]), texRes=512, units='height', win=Window(...))
11.8574 	EXP 	Created target_image = ImageStim(__class__=<class 'psychopy.visual.image.ImageStim'>, autoLog=True, color=array([1., 1., 1.]), colorSpace='rgb', contrast=1.0, depth=-1.0, flipHoriz=False, flipVert=False, image='sin', interpolate=True, mask=None, maskParams=None, name='target_image', opacity=1.0, ori=0.0, pos=array([0., 0.]), size=array([1., 1.]), texRes=512, units='height', win=Window(...))
11.8585 	EXP 	Created probe_image = ImageStim(__class__=<class 'psychopy.visual.image.ImageStim'>, autoLog=True, color=array([1., 1., 1.]), colorSpace='rgb', contrast=1.0, depth=-1.0, flipHoriz=False, flipVert=False, image='sin', interpolate=True, mask=None, maskParams=None, name='probe_image', opacity=1.0, ori=0.0, pos=array([0., 0.]), size=array([1., 1.]), texRes=512, units='height', win=Window(...))
12.2791 	WARNING 	t of last frame was 873.18ms (=1/1)
12.2791 	EXP 	text_top: autoDraw = True
12.2791 	EXP 	text_bottom: autoDraw = True
12.2791 	EXP 	ccimage: autoDraw = True
12.3014 	WARNING 	t of last frame was 22.37ms (=1/44)
12.3224 	WARNING 	t of last frame was 20.99ms (=1/47)
12.9082 	WARNING 	t of last frame was 20.93ms (=1/47)
14.3398 	DATA 	Keypress: space
14.3449 	DEBUG 	Read csv file with pandas: Designs/design1.csv
14.3472 	DEBUG 	Clearing unnamed columns from Designs/design1.csv
14.3476 	EXP 	Imported Designs/design1.csv as conditions, 4 conditions, 2 params
14.3478 	EXP 	Created sequence: sequential, trialTypes=4, nReps=1, seed=None
14.3481 	EXP 	New trial (rep=0, index=0): OrderedDict([('Block_type', 'conf_face'), ('instruction_text', 'Press S for same or D for different faces. Press <SPACE> to continue.')])
14.3487 	EXP 	Created sequence: sequential, trialTypes=1, nReps=1, seed=None
14.3488 	EXP 	New trial (rep=0, index=0): None
14.3705 	WARNING 	Multiple dropped frames have occurred - I'll stop bothering you about them!
14.3705 	EXP 	ccimage: size = [0.42800000000000005, 0.2699]
14.3705 	EXP 	text_top: autoDraw = False
14.3705 	EXP 	text_bottom: autoDraw = False
14.3705 	EXP 	ccimage: autoDraw = False
14.3705 	EXP 	target_image: size = array([0.17295, 0.17295])
14.3705 	EXP 	target_image: image = 'Stimuli/eumu.png'
14.3705 	EXP 	target_image: autoDraw = True
14.5702 	EXP 	target_image: autoDraw = False
14.5702 	EXP 	probe_image: size = array([0.17295, 0.17295])
14.5702 	EXP 	probe_image: image = 'Stimuli/eumu.png'
14.8562 	EXP 	probe_image: autoDraw = True
15.3707 	EXP 	probe_image: autoDraw = False
17.4568 	DATA 	Keypress: j
19.7585 	DATA 	Keypress: j
20.5917 	DATA 	Keypress: f
20.8218 	DATA 	Keypress: j
20.9733 	EXP 	New trial (rep=0, index=1): OrderedDict([('Block_type', 'conf_haus'), ('instruction_text', 'Press S for same or D for different houses. Press <SPACE> to continue.')])
20.9739 	EXP 	Created sequence: sequential, trialTypes=1, nReps=1, seed=None
20.9741 	EXP 	New trial (rep=0, index=0): None
20.9793 	DATA 	Keypress: space
20.9873 	EXP 	target_image: size = array([0.17295, 0.17295])
20.9873 	EXP 	target_image: image = 'Stimuli/H-8sim3.png'
20.9873 	EXP 	target_image: autoDraw = True
21.1874 	EXP 	target_image: autoDraw = False
21.1874 	EXP 	target_image: autoDraw = False
21.1874 	EXP 	probe_image: size = array([0.17295, 0.17295])
21.1874 	EXP 	probe_image: image = 'Stimuli/H-8sim3.png'
21.4708 	EXP 	probe_image: autoDraw = True
21.9708 	EXP 	probe_image: autoDraw = False
21.9708 	EXP 	probe_image: autoDraw = False
22.7216 	EXP 	New trial (rep=0, index=2): OrderedDict([('Block_type', 'feat_face'), ('instruction_text', 'Press S for same or D for different faces. Press <SPACE> to continue.')])
22.7221 	EXP 	Created sequence: sequential, trialTypes=1, nReps=1, seed=None
22.7223 	EXP 	New trial (rep=0, index=0): None
22.7284 	DATA 	Keypress: space
22.7373 	EXP 	target_image: size = array([0.17295, 0.17295])
22.7373 	EXP 	target_image: image = 'Stimuli/f15.png'
22.7373 	EXP 	target_image: autoDraw = True
22.9374 	EXP 	target_image: autoDraw = False
22.9374 	EXP 	target_image: autoDraw = False
22.9374 	EXP 	probe_image: size = array([0.17295, 0.17295])
22.9374 	EXP 	probe_image: image = 'Stimuli/f15.png'
23.2232 	EXP 	probe_image: autoDraw = True
23.7375 	EXP 	probe_image: autoDraw = False
24.2901 	EXP 	New trial (rep=0, index=3): OrderedDict([('Block_type', 'feat_haus'), ('instruction_text', 'Press S for same or D for different houses. Press <SPACE> to continue.')])
24.2906 	EXP 	Created sequence: sequential, trialTypes=1, nReps=1, seed=None
24.2908 	EXP 	New trial (rep=0, index=0): None
24.2955 	DATA 	Keypress: space
24.3039 	EXP 	target_image: size = array([0.17295, 0.17295])
24.3039 	EXP 	target_image: image = 'Stimuli/H7sim0.png'
24.3039 	EXP 	target_image: autoDraw = True
24.5041 	EXP 	target_image: autoDraw = False
24.5041 	EXP 	target_image: autoDraw = False
24.5041 	EXP 	probe_image: size = array([0.17295, 0.17295])
24.5041 	EXP 	probe_image: image = 'Stimuli/H7sim0.png'
24.7874 	EXP 	probe_image: autoDraw = True
25.2874 	EXP 	probe_image: autoDraw = False
25.2874 	EXP 	probe_image: autoDraw = False
25.6226 	DATA 	Keypress: space
25.6390 	INFO 	saved data to '/Users/sophia/Documents/PycharmProjects/Configural_Featural_Study/data/SR_configural_featural_2020_Oct_24_1703.csv'
25.6401 	INFO 	saved data to /Users/sophia/Documents/PycharmProjects/Configural_Featural_Study/data/SR_configural_featural_2020_Oct_24_1703.psydat
25.9160 	EXP 	window1: mouseVisible = True
25.9162 	DEBUG 	Saving data for configural_featural ExperimentHandler
