0.4199 	WARNING 	We strongly recommend you activate the PTB sound engine in PsychoPy prefs as the preferred audio engine. Its timing is vastly superior. Your prefs are currently set to use ['sounddevice', 'PTB', 'pyo', 'pygame'] (in that order).
15.3796 	INFO 	Loaded monitor calibration from ['2020_09_20 15:42']
17.6703 	WARNING 	Couldn't measure a consistent frame rate.
  - Is your graphics card set to sync to vertical blank?
  - Are you running other processes on your computer?

17.6707 	EXP 	Created window1 = Window(allowGUI=False, allowStencil=False, args=UNKNOWN, autoLog=True, bitsMode=UNKNOWN, blendMode='avg', bpc=(8, 8, 8), color=array([0., 0., 0.]), colorSpace='rgb', depthBits=8, fullscr=<method-wrapper '__getattribute__' of attributeSetter object at 0x15524fba8>, gamma=None, gammaErrorPolicy='raise', kwargs=UNKNOWN, lms=UNKNOWN, monitor=<psychopy.monitors.calibTools.Monitor object at 0x155eaaeb8>, multiSample=False, name='window1', numSamples=2, pos=[448.0, 280.0], screen=0, size=array([3584, 2240]), stencilBits=0, stereo=False, units='height', useFBO=True, useRetina=True, viewOri=0.0, viewPos=None, viewScale=None, waitBlanking=True, winType='pyglet')
17.6708 	EXP 	window1: mouseVisible = True
17.6709 	EXP 	window1: recordFrameIntervals = False
17.8389 	EXP 	window1: recordFrameIntervals = True
19.5037 	WARNING 	Couldn't measure a consistent frame rate.
  - Is your graphics card set to sync to vertical blank?
  - Are you running other processes on your computer?

20.0066 	EXP 	Created text_top = TextStim(__class__=<class 'psychopy.visual.text.TextStim'>, alignHoriz=method-wrapper(...), alignText='center', alignVert=method-wrapper(...), anchorHoriz='center', anchorVert='center', antialias=True, autoLog=True, bold=False, color='black', colorSpace='named', contrast=1.0, depth=-3.0, flipHoriz=False, flipVert=False, font='Arial', fontFiles=[], height=0.05, italic=False, languageStyle='LTR', name='text_top', opacity=1.0, ori=0, pos=array([0. , 0.3]), rgb=array([0., 0., 0.]), text=str(...), units='height', win=Window(...), wrapWidth=1)
20.0130 	EXP 	Created text_bottom = TextStim(__class__=<class 'psychopy.visual.text.TextStim'>, alignHoriz=method-wrapper(...), alignText='center', alignVert=method-wrapper(...), anchorHoriz='center', anchorVert='center', antialias=True, autoLog=True, bold=False, color='black', colorSpace='named', contrast=1.0, depth=-4.0, flipHoriz=False, flipVert=False, font='Arial', fontFiles=[], height=0.05, italic=False, languageStyle='LTR', name='text_bottom', opacity=1.0, ori=0, pos=array([ 0. , -0.3]), rgb=array([0., 0., 0.]), text='Press Space when you’re finished', units='height', win=Window(...), wrapWidth=1)
20.0336 	EXP 	Created ccimage = ImageStim(__class__=<class 'psychopy.visual.image.ImageStim'>, autoLog=True, color=array([1., 1., 1.]), colorSpace='rgb', contrast=1.0, depth=-5.0, flipHoriz=False, flipVert=False, image='bankcard.png', interpolate=True, mask=None, maskParams=None, name='ccimage', opacity=1.0, ori=0.0, pos=array([0., 0.]), size=array([0.428 , 0.2699]), texRes=512, units='height', win=Window(...))
20.0409 	EXP 	Created text_3 = TextStim(__class__=<class 'psychopy.visual.text.TextStim'>, alignHoriz=method-wrapper(...), alignText='center', alignVert=method-wrapper(...), anchorHoriz='center', anchorVert='center', antialias=True, autoLog=True, bold=False, color='white', colorSpace='named', contrast=1.0, depth=-1.0, flipHoriz=False, flipVert=False, font='Arial', fontFiles=[], height=0.1, italic=False, languageStyle='LTR', name='text_3', opacity=1.0, ori=0, pos=array([0., 0.]), rgb=array([255., 255., 255.]), text='default text', units='height', win=Window(...), wrapWidth=1)
20.4619 	EXP 	Created target_image = ImageStim(__class__=<class 'psychopy.visual.image.ImageStim'>, autoLog=True, color=array([1., 1., 1.]), colorSpace='rgb', contrast=1.0, depth=-1.0, flipHoriz=False, flipVert=False, image='sin', interpolate=True, mask=None, maskParams=None, name='target_image', opacity=1.0, ori=0.0, pos=array([0., 0.]), size=array([1., 1.]), texRes=512, units='height', win=Window(...))
20.4640 	EXP 	Created text = TextStim(__class__=<class 'psychopy.visual.text.TextStim'>, alignHoriz=method-wrapper(...), alignText='center', alignVert=method-wrapper(...), anchorHoriz='center', anchorVert='center', antialias=True, autoLog=True, bold=False, color='white', colorSpace='named', contrast=1.0, depth=0.0, flipHoriz=False, flipVert=False, font='Arial', fontFiles=[], height=0.05, italic=False, languageStyle='LTR', name='text', opacity=1.0, ori=0, pos=array([0., 0.]), rgb=array([255., 255., 255.]), text='+', units='height', win=Window(...), wrapWidth=1)
20.4651 	EXP 	Created probe_image = ImageStim(__class__=<class 'psychopy.visual.image.ImageStim'>, autoLog=True, color=array([1., 1., 1.]), colorSpace='rgb', contrast=1.0, depth=-1.0, flipHoriz=False, flipVert=False, image='sin', interpolate=True, mask=None, maskParams=None, name='probe_image', opacity=1.0, ori=0.0, pos=array([0., 0.]), size=array([1., 1.]), texRes=512, units='height', win=Window(...))
20.4662 	EXP 	Created text_2 = TextStim(__class__=<class 'psychopy.visual.text.TextStim'>, alignHoriz=method-wrapper(...), alignText='center', alignVert=method-wrapper(...), anchorHoriz='center', anchorVert='center', antialias=True, autoLog=True, bold=False, color='white', colorSpace='named', contrast=1.0, depth=0.0, flipHoriz=False, flipVert=False, font='Arial', fontFiles=[], height=0.05, italic=False, languageStyle='LTR', name='text_2', opacity=1.0, ori=0, pos=array([0., 0.]), rgb=array([255., 255., 255.]), text='+', units='height', win=Window(...), wrapWidth=1)
20.9314 	WARNING 	t of last frame was 1427.90ms (=1/0)
20.9314 	EXP 	text_top: autoDraw = True
20.9314 	EXP 	text_bottom: autoDraw = True
20.9314 	EXP 	ccimage: autoDraw = True
20.9625 	WARNING 	t of last frame was 24.64ms (=1/40)
22.0756 	DATA 	Keypress: space
22.0819 	DEBUG 	Read csv file with pandas: Designs/design1.csv
22.0844 	DEBUG 	Clearing unnamed columns from Designs/design1.csv
22.0848 	EXP 	Imported Designs/design1.csv as conditions, 4 conditions, 2 params
22.0850 	EXP 	Created sequence: sequential, trialTypes=4, nReps=1, seed=None
22.0853 	EXP 	New trial (rep=0, index=0): OrderedDict([('Block_type', 'conf_face'), ('instruction_text', 'Press S for same or D for different faces. Press <SPACE> to continue.')])
22.1292 	WARNING 	t of last frame was 58.16ms (=1/17)
22.1292 	EXP 	ccimage: size = [0.42800000000000005, 0.2699]
22.1292 	EXP 	text_top: autoDraw = False
22.1292 	EXP 	text_bottom: autoDraw = False
22.1292 	EXP 	ccimage: autoDraw = False
22.1292 	EXP 	text_3: text = 'Press S for same or D for different faces. Press <SPACE> to continue.'
22.1292 	EXP 	text_3: autoDraw = True
22.1515 	WARNING 	t of last frame was 22.28ms (=1/44)
22.1726 	WARNING 	Multiple dropped frames have occurred - I'll stop bothering you about them!
25.3567 	EXP 	Created sequence: sequential, trialTypes=1, nReps=24, seed=None
25.3570 	EXP 	New trial (rep=0, index=0): None
25.3692 	DATA 	Keypress: space
25.3893 	EXP 	text_3: autoDraw = False
25.3893 	EXP 	target_image: pos = array([-0.17295,  0.     ])
25.3893 	EXP 	target_image: size = array([0.17295, 0.17295])
25.3893 	EXP 	target_image: image = 'Stimuli/edmd.png'
25.3893 	EXP 	target_image: autoDraw = True
25.5874 	EXP 	target_image: autoDraw = False
25.5874 	EXP 	text: color = 'orange (named)'
25.5874 	EXP 	text: autoDraw = True
25.7875 	EXP 	text: autoDraw = False
25.7875 	EXP 	probe_image: pos = array([-0.17295,  0.     ])
25.7875 	EXP 	probe_image: size = array([0.17295, 0.17295])
25.7875 	EXP 	probe_image: image = 'Stimuli/eimd.png'
25.7875 	EXP 	probe_image: autoDraw = True
25.9875 	EXP 	probe_image: autoDraw = False
25.9875 	EXP 	text_2: color = 'orange (named)'
25.9875 	EXP 	text_2: autoDraw = True
26.5409 	EXP 	New trial (rep=1, index=0): None
26.5500 	DATA 	Keypress: s
26.5543 	EXP 	text_2: autoDraw = False
26.5543 	EXP 	target_image: pos = array([-0.17295,  0.     ])
26.5543 	EXP 	target_image: size = array([0.17295, 0.17295])
26.5543 	EXP 	target_image: image = 'Stimuli/eumu.png'
26.5543 	EXP 	target_image: autoDraw = True
26.7561 	EXP 	target_image: autoDraw = False
26.7561 	EXP 	target_image: autoDraw = False
26.7561 	EXP 	text: color = 'orange (named)'
26.7561 	EXP 	text: autoDraw = True
26.9708 	EXP 	text: autoDraw = False
26.9708 	EXP 	probe_image: pos = array([-0.17295,  0.     ])
26.9708 	EXP 	probe_image: size = array([0.17295, 0.17295])
26.9708 	EXP 	probe_image: image = 'Stimuli/eumu.png'
26.9708 	EXP 	probe_image: autoDraw = True
27.1708 	EXP 	probe_image: autoDraw = False
27.1708 	EXP 	text_2: color = 'orange (named)'
27.1708 	EXP 	text_2: autoDraw = True
27.9412 	EXP 	New trial (rep=2, index=0): None
27.9481 	DATA 	Keypress: d
27.9537 	EXP 	text_2: autoDraw = False
27.9537 	EXP 	target_image: pos = array([0.17295, 0.     ])
27.9537 	EXP 	target_image: size = array([0.17295, 0.17295])
27.9537 	EXP 	target_image: image = 'Stimuli/eimd.png'
27.9537 	EXP 	target_image: autoDraw = True
28.1543 	EXP 	target_image: autoDraw = False
28.1543 	EXP 	target_image: autoDraw = False
28.1543 	EXP 	text: color = 'orange (named)'
28.1543 	EXP 	text: autoDraw = True
28.3543 	EXP 	text: autoDraw = False
28.3543 	EXP 	text: autoDraw = False
28.3543 	EXP 	probe_image: pos = array([0.17295, 0.     ])
28.3543 	EXP 	probe_image: size = array([0.17295, 0.17295])
28.3543 	EXP 	probe_image: image = 'Stimuli/eimd.png'
28.3543 	EXP 	probe_image: autoDraw = True
28.5545 	EXP 	probe_image: autoDraw = False
28.5545 	EXP 	probe_image: autoDraw = False
28.5545 	EXP 	text_2: color = 'orange (named)'
28.5545 	EXP 	text_2: autoDraw = True
29.0084 	EXP 	New trial (rep=3, index=0): None
29.0152 	DATA 	Keypress: d
29.0202 	EXP 	text_2: autoDraw = False
29.0202 	EXP 	target_image: pos = array([-0.17295,  0.     ])
29.0202 	EXP 	target_image: size = array([0.17295, 0.17295])
29.0202 	EXP 	target_image: image = 'Stimuli/eumu.png'
29.0202 	EXP 	target_image: autoDraw = True
29.2236 	EXP 	target_image: autoDraw = False
29.2236 	EXP 	target_image: autoDraw = False
29.2236 	EXP 	text: color = 'orange (named)'
29.2236 	EXP 	text: autoDraw = True
29.4375 	EXP 	text: autoDraw = False
29.4375 	EXP 	probe_image: pos = array([-0.17295,  0.     ])
29.4375 	EXP 	probe_image: size = array([0.17295, 0.17295])
29.4375 	EXP 	probe_image: image = 'Stimuli/edmd.png'
29.4375 	EXP 	probe_image: autoDraw = True
29.6393 	EXP 	probe_image: autoDraw = False
29.6393 	EXP 	text_2: color = 'orange (named)'
29.6393 	EXP 	text_2: autoDraw = True
30.0390 	EXP 	New trial (rep=4, index=0): None
30.0463 	DATA 	Keypress: s
30.0542 	EXP 	text_2: autoDraw = False
30.0542 	EXP 	target_image: pos = array([-0.17295,  0.     ])
30.0542 	EXP 	target_image: size = array([0.17295, 0.17295])
30.0542 	EXP 	target_image: image = 'Stimuli/eomu.png'
30.0542 	EXP 	target_image: autoDraw = True
30.2563 	EXP 	target_image: autoDraw = False
30.2563 	EXP 	target_image: autoDraw = False
30.2563 	EXP 	text: color = 'orange (named)'
30.2563 	EXP 	text: autoDraw = True
30.4541 	EXP 	text: autoDraw = False
30.4541 	EXP 	probe_image: pos = array([-0.17295,  0.     ])
30.4541 	EXP 	probe_image: size = array([0.17295, 0.17295])
30.4541 	EXP 	probe_image: image = 'Stimuli/eimd.png'
30.4541 	EXP 	probe_image: autoDraw = True
30.6563 	EXP 	probe_image: autoDraw = False
30.6563 	EXP 	probe_image: autoDraw = False
30.6563 	EXP 	text_2: color = 'orange (named)'
30.6563 	EXP 	text_2: autoDraw = True
30.9577 	EXP 	New trial (rep=5, index=0): None
30.9641 	DATA 	Keypress: d
30.9707 	EXP 	text_2: autoDraw = False
30.9707 	EXP 	target_image: pos = array([0.17295, 0.     ])
30.9707 	EXP 	target_image: size = array([0.17295, 0.17295])
30.9707 	EXP 	target_image: image = 'Stimuli/edmd.png'
30.9707 	EXP 	target_image: autoDraw = True
31.1710 	EXP 	target_image: autoDraw = False
31.1710 	EXP 	target_image: autoDraw = False
31.1710 	EXP 	text: color = 'orange (named)'
31.1710 	EXP 	text: autoDraw = True
31.3709 	EXP 	text: autoDraw = False
31.3709 	EXP 	text: autoDraw = False
31.3709 	EXP 	probe_image: pos = array([0.17295, 0.     ])
31.3709 	EXP 	probe_image: size = array([0.17295, 0.17295])
31.3709 	EXP 	probe_image: image = 'Stimuli/edmd.png'
31.3709 	EXP 	probe_image: autoDraw = True
31.5710 	EXP 	probe_image: autoDraw = False
31.5710 	EXP 	probe_image: autoDraw = False
31.5710 	EXP 	text_2: color = 'orange (named)'
31.5710 	EXP 	text_2: autoDraw = True
31.9581 	EXP 	New trial (rep=6, index=0): None
31.9645 	DATA 	Keypress: d
31.9707 	EXP 	text_2: autoDraw = False
31.9707 	EXP 	target_image: pos = array([0.17295, 0.     ])
31.9707 	EXP 	target_image: size = array([0.17295, 0.17295])
31.9707 	EXP 	target_image: image = 'Stimuli/eomu.png'
31.9707 	EXP 	target_image: autoDraw = True
32.1725 	EXP 	target_image: autoDraw = False
32.1725 	EXP 	target_image: autoDraw = False
32.1725 	EXP 	text: color = 'orange (named)'
32.1725 	EXP 	text: autoDraw = True
32.3874 	EXP 	text: autoDraw = False
32.3874 	EXP 	probe_image: pos = array([0.17295, 0.     ])
32.3874 	EXP 	probe_image: size = array([0.17295, 0.17295])
32.3874 	EXP 	probe_image: image = 'Stimuli/eomu.png'
32.3874 	EXP 	probe_image: autoDraw = True
32.5872 	EXP 	probe_image: autoDraw = False
32.5872 	EXP 	text_2: color = 'orange (named)'
32.5872 	EXP 	text_2: autoDraw = True
33.0408 	EXP 	New trial (rep=7, index=0): None
33.0471 	DATA 	Keypress: d
33.0540 	EXP 	text_2: autoDraw = False
33.0540 	EXP 	target_image: pos = array([0.17295, 0.     ])
33.0540 	EXP 	target_image: size = array([0.17295, 0.17295])
33.0540 	EXP 	target_image: image = 'Stimuli/eimd.png'
33.0540 	EXP 	target_image: autoDraw = True
33.2564 	EXP 	target_image: autoDraw = False
33.2564 	EXP 	target_image: autoDraw = False
33.2564 	EXP 	text: color = 'orange (named)'
33.2564 	EXP 	text: autoDraw = True
33.4710 	EXP 	text: autoDraw = False
33.4710 	EXP 	probe_image: pos = array([0.17295, 0.     ])
33.4710 	EXP 	probe_image: size = array([0.17295, 0.17295])
33.4710 	EXP 	probe_image: image = 'Stimuli/eomu.png'
33.4710 	EXP 	probe_image: autoDraw = True
33.6710 	EXP 	probe_image: autoDraw = False
33.6710 	EXP 	text_2: color = 'orange (named)'
33.6710 	EXP 	text_2: autoDraw = True
34.0890 	EXP 	New trial (rep=8, index=0): None
34.0960 	DATA 	Keypress: s
34.1040 	EXP 	text_2: autoDraw = False
34.1040 	EXP 	target_image: pos = array([0.17295, 0.     ])
34.1040 	EXP 	target_image: size = array([0.17295, 0.17295])
34.1040 	EXP 	target_image: image = 'Stimuli/eumu.png'
34.1040 	EXP 	target_image: autoDraw = True
34.3043 	EXP 	target_image: autoDraw = False
34.3043 	EXP 	text: color = 'orange (named)'
34.3043 	EXP 	text: autoDraw = True
34.5042 	EXP 	text: autoDraw = False
34.5042 	EXP 	text: autoDraw = False
34.5042 	EXP 	probe_image: pos = array([0.17295, 0.     ])
34.5042 	EXP 	probe_image: size = array([0.17295, 0.17295])
34.5042 	EXP 	probe_image: image = 'Stimuli/eomu.png'
34.5042 	EXP 	probe_image: autoDraw = True
34.7043 	EXP 	probe_image: autoDraw = False
34.7043 	EXP 	text_2: color = 'orange (named)'
34.7043 	EXP 	text_2: autoDraw = True
35.1392 	EXP 	New trial (rep=9, index=0): None
35.1459 	DATA 	Keypress: s
35.1541 	EXP 	text_2: autoDraw = False
35.1541 	EXP 	target_image: pos = array([-0.17295,  0.     ])
35.1541 	EXP 	target_image: size = array([0.17295, 0.17295])
35.1541 	EXP 	target_image: image = 'Stimuli/eimd.png'
35.1541 	EXP 	target_image: autoDraw = True
35.3539 	EXP 	target_image: autoDraw = False
35.3539 	EXP 	text: color = 'orange (named)'
35.3539 	EXP 	text: autoDraw = True
35.5541 	EXP 	text: autoDraw = False
35.5541 	EXP 	text: autoDraw = False
35.5541 	EXP 	probe_image: pos = array([-0.17295,  0.     ])
35.5541 	EXP 	probe_image: size = array([0.17295, 0.17295])
35.5541 	EXP 	probe_image: image = 'Stimuli/eimd.png'
35.5541 	EXP 	probe_image: autoDraw = True
35.7559 	EXP 	probe_image: autoDraw = False
35.7559 	EXP 	probe_image: autoDraw = False
35.7559 	EXP 	text_2: color = 'orange (named)'
35.7559 	EXP 	text_2: autoDraw = True
36.2895 	EXP 	New trial (rep=10, index=0): None
36.2959 	DATA 	Keypress: s
36.3036 	EXP 	text_2: autoDraw = False
36.3036 	EXP 	target_image: pos = array([-0.17295,  0.     ])
36.3036 	EXP 	target_image: size = array([0.17295, 0.17295])
36.3036 	EXP 	target_image: image = 'Stimuli/eumu.png'
36.3036 	EXP 	target_image: autoDraw = True
36.5044 	EXP 	target_image: autoDraw = False
36.5044 	EXP 	text: color = 'orange (named)'
36.5044 	EXP 	text: autoDraw = True
36.7043 	EXP 	text: autoDraw = False
36.7043 	EXP 	probe_image: pos = array([-0.17295,  0.     ])
36.7043 	EXP 	probe_image: size = array([0.17295, 0.17295])
36.7043 	EXP 	probe_image: image = 'Stimuli/eimd.png'
36.7043 	EXP 	probe_image: autoDraw = True
36.9044 	EXP 	probe_image: autoDraw = False
36.9044 	EXP 	text_2: color = 'orange (named)'
36.9044 	EXP 	text_2: autoDraw = True
37.3078 	EXP 	New trial (rep=11, index=0): None
37.3140 	DATA 	Keypress: s
37.3208 	EXP 	text_2: autoDraw = False
37.3208 	EXP 	target_image: pos = array([0.17295, 0.     ])
37.3208 	EXP 	target_image: size = array([0.17295, 0.17295])
37.3208 	EXP 	target_image: image = 'Stimuli/eumu.png'
37.3208 	EXP 	target_image: autoDraw = True
37.5208 	EXP 	target_image: autoDraw = False
37.5208 	EXP 	target_image: autoDraw = False
37.5208 	EXP 	text: color = 'orange (named)'
37.5208 	EXP 	text: autoDraw = True
37.7210 	EXP 	text: autoDraw = False
37.7210 	EXP 	text: autoDraw = False
37.7210 	EXP 	probe_image: pos = array([0.17295, 0.     ])
37.7210 	EXP 	probe_image: size = array([0.17295, 0.17295])
37.7210 	EXP 	probe_image: image = 'Stimuli/eumu.png'
37.7210 	EXP 	probe_image: autoDraw = True
37.9238 	EXP 	probe_image: autoDraw = False
37.9238 	EXP 	probe_image: autoDraw = False
37.9238 	EXP 	text_2: color = 'orange (named)'
37.9238 	EXP 	text_2: autoDraw = True
38.3089 	DATA 	Keypress: space
38.9387 	EXP 	New trial (rep=12, index=0): None
38.9457 	DATA 	Keypress: s
38.9544 	EXP 	text_2: autoDraw = False
38.9544 	EXP 	target_image: pos = array([0.17295, 0.     ])
38.9544 	EXP 	target_image: size = array([0.17295, 0.17295])
38.9544 	EXP 	target_image: image = 'Stimuli/edmd.png'
38.9544 	EXP 	target_image: autoDraw = True
39.1542 	EXP 	target_image: autoDraw = False
39.1542 	EXP 	target_image: autoDraw = False
39.1542 	EXP 	text: color = 'orange (named)'
39.1542 	EXP 	text: autoDraw = True
39.3545 	EXP 	text: autoDraw = False
39.3545 	EXP 	text: autoDraw = False
39.3545 	EXP 	probe_image: pos = array([0.17295, 0.     ])
39.3545 	EXP 	probe_image: size = array([0.17295, 0.17295])
39.3545 	EXP 	probe_image: image = 'Stimuli/eumu.png'
39.3545 	EXP 	probe_image: autoDraw = True
39.5566 	EXP 	probe_image: autoDraw = False
39.5566 	EXP 	probe_image: autoDraw = False
39.5566 	EXP 	text_2: color = 'orange (named)'
39.5566 	EXP 	text_2: autoDraw = True
39.8388 	EXP 	New trial (rep=13, index=0): None
39.8466 	DATA 	Keypress: d
39.8542 	EXP 	text_2: autoDraw = False
39.8542 	EXP 	target_image: pos = array([0.17295, 0.     ])
39.8542 	EXP 	target_image: size = array([0.17295, 0.17295])
39.8542 	EXP 	target_image: image = 'Stimuli/eomu.png'
39.8542 	EXP 	target_image: autoDraw = True
40.0539 	EXP 	target_image: autoDraw = False
40.0539 	EXP 	text: color = 'orange (named)'
40.0539 	EXP 	text: autoDraw = True
40.2547 	EXP 	text: autoDraw = False
40.2547 	EXP 	probe_image: pos = array([0.17295, 0.     ])
40.2547 	EXP 	probe_image: size = array([0.17295, 0.17295])
40.2547 	EXP 	probe_image: image = 'Stimuli/eumu.png'
40.2547 	EXP 	probe_image: autoDraw = True
40.4546 	EXP 	probe_image: autoDraw = False
40.4546 	EXP 	text_2: color = 'orange (named)'
40.4546 	EXP 	text_2: autoDraw = True
40.8083 	EXP 	New trial (rep=14, index=0): None
40.8145 	DATA 	Keypress: s
40.8209 	EXP 	text_2: autoDraw = False
40.8209 	EXP 	target_image: pos = array([-0.17295,  0.     ])
40.8209 	EXP 	target_image: size = array([0.17295, 0.17295])
40.8209 	EXP 	target_image: image = 'Stimuli/eomu.png'
40.8209 	EXP 	target_image: autoDraw = True
41.0211 	EXP 	target_image: autoDraw = False
41.0211 	EXP 	target_image: autoDraw = False
41.0211 	EXP 	text: color = 'orange (named)'
41.0211 	EXP 	text: autoDraw = True
41.2208 	EXP 	text: autoDraw = False
41.2208 	EXP 	text: autoDraw = False
41.2208 	EXP 	probe_image: pos = array([-0.17295,  0.     ])
41.2208 	EXP 	probe_image: size = array([0.17295, 0.17295])
41.2208 	EXP 	probe_image: image = 'Stimuli/eomu.png'
41.2208 	EXP 	probe_image: autoDraw = True
41.4237 	EXP 	probe_image: autoDraw = False
41.4237 	EXP 	probe_image: autoDraw = False
41.4237 	EXP 	text_2: color = 'orange (named)'
41.4237 	EXP 	text_2: autoDraw = True
41.8892 	EXP 	New trial (rep=15, index=0): None
41.8955 	DATA 	Keypress: s
41.9042 	EXP 	text_2: autoDraw = False
41.9042 	EXP 	target_image: pos = array([-0.17295,  0.     ])
41.9042 	EXP 	target_image: size = array([0.17295, 0.17295])
41.9042 	EXP 	target_image: image = 'Stimuli/edmd.png'
41.9042 	EXP 	target_image: autoDraw = True
42.1042 	EXP 	target_image: autoDraw = False
42.1042 	EXP 	text: color = 'pink (named)'
42.1042 	EXP 	text: autoDraw = True
42.3043 	EXP 	text: autoDraw = False
42.3043 	EXP 	probe_image: pos = array([-0.17295,  0.     ])
42.3043 	EXP 	probe_image: size = array([0.17295, 0.17295])
42.3043 	EXP 	probe_image: image = 'Stimuli/edmd.png'
42.3043 	EXP 	probe_image: autoDraw = True
42.5046 	EXP 	probe_image: autoDraw = False
42.5046 	EXP 	probe_image: autoDraw = False
42.5046 	EXP 	text_2: color = 'pink (named)'
42.5046 	EXP 	text_2: autoDraw = True
43.0241 	DATA 	Keypress: space
43.6061 	EXP 	New trial (rep=16, index=0): None
43.6120 	DATA 	Keypress: d
43.6209 	EXP 	text_2: autoDraw = False
43.6209 	EXP 	target_image: pos = array([-0.17295,  0.     ])
43.6209 	EXP 	target_image: size = array([0.17295, 0.17295])
43.6209 	EXP 	target_image: image = 'Stimuli/eimd.png'
43.6209 	EXP 	target_image: autoDraw = True
43.8210 	EXP 	target_image: autoDraw = False
43.8210 	EXP 	target_image: autoDraw = False
43.8210 	EXP 	text: color = 'pink (named)'
43.8210 	EXP 	text: autoDraw = True
44.0212 	EXP 	text: autoDraw = False
44.0212 	EXP 	text: autoDraw = False
44.0212 	EXP 	probe_image: pos = array([-0.17295,  0.     ])
44.0212 	EXP 	probe_image: size = array([0.17295, 0.17295])
44.0212 	EXP 	probe_image: image = 'Stimuli/eimd.png'
44.0212 	EXP 	probe_image: autoDraw = True
44.2212 	EXP 	probe_image: autoDraw = False
44.2212 	EXP 	probe_image: autoDraw = False
44.2212 	EXP 	text_2: color = 'pink (named)'
44.2212 	EXP 	text_2: autoDraw = True
44.5061 	EXP 	New trial (rep=17, index=0): None
44.5123 	DATA 	Keypress: d
44.5210 	EXP 	text_2: autoDraw = False
44.5210 	EXP 	target_image: pos = array([-0.17295,  0.     ])
44.5210 	EXP 	target_image: size = array([0.17295, 0.17295])
44.5210 	EXP 	target_image: image = 'Stimuli/eimd.png'
44.5210 	EXP 	target_image: autoDraw = True
44.7211 	EXP 	target_image: autoDraw = False
44.7211 	EXP 	text: color = 'pink (named)'
44.7211 	EXP 	text: autoDraw = True
44.9210 	EXP 	text: autoDraw = False
44.9210 	EXP 	probe_image: pos = array([-0.17295,  0.     ])
44.9210 	EXP 	probe_image: size = array([0.17295, 0.17295])
44.9210 	EXP 	probe_image: image = 'Stimuli/edmd.png'
44.9210 	EXP 	probe_image: autoDraw = True
45.1208 	EXP 	probe_image: autoDraw = False
45.1208 	EXP 	text_2: color = 'pink (named)'
45.1208 	EXP 	text_2: autoDraw = True
45.4555 	EXP 	New trial (rep=18, index=0): None
45.4626 	DATA 	Keypress: d
45.4712 	EXP 	text_2: autoDraw = False
45.4712 	EXP 	target_image: pos = array([0.17295, 0.     ])
45.4712 	EXP 	target_image: size = array([0.17295, 0.17295])
45.4712 	EXP 	target_image: image = 'Stimuli/eumu.png'
45.4712 	EXP 	target_image: autoDraw = True
45.6712 	EXP 	target_image: autoDraw = False
45.6712 	EXP 	text: color = 'pink (named)'
45.6712 	EXP 	text: autoDraw = True
45.8709 	EXP 	text: autoDraw = False
45.8709 	EXP 	probe_image: pos = array([0.17295, 0.     ])
45.8709 	EXP 	probe_image: size = array([0.17295, 0.17295])
45.8709 	EXP 	probe_image: image = 'Stimuli/eumu.png'
45.8709 	EXP 	probe_image: autoDraw = True
46.0712 	EXP 	probe_image: autoDraw = False
46.0712 	EXP 	text_2: color = 'pink (named)'
46.0712 	EXP 	text_2: autoDraw = True
46.5068 	EXP 	New trial (rep=19, index=0): None
46.5134 	DATA 	Keypress: s
46.5209 	EXP 	text_2: autoDraw = False
46.5209 	EXP 	target_image: pos = array([-0.17295,  0.     ])
46.5209 	EXP 	target_image: size = array([0.17295, 0.17295])
46.5209 	EXP 	target_image: image = 'Stimuli/edmd.png'
46.5209 	EXP 	target_image: autoDraw = True
46.7210 	EXP 	target_image: autoDraw = False
46.7210 	EXP 	target_image: autoDraw = False
46.7210 	EXP 	text: color = 'pink (named)'
46.7210 	EXP 	text: autoDraw = True
46.9209 	EXP 	text: autoDraw = False
46.9209 	EXP 	text: autoDraw = False
46.9209 	EXP 	probe_image: pos = array([-0.17295,  0.     ])
46.9209 	EXP 	probe_image: size = array([0.17295, 0.17295])
46.9209 	EXP 	probe_image: image = 'Stimuli/edmd.png'
46.9209 	EXP 	probe_image: autoDraw = True
47.1234 	EXP 	probe_image: autoDraw = False
47.1234 	EXP 	probe_image: autoDraw = False
47.1234 	EXP 	text_2: color = 'pink (named)'
47.1234 	EXP 	text_2: autoDraw = True
47.3721 	EXP 	New trial (rep=20, index=0): None
47.3779 	DATA 	Keypress: d
47.3877 	EXP 	text_2: autoDraw = False
47.3877 	EXP 	target_image: pos = array([0.17295, 0.     ])
47.3877 	EXP 	target_image: size = array([0.17295, 0.17295])
47.3877 	EXP 	target_image: image = 'Stimuli/eimd.png'
47.3877 	EXP 	target_image: autoDraw = True
47.5877 	EXP 	target_image: autoDraw = False
47.5877 	EXP 	target_image: autoDraw = False
47.5877 	EXP 	text: color = 'pink (named)'
47.5877 	EXP 	text: autoDraw = True
47.7876 	EXP 	text: autoDraw = False
47.7876 	EXP 	probe_image: pos = array([0.17295, 0.     ])
47.7876 	EXP 	probe_image: size = array([0.17295, 0.17295])
47.7876 	EXP 	probe_image: image = 'Stimuli/eumu.png'
47.7876 	EXP 	probe_image: autoDraw = True
47.9900 	EXP 	probe_image: autoDraw = False
47.9900 	EXP 	probe_image: autoDraw = False
47.9900 	EXP 	text_2: color = 'pink (named)'
47.9900 	EXP 	text_2: autoDraw = True
48.3890 	EXP 	New trial (rep=21, index=0): None
48.3954 	DATA 	Keypress: d
48.4042 	EXP 	text_2: autoDraw = False
48.4042 	EXP 	target_image: pos = array([0.17295, 0.     ])
48.4042 	EXP 	target_image: size = array([0.17295, 0.17295])
48.4042 	EXP 	target_image: image = 'Stimuli/eomu.png'
48.4042 	EXP 	target_image: autoDraw = True
48.6041 	EXP 	target_image: autoDraw = False
48.6041 	EXP 	target_image: autoDraw = False
48.6041 	EXP 	text: color = 'pink (named)'
48.6041 	EXP 	text: autoDraw = True
48.8045 	EXP 	text: autoDraw = False
48.8045 	EXP 	probe_image: pos = array([0.17295, 0.     ])
48.8045 	EXP 	probe_image: size = array([0.17295, 0.17295])
48.8045 	EXP 	probe_image: image = 'Stimuli/eomu.png'
48.8045 	EXP 	probe_image: autoDraw = True
49.0060 	EXP 	probe_image: autoDraw = False
49.0060 	EXP 	probe_image: autoDraw = False
49.0060 	EXP 	text_2: color = 'pink (named)'
49.0060 	EXP 	text_2: autoDraw = True
49.2570 	EXP 	New trial (rep=22, index=0): None
49.2642 	DATA 	Keypress: s
49.2709 	EXP 	text_2: autoDraw = False
49.2709 	EXP 	target_image: pos = array([-0.17295,  0.     ])
49.2709 	EXP 	target_image: size = array([0.17295, 0.17295])
49.2709 	EXP 	target_image: image = 'Stimuli/edmd.png'
49.2709 	EXP 	target_image: autoDraw = True
49.4709 	EXP 	target_image: autoDraw = False
49.4709 	EXP 	target_image: autoDraw = False
49.4709 	EXP 	text: color = 'pink (named)'
49.4709 	EXP 	text: autoDraw = True
49.6709 	EXP 	text: autoDraw = False
49.6709 	EXP 	text: autoDraw = False
49.6709 	EXP 	probe_image: pos = array([-0.17295,  0.     ])
49.6709 	EXP 	probe_image: size = array([0.17295, 0.17295])
49.6709 	EXP 	probe_image: image = 'Stimuli/eomu.png'
49.6709 	EXP 	probe_image: autoDraw = True
49.8709 	EXP 	probe_image: autoDraw = False
49.8709 	EXP 	probe_image: autoDraw = False
49.8709 	EXP 	text_2: color = 'pink (named)'
49.8709 	EXP 	text_2: autoDraw = True
50.0722 	EXP 	New trial (rep=23, index=0): None
50.0786 	DATA 	Keypress: s
50.0879 	EXP 	text_2: autoDraw = False
50.0879 	EXP 	target_image: pos = array([0.17295, 0.     ])
50.0879 	EXP 	target_image: size = array([0.17295, 0.17295])
50.0879 	EXP 	target_image: image = 'Stimuli/eomu.png'
50.0879 	EXP 	target_image: autoDraw = True
50.2875 	EXP 	target_image: autoDraw = False
50.2875 	EXP 	text: color = 'pink (named)'
50.2875 	EXP 	text: autoDraw = True
50.4877 	EXP 	text: autoDraw = False
50.4877 	EXP 	text: autoDraw = False
50.4877 	EXP 	probe_image: pos = array([0.17295, 0.     ])
50.4877 	EXP 	probe_image: size = array([0.17295, 0.17295])
50.4877 	EXP 	probe_image: image = 'Stimuli/edmd.png'
50.4877 	EXP 	probe_image: autoDraw = True
50.6874 	EXP 	probe_image: autoDraw = False
50.6874 	EXP 	text_2: color = 'pink (named)'
50.6874 	EXP 	text_2: autoDraw = True
50.9072 	EXP 	New trial (rep=0, index=1): OrderedDict([('Block_type', 'conf_haus'), ('instruction_text', 'Press S for same or D for different houses. Press <SPACE> to continue.')])
50.9177 	DATA 	Keypress: s
50.9391 	EXP 	text_2: autoDraw = False
50.9391 	EXP 	text_3: text = 'Press S for same or D for different houses. Press <SPACE> to continue.'
50.9391 	EXP 	text_3: autoDraw = True
55.2048 	EXP 	Created sequence: sequential, trialTypes=1, nReps=24, seed=None
55.2051 	EXP 	New trial (rep=0, index=0): None
55.2091 	DATA 	Keypress: space
55.2208 	EXP 	text_3: autoDraw = False
55.2208 	EXP 	target_image: pos = array([-0.17295,  0.     ])
55.2208 	EXP 	target_image: size = array([0.17295, 0.17295])
55.2208 	EXP 	target_image: image = 'Stimuli/H-8sim1.png'
55.2208 	EXP 	target_image: autoDraw = True
55.4208 	EXP 	target_image: autoDraw = False
55.4208 	EXP 	text: color = 'orange (named)'
55.4208 	EXP 	text: autoDraw = True
55.6209 	EXP 	text: autoDraw = False
55.6209 	EXP 	probe_image: pos = array([-0.17295,  0.     ])
55.6209 	EXP 	probe_image: size = array([0.17295, 0.17295])
55.6209 	EXP 	probe_image: image = 'Stimuli/H-8sim1.png'
55.6209 	EXP 	probe_image: autoDraw = True
55.8209 	EXP 	probe_image: autoDraw = False
55.8209 	EXP 	text_2: color = 'orange (named)'
55.8209 	EXP 	text_2: autoDraw = True
56.2059 	EXP 	New trial (rep=1, index=0): None
56.2107 	DATA 	Keypress: s
56.2210 	EXP 	text_2: autoDraw = False
56.2210 	EXP 	target_image: pos = array([-0.17295,  0.     ])
56.2210 	EXP 	target_image: size = array([0.17295, 0.17295])
56.2210 	EXP 	target_image: image = 'Stimuli/H-8sim3.png'
56.2210 	EXP 	target_image: autoDraw = True
56.4239 	EXP 	target_image: autoDraw = False
56.4239 	EXP 	target_image: autoDraw = False
56.4239 	EXP 	text: color = 'orange (named)'
56.4239 	EXP 	text: autoDraw = True
56.6212 	EXP 	text: autoDraw = False
56.6212 	EXP 	probe_image: pos = array([-0.17295,  0.     ])
56.6212 	EXP 	probe_image: size = array([0.17295, 0.17295])
56.6212 	EXP 	probe_image: image = 'Stimuli/H-8sim2.png'
56.6212 	EXP 	probe_image: autoDraw = True
56.8211 	EXP 	probe_image: autoDraw = False
56.8211 	EXP 	probe_image: autoDraw = False
56.8211 	EXP 	text_2: color = 'orange (named)'
56.8211 	EXP 	text_2: autoDraw = True
57.2060 	EXP 	New trial (rep=2, index=0): None
57.2094 	DATA 	Keypress: d
57.2210 	EXP 	text_2: autoDraw = False
57.2210 	EXP 	target_image: pos = array([0.17295, 0.     ])
57.2210 	EXP 	target_image: size = array([0.17295, 0.17295])
57.2210 	EXP 	target_image: image = 'Stimuli/H-8sim2.png'
57.2210 	EXP 	target_image: autoDraw = True
57.4213 	EXP 	target_image: autoDraw = False
57.4213 	EXP 	text: color = 'orange (named)'
57.4213 	EXP 	text: autoDraw = True
57.6209 	EXP 	text: autoDraw = False
57.6209 	EXP 	probe_image: pos = array([0.17295, 0.     ])
57.6209 	EXP 	probe_image: size = array([0.17295, 0.17295])
57.6209 	EXP 	probe_image: image = 'Stimuli/H-8sim2.png'
57.6209 	EXP 	probe_image: autoDraw = True
57.8213 	EXP 	probe_image: autoDraw = False
57.8213 	EXP 	text_2: color = 'orange (named)'
57.8213 	EXP 	text_2: autoDraw = True
58.0894 	EXP 	New trial (rep=3, index=0): None
58.0928 	DATA 	Keypress: d
58.1046 	EXP 	text_2: autoDraw = False
58.1046 	EXP 	target_image: pos = array([0.17295, 0.     ])
58.1046 	EXP 	target_image: size = array([0.17295, 0.17295])
58.1046 	EXP 	target_image: image = 'Stimuli/H-8sim2.png'
58.1046 	EXP 	target_image: autoDraw = True
58.3046 	EXP 	target_image: autoDraw = False
58.3046 	EXP 	text: color = 'orange (named)'
58.3046 	EXP 	text: autoDraw = True
58.5046 	EXP 	text: autoDraw = False
58.5046 	EXP 	probe_image: pos = array([0.17295, 0.     ])
58.5046 	EXP 	probe_image: size = array([0.17295, 0.17295])
58.5046 	EXP 	probe_image: image = 'Stimuli/H-8sim3.png'
58.5046 	EXP 	probe_image: autoDraw = True
58.7045 	EXP 	probe_image: autoDraw = False
58.7045 	EXP 	text_2: color = 'orange (named)'
58.7045 	EXP 	text_2: autoDraw = True
58.9425 	EXP 	New trial (rep=4, index=0): None
58.9466 	DATA 	Keypress: s
58.9543 	EXP 	text_2: autoDraw = False
58.9543 	EXP 	target_image: pos = array([0.17295, 0.     ])
58.9543 	EXP 	target_image: size = array([0.17295, 0.17295])
58.9543 	EXP 	target_image: image = 'Stimuli/H-8sim2.png'
58.9543 	EXP 	target_image: autoDraw = True
59.1547 	EXP 	target_image: autoDraw = False
59.1547 	EXP 	target_image: autoDraw = False
59.1547 	EXP 	text: color = 'orange (named)'
59.1547 	EXP 	text: autoDraw = True
59.3543 	EXP 	text: autoDraw = False
59.3543 	EXP 	text: autoDraw = False
59.3543 	EXP 	probe_image: pos = array([0.17295, 0.     ])
59.3543 	EXP 	probe_image: size = array([0.17295, 0.17295])
59.3543 	EXP 	probe_image: image = 'Stimuli/H-8sim1.png'
59.3543 	EXP 	probe_image: autoDraw = True
59.5565 	EXP 	probe_image: autoDraw = False
59.5565 	EXP 	probe_image: autoDraw = False
59.5565 	EXP 	text_2: color = 'orange (named)'
59.5565 	EXP 	text_2: autoDraw = True
59.8409 	EXP 	New trial (rep=5, index=0): None
59.8439 	DATA 	Keypress: s
59.8548 	EXP 	text_2: autoDraw = False
59.8548 	EXP 	target_image: pos = array([0.17295, 0.     ])
59.8548 	EXP 	target_image: size = array([0.17295, 0.17295])
59.8548 	EXP 	target_image: image = 'Stimuli/H-8sim3.png'
59.8548 	EXP 	target_image: autoDraw = True
60.0545 	EXP 	target_image: autoDraw = False
60.0545 	EXP 	target_image: autoDraw = False
60.0545 	EXP 	text: color = 'orange (named)'
60.0545 	EXP 	text: autoDraw = True
60.2546 	EXP 	text: autoDraw = False
60.2546 	EXP 	text: autoDraw = False
60.2546 	EXP 	probe_image: pos = array([0.17295, 0.     ])
60.2546 	EXP 	probe_image: size = array([0.17295, 0.17295])
60.2546 	EXP 	probe_image: image = 'Stimuli/H-8sim3.png'
60.2546 	EXP 	probe_image: autoDraw = True
60.4547 	EXP 	probe_image: autoDraw = False
60.4547 	EXP 	probe_image: autoDraw = False
60.4547 	EXP 	text_2: color = 'orange (named)'
60.4547 	EXP 	text_2: autoDraw = True
60.6922 	EXP 	New trial (rep=6, index=0): None
60.6968 	DATA 	Keypress: d
60.7047 	EXP 	text_2: autoDraw = False
60.7047 	EXP 	target_image: pos = array([0.17295, 0.     ])
60.7047 	EXP 	target_image: size = array([0.17295, 0.17295])
60.7047 	EXP 	target_image: image = 'Stimuli/H-8sim0.png'
60.7047 	EXP 	target_image: autoDraw = True
60.9044 	EXP 	target_image: autoDraw = False
60.9044 	EXP 	target_image: autoDraw = False
60.9044 	EXP 	text: color = 'orange (named)'
60.9044 	EXP 	text: autoDraw = True
61.1043 	EXP 	text: autoDraw = False
61.1043 	EXP 	text: autoDraw = False
61.1043 	EXP 	probe_image: pos = array([0.17295, 0.     ])
61.1043 	EXP 	probe_image: size = array([0.17295, 0.17295])
61.1043 	EXP 	probe_image: image = 'Stimuli/H-8sim0.png'
61.1043 	EXP 	probe_image: autoDraw = True
61.3072 	EXP 	probe_image: autoDraw = False
61.3072 	EXP 	probe_image: autoDraw = False
61.3072 	EXP 	text_2: color = 'orange (named)'
61.3072 	EXP 	text_2: autoDraw = True
61.5236 	EXP 	New trial (rep=7, index=0): None
61.5277 	DATA 	Keypress: d
61.5381 	EXP 	text_2: autoDraw = False
61.5381 	EXP 	target_image: pos = array([-0.17295,  0.     ])
61.5381 	EXP 	target_image: size = array([0.17295, 0.17295])
61.5381 	EXP 	target_image: image = 'Stimuli/H-8sim0.png'
61.5381 	EXP 	target_image: autoDraw = True
61.7380 	EXP 	target_image: autoDraw = False
61.7380 	EXP 	target_image: autoDraw = False
61.7380 	EXP 	text: color = 'orange (named)'
61.7380 	EXP 	text: autoDraw = True
61.9377 	EXP 	text: autoDraw = False
61.9377 	EXP 	text: autoDraw = False
61.9377 	EXP 	probe_image: pos = array([-0.17295,  0.     ])
61.9377 	EXP 	probe_image: size = array([0.17295, 0.17295])
61.9377 	EXP 	probe_image: image = 'Stimuli/H-8sim1.png'
61.9377 	EXP 	probe_image: autoDraw = True
62.1381 	EXP 	probe_image: autoDraw = False
62.1381 	EXP 	text_2: color = 'orange (named)'
62.1381 	EXP 	text_2: autoDraw = True
62.2736 	EXP 	New trial (rep=8, index=0): None
62.2777 	DATA 	Keypress: s
62.2879 	EXP 	text_2: autoDraw = False
62.2879 	EXP 	target_image: pos = array([0.17295, 0.     ])
62.2879 	EXP 	target_image: size = array([0.17295, 0.17295])
62.2879 	EXP 	target_image: image = 'Stimuli/H-8sim2.png'
62.2879 	EXP 	target_image: autoDraw = True
62.4879 	EXP 	target_image: autoDraw = False
62.4879 	EXP 	target_image: autoDraw = False
62.4879 	EXP 	text: color = 'orange (named)'
62.4879 	EXP 	text: autoDraw = True
62.6881 	EXP 	text: autoDraw = False
62.6881 	EXP 	text: autoDraw = False
62.6881 	EXP 	probe_image: pos = array([0.17295, 0.     ])
62.6881 	EXP 	probe_image: size = array([0.17295, 0.17295])
62.6881 	EXP 	probe_image: image = 'Stimuli/H-8sim0.png'
62.6881 	EXP 	probe_image: autoDraw = True
62.8880 	EXP 	probe_image: autoDraw = False
62.8880 	EXP 	probe_image: autoDraw = False
62.8880 	EXP 	text_2: color = 'orange (named)'
62.8880 	EXP 	text_2: autoDraw = True
63.0244 	EXP 	New trial (rep=9, index=0): None
63.0278 	DATA 	Keypress: s
63.0380 	EXP 	text_2: autoDraw = False
63.0380 	EXP 	target_image: pos = array([0.17295, 0.     ])
63.0380 	EXP 	target_image: size = array([0.17295, 0.17295])
63.0380 	EXP 	target_image: image = 'Stimuli/H-8sim0.png'
63.0380 	EXP 	target_image: autoDraw = True
63.2381 	EXP 	target_image: autoDraw = False
63.2381 	EXP 	target_image: autoDraw = False
63.2381 	EXP 	text: color = 'orange (named)'
63.2381 	EXP 	text: autoDraw = True
63.4379 	EXP 	text: autoDraw = False
63.4379 	EXP 	text: autoDraw = False
63.4379 	EXP 	probe_image: pos = array([0.17295, 0.     ])
63.4379 	EXP 	probe_image: size = array([0.17295, 0.17295])
63.4379 	EXP 	probe_image: image = 'Stimuli/H-8sim0.png'
63.4379 	EXP 	probe_image: autoDraw = True
63.6380 	EXP 	probe_image: autoDraw = False
63.6380 	EXP 	probe_image: autoDraw = False
63.6380 	EXP 	text_2: color = 'orange (named)'
63.6380 	EXP 	text_2: autoDraw = True
63.7921 	EXP 	New trial (rep=10, index=0): None
63.7963 	DATA 	Keypress: s
63.8047 	EXP 	text_2: autoDraw = False
63.8047 	EXP 	target_image: pos = array([0.17295, 0.     ])
63.8047 	EXP 	target_image: size = array([0.17295, 0.17295])
63.8047 	EXP 	target_image: image = 'Stimuli/H-8sim3.png'
63.8047 	EXP 	target_image: autoDraw = True
64.0047 	EXP 	target_image: autoDraw = False
64.0047 	EXP 	target_image: autoDraw = False
64.0047 	EXP 	text: color = 'orange (named)'
64.0047 	EXP 	text: autoDraw = True
64.2047 	EXP 	text: autoDraw = False
64.2047 	EXP 	text: autoDraw = False
64.2047 	EXP 	probe_image: pos = array([0.17295, 0.     ])
64.2047 	EXP 	probe_image: size = array([0.17295, 0.17295])
64.2047 	EXP 	probe_image: image = 'Stimuli/H-8sim3.png'
64.2047 	EXP 	probe_image: autoDraw = True
64.4047 	EXP 	probe_image: autoDraw = False
64.4047 	EXP 	probe_image: autoDraw = False
64.4047 	EXP 	text_2: color = 'orange (named)'
64.4047 	EXP 	text_2: autoDraw = True
64.4911 	EXP 	New trial (rep=11, index=0): None
64.4955 	DATA 	Keypress: s
64.5047 	EXP 	text_2: autoDraw = False
64.5047 	EXP 	target_image: pos = array([-0.17295,  0.     ])
64.5047 	EXP 	target_image: size = array([0.17295, 0.17295])
64.5047 	EXP 	target_image: image = 'Stimuli/H-8sim3.png'
64.5047 	EXP 	target_image: autoDraw = True
64.7046 	EXP 	target_image: autoDraw = False
64.7046 	EXP 	target_image: autoDraw = False
64.7046 	EXP 	text: color = 'orange (named)'
64.7046 	EXP 	text: autoDraw = True
64.9047 	EXP 	text: autoDraw = False
64.9047 	EXP 	text: autoDraw = False
64.9047 	EXP 	probe_image: pos = array([-0.17295,  0.     ])
64.9047 	EXP 	probe_image: size = array([0.17295, 0.17295])
64.9047 	EXP 	probe_image: image = 'Stimuli/H-8sim1.png'
64.9047 	EXP 	probe_image: autoDraw = True
65.1071 	EXP 	probe_image: autoDraw = False
65.1071 	EXP 	probe_image: autoDraw = False
65.1071 	EXP 	text_2: color = 'orange (named)'
65.1071 	EXP 	text_2: autoDraw = True
65.1426 	EXP 	New trial (rep=12, index=0): None
65.1468 	DATA 	Keypress: s
65.1546 	EXP 	text_2: autoDraw = False
65.1546 	EXP 	target_image: pos = array([-0.17295,  0.     ])
65.1546 	EXP 	target_image: size = array([0.17295, 0.17295])
65.1546 	EXP 	target_image: image = 'Stimuli/H-8sim1.png'
65.1546 	EXP 	target_image: autoDraw = True
65.3547 	EXP 	target_image: autoDraw = False
65.3547 	EXP 	target_image: autoDraw = False
65.3547 	EXP 	text: color = 'orange (named)'
65.3547 	EXP 	text: autoDraw = True
65.5547 	EXP 	text: autoDraw = False
65.5547 	EXP 	text: autoDraw = False
65.5547 	EXP 	probe_image: pos = array([-0.17295,  0.     ])
65.5547 	EXP 	probe_image: size = array([0.17295, 0.17295])
65.5547 	EXP 	probe_image: image = 'Stimuli/H-8sim1.png'
65.5547 	EXP 	probe_image: autoDraw = True
65.7545 	EXP 	probe_image: autoDraw = False
65.7545 	EXP 	probe_image: autoDraw = False
65.7545 	EXP 	text_2: color = 'orange (named)'
65.7545 	EXP 	text_2: autoDraw = True
65.8563 	EXP 	New trial (rep=13, index=0): None
65.8600 	DATA 	Keypress: s
65.8711 	EXP 	text_2: autoDraw = False
65.8711 	EXP 	target_image: pos = array([0.17295, 0.     ])
65.8711 	EXP 	target_image: size = array([0.17295, 0.17295])
65.8711 	EXP 	target_image: image = 'Stimuli/H-8sim1.png'
65.8711 	EXP 	target_image: autoDraw = True
66.0713 	EXP 	target_image: autoDraw = False
66.0713 	EXP 	text: color = 'orange (named)'
66.0713 	EXP 	text: autoDraw = True
66.2713 	EXP 	text: autoDraw = False
66.2713 	EXP 	probe_image: pos = array([0.17295, 0.     ])
66.2713 	EXP 	probe_image: size = array([0.17295, 0.17295])
66.2713 	EXP 	probe_image: image = 'Stimuli/H-8sim2.png'
66.2713 	EXP 	probe_image: autoDraw = True
66.4714 	EXP 	probe_image: autoDraw = False
66.4714 	EXP 	text_2: color = 'orange (named)'
66.4714 	EXP 	text_2: autoDraw = True
66.5244 	EXP 	New trial (rep=14, index=0): None
66.5278 	DATA 	Keypress: s
66.5379 	EXP 	text_2: autoDraw = False
66.5379 	EXP 	target_image: pos = array([-0.17295,  0.     ])
66.5379 	EXP 	target_image: size = array([0.17295, 0.17295])
66.5379 	EXP 	target_image: image = 'Stimuli/H-8sim2.png'
66.5379 	EXP 	target_image: autoDraw = True
66.7381 	EXP 	target_image: autoDraw = False
66.7381 	EXP 	target_image: autoDraw = False
66.7381 	EXP 	text: color = 'orange (named)'
66.7381 	EXP 	text: autoDraw = True
66.9380 	EXP 	text: autoDraw = False
66.9380 	EXP 	text: autoDraw = False
66.9380 	EXP 	probe_image: pos = array([-0.17295,  0.     ])
66.9380 	EXP 	probe_image: size = array([0.17295, 0.17295])
66.9380 	EXP 	probe_image: image = 'Stimuli/H-8sim2.png'
66.9380 	EXP 	probe_image: autoDraw = True
67.1380 	EXP 	probe_image: autoDraw = False
67.1380 	EXP 	probe_image: autoDraw = False
67.1380 	EXP 	text_2: color = 'orange (named)'
67.1380 	EXP 	text_2: autoDraw = True
67.2058 	EXP 	New trial (rep=15, index=0): None
67.2094 	DATA 	Keypress: s
67.2212 	EXP 	text_2: autoDraw = False
67.2212 	EXP 	target_image: pos = array([-0.17295,  0.     ])
67.2212 	EXP 	target_image: size = array([0.17295, 0.17295])
67.2212 	EXP 	target_image: image = 'Stimuli/H-8sim1.png'
67.2212 	EXP 	target_image: autoDraw = True
67.4210 	EXP 	target_image: autoDraw = False
67.4210 	EXP 	text: color = 'orange (named)'
67.4210 	EXP 	text: autoDraw = True
67.6213 	EXP 	text: autoDraw = False
67.6213 	EXP 	text: autoDraw = False
67.6213 	EXP 	probe_image: pos = array([-0.17295,  0.     ])
67.6213 	EXP 	probe_image: size = array([0.17295, 0.17295])
67.6213 	EXP 	probe_image: image = 'Stimuli/H-8sim1.png'
67.6213 	EXP 	probe_image: autoDraw = True
67.8210 	EXP 	probe_image: autoDraw = False
67.8210 	EXP 	probe_image: autoDraw = False
67.8210 	EXP 	text_2: color = 'orange (named)'
67.8210 	EXP 	text_2: autoDraw = True
67.8236 	DATA 	Keypress: s
68.3925 	EXP 	New trial (rep=16, index=0): None
68.3968 	DATA 	Keypress: s
68.4047 	EXP 	text_2: autoDraw = False
68.4047 	EXP 	target_image: pos = array([0.17295, 0.     ])
68.4047 	EXP 	target_image: size = array([0.17295, 0.17295])
68.4047 	EXP 	target_image: image = 'Stimuli/H-8sim0.png'
68.4047 	EXP 	target_image: autoDraw = True
68.6048 	EXP 	target_image: autoDraw = False
68.6048 	EXP 	target_image: autoDraw = False
68.6048 	EXP 	text: color = 'pink (named)'
68.6048 	EXP 	text: autoDraw = True
68.8048 	EXP 	text: autoDraw = False
68.8048 	EXP 	text: autoDraw = False
68.8048 	EXP 	probe_image: pos = array([0.17295, 0.     ])
68.8048 	EXP 	probe_image: size = array([0.17295, 0.17295])
68.8048 	EXP 	probe_image: image = 'Stimuli/H-8sim3.png'
68.8048 	EXP 	probe_image: autoDraw = True
68.9074 	DATA 	Keypress: s
69.0047 	EXP 	probe_image: autoDraw = False
69.0047 	EXP 	probe_image: autoDraw = False
69.0047 	EXP 	text_2: color = 'pink (named)'
69.0047 	EXP 	text_2: autoDraw = True
69.6576 	EXP 	New trial (rep=17, index=0): None
69.6610 	DATA 	Keypress: s
69.6715 	EXP 	text_2: autoDraw = False
69.6715 	EXP 	target_image: pos = array([-0.17295,  0.     ])
69.6715 	EXP 	target_image: size = array([0.17295, 0.17295])
69.6715 	EXP 	target_image: image = 'Stimuli/H-8sim1.png'
69.6715 	EXP 	target_image: autoDraw = True
69.8714 	EXP 	target_image: autoDraw = False
69.8714 	EXP 	target_image: autoDraw = False
69.8714 	EXP 	text: color = 'pink (named)'
69.8714 	EXP 	text: autoDraw = True
70.0712 	EXP 	text: autoDraw = False
70.0712 	EXP 	text: autoDraw = False
70.0712 	EXP 	probe_image: pos = array([-0.17295,  0.     ])
70.0712 	EXP 	probe_image: size = array([0.17295, 0.17295])
70.0712 	EXP 	probe_image: image = 'Stimuli/H-8sim3.png'
70.0712 	EXP 	probe_image: autoDraw = True
70.2737 	EXP 	probe_image: autoDraw = False
70.2737 	EXP 	probe_image: autoDraw = False
70.2737 	EXP 	text_2: color = 'pink (named)'
70.2737 	EXP 	text_2: autoDraw = True
70.5893 	DATA 	Keypress: space
70.8420 	EXP 	New trial (rep=18, index=0): None
70.8469 	DATA 	Keypress: d
70.8545 	EXP 	text_2: autoDraw = False
70.8545 	EXP 	target_image: pos = array([-0.17295,  0.     ])
70.8545 	EXP 	target_image: size = array([0.17295, 0.17295])
70.8545 	EXP 	target_image: image = 'Stimuli/H-8sim0.png'
70.8545 	EXP 	target_image: autoDraw = True
71.0547 	EXP 	target_image: autoDraw = False
71.0547 	EXP 	target_image: autoDraw = False
71.0547 	EXP 	text: color = 'pink (named)'
71.0547 	EXP 	text: autoDraw = True
71.2547 	EXP 	text: autoDraw = False
71.2547 	EXP 	text: autoDraw = False
71.2547 	EXP 	probe_image: pos = array([-0.17295,  0.     ])
71.2547 	EXP 	probe_image: size = array([0.17295, 0.17295])
71.2547 	EXP 	probe_image: image = 'Stimuli/H-8sim0.png'
71.2547 	EXP 	probe_image: autoDraw = True
71.3891 	DATA 	Keypress: s
71.4547 	EXP 	probe_image: autoDraw = False
71.4547 	EXP 	probe_image: autoDraw = False
71.4547 	EXP 	text_2: color = 'pink (named)'
71.4547 	EXP 	text_2: autoDraw = True
72.0229 	DATA 	Keypress: escape
72.4736 	EXP 	window1: mouseVisible = True
72.4736 	DEBUG 	Saving data for configural_featural ExperimentHandler
72.4750 	INFO 	saved data to /Users/sophia/Documents/PycharmProjects/Configural_Featural_Study/data/SR_configural_featural_2020_Oct_24_2017.psydat
72.4789 	INFO 	saved data to '/Users/sophia/Documents/PycharmProjects/Configural_Featural_Study/data/SR_configural_featural_2020_Oct_24_2017.csv'
