0.3819 	WARNING 	We strongly recommend you activate the PTB sound engine in PsychoPy prefs as the preferred audio engine. Its timing is vastly superior. Your prefs are currently set to use ['sounddevice', 'PTB', 'pyo', 'pygame'] (in that order).
6.6510 	INFO 	Loaded monitor calibration from ['2020_09_20 15:42']
8.9432 	WARNING 	Couldn't measure a consistent frame rate.
  - Is your graphics card set to sync to vertical blank?
  - Are you running other processes on your computer?

8.9436 	EXP 	Created window1 = Window(allowGUI=False, allowStencil=False, args=UNKNOWN, autoLog=True, bitsMode=UNKNOWN, blendMode='avg', bpc=(8, 8, 8), color=array([0., 0., 0.]), colorSpace='rgb', depthBits=8, fullscr=<method-wrapper '__getattribute__' of attributeSetter object at 0x157445c88>, gamma=None, gammaErrorPolicy='raise', kwargs=UNKNOWN, lms=UNKNOWN, monitor=<psychopy.monitors.calibTools.Monitor object at 0x1576eb278>, multiSample=False, name='window1', numSamples=2, pos=[448.0, 280.0], screen=0, size=array([3584, 2240]), stencilBits=0, stereo=False, units='height', useFBO=True, useRetina=True, viewOri=0.0, viewPos=None, viewScale=None, waitBlanking=True, winType='pyglet')
8.9437 	EXP 	window1: mouseVisible = True
8.9438 	EXP 	window1: recordFrameIntervals = False
9.1114 	EXP 	window1: recordFrameIntervals = True
10.7783 	WARNING 	Couldn't measure a consistent frame rate.
  - Is your graphics card set to sync to vertical blank?
  - Are you running other processes on your computer?

11.3155 	EXP 	Created text_top = TextStim(__class__=<class 'psychopy.visual.text.TextStim'>, alignHoriz=method-wrapper(...), alignText='center', alignVert=method-wrapper(...), anchorHoriz='center', anchorVert='center', antialias=True, autoLog=True, bold=False, color='black', colorSpace='named', contrast=1.0, depth=-3.0, flipHoriz=False, flipVert=False, font='Arial', fontFiles=[], height=0.05, italic=False, languageStyle='LTR', name='text_top', opacity=1.0, ori=0, pos=array([0. , 0.3]), rgb=array([0., 0., 0.]), text=str(...), units='height', win=Window(...), wrapWidth=1)
11.3221 	EXP 	Created text_bottom = TextStim(__class__=<class 'psychopy.visual.text.TextStim'>, alignHoriz=method-wrapper(...), alignText='center', alignVert=method-wrapper(...), anchorHoriz='center', anchorVert='center', antialias=True, autoLog=True, bold=False, color='black', colorSpace='named', contrast=1.0, depth=-4.0, flipHoriz=False, flipVert=False, font='Arial', fontFiles=[], height=0.05, italic=False, languageStyle='LTR', name='text_bottom', opacity=1.0, ori=0, pos=array([ 0. , -0.3]), rgb=array([0., 0., 0.]), text='Press Space when you’re finished', units='height', win=Window(...), wrapWidth=1)
11.3506 	EXP 	Created ccimage = ImageStim(__class__=<class 'psychopy.visual.image.ImageStim'>, autoLog=True, color=array([1., 1., 1.]), colorSpace='rgb', contrast=1.0, depth=-5.0, flipHoriz=False, flipVert=False, image='bankcard.png', interpolate=True, mask=None, maskParams=None, name='ccimage', opacity=1.0, ori=0.0, pos=array([0., 0.]), size=array([0.428 , 0.2699]), texRes=512, units='height', win=Window(...))
11.3582 	EXP 	Created text_3 = TextStim(__class__=<class 'psychopy.visual.text.TextStim'>, alignHoriz=method-wrapper(...), alignText='center', alignVert=method-wrapper(...), anchorHoriz='center', anchorVert='center', antialias=True, autoLog=True, bold=False, color='white', colorSpace='named', contrast=1.0, depth=-1.0, flipHoriz=False, flipVert=False, font='Arial', fontFiles=[], height=0.1, italic=False, languageStyle='LTR', name='text_3', opacity=1.0, ori=0, pos=array([0., 0.]), rgb=array([255., 255., 255.]), text='default text', units='height', win=Window(...), wrapWidth=1)
11.7961 	EXP 	Created text_4 = TextStim(__class__=<class 'psychopy.visual.text.TextStim'>, alignHoriz=method-wrapper(...), alignText='center', alignVert=method-wrapper(...), anchorHoriz='center', anchorVert='center', antialias=True, autoLog=True, bold=False, color='white', colorSpace='named', contrast=1.0, depth=-1.0, flipHoriz=False, flipVert=False, font='Arial', fontFiles=[], height=0.05, italic=False, languageStyle='LTR', name='text_4', opacity=1.0, ori=0, pos=array([0., 0.]), rgb=array([255., 255., 255.]), text='+', units='height', win=Window(...), wrapWidth=1)
11.7976 	EXP 	Created target_image = ImageStim(__class__=<class 'psychopy.visual.image.ImageStim'>, autoLog=True, color=array([1., 1., 1.]), colorSpace='rgb', contrast=1.0, depth=-2.0, flipHoriz=False, flipVert=False, image='sin', interpolate=True, mask=None, maskParams=None, name='target_image', opacity=1.0, ori=0.0, pos=array([0., 0.]), size=array([1., 1.]), texRes=512, units='height', win=Window(...))
11.7988 	EXP 	Created text = TextStim(__class__=<class 'psychopy.visual.text.TextStim'>, alignHoriz=method-wrapper(...), alignText='center', alignVert=method-wrapper(...), anchorHoriz='center', anchorVert='center', antialias=True, autoLog=True, bold=False, color='white', colorSpace='named', contrast=1.0, depth=0.0, flipHoriz=False, flipVert=False, font='Arial', fontFiles=[], height=0.05, italic=False, languageStyle='LTR', name='text', opacity=1.0, ori=0, pos=array([0., 0.]), rgb=array([255., 255., 255.]), text='+', units='height', win=Window(...), wrapWidth=1)
11.7999 	EXP 	Created text_5 = TextStim(__class__=<class 'psychopy.visual.text.TextStim'>, alignHoriz=method-wrapper(...), alignText='center', alignVert=method-wrapper(...), anchorHoriz='center', anchorVert='center', antialias=True, autoLog=True, bold=False, color='white', colorSpace='named', contrast=1.0, depth=-1.0, flipHoriz=False, flipVert=False, font='Arial', fontFiles=[], height=0.05, italic=False, languageStyle='LTR', name='text_5', opacity=1.0, ori=0, pos=array([0., 0.]), rgb=array([255., 255., 255.]), text='+', units='height', win=Window(...), wrapWidth=1)
11.8012 	EXP 	Created probe_image = ImageStim(__class__=<class 'psychopy.visual.image.ImageStim'>, autoLog=True, color=array([1., 1., 1.]), colorSpace='rgb', contrast=1.0, depth=-2.0, flipHoriz=False, flipVert=False, image='sin', interpolate=True, mask=None, maskParams=None, name='probe_image', opacity=1.0, ori=0.0, pos=array([0., 0.]), size=array([1., 1.]), texRes=512, units='height', win=Window(...))
11.8024 	EXP 	Created text_2 = TextStim(__class__=<class 'psychopy.visual.text.TextStim'>, alignHoriz=method-wrapper(...), alignText='center', alignVert=method-wrapper(...), anchorHoriz='center', anchorVert='center', antialias=True, autoLog=True, bold=False, color='white', colorSpace='named', contrast=1.0, depth=0.0, flipHoriz=False, flipVert=False, font='Arial', fontFiles=[], height=0.05, italic=False, languageStyle='LTR', name='text_2', opacity=1.0, ori=0, pos=array([0., 0.]), rgb=array([255., 255., 255.]), text='+', units='height', win=Window(...), wrapWidth=1)
12.2516 	WARNING 	t of last frame was 1473.49ms (=1/0)
12.2516 	EXP 	text_top: autoDraw = True
12.2516 	EXP 	text_bottom: autoDraw = True
12.2516 	EXP 	ccimage: autoDraw = True
12.2739 	WARNING 	t of last frame was 22.37ms (=1/44)
12.2948 	WARNING 	t of last frame was 20.85ms (=1/47)
13.6786 	DATA 	Keypress: left
13.6932 	EXP 	ccimage: size = [0.427144, 0.2699]
13.8323 	DATA 	Keypress: left
13.8431 	EXP 	ccimage: size = [0.422864, 0.2699]
13.9774 	DATA 	Keypress: left
13.9932 	EXP 	ccimage: size = [0.418584, 0.2699]
14.1106 	DATA 	Keypress: left
14.1263 	EXP 	ccimage: size = [0.414304, 0.2699]
14.2436 	DATA 	Keypress: left
14.2597 	EXP 	ccimage: size = [0.410024, 0.2699]
14.3790 	DATA 	Keypress: left
14.4122 	EXP 	ccimage: size = [0.405744, 0.2699]
14.5295 	DATA 	Keypress: left
14.5429 	EXP 	ccimage: size = [0.401464, 0.2699]
14.6622 	DATA 	Keypress: left
14.6766 	EXP 	ccimage: size = [0.397184, 0.2699]
14.7961 	DATA 	Keypress: left
14.8098 	EXP 	ccimage: size = [0.39290400000000003, 0.2699]
14.9435 	DATA 	Keypress: left
14.9598 	EXP 	ccimage: size = [0.388624, 0.2699]
15.0791 	DATA 	Keypress: left
15.0930 	EXP 	ccimage: size = [0.384344, 0.2699]
15.2140 	DATA 	Keypress: left
15.2430 	EXP 	ccimage: size = [0.380064, 0.2699]
15.3773 	DATA 	Keypress: left
15.3925 	EXP 	ccimage: size = [0.37578400000000006, 0.2699]
15.5301 	DATA 	Keypress: left
15.5431 	EXP 	ccimage: size = [0.37150400000000006, 0.2699]
15.6772 	DATA 	Keypress: left
15.6931 	EXP 	ccimage: size = [0.36722400000000005, 0.2699]
15.7953 	DATA 	Keypress: left
15.8263 	EXP 	ccimage: size = [0.36294400000000004, 0.2699]
15.9437 	DATA 	Keypress: left
15.9597 	EXP 	ccimage: size = [0.35866400000000004, 0.2699]
16.0944 	DATA 	Keypress: left
16.1096 	EXP 	ccimage: size = [0.35438400000000003, 0.2699]
16.3101 	DATA 	Keypress: down
16.3265 	EXP 	ccimage: size = [0.35438400000000003, 0.267201]
16.4605 	DATA 	Keypress: down
16.4764 	EXP 	ccimage: size = [0.35438400000000003, 0.264502]
16.6123 	DATA 	Keypress: down
16.6263 	EXP 	ccimage: size = [0.35438400000000003, 0.261803]
16.7441 	DATA 	Keypress: down
16.7595 	EXP 	ccimage: size = [0.35438400000000003, 0.259104]
16.8937 	DATA 	Keypress: down
16.9094 	EXP 	ccimage: size = [0.35438400000000003, 0.256405]
17.0438 	DATA 	Keypress: down
17.0595 	EXP 	ccimage: size = [0.35438400000000003, 0.253706]
17.2123 	DATA 	Keypress: down
17.2261 	EXP 	ccimage: size = [0.35438400000000003, 0.251007]
17.3612 	DATA 	Keypress: down
17.3762 	EXP 	ccimage: size = [0.35438400000000003, 0.24830799999999997]
17.4967 	DATA 	Keypress: down
17.5093 	EXP 	ccimage: size = [0.35438400000000003, 0.24560899999999997]
17.6283 	DATA 	Keypress: down
17.6595 	EXP 	ccimage: size = [0.35438400000000003, 0.24291]
17.7782 	DATA 	Keypress: down
17.8096 	EXP 	ccimage: size = [0.35438400000000003, 0.24021099999999998]
17.9445 	DATA 	Keypress: down
17.9597 	EXP 	ccimage: size = [0.35438400000000003, 0.23751199999999997]
18.0945 	DATA 	Keypress: down
18.1100 	EXP 	ccimage: size = [0.35438400000000003, 0.23481299999999997]
18.2441 	DATA 	Keypress: down
18.2594 	EXP 	ccimage: size = [0.35438400000000003, 0.23211399999999996]
18.3792 	DATA 	Keypress: down
18.3932 	EXP 	ccimage: size = [0.35438400000000003, 0.229415]
18.4768 	DATA 	Keypress: down
18.4932 	EXP 	ccimage: size = [0.35438400000000003, 0.226716]
19.1330 	DATA 	Keypress: space
19.1426 	DEBUG 	Read csv file with pandas: Designs/design1.csv
19.1449 	DEBUG 	Clearing unnamed columns from Designs/design1.csv
19.1452 	EXP 	Imported Designs/design1.csv as conditions, 4 conditions, 2 params
19.1455 	EXP 	Created sequence: sequential, trialTypes=4, nReps=1, seed=None
19.1458 	EXP 	New trial (rep=0, index=0): OrderedDict([('Block_type', 'conf_face'), ('instruction_text', 'Press S for same or D for different faces. Press <SPACE> to continue.')])
19.1867 	WARNING 	t of last frame was 57.89ms (=1/17)
19.1867 	EXP 	ccimage: size = [0.35438400000000003, 0.226716]
19.1867 	EXP 	text_top: autoDraw = False
19.1867 	EXP 	text_bottom: autoDraw = False
19.1867 	EXP 	ccimage: autoDraw = False
19.1867 	EXP 	text_3: text = 'Press S for same or D for different faces. Press <SPACE> to continue.'
19.1867 	EXP 	text_3: autoDraw = True
20.4269 	EXP 	Created sequence: sequential, trialTypes=1, nReps=24, seed=None
20.4272 	EXP 	New trial (rep=0, index=0): None
20.4370 	DATA 	Keypress: space
20.4424 	EXP 	text_3: autoDraw = False
20.4424 	EXP 	text_4: color = 'pink (named)'
20.4424 	EXP 	target_image: pos = array([-0.1432026,  0.       ])
20.4424 	EXP 	target_image: size = array([0.1432026, 0.145278 ])
20.4424 	EXP 	target_image: image = 'Stimuli/eimd.png'
20.4424 	EXP 	text_4: autoDraw = True
20.4424 	EXP 	target_image: autoDraw = True
20.6430 	EXP 	text_4: autoDraw = False
20.6430 	EXP 	target_image: autoDraw = False
20.6430 	EXP 	text: color = 'pink (named)'
20.6430 	EXP 	text: autoDraw = True
20.9428 	EXP 	text: autoDraw = False
20.9428 	EXP 	text: autoDraw = False
20.9428 	EXP 	text_5: color = 'pink (named)'
20.9428 	EXP 	probe_image: pos = array([-0.1432026,  0.       ])
20.9428 	EXP 	probe_image: size = array([0.1432026, 0.145278 ])
20.9428 	EXP 	probe_image: image = 'Stimuli/edmd.png'
20.9428 	EXP 	text_5: autoDraw = True
20.9428 	EXP 	probe_image: autoDraw = True
21.1434 	EXP 	text_5: autoDraw = False
21.1434 	EXP 	probe_image: autoDraw = False
21.1434 	EXP 	text_2: color = 'pink (named)'
21.1434 	EXP 	text_2: autoDraw = True
21.7444 	DATA 	Keypress: f
22.1787 	DATA 	Keypress: j
22.7974 	DATA 	Keypress: space
23.4947 	DATA 	Keypress: f
23.5805 	DATA 	Keypress: j
23.7964 	DATA 	Keypress: f
23.8977 	DATA 	Keypress: j
24.1134 	DATA 	Keypress: f
24.2288 	DATA 	Keypress: j
24.4632 	DATA 	Keypress: f
24.6465 	DATA 	Keypress: j
25.7118 	DATA 	Keypress: f
25.8796 	DATA 	Keypress: j
26.0284 	DATA 	Keypress: f
26.1648 	DATA 	Keypress: j
26.7783 	DATA 	Keypress: escape
27.2377 	EXP 	window1: mouseVisible = True
27.2378 	DEBUG 	Saving data for configural_featural ExperimentHandler
27.2390 	INFO 	saved data to /Users/sophia/Documents/PycharmProjects/Configural_Featural_Study/data/SR_configural_featural_2020_Oct_24_2020.psydat
27.2394 	INFO 	saved data to '/Users/sophia/Documents/PycharmProjects/Configural_Featural_Study/data/SR_configural_featural_2020_Oct_24_2020.csv'
