0.2231 	WARNING 	We strongly recommend you activate the PTB sound engine in PsychoPy prefs as the preferred audio engine. Its timing is vastly superior. Your prefs are currently set to use ['sounddevice', 'PTB', 'pyo', 'pygame'] (in that order).
4.2273 	INFO 	Loaded monitor calibration from ['2020_09_20 15:42']
6.4217 	WARNING 	Couldn't measure a consistent frame rate.
  - Is your graphics card set to sync to vertical blank?
  - Are you running other processes on your computer?

6.4223 	EXP 	Created window1 = Window(allowGUI=False, allowStencil=False, args=UNKNOWN, autoLog=True, bitsMode=UNKNOWN, blendMode='avg', bpc=(8, 8, 8), color=array([0., 0., 0.]), colorSpace='rgb', depthBits=8, fullscr=<method-wrapper '__getattribute__' of attributeSetter object at 0x15538fba8>, gamma=None, gammaErrorPolicy='raise', kwargs=UNKNOWN, lms=UNKNOWN, monitor=<psychopy.monitors.calibTools.Monitor object at 0x120d82e10>, multiSample=False, name='window1', numSamples=2, pos=[448.0, 280.0], screen=0, size=array([3584, 2240]), stencilBits=0, stereo=False, units='height', useFBO=True, useRetina=True, viewOri=0.0, viewPos=None, viewScale=None, waitBlanking=True, winType='pyglet')
6.4225 	EXP 	window1: mouseVisible = True
6.4225 	EXP 	window1: recordFrameIntervals = False
6.5880 	EXP 	window1: recordFrameIntervals = True
8.2550 	WARNING 	Couldn't measure a consistent frame rate.
  - Is your graphics card set to sync to vertical blank?
  - Are you running other processes on your computer?

8.6888 	EXP 	Created text_top = TextStim(__class__=<class 'psychopy.visual.text.TextStim'>, alignHoriz=method-wrapper(...), alignText='center', alignVert=method-wrapper(...), anchorHoriz='center', anchorVert='center', antialias=True, autoLog=True, bold=False, color='black', colorSpace='named', contrast=1.0, depth=-3.0, flipHoriz=False, flipVert=False, font='Arial', fontFiles=[], height=0.05, italic=False, languageStyle='LTR', name='text_top', opacity=1.0, ori=0, pos=array([0. , 0.3]), rgb=array([0., 0., 0.]), text=str(...), units='height', win=Window(...), wrapWidth=1)
8.6944 	EXP 	Created text_bottom = TextStim(__class__=<class 'psychopy.visual.text.TextStim'>, alignHoriz=method-wrapper(...), alignText='center', alignVert=method-wrapper(...), anchorHoriz='center', anchorVert='center', antialias=True, autoLog=True, bold=False, color='black', colorSpace='named', contrast=1.0, depth=-4.0, flipHoriz=False, flipVert=False, font='Arial', fontFiles=[], height=0.05, italic=False, languageStyle='LTR', name='text_bottom', opacity=1.0, ori=0, pos=array([ 0. , -0.3]), rgb=array([0., 0., 0.]), text='Press Space when you’re finished', units='height', win=Window(...), wrapWidth=1)
8.7039 	EXP 	Created ccimage = ImageStim(__class__=<class 'psychopy.visual.image.ImageStim'>, autoLog=True, color=array([1., 1., 1.]), colorSpace='rgb', contrast=1.0, depth=-5.0, flipHoriz=False, flipVert=False, image='bankcard.png', interpolate=True, mask=None, maskParams=None, name='ccimage', opacity=1.0, ori=0.0, pos=array([0., 0.]), size=array([0.428 , 0.2699]), texRes=512, units='height', win=Window(...))
8.7052 	EXP 	Created target_image = ImageStim(__class__=<class 'psychopy.visual.image.ImageStim'>, autoLog=True, color=array([1., 1., 1.]), colorSpace='rgb', contrast=1.0, depth=-1.0, flipHoriz=False, flipVert=False, image='sin', interpolate=True, mask=None, maskParams=None, name='target_image', opacity=1.0, ori=0.0, pos=array([0., 0.]), size=array([1., 1.]), texRes=512, units='height', win=Window(...))
8.7074 	EXP 	Created text = TextStim(__class__=<class 'psychopy.visual.text.TextStim'>, alignHoriz=method-wrapper(...), alignText='center', alignVert=method-wrapper(...), anchorHoriz='center', anchorVert='center', antialias=True, autoLog=True, bold=False, color='white', colorSpace='named', contrast=1.0, depth=0.0, flipHoriz=False, flipVert=False, font='Arial', fontFiles=[], height=0.05, italic=False, languageStyle='LTR', name='text', opacity=1.0, ori=0, pos=array([0., 0.]), rgb=array([255., 255., 255.]), text='+', units='height', win=Window(...), wrapWidth=1)
8.7088 	EXP 	Created probe_image = ImageStim(__class__=<class 'psychopy.visual.image.ImageStim'>, autoLog=True, color=array([1., 1., 1.]), colorSpace='rgb', contrast=1.0, depth=-1.0, flipHoriz=False, flipVert=False, image='sin', interpolate=True, mask=None, maskParams=None, name='probe_image', opacity=1.0, ori=0.0, pos=array([0., 0.]), size=array([1., 1.]), texRes=512, units='height', win=Window(...))
8.7098 	EXP 	Created text_2 = TextStim(__class__=<class 'psychopy.visual.text.TextStim'>, alignHoriz=method-wrapper(...), alignText='center', alignVert=method-wrapper(...), anchorHoriz='center', anchorVert='center', antialias=True, autoLog=True, bold=False, color='white', colorSpace='named', contrast=1.0, depth=0.0, flipHoriz=False, flipVert=False, font='Arial', fontFiles=[], height=0.05, italic=False, languageStyle='LTR', name='text_2', opacity=1.0, ori=0, pos=array([0., 0.]), rgb=array([255., 255., 255.]), text='+', units='height', win=Window(...), wrapWidth=1)
9.1165 	WARNING 	t of last frame was 861.76ms (=1/1)
9.1165 	EXP 	text_top: autoDraw = True
9.1165 	EXP 	text_bottom: autoDraw = True
9.1165 	EXP 	ccimage: autoDraw = True
9.1381 	WARNING 	t of last frame was 21.55ms (=1/46)
12.9905 	DATA 	Keypress: space
12.9956 	DEBUG 	Read csv file with pandas: Designs/design1.csv
12.9981 	DEBUG 	Clearing unnamed columns from Designs/design1.csv
12.9984 	EXP 	Imported Designs/design1.csv as conditions, 4 conditions, 2 params
12.9987 	EXP 	Created sequence: sequential, trialTypes=4, nReps=1, seed=None
12.9990 	EXP 	New trial (rep=0, index=0): OrderedDict([('Block_type', 'conf_face'), ('instruction_text', 'Press S for same or D for different faces. Press <SPACE> to continue.')])
12.9995 	EXP 	Created sequence: sequential, trialTypes=1, nReps=1, seed=None
12.9997 	EXP 	New trial (rep=0, index=0): None
13.0198 	WARNING 	t of last frame was 33.59ms (=1/29)
13.0198 	EXP 	ccimage: size = [0.42800000000000005, 0.2699]
13.0198 	EXP 	text_top: autoDraw = False
13.0198 	EXP 	text_bottom: autoDraw = False
13.0198 	EXP 	ccimage: autoDraw = False
13.0198 	EXP 	target_image: size = array([0.17295, 0.17295])
13.0198 	EXP 	target_image: image = 'Stimuli/eomu.png'
13.0198 	EXP 	target_image: autoDraw = True
13.2199 	EXP 	target_image: autoDraw = False
13.2199 	EXP 	text: color = '[ 1.    0.65 -1.  ] (rgb)'
13.2199 	EXP 	text: autoDraw = True
13.4199 	EXP 	text: autoDraw = False
13.4199 	EXP 	probe_image: size = array([0.17295, 0.17295])
13.4199 	EXP 	probe_image: image = 'Stimuli/eimd.png'
13.4199 	EXP 	probe_image: autoDraw = True
13.6199 	EXP 	probe_image: autoDraw = False
13.6199 	EXP 	text_2: color = '[ 1.    0.65 -1.  ] (rgb)'
13.6199 	EXP 	text_2: autoDraw = True
15.4563 	DATA 	Keypress: f
15.9548 	EXP 	New trial (rep=0, index=1): OrderedDict([('Block_type', 'conf_haus'), ('instruction_text', 'Press S for same or D for different houses. Press <SPACE> to continue.')])
15.9554 	EXP 	Created sequence: sequential, trialTypes=1, nReps=1, seed=None
15.9556 	EXP 	New trial (rep=0, index=0): None
15.9601 	DATA 	Keypress: space
15.9698 	EXP 	text_2: autoDraw = False
15.9698 	EXP 	target_image: size = array([0.17295, 0.17295])
15.9698 	EXP 	target_image: image = 'Stimuli/H-8sim0.png'
15.9698 	EXP 	target_image: autoDraw = True
16.1699 	EXP 	target_image: autoDraw = False
16.1699 	EXP 	target_image: autoDraw = False
16.1699 	EXP 	text: color = '[1.   0.75 0.8 ] (rgb)'
16.1699 	EXP 	text: autoDraw = True
16.3698 	EXP 	text: autoDraw = False
16.3698 	EXP 	text: autoDraw = False
16.3698 	EXP 	probe_image: size = array([0.17295, 0.17295])
16.3698 	EXP 	probe_image: image = 'Stimuli/H-8sim0.png'
16.3698 	EXP 	probe_image: autoDraw = True
16.5698 	EXP 	probe_image: autoDraw = False
16.5698 	EXP 	probe_image: autoDraw = False
16.5698 	EXP 	text_2: color = '[1.   0.75 0.8 ] (rgb)'
16.5698 	EXP 	text_2: autoDraw = True
17.4871 	EXP 	New trial (rep=0, index=2): OrderedDict([('Block_type', 'feat_face'), ('instruction_text', 'Press S for same or D for different faces. Press <SPACE> to continue.')])
17.4877 	EXP 	Created sequence: sequential, trialTypes=1, nReps=1, seed=None
17.4878 	EXP 	New trial (rep=0, index=0): None
17.4970 	DATA 	Keypress: space
17.5027 	EXP 	text_2: autoDraw = False
17.5027 	EXP 	target_image: size = array([0.17295, 0.17295])
17.5027 	EXP 	target_image: image = 'Stimuli/f131.png'
17.5027 	EXP 	target_image: autoDraw = True
17.7030 	EXP 	target_image: autoDraw = False
17.7030 	EXP 	text: color = '[ 1.    0.65 -1.  ] (rgb)'
17.7030 	EXP 	text: autoDraw = True
17.9031 	EXP 	text: autoDraw = False
17.9031 	EXP 	probe_image: size = array([0.17295, 0.17295])
17.9031 	EXP 	probe_image: image = 'Stimuli/f131.png'
17.9031 	EXP 	probe_image: autoDraw = True
18.1032 	EXP 	probe_image: autoDraw = False
18.1032 	EXP 	text_2: color = '[ 1.    0.65 -1.  ] (rgb)'
18.1032 	EXP 	text_2: autoDraw = True
18.7069 	EXP 	New trial (rep=0, index=3): OrderedDict([('Block_type', 'feat_haus'), ('instruction_text', 'Press S for same or D for different houses. Press <SPACE> to continue.')])
18.7076 	EXP 	Created sequence: sequential, trialTypes=1, nReps=1, seed=None
18.7078 	EXP 	New trial (rep=0, index=0): None
18.7123 	DATA 	Keypress: space
18.7194 	EXP 	text_2: autoDraw = False
18.7194 	EXP 	target_image: size = array([0.17295, 0.17295])
18.7194 	EXP 	target_image: image = 'Stimuli/H7sim0.png'
18.7194 	EXP 	target_image: autoDraw = True
18.9198 	EXP 	target_image: autoDraw = False
18.9198 	EXP 	target_image: autoDraw = False
18.9198 	EXP 	text: color = '[ 1.    0.65 -1.  ] (rgb)'
18.9198 	EXP 	text: autoDraw = True
19.1198 	EXP 	text: autoDraw = False
19.1198 	EXP 	text: autoDraw = False
19.1198 	EXP 	probe_image: size = array([0.17295, 0.17295])
19.1198 	EXP 	probe_image: image = 'Stimuli/H7sim0.png'
19.1198 	EXP 	probe_image: autoDraw = True
19.3380 	WARNING 	t of last frame was 33.31ms (=1/30)
19.3380 	EXP 	probe_image: autoDraw = False
19.3380 	EXP 	probe_image: autoDraw = False
19.3380 	EXP 	text_2: color = '[ 1.    0.65 -1.  ] (rgb)'
19.3380 	EXP 	text_2: autoDraw = True
19.8251 	DATA 	Keypress: space
19.8365 	EXP 	text_2: autoDraw = False
19.8377 	INFO 	saved data to '/Users/sophia/Documents/PycharmProjects/Configural_Featural_Study/data/SR_configural_featural_2020_Oct_24_1714.csv'
19.8401 	INFO 	saved data to /Users/sophia/Documents/PycharmProjects/Configural_Featural_Study/data/SR_configural_featural_2020_Oct_24_1714.psydat
20.1160 	EXP 	window1: mouseVisible = True
20.1162 	DEBUG 	Saving data for configural_featural ExperimentHandler
