0.3970 	WARNING 	We strongly recommend you activate the PTB sound engine in PsychoPy prefs as the preferred audio engine. Its timing is vastly superior. Your prefs are currently set to use ['sounddevice', 'PTB', 'pyo', 'pygame'] (in that order).
25.7179 	INFO 	Loaded monitor calibration from ['2020_09_20 15:42']
27.9735 	WARNING 	Couldn't measure a consistent frame rate.
  - Is your graphics card set to sync to vertical blank?
  - Are you running other processes on your computer?

27.9740 	EXP 	Created window1 = Window(allowGUI=False, allowStencil=False, args=UNKNOWN, autoLog=True, bitsMode=UNKNOWN, blendMode='avg', bpc=(8, 8, 8), color=array([0., 0., 0.]), colorSpace='rgb', depthBits=8, fullscr=<method-wrapper '__getattribute__' of attributeSetter object at 0x15694fcf8>, gamma=None, gammaErrorPolicy='raise', kwargs=UNKNOWN, lms=UNKNOWN, monitor=<psychopy.monitors.calibTools.Monitor object at 0x1577d2be0>, multiSample=False, name='window1', numSamples=2, pos=[448.0, 280.0], screen=0, size=array([3584, 2240]), stencilBits=0, stereo=False, units='height', useFBO=True, useRetina=True, viewOri=0.0, viewPos=None, viewScale=None, waitBlanking=True, winType='pyglet')
27.9742 	EXP 	window1: mouseVisible = True
27.9742 	EXP 	window1: recordFrameIntervals = False
28.1400 	EXP 	window1: recordFrameIntervals = True
29.8087 	WARNING 	Couldn't measure a consistent frame rate.
  - Is your graphics card set to sync to vertical blank?
  - Are you running other processes on your computer?

30.2966 	EXP 	Created text_top = TextStim(__class__=<class 'psychopy.visual.text.TextStim'>, alignHoriz=method-wrapper(...), alignText='center', alignVert=method-wrapper(...), anchorHoriz='center', anchorVert='center', antialias=True, autoLog=True, bold=False, color='black', colorSpace='named', contrast=1.0, depth=-3.0, flipHoriz=False, flipVert=False, font='Arial', fontFiles=[], height=0.05, italic=False, languageStyle='LTR', name='text_top', opacity=1.0, ori=0, pos=array([0. , 0.3]), rgb=array([0., 0., 0.]), text=str(...), units='height', win=Window(...), wrapWidth=1)
30.3029 	EXP 	Created text_bottom = TextStim(__class__=<class 'psychopy.visual.text.TextStim'>, alignHoriz=method-wrapper(...), alignText='center', alignVert=method-wrapper(...), anchorHoriz='center', anchorVert='center', antialias=True, autoLog=True, bold=False, color='black', colorSpace='named', contrast=1.0, depth=-4.0, flipHoriz=False, flipVert=False, font='Arial', fontFiles=[], height=0.05, italic=False, languageStyle='LTR', name='text_bottom', opacity=1.0, ori=0, pos=array([ 0. , -0.3]), rgb=array([0., 0., 0.]), text='Press Space when you’re finished', units='height', win=Window(...), wrapWidth=1)
30.3274 	EXP 	Created ccimage = ImageStim(__class__=<class 'psychopy.visual.image.ImageStim'>, autoLog=True, color=array([1., 1., 1.]), colorSpace='rgb', contrast=1.0, depth=-5.0, flipHoriz=False, flipVert=False, image='bankcard.png', interpolate=True, mask=None, maskParams=None, name='ccimage', opacity=1.0, ori=0.0, pos=array([0., 0.]), size=array([0.428 , 0.2699]), texRes=512, units='height', win=Window(...))
30.3345 	EXP 	Created text_3 = TextStim(__class__=<class 'psychopy.visual.text.TextStim'>, alignHoriz=method-wrapper(...), alignText='center', alignVert=method-wrapper(...), anchorHoriz='center', anchorVert='center', antialias=True, autoLog=True, bold=False, color='white', colorSpace='named', contrast=1.0, depth=-1.0, flipHoriz=False, flipVert=False, font='Arial', fontFiles=[], height=0.1, italic=False, languageStyle='LTR', name='text_3', opacity=1.0, ori=0, pos=array([0., 0.]), rgb=array([255., 255., 255.]), text='default text', units='height', win=Window(...), wrapWidth=1)
30.8227 	EXP 	Created target_image = ImageStim(__class__=<class 'psychopy.visual.image.ImageStim'>, autoLog=True, color=array([1., 1., 1.]), colorSpace='rgb', contrast=1.0, depth=-1.0, flipHoriz=False, flipVert=False, image='sin', interpolate=True, mask=None, maskParams=None, name='target_image', opacity=1.0, ori=0.0, pos=array([0., 0.]), size=array([1., 1.]), texRes=512, units='height', win=Window(...))
30.8250 	EXP 	Created text = TextStim(__class__=<class 'psychopy.visual.text.TextStim'>, alignHoriz=method-wrapper(...), alignText='center', alignVert=method-wrapper(...), anchorHoriz='center', anchorVert='center', antialias=True, autoLog=True, bold=False, color='white', colorSpace='named', contrast=1.0, depth=0.0, flipHoriz=False, flipVert=False, font='Arial', fontFiles=[], height=0.05, italic=False, languageStyle='LTR', name='text', opacity=1.0, ori=0, pos=array([0., 0.]), rgb=array([255., 255., 255.]), text='+', units='height', win=Window(...), wrapWidth=1)
30.8264 	EXP 	Created probe_image = ImageStim(__class__=<class 'psychopy.visual.image.ImageStim'>, autoLog=True, color=array([1., 1., 1.]), colorSpace='rgb', contrast=1.0, depth=-1.0, flipHoriz=False, flipVert=False, image='sin', interpolate=True, mask=None, maskParams=None, name='probe_image', opacity=1.0, ori=0.0, pos=array([0., 0.]), size=array([1., 1.]), texRes=512, units='height', win=Window(...))
30.8274 	EXP 	Created text_2 = TextStim(__class__=<class 'psychopy.visual.text.TextStim'>, alignHoriz=method-wrapper(...), alignText='center', alignVert=method-wrapper(...), anchorHoriz='center', anchorVert='center', antialias=True, autoLog=True, bold=False, color='white', colorSpace='named', contrast=1.0, depth=0.0, flipHoriz=False, flipVert=False, font='Arial', fontFiles=[], height=0.05, italic=False, languageStyle='LTR', name='text_2', opacity=1.0, ori=0, pos=array([0., 0.]), rgb=array([255., 255., 255.]), text='+', units='height', win=Window(...), wrapWidth=1)
31.2498 	WARNING 	t of last frame was 1441.41ms (=1/0)
31.2498 	EXP 	text_top: autoDraw = True
31.2498 	EXP 	text_bottom: autoDraw = True
31.2498 	EXP 	ccimage: autoDraw = True
31.2816 	WARNING 	t of last frame was 24.63ms (=1/40)
31.3153 	WARNING 	t of last frame was 25.23ms (=1/39)
31.3485 	WARNING 	t of last frame was 24.96ms (=1/40)
31.3816 	WARNING 	Multiple dropped frames have occurred - I'll stop bothering you about them!
33.3328 	DATA 	Keypress: space
33.3406 	DEBUG 	Read csv file with pandas: Designs/design1.csv
33.3429 	DEBUG 	Clearing unnamed columns from Designs/design1.csv
33.3432 	EXP 	Imported Designs/design1.csv as conditions, 4 conditions, 2 params
33.3435 	EXP 	Created sequence: sequential, trialTypes=4, nReps=1, seed=None
33.3438 	EXP 	New trial (rep=0, index=0): OrderedDict([('Block_type', 'conf_face'), ('instruction_text', 'Press S for same or D for different faces. Press <SPACE> to continue.')])
33.3857 	EXP 	ccimage: size = [0.42800000000000005, 0.2699]
33.3857 	EXP 	text_top: autoDraw = False
33.3857 	EXP 	text_bottom: autoDraw = False
33.3857 	EXP 	ccimage: autoDraw = False
33.3857 	EXP 	text_3: text = 'Press S for same or D for different faces. Press <SPACE> to continue.'
33.3857 	EXP 	text_3: autoDraw = True
34.9401 	EXP 	Created sequence: sequential, trialTypes=1, nReps=24, seed=None
34.9404 	EXP 	New trial (rep=0, index=0): None
35.2158 	EXP 	window1: mouseVisible = True
35.2165 	DEBUG 	Saving data for configural_featural ExperimentHandler
35.2171 	INFO 	saved data to /Users/sophia/Documents/PycharmProjects/Configural_Featural_Study/data/SR_configural_featural_2020_Oct_24_1948.psydat
35.2175 	INFO 	saved data to '/Users/sophia/Documents/PycharmProjects/Configural_Featural_Study/data/SR_configural_featural_2020_Oct_24_1948.csv'
