0.4402 	WARNING 	We strongly recommend you activate the PTB sound engine in PsychoPy prefs as the preferred audio engine. Its timing is vastly superior. Your prefs are currently set to use ['sounddevice', 'PTB', 'pyo', 'pygame'] (in that order).
6.8408 	INFO 	Loaded monitor calibration from ['2020_09_20 15:42']
9.1285 	WARNING 	Couldn't measure a consistent frame rate.
  - Is your graphics card set to sync to vertical blank?
  - Are you running other processes on your computer?

9.1290 	EXP 	Created window1 = Window(allowGUI=False, allowStencil=False, args=UNKNOWN, autoLog=True, bitsMode=UNKNOWN, blendMode='avg', bpc=(8, 8, 8), color=array([0., 0., 0.]), colorSpace='rgb', depthBits=8, fullscr=<method-wrapper '__getattribute__' of attributeSetter object at 0x155f539e8>, gamma=None, gammaErrorPolicy='raise', kwargs=UNKNOWN, lms=UNKNOWN, monitor=<psychopy.monitors.calibTools.Monitor object at 0x1578542e8>, multiSample=False, name='window1', numSamples=2, pos=[448.0, 280.0], screen=0, size=array([3584, 2240]), stencilBits=0, stereo=False, units='height', useFBO=True, useRetina=True, viewOri=0.0, viewPos=None, viewScale=None, waitBlanking=True, winType='pyglet')
9.1292 	EXP 	window1: mouseVisible = True
9.1293 	EXP 	window1: recordFrameIntervals = False
9.2944 	EXP 	window1: recordFrameIntervals = True
10.9629 	WARNING 	Couldn't measure a consistent frame rate.
  - Is your graphics card set to sync to vertical blank?
  - Are you running other processes on your computer?

11.4932 	EXP 	Created text_top = TextStim(__class__=<class 'psychopy.visual.text.TextStim'>, alignHoriz=method-wrapper(...), alignText='center', alignVert=method-wrapper(...), anchorHoriz='center', anchorVert='center', antialias=True, autoLog=True, bold=False, color='black', colorSpace='named', contrast=1.0, depth=-3.0, flipHoriz=False, flipVert=False, font='Arial', fontFiles=[], height=0.05, italic=False, languageStyle='LTR', name='text_top', opacity=1.0, ori=0, pos=array([0. , 0.3]), rgb=array([0., 0., 0.]), text=str(...), units='height', win=Window(...), wrapWidth=1)
11.4997 	EXP 	Created text_bottom = TextStim(__class__=<class 'psychopy.visual.text.TextStim'>, alignHoriz=method-wrapper(...), alignText='center', alignVert=method-wrapper(...), anchorHoriz='center', anchorVert='center', antialias=True, autoLog=True, bold=False, color='black', colorSpace='named', contrast=1.0, depth=-4.0, flipHoriz=False, flipVert=False, font='Arial', fontFiles=[], height=0.05, italic=False, languageStyle='LTR', name='text_bottom', opacity=1.0, ori=0, pos=array([ 0. , -0.3]), rgb=array([0., 0., 0.]), text='Press Space when you’re finished', units='height', win=Window(...), wrapWidth=1)
11.5197 	EXP 	Created ccimage = ImageStim(__class__=<class 'psychopy.visual.image.ImageStim'>, autoLog=True, color=array([1., 1., 1.]), colorSpace='rgb', contrast=1.0, depth=-5.0, flipHoriz=False, flipVert=False, image='bankcard.png', interpolate=True, mask=None, maskParams=None, name='ccimage', opacity=1.0, ori=0.0, pos=array([0., 0.]), size=array([0.428 , 0.2699]), texRes=512, units='height', win=Window(...))
11.5266 	EXP 	Created text_3 = TextStim(__class__=<class 'psychopy.visual.text.TextStim'>, alignHoriz=method-wrapper(...), alignText='center', alignVert=method-wrapper(...), anchorHoriz='center', anchorVert='center', antialias=True, autoLog=True, bold=False, color='white', colorSpace='named', contrast=1.0, depth=-1.0, flipHoriz=False, flipVert=False, font='Arial', fontFiles=[], height=0.1, italic=False, languageStyle='LTR', name='text_3', opacity=1.0, ori=0, pos=array([0., 0.]), rgb=array([255., 255., 255.]), text='default text', units='height', win=Window(...), wrapWidth=1)
11.9503 	EXP 	Created text_4 = TextStim(__class__=<class 'psychopy.visual.text.TextStim'>, alignHoriz=method-wrapper(...), alignText='center', alignVert=method-wrapper(...), anchorHoriz='center', anchorVert='center', antialias=True, autoLog=True, bold=False, color='white', colorSpace='named', contrast=1.0, depth=-1.0, flipHoriz=False, flipVert=False, font='Arial', fontFiles=[], height=0.05, italic=False, languageStyle='LTR', name='text_4', opacity=1.0, ori=0, pos=array([0., 0.]), rgb=array([255., 255., 255.]), text='+', units='height', win=Window(...), wrapWidth=1)
11.9518 	EXP 	Created target_image = ImageStim(__class__=<class 'psychopy.visual.image.ImageStim'>, autoLog=True, color=array([1., 1., 1.]), colorSpace='rgb', contrast=1.0, depth=-2.0, flipHoriz=False, flipVert=False, image='sin', interpolate=True, mask=None, maskParams=None, name='target_image', opacity=1.0, ori=0.0, pos=array([0., 0.]), size=array([1., 1.]), texRes=512, units='height', win=Window(...))
11.9529 	EXP 	Created text = TextStim(__class__=<class 'psychopy.visual.text.TextStim'>, alignHoriz=method-wrapper(...), alignText='center', alignVert=method-wrapper(...), anchorHoriz='center', anchorVert='center', antialias=True, autoLog=True, bold=False, color='white', colorSpace='named', contrast=1.0, depth=0.0, flipHoriz=False, flipVert=False, font='Arial', fontFiles=[], height=0.05, italic=False, languageStyle='LTR', name='text', opacity=1.0, ori=0, pos=array([0., 0.]), rgb=array([255., 255., 255.]), text='+', units='height', win=Window(...), wrapWidth=1)
11.9541 	EXP 	Created text_5 = TextStim(__class__=<class 'psychopy.visual.text.TextStim'>, alignHoriz=method-wrapper(...), alignText='center', alignVert=method-wrapper(...), anchorHoriz='center', anchorVert='center', antialias=True, autoLog=True, bold=False, color='white', colorSpace='named', contrast=1.0, depth=-1.0, flipHoriz=False, flipVert=False, font='Arial', fontFiles=[], height=0.05, italic=False, languageStyle='LTR', name='text_5', opacity=1.0, ori=0, pos=array([0., 0.]), rgb=array([255., 255., 255.]), text='+', units='height', win=Window(...), wrapWidth=1)
11.9554 	EXP 	Created probe_image = ImageStim(__class__=<class 'psychopy.visual.image.ImageStim'>, autoLog=True, color=array([1., 1., 1.]), colorSpace='rgb', contrast=1.0, depth=-2.0, flipHoriz=False, flipVert=False, image='sin', interpolate=True, mask=None, maskParams=None, name='probe_image', opacity=1.0, ori=0.0, pos=array([0., 0.]), size=array([1., 1.]), texRes=512, units='height', win=Window(...))
11.9566 	EXP 	Created text_2 = TextStim(__class__=<class 'psychopy.visual.text.TextStim'>, alignHoriz=method-wrapper(...), alignText='center', alignVert=method-wrapper(...), anchorHoriz='center', anchorVert='center', antialias=True, autoLog=True, bold=False, color='white', colorSpace='named', contrast=1.0, depth=0.0, flipHoriz=False, flipVert=False, font='Arial', fontFiles=[], height=0.05, italic=False, languageStyle='LTR', name='text_2', opacity=1.0, ori=0, pos=array([0., 0.]), rgb=array([255., 255., 255.]), text='+', units='height', win=Window(...), wrapWidth=1)
12.4073 	WARNING 	t of last frame was 1444.63ms (=1/0)
12.4073 	EXP 	text_top: autoDraw = True
12.4073 	EXP 	text_bottom: autoDraw = True
12.4073 	EXP 	ccimage: autoDraw = True
12.4296 	WARNING 	t of last frame was 22.32ms (=1/44)
13.2160 	DATA 	Keypress: space
13.2222 	DEBUG 	Read csv file with pandas: Designs/design1.csv
13.2257 	DEBUG 	Clearing unnamed columns from Designs/design1.csv
13.2261 	EXP 	Imported Designs/design1.csv as conditions, 4 conditions, 2 params
13.2264 	EXP 	Created sequence: sequential, trialTypes=4, nReps=1, seed=None
13.2266 	EXP 	New trial (rep=0, index=0): OrderedDict([('Block_type', 'conf_face'), ('instruction_text', 'Press S for same or D for different faces. Press <SPACE> to continue.')])
13.2693 	WARNING 	t of last frame was 56.57ms (=1/17)
13.2693 	EXP 	ccimage: size = [0.42800000000000005, 0.2699]
13.2693 	EXP 	text_top: autoDraw = False
13.2693 	EXP 	text_bottom: autoDraw = False
13.2693 	EXP 	ccimage: autoDraw = False
13.2693 	EXP 	text_3: text = 'Press S for same or D for different faces. Press <SPACE> to continue.'
13.2693 	EXP 	text_3: autoDraw = True
13.2916 	WARNING 	t of last frame was 22.29ms (=1/44)
13.3128 	WARNING 	Multiple dropped frames have occurred - I'll stop bothering you about them!
14.5958 	EXP 	Created sequence: sequential, trialTypes=1, nReps=24, seed=None
14.5962 	EXP 	New trial (rep=0, index=0): None
14.6107 	DATA 	Keypress: space
14.6297 	EXP 	text_3: autoDraw = False
14.6297 	EXP 	text_4: color = 'orange (named)'
14.6297 	EXP 	target_image: pos = array([-0.17295,  0.     ])
14.6297 	EXP 	target_image: size = array([0.17295, 0.17295])
14.6297 	EXP 	target_image: image = 'Stimuli/eomu.png'
14.6297 	EXP 	text_4: autoDraw = True
14.6297 	EXP 	target_image: autoDraw = True
14.8114 	EXP 	text_4: autoDraw = False
14.8114 	EXP 	target_image: autoDraw = False
14.8114 	EXP 	text: color = 'orange (named)'
14.8114 	EXP 	text: autoDraw = True
15.1107 	EXP 	text: autoDraw = False
15.1107 	EXP 	text: autoDraw = False
15.1107 	EXP 	text_5: color = 'orange (named)'
15.1107 	EXP 	probe_image: pos = array([-0.17295,  0.     ])
15.1107 	EXP 	probe_image: size = array([0.17295, 0.17295])
15.1107 	EXP 	probe_image: image = 'Stimuli/eomu.png'
15.1107 	EXP 	text_5: autoDraw = True
15.1107 	EXP 	probe_image: autoDraw = True
15.3111 	EXP 	text_5: autoDraw = False
15.3111 	EXP 	probe_image: autoDraw = False
15.3111 	EXP 	text_5: autoDraw = False
15.3111 	EXP 	probe_image: autoDraw = False
15.3111 	EXP 	text_2: color = 'orange (named)'
15.3111 	EXP 	text_2: autoDraw = True
15.6969 	DATA 	Keypress: f
17.2974 	EXP 	New trial (rep=1, index=0): None
17.3057 	DATA 	Keypress: s
17.3107 	EXP 	text_2: autoDraw = False
17.3107 	EXP 	text_4: color = 'orange (named)'
17.3107 	EXP 	target_image: pos = array([-0.17295,  0.     ])
17.3107 	EXP 	target_image: size = array([0.17295, 0.17295])
17.3107 	EXP 	target_image: image = 'Stimuli/eimd.png'
17.3107 	EXP 	text_4: autoDraw = True
17.3107 	EXP 	target_image: autoDraw = True
17.5107 	EXP 	text_4: autoDraw = False
17.5107 	EXP 	target_image: autoDraw = False
17.5107 	EXP 	text_4: autoDraw = False
17.5107 	EXP 	target_image: autoDraw = False
17.5107 	EXP 	text: color = 'orange (named)'
17.5107 	EXP 	text: autoDraw = True
17.8111 	EXP 	text: autoDraw = False
17.8111 	EXP 	text: autoDraw = False
17.8111 	EXP 	text_5: color = 'orange (named)'
17.8111 	EXP 	probe_image: pos = array([-0.17295,  0.     ])
17.8111 	EXP 	probe_image: size = array([0.17295, 0.17295])
17.8111 	EXP 	probe_image: image = 'Stimuli/eomu.png'
17.8111 	EXP 	text_5: autoDraw = True
17.8111 	EXP 	probe_image: autoDraw = True
18.0114 	EXP 	text_5: autoDraw = False
18.0114 	EXP 	probe_image: autoDraw = False
18.0114 	EXP 	text_5: autoDraw = False
18.0114 	EXP 	probe_image: autoDraw = False
18.0114 	EXP 	text_2: color = 'orange (named)'
18.0114 	EXP 	text_2: autoDraw = True
18.5302 	EXP 	New trial (rep=2, index=0): None
18.5376 	DATA 	Keypress: s
18.5444 	EXP 	text_2: autoDraw = False
18.5444 	EXP 	text_4: color = 'orange (named)'
18.5444 	EXP 	target_image: pos = array([0.17295, 0.     ])
18.5444 	EXP 	target_image: size = array([0.17295, 0.17295])
18.5444 	EXP 	target_image: image = 'Stimuli/eomu.png'
18.5444 	EXP 	text_4: autoDraw = True
18.5444 	EXP 	target_image: autoDraw = True
18.7445 	EXP 	text_4: autoDraw = False
18.7445 	EXP 	target_image: autoDraw = False
18.7445 	EXP 	text: color = 'orange (named)'
18.7445 	EXP 	text: autoDraw = True
19.0445 	EXP 	text: autoDraw = False
19.0445 	EXP 	text: autoDraw = False
19.0445 	EXP 	text_5: color = 'orange (named)'
19.0445 	EXP 	probe_image: pos = array([0.17295, 0.     ])
19.0445 	EXP 	probe_image: size = array([0.17295, 0.17295])
19.0445 	EXP 	probe_image: image = 'Stimuli/eimd.png'
19.0445 	EXP 	text_5: autoDraw = True
19.0445 	EXP 	probe_image: autoDraw = True
19.2448 	EXP 	text_5: autoDraw = False
19.2448 	EXP 	probe_image: autoDraw = False
19.2448 	EXP 	text_5: autoDraw = False
19.2448 	EXP 	probe_image: autoDraw = False
19.2448 	EXP 	text_2: color = 'orange (named)'
19.2448 	EXP 	text_2: autoDraw = True
19.3635 	EXP 	New trial (rep=3, index=0): None
19.3703 	DATA 	Keypress: s
19.3777 	EXP 	text_2: autoDraw = False
19.3777 	EXP 	text_4: color = 'orange (named)'
19.3777 	EXP 	target_image: pos = array([-0.17295,  0.     ])
19.3777 	EXP 	target_image: size = array([0.17295, 0.17295])
19.3777 	EXP 	target_image: image = 'Stimuli/eimd.png'
19.3777 	EXP 	text_4: autoDraw = True
19.3777 	EXP 	target_image: autoDraw = True
19.5776 	EXP 	text_4: autoDraw = False
19.5776 	EXP 	target_image: autoDraw = False
19.5776 	EXP 	text: color = 'orange (named)'
19.5776 	EXP 	text: autoDraw = True
19.8779 	EXP 	text: autoDraw = False
19.8779 	EXP 	text_5: color = 'orange (named)'
19.8779 	EXP 	probe_image: pos = array([-0.17295,  0.     ])
19.8779 	EXP 	probe_image: size = array([0.17295, 0.17295])
19.8779 	EXP 	probe_image: image = 'Stimuli/eimd.png'
19.8779 	EXP 	text_5: autoDraw = True
19.8779 	EXP 	probe_image: autoDraw = True
20.0781 	EXP 	text_5: autoDraw = False
20.0781 	EXP 	probe_image: autoDraw = False
20.0781 	EXP 	text_5: autoDraw = False
20.0781 	EXP 	probe_image: autoDraw = False
20.0781 	EXP 	text_2: color = 'orange (named)'
20.0781 	EXP 	text_2: autoDraw = True
20.1468 	EXP 	New trial (rep=4, index=0): None
20.1554 	DATA 	Keypress: s
20.1607 	EXP 	text_2: autoDraw = False
20.1607 	EXP 	text_4: color = 'orange (named)'
20.1607 	EXP 	target_image: pos = array([-0.17295,  0.     ])
20.1607 	EXP 	target_image: size = array([0.17295, 0.17295])
20.1607 	EXP 	target_image: image = 'Stimuli/eumu.png'
20.1607 	EXP 	text_4: autoDraw = True
20.1607 	EXP 	target_image: autoDraw = True
20.3611 	EXP 	text_4: autoDraw = False
20.3611 	EXP 	target_image: autoDraw = False
20.3611 	EXP 	text: color = 'orange (named)'
20.3611 	EXP 	text: autoDraw = True
20.6611 	EXP 	text: autoDraw = False
20.6611 	EXP 	text: autoDraw = False
20.6611 	EXP 	text_5: color = 'orange (named)'
20.6611 	EXP 	probe_image: pos = array([-0.17295,  0.     ])
20.6611 	EXP 	probe_image: size = array([0.17295, 0.17295])
20.6611 	EXP 	probe_image: image = 'Stimuli/eumu.png'
20.6611 	EXP 	text_5: autoDraw = True
20.6611 	EXP 	probe_image: autoDraw = True
20.7625 	DATA 	Keypress: s
20.8614 	EXP 	text_5: autoDraw = False
20.8614 	EXP 	probe_image: autoDraw = False
20.8614 	EXP 	text_5: autoDraw = False
20.8614 	EXP 	probe_image: autoDraw = False
20.8614 	EXP 	text_2: color = 'orange (named)'
20.8614 	EXP 	text_2: autoDraw = True
21.4618 	EXP 	New trial (rep=5, index=0): None
21.4691 	DATA 	Keypress: s
21.4778 	EXP 	text_2: autoDraw = False
21.4778 	EXP 	text_4: color = 'orange (named)'
21.4778 	EXP 	target_image: pos = array([-0.17295,  0.     ])
21.4778 	EXP 	target_image: size = array([0.17295, 0.17295])
21.4778 	EXP 	target_image: image = 'Stimuli/eomu.png'
21.4778 	EXP 	text_4: autoDraw = True
21.4778 	EXP 	target_image: autoDraw = True
21.6777 	EXP 	text_4: autoDraw = False
21.6777 	EXP 	target_image: autoDraw = False
21.6777 	EXP 	text: color = 'orange (named)'
21.6777 	EXP 	text: autoDraw = True
21.9690 	DATA 	Keypress: s
21.9780 	EXP 	text: autoDraw = False
21.9780 	EXP 	text_5: color = 'orange (named)'
21.9780 	EXP 	probe_image: pos = array([-0.17295,  0.     ])
21.9780 	EXP 	probe_image: size = array([0.17295, 0.17295])
21.9780 	EXP 	probe_image: image = 'Stimuli/eumu.png'
21.9780 	EXP 	text_5: autoDraw = True
21.9780 	EXP 	probe_image: autoDraw = True
22.1782 	EXP 	text_5: autoDraw = False
22.1782 	EXP 	probe_image: autoDraw = False
22.1782 	EXP 	text_2: color = 'orange (named)'
22.1782 	EXP 	text_2: autoDraw = True
22.5640 	EXP 	New trial (rep=6, index=0): None
22.5705 	DATA 	Keypress: s
22.5777 	EXP 	text_2: autoDraw = False
22.5777 	EXP 	text_4: color = 'orange (named)'
22.5777 	EXP 	target_image: pos = array([0.17295, 0.     ])
22.5777 	EXP 	target_image: size = array([0.17295, 0.17295])
22.5777 	EXP 	target_image: image = 'Stimuli/eomu.png'
22.5777 	EXP 	text_4: autoDraw = True
22.5777 	EXP 	target_image: autoDraw = True
22.7796 	EXP 	text_4: autoDraw = False
22.7796 	EXP 	target_image: autoDraw = False
22.7796 	EXP 	text_4: autoDraw = False
22.7796 	EXP 	target_image: autoDraw = False
22.7796 	EXP 	text: color = 'orange (named)'
22.7796 	EXP 	text: autoDraw = True
23.0872 	DATA 	Keypress: s
23.0945 	EXP 	text: autoDraw = False
23.0945 	EXP 	text_5: color = 'orange (named)'
23.0945 	EXP 	probe_image: pos = array([0.17295, 0.     ])
23.0945 	EXP 	probe_image: size = array([0.17295, 0.17295])
23.0945 	EXP 	probe_image: image = 'Stimuli/edmd.png'
23.0945 	EXP 	text_5: autoDraw = True
23.0945 	EXP 	probe_image: autoDraw = True
23.2969 	EXP 	text_5: autoDraw = False
23.2969 	EXP 	probe_image: autoDraw = False
23.2969 	EXP 	text_2: color = 'orange (named)'
23.2969 	EXP 	text_2: autoDraw = True
23.5467 	EXP 	New trial (rep=7, index=0): None
23.5537 	DATA 	Keypress: s
23.5612 	EXP 	text_2: autoDraw = False
23.5612 	EXP 	text_4: color = 'orange (named)'
23.5612 	EXP 	target_image: pos = array([-0.17295,  0.     ])
23.5612 	EXP 	target_image: size = array([0.17295, 0.17295])
23.5612 	EXP 	target_image: image = 'Stimuli/edmd.png'
23.5612 	EXP 	text_4: autoDraw = True
23.5612 	EXP 	target_image: autoDraw = True
23.7612 	EXP 	text_4: autoDraw = False
23.7612 	EXP 	target_image: autoDraw = False
23.7612 	EXP 	text: color = 'orange (named)'
23.7612 	EXP 	text: autoDraw = True
23.9463 	DATA 	Keypress: s
24.0606 	EXP 	text: autoDraw = False
24.0606 	EXP 	text_5: color = 'orange (named)'
24.0606 	EXP 	probe_image: pos = array([-0.17295,  0.     ])
24.0606 	EXP 	probe_image: size = array([0.17295, 0.17295])
24.0606 	EXP 	probe_image: image = 'Stimuli/eomu.png'
24.0606 	EXP 	text_5: autoDraw = True
24.0606 	EXP 	probe_image: autoDraw = True
24.2609 	EXP 	text_5: autoDraw = False
24.2609 	EXP 	probe_image: autoDraw = False
24.2609 	EXP 	text_5: autoDraw = False
24.2609 	EXP 	probe_image: autoDraw = False
24.2609 	EXP 	text_2: color = 'orange (named)'
24.2609 	EXP 	text_2: autoDraw = True
24.2629 	DATA 	Keypress: s
24.5453 	EXP 	New trial (rep=8, index=0): None
24.5523 	DATA 	Keypress: s
24.5612 	EXP 	text_2: autoDraw = False
24.5612 	EXP 	text_4: color = 'orange (named)'
24.5612 	EXP 	target_image: pos = array([0.17295, 0.     ])
24.5612 	EXP 	target_image: size = array([0.17295, 0.17295])
24.5612 	EXP 	target_image: image = 'Stimuli/edmd.png'
24.5612 	EXP 	text_4: autoDraw = True
24.5612 	EXP 	target_image: autoDraw = True
24.7605 	EXP 	text_4: autoDraw = False
24.7605 	EXP 	target_image: autoDraw = False
24.7605 	EXP 	text: color = 'orange (named)'
24.7605 	EXP 	text: autoDraw = True
25.0613 	EXP 	text: autoDraw = False
25.0613 	EXP 	text: autoDraw = False
25.0613 	EXP 	text_5: color = 'orange (named)'
25.0613 	EXP 	probe_image: pos = array([0.17295, 0.     ])
25.0613 	EXP 	probe_image: size = array([0.17295, 0.17295])
25.0613 	EXP 	probe_image: image = 'Stimuli/edmd.png'
25.0613 	EXP 	text_5: autoDraw = True
25.0613 	EXP 	probe_image: autoDraw = True
25.0967 	DATA 	Keypress: s
25.2630 	EXP 	text_5: autoDraw = False
25.2630 	EXP 	probe_image: autoDraw = False
25.2630 	EXP 	text_5: autoDraw = False
25.2630 	EXP 	probe_image: autoDraw = False
25.2630 	EXP 	text_2: color = 'orange (named)'
25.2630 	EXP 	text_2: autoDraw = True
25.6299 	EXP 	New trial (rep=9, index=0): None
25.6362 	DATA 	Keypress: s
25.6443 	EXP 	text_2: autoDraw = False
25.6443 	EXP 	text_4: color = 'orange (named)'
25.6443 	EXP 	target_image: pos = array([-0.17295,  0.     ])
25.6443 	EXP 	target_image: size = array([0.17295, 0.17295])
25.6443 	EXP 	target_image: image = 'Stimuli/edmd.png'
25.6443 	EXP 	text_4: autoDraw = True
25.6443 	EXP 	target_image: autoDraw = True
25.8464 	EXP 	text_4: autoDraw = False
25.8464 	EXP 	target_image: autoDraw = False
25.8464 	EXP 	text_4: autoDraw = False
25.8464 	EXP 	target_image: autoDraw = False
25.8464 	EXP 	text: color = 'orange (named)'
25.8464 	EXP 	text: autoDraw = True
26.1538 	DATA 	Keypress: s
26.1612 	EXP 	text: autoDraw = False
26.1612 	EXP 	text_5: color = 'orange (named)'
26.1612 	EXP 	probe_image: pos = array([-0.17295,  0.     ])
26.1612 	EXP 	probe_image: size = array([0.17295, 0.17295])
26.1612 	EXP 	probe_image: image = 'Stimuli/edmd.png'
26.1612 	EXP 	text_5: autoDraw = True
26.1612 	EXP 	probe_image: autoDraw = True
26.3610 	EXP 	text_5: autoDraw = False
26.3610 	EXP 	probe_image: autoDraw = False
26.3610 	EXP 	text_2: color = 'orange (named)'
26.3610 	EXP 	text_2: autoDraw = True
26.5949 	EXP 	New trial (rep=10, index=0): None
26.6015 	DATA 	Keypress: s
26.6105 	EXP 	text_2: autoDraw = False
26.6105 	EXP 	text_4: color = 'orange (named)'
26.6105 	EXP 	target_image: pos = array([-0.17295,  0.     ])
26.6105 	EXP 	target_image: size = array([0.17295, 0.17295])
26.6105 	EXP 	target_image: image = 'Stimuli/eumu.png'
26.6105 	EXP 	text_4: autoDraw = True
26.6105 	EXP 	target_image: autoDraw = True
26.8104 	EXP 	text_4: autoDraw = False
26.8104 	EXP 	target_image: autoDraw = False
26.8104 	EXP 	text: color = 'orange (named)'
26.8104 	EXP 	text: autoDraw = True
26.9962 	DATA 	Keypress: s
27.1108 	EXP 	text: autoDraw = False
27.1108 	EXP 	text: autoDraw = False
27.1108 	EXP 	text_5: color = 'orange (named)'
27.1108 	EXP 	probe_image: pos = array([-0.17295,  0.     ])
27.1108 	EXP 	probe_image: size = array([0.17295, 0.17295])
27.1108 	EXP 	probe_image: image = 'Stimuli/eomu.png'
27.1108 	EXP 	text_5: autoDraw = True
27.1108 	EXP 	probe_image: autoDraw = True
27.3110 	EXP 	text_5: autoDraw = False
27.3110 	EXP 	probe_image: autoDraw = False
27.3110 	EXP 	text_2: color = 'orange (named)'
27.3110 	EXP 	text_2: autoDraw = True
27.6805 	EXP 	New trial (rep=11, index=0): None
27.6860 	DATA 	Keypress: s
27.6938 	EXP 	text_2: autoDraw = False
27.6938 	EXP 	text_4: color = 'orange (named)'
27.6938 	EXP 	target_image: pos = array([0.17295, 0.     ])
27.6938 	EXP 	target_image: size = array([0.17295, 0.17295])
27.6938 	EXP 	target_image: image = 'Stimuli/eumu.png'
27.6938 	EXP 	text_4: autoDraw = True
27.6938 	EXP 	target_image: autoDraw = True
27.8941 	EXP 	text_4: autoDraw = False
27.8941 	EXP 	target_image: autoDraw = False
27.8941 	EXP 	text_4: autoDraw = False
27.8941 	EXP 	target_image: autoDraw = False
27.8941 	EXP 	text: color = 'orange (named)'
27.8941 	EXP 	text: autoDraw = True
28.1942 	EXP 	text: autoDraw = False
28.1942 	EXP 	text: autoDraw = False
28.1942 	EXP 	text_5: color = 'orange (named)'
28.1942 	EXP 	probe_image: pos = array([0.17295, 0.     ])
28.1942 	EXP 	probe_image: size = array([0.17295, 0.17295])
28.1942 	EXP 	probe_image: image = 'Stimuli/eumu.png'
28.1942 	EXP 	text_5: autoDraw = True
28.1942 	EXP 	probe_image: autoDraw = True
28.2977 	DATA 	Keypress: s
28.3965 	EXP 	text_5: autoDraw = False
28.3965 	EXP 	probe_image: autoDraw = False
28.3965 	EXP 	text_5: autoDraw = False
28.3965 	EXP 	probe_image: autoDraw = False
28.3965 	EXP 	text_2: color = 'orange (named)'
28.3965 	EXP 	text_2: autoDraw = True
28.8300 	EXP 	New trial (rep=12, index=0): None
28.8361 	DATA 	Keypress: s
28.8440 	EXP 	text_2: autoDraw = False
28.8440 	EXP 	text_4: color = 'orange (named)'
28.8440 	EXP 	target_image: pos = array([0.17295, 0.     ])
28.8440 	EXP 	target_image: size = array([0.17295, 0.17295])
28.8440 	EXP 	target_image: image = 'Stimuli/edmd.png'
28.8440 	EXP 	text_4: autoDraw = True
28.8440 	EXP 	target_image: autoDraw = True
29.0443 	EXP 	text_4: autoDraw = False
29.0443 	EXP 	target_image: autoDraw = False
29.0443 	EXP 	text_4: autoDraw = False
29.0443 	EXP 	target_image: autoDraw = False
29.0443 	EXP 	text: color = 'orange (named)'
29.0443 	EXP 	text: autoDraw = True
29.3440 	EXP 	text: autoDraw = False
29.3440 	EXP 	text: autoDraw = False
29.3440 	EXP 	text_5: color = 'orange (named)'
29.3440 	EXP 	probe_image: pos = array([0.17295, 0.     ])
29.3440 	EXP 	probe_image: size = array([0.17295, 0.17295])
29.3440 	EXP 	probe_image: image = 'Stimuli/eimd.png'
29.3440 	EXP 	text_5: autoDraw = True
29.3440 	EXP 	probe_image: autoDraw = True
29.3643 	DATA 	Keypress: s
29.5442 	EXP 	text_5: autoDraw = False
29.5442 	EXP 	probe_image: autoDraw = False
29.5442 	EXP 	text_5: autoDraw = False
29.5442 	EXP 	probe_image: autoDraw = False
29.5442 	EXP 	text_2: color = 'orange (named)'
29.5442 	EXP 	text_2: autoDraw = True
29.9150 	EXP 	New trial (rep=13, index=0): None
29.9233 	DATA 	Keypress: s
29.9272 	EXP 	text_2: autoDraw = False
29.9272 	EXP 	text_4: color = 'pink (named)'
29.9272 	EXP 	target_image: pos = array([0.17295, 0.     ])
29.9272 	EXP 	target_image: size = array([0.17295, 0.17295])
29.9272 	EXP 	target_image: image = 'Stimuli/eomu.png'
29.9272 	EXP 	text_4: autoDraw = True
29.9272 	EXP 	target_image: autoDraw = True
30.1280 	EXP 	text_4: autoDraw = False
30.1280 	EXP 	target_image: autoDraw = False
30.1280 	EXP 	text_4: autoDraw = False
30.1280 	EXP 	target_image: autoDraw = False
30.1280 	EXP 	text: color = 'pink (named)'
30.1280 	EXP 	text: autoDraw = True
30.4278 	EXP 	text: autoDraw = False
30.4278 	EXP 	text: autoDraw = False
30.4278 	EXP 	text_5: color = 'pink (named)'
30.4278 	EXP 	probe_image: pos = array([0.17295, 0.     ])
30.4278 	EXP 	probe_image: size = array([0.17295, 0.17295])
30.4278 	EXP 	probe_image: image = 'Stimuli/eomu.png'
30.4278 	EXP 	text_5: autoDraw = True
30.4278 	EXP 	probe_image: autoDraw = True
30.4807 	DATA 	Keypress: s
30.6296 	EXP 	text_5: autoDraw = False
30.6296 	EXP 	probe_image: autoDraw = False
30.6296 	EXP 	text_5: autoDraw = False
30.6296 	EXP 	probe_image: autoDraw = False
30.6296 	EXP 	text_2: color = 'pink (named)'
30.6296 	EXP 	text_2: autoDraw = True
31.0300 	EXP 	New trial (rep=14, index=0): None
31.0369 	DATA 	Keypress: s
31.0447 	EXP 	text_2: autoDraw = False
31.0447 	EXP 	text_4: color = 'pink (named)'
31.0447 	EXP 	target_image: pos = array([-0.17295,  0.     ])
31.0447 	EXP 	target_image: size = array([0.17295, 0.17295])
31.0447 	EXP 	target_image: image = 'Stimuli/eimd.png'
31.0447 	EXP 	text_4: autoDraw = True
31.0447 	EXP 	target_image: autoDraw = True
31.2463 	EXP 	text_4: autoDraw = False
31.2463 	EXP 	target_image: autoDraw = False
31.2463 	EXP 	text_4: autoDraw = False
31.2463 	EXP 	target_image: autoDraw = False
31.2463 	EXP 	text: color = 'pink (named)'
31.2463 	EXP 	text: autoDraw = True
31.5441 	EXP 	text: autoDraw = False
31.5441 	EXP 	text_5: color = 'pink (named)'
31.5441 	EXP 	probe_image: pos = array([-0.17295,  0.     ])
31.5441 	EXP 	probe_image: size = array([0.17295, 0.17295])
31.5441 	EXP 	probe_image: image = 'Stimuli/eimd.png'
31.5441 	EXP 	text_5: autoDraw = True
31.5441 	EXP 	probe_image: autoDraw = True
31.5990 	DATA 	Keypress: s
31.7448 	EXP 	text_5: autoDraw = False
31.7448 	EXP 	probe_image: autoDraw = False
31.7448 	EXP 	text_2: color = 'pink (named)'
31.7448 	EXP 	text_2: autoDraw = True
32.1650 	EXP 	New trial (rep=15, index=0): None
32.1730 	DATA 	Keypress: s
32.1772 	EXP 	text_2: autoDraw = False
32.1772 	EXP 	text_4: color = 'pink (named)'
32.1772 	EXP 	target_image: pos = array([0.17295, 0.     ])
32.1772 	EXP 	target_image: size = array([0.17295, 0.17295])
32.1772 	EXP 	target_image: image = 'Stimuli/eumu.png'
32.1772 	EXP 	text_4: autoDraw = True
32.1772 	EXP 	target_image: autoDraw = True
32.3800 	EXP 	text_4: autoDraw = False
32.3800 	EXP 	target_image: autoDraw = False
32.3800 	EXP 	text_4: autoDraw = False
32.3800 	EXP 	target_image: autoDraw = False
32.3800 	EXP 	text: color = 'pink (named)'
32.3800 	EXP 	text: autoDraw = True
32.6778 	EXP 	text: autoDraw = False
32.6778 	EXP 	text: autoDraw = False
32.6778 	EXP 	text_5: color = 'pink (named)'
32.6778 	EXP 	probe_image: pos = array([0.17295, 0.     ])
32.6778 	EXP 	probe_image: size = array([0.17295, 0.17295])
32.6778 	EXP 	probe_image: image = 'Stimuli/edmd.png'
32.6778 	EXP 	text_5: autoDraw = True
32.6778 	EXP 	probe_image: autoDraw = True
32.7982 	DATA 	Keypress: s
32.8782 	EXP 	text_5: autoDraw = False
32.8782 	EXP 	probe_image: autoDraw = False
32.8782 	EXP 	text_5: autoDraw = False
32.8782 	EXP 	probe_image: autoDraw = False
32.8782 	EXP 	text_2: color = 'pink (named)'
32.8782 	EXP 	text_2: autoDraw = True
33.2636 	EXP 	New trial (rep=16, index=0): None
33.2702 	DATA 	Keypress: s
33.2779 	EXP 	text_2: autoDraw = False
33.2779 	EXP 	text_4: color = 'pink (named)'
33.2779 	EXP 	target_image: pos = array([-0.17295,  0.     ])
33.2779 	EXP 	target_image: size = array([0.17295, 0.17295])
33.2779 	EXP 	target_image: image = 'Stimuli/eumu.png'
33.2779 	EXP 	text_4: autoDraw = True
33.2779 	EXP 	target_image: autoDraw = True
33.4801 	EXP 	text_4: autoDraw = False
33.4801 	EXP 	target_image: autoDraw = False
33.4801 	EXP 	text_4: autoDraw = False
33.4801 	EXP 	target_image: autoDraw = False
33.4801 	EXP 	text: color = 'pink (named)'
33.4801 	EXP 	text: autoDraw = True
33.7947 	EXP 	text: autoDraw = False
33.7947 	EXP 	text_5: color = 'pink (named)'
33.7947 	EXP 	probe_image: pos = array([-0.17295,  0.     ])
33.7947 	EXP 	probe_image: size = array([0.17295, 0.17295])
33.7947 	EXP 	probe_image: image = 'Stimuli/eimd.png'
33.7947 	EXP 	text_5: autoDraw = True
33.7947 	EXP 	probe_image: autoDraw = True
33.8650 	DATA 	Keypress: s
33.9946 	EXP 	text_5: autoDraw = False
33.9946 	EXP 	probe_image: autoDraw = False
33.9946 	EXP 	text_2: color = 'pink (named)'
33.9946 	EXP 	text_2: autoDraw = True
34.3286 	EXP 	New trial (rep=17, index=0): None
34.3356 	DATA 	Keypress: s
34.3446 	EXP 	text_2: autoDraw = False
34.3446 	EXP 	text_4: color = 'pink (named)'
34.3446 	EXP 	target_image: pos = array([0.17295, 0.     ])
34.3446 	EXP 	target_image: size = array([0.17295, 0.17295])
34.3446 	EXP 	target_image: image = 'Stimuli/edmd.png'
34.3446 	EXP 	text_4: autoDraw = True
34.3446 	EXP 	target_image: autoDraw = True
34.5448 	EXP 	text_4: autoDraw = False
34.5448 	EXP 	target_image: autoDraw = False
34.5448 	EXP 	text: color = 'pink (named)'
34.5448 	EXP 	text: autoDraw = True
34.7643 	DATA 	Keypress: s
34.8445 	EXP 	text: autoDraw = False
34.8445 	EXP 	text_5: color = 'pink (named)'
34.8445 	EXP 	probe_image: pos = array([0.17295, 0.     ])
34.8445 	EXP 	probe_image: size = array([0.17295, 0.17295])
34.8445 	EXP 	probe_image: image = 'Stimuli/edmd.png'
34.8445 	EXP 	text_5: autoDraw = True
34.8445 	EXP 	probe_image: autoDraw = True
35.0471 	EXP 	text_5: autoDraw = False
35.0471 	EXP 	probe_image: autoDraw = False
35.0471 	EXP 	text_5: autoDraw = False
35.0471 	EXP 	probe_image: autoDraw = False
35.0471 	EXP 	text_2: color = 'pink (named)'
35.0471 	EXP 	text_2: autoDraw = True
35.3473 	EXP 	New trial (rep=18, index=0): None
35.3544 	DATA 	Keypress: s
35.3610 	EXP 	text_2: autoDraw = False
35.3610 	EXP 	text_4: color = 'pink (named)'
35.3610 	EXP 	target_image: pos = array([0.17295, 0.     ])
35.3610 	EXP 	target_image: size = array([0.17295, 0.17295])
35.3610 	EXP 	target_image: image = 'Stimuli/eumu.png'
35.3610 	EXP 	text_4: autoDraw = True
35.3610 	EXP 	target_image: autoDraw = True
35.5641 	EXP 	text_4: autoDraw = False
35.5641 	EXP 	target_image: autoDraw = False
35.5641 	EXP 	text_4: autoDraw = False
35.5641 	EXP 	target_image: autoDraw = False
35.5641 	EXP 	text: color = 'pink (named)'
35.5641 	EXP 	text: autoDraw = True
35.7985 	DATA 	Keypress: s
35.8782 	EXP 	text: autoDraw = False
35.8782 	EXP 	text_5: color = 'pink (named)'
35.8782 	EXP 	probe_image: pos = array([0.17295, 0.     ])
35.8782 	EXP 	probe_image: size = array([0.17295, 0.17295])
35.8782 	EXP 	probe_image: image = 'Stimuli/eumu.png'
35.8782 	EXP 	text_5: autoDraw = True
35.8782 	EXP 	probe_image: autoDraw = True
36.0800 	EXP 	text_5: autoDraw = False
36.0800 	EXP 	probe_image: autoDraw = False
36.0800 	EXP 	text_2: color = 'pink (named)'
36.0800 	EXP 	text_2: autoDraw = True
36.2478 	EXP 	New trial (rep=19, index=0): None
36.2550 	DATA 	Keypress: s
36.2608 	EXP 	text_2: autoDraw = False
36.2608 	EXP 	text_4: color = 'pink (named)'
36.2608 	EXP 	target_image: pos = array([-0.17295,  0.     ])
36.2608 	EXP 	target_image: size = array([0.17295, 0.17295])
36.2608 	EXP 	target_image: image = 'Stimuli/eimd.png'
36.2608 	EXP 	text_4: autoDraw = True
36.2608 	EXP 	target_image: autoDraw = True
36.4615 	EXP 	text_4: autoDraw = False
36.4615 	EXP 	target_image: autoDraw = False
36.4615 	EXP 	text_4: autoDraw = False
36.4615 	EXP 	target_image: autoDraw = False
36.4615 	EXP 	text: color = 'pink (named)'
36.4615 	EXP 	text: autoDraw = True
36.7148 	DATA 	Keypress: s
36.7608 	EXP 	text: autoDraw = False
36.7608 	EXP 	text: autoDraw = False
36.7608 	EXP 	text_5: color = 'pink (named)'
36.7608 	EXP 	probe_image: pos = array([-0.17295,  0.     ])
36.7608 	EXP 	probe_image: size = array([0.17295, 0.17295])
36.7608 	EXP 	probe_image: image = 'Stimuli/edmd.png'
36.7608 	EXP 	text_5: autoDraw = True
36.7608 	EXP 	probe_image: autoDraw = True
36.9633 	EXP 	text_5: autoDraw = False
36.9633 	EXP 	probe_image: autoDraw = False
36.9633 	EXP 	text_5: autoDraw = False
36.9633 	EXP 	probe_image: autoDraw = False
36.9633 	EXP 	text_2: color = 'pink (named)'
36.9633 	EXP 	text_2: autoDraw = True
37.2455 	EXP 	New trial (rep=20, index=0): None
37.2529 	DATA 	Keypress: s
37.2607 	EXP 	text_2: autoDraw = False
37.2607 	EXP 	text_4: color = 'pink (named)'
37.2607 	EXP 	target_image: pos = array([0.17295, 0.     ])
37.2607 	EXP 	target_image: size = array([0.17295, 0.17295])
37.2607 	EXP 	target_image: image = 'Stimuli/eimd.png'
37.2607 	EXP 	text_4: autoDraw = True
37.2607 	EXP 	target_image: autoDraw = True
37.4615 	EXP 	text_4: autoDraw = False
37.4615 	EXP 	target_image: autoDraw = False
37.4615 	EXP 	text: color = 'pink (named)'
37.4615 	EXP 	text: autoDraw = True
37.7615 	EXP 	text: autoDraw = False
37.7615 	EXP 	text_5: color = 'pink (named)'
37.7615 	EXP 	probe_image: pos = array([0.17295, 0.     ])
37.7615 	EXP 	probe_image: size = array([0.17295, 0.17295])
37.7615 	EXP 	probe_image: image = 'Stimuli/eimd.png'
37.7615 	EXP 	text_5: autoDraw = True
37.7615 	EXP 	probe_image: autoDraw = True
37.8501 	DATA 	Keypress: s
37.9613 	EXP 	text_5: autoDraw = False
37.9613 	EXP 	probe_image: autoDraw = False
37.9613 	EXP 	text_2: color = 'pink (named)'
37.9613 	EXP 	text_2: autoDraw = True
38.3286 	EXP 	New trial (rep=21, index=0): None
38.3355 	DATA 	Keypress: s
38.3445 	EXP 	text_2: autoDraw = False
38.3445 	EXP 	text_4: color = 'pink (named)'
38.3445 	EXP 	target_image: pos = array([0.17295, 0.     ])
38.3445 	EXP 	target_image: size = array([0.17295, 0.17295])
38.3445 	EXP 	target_image: image = 'Stimuli/eomu.png'
38.3445 	EXP 	text_4: autoDraw = True
38.3445 	EXP 	target_image: autoDraw = True
38.5450 	EXP 	text_4: autoDraw = False
38.5450 	EXP 	target_image: autoDraw = False
38.5450 	EXP 	text: color = 'pink (named)'
38.5450 	EXP 	text: autoDraw = True
38.8449 	EXP 	text: autoDraw = False
38.8449 	EXP 	text_5: color = 'pink (named)'
38.8449 	EXP 	probe_image: pos = array([0.17295, 0.     ])
38.8449 	EXP 	probe_image: size = array([0.17295, 0.17295])
38.8449 	EXP 	probe_image: image = 'Stimuli/eomu.png'
38.8449 	EXP 	text_5: autoDraw = True
38.8449 	EXP 	probe_image: autoDraw = True
38.8652 	DATA 	Keypress: s
39.0449 	EXP 	text_5: autoDraw = False
39.0449 	EXP 	probe_image: autoDraw = False
39.0449 	EXP 	text_2: color = 'pink (named)'
39.0449 	EXP 	text_2: autoDraw = True
39.3978 	EXP 	New trial (rep=22, index=0): None
39.4062 	DATA 	Keypress: s
39.4108 	EXP 	text_2: autoDraw = False
39.4108 	EXP 	text_4: color = 'pink (named)'
39.4108 	EXP 	target_image: pos = array([-0.17295,  0.     ])
39.4108 	EXP 	target_image: size = array([0.17295, 0.17295])
39.4108 	EXP 	target_image: image = 'Stimuli/edmd.png'
39.4108 	EXP 	text_4: autoDraw = True
39.4108 	EXP 	target_image: autoDraw = True
39.6132 	EXP 	text_4: autoDraw = False
39.6132 	EXP 	target_image: autoDraw = False
39.6132 	EXP 	text_4: autoDraw = False
39.6132 	EXP 	target_image: autoDraw = False
39.6132 	EXP 	text: color = 'pink (named)'
39.6132 	EXP 	text: autoDraw = True
39.9203 	DATA 	Keypress: s
39.9278 	EXP 	text: autoDraw = False
39.9278 	EXP 	text_5: color = 'pink (named)'
39.9278 	EXP 	probe_image: pos = array([-0.17295,  0.     ])
39.9278 	EXP 	probe_image: size = array([0.17295, 0.17295])
39.9278 	EXP 	probe_image: image = 'Stimuli/eumu.png'
39.9278 	EXP 	text_5: autoDraw = True
39.9278 	EXP 	probe_image: autoDraw = True
40.1280 	EXP 	text_5: autoDraw = False
40.1280 	EXP 	probe_image: autoDraw = False
40.1280 	EXP 	text_2: color = 'pink (named)'
40.1280 	EXP 	text_2: autoDraw = True
40.3811 	EXP 	New trial (rep=23, index=0): None
40.3880 	DATA 	Keypress: s
40.3945 	EXP 	text_2: autoDraw = False
40.3945 	EXP 	text_4: color = 'pink (named)'
40.3945 	EXP 	target_image: pos = array([0.17295, 0.     ])
40.3945 	EXP 	target_image: size = array([0.17295, 0.17295])
40.3945 	EXP 	target_image: image = 'Stimuli/eimd.png'
40.3945 	EXP 	text_4: autoDraw = True
40.3945 	EXP 	target_image: autoDraw = True
40.5967 	EXP 	text_4: autoDraw = False
40.5967 	EXP 	target_image: autoDraw = False
40.5967 	EXP 	text_4: autoDraw = False
40.5967 	EXP 	target_image: autoDraw = False
40.5967 	EXP 	text: color = 'pink (named)'
40.5967 	EXP 	text: autoDraw = True
40.8793 	DATA 	Keypress: s
40.9112 	EXP 	text: autoDraw = False
40.9112 	EXP 	text_5: color = 'pink (named)'
40.9112 	EXP 	probe_image: pos = array([0.17295, 0.     ])
40.9112 	EXP 	probe_image: size = array([0.17295, 0.17295])
40.9112 	EXP 	probe_image: image = 'Stimuli/eumu.png'
40.9112 	EXP 	text_5: autoDraw = True
40.9112 	EXP 	probe_image: autoDraw = True
41.1131 	EXP 	text_5: autoDraw = False
41.1131 	EXP 	probe_image: autoDraw = False
41.1131 	EXP 	text_2: color = 'pink (named)'
41.1131 	EXP 	text_2: autoDraw = True
41.5480 	EXP 	New trial (rep=0, index=1): OrderedDict([('Block_type', 'conf_haus'), ('instruction_text', 'Press S for same or D for different houses. Press <SPACE> to continue.')])
41.5594 	DATA 	Keypress: s
41.5798 	EXP 	text_2: autoDraw = False
41.5798 	EXP 	text_3: text = 'Press S for same or D for different houses. Press <SPACE> to continue.'
41.5798 	EXP 	text_3: autoDraw = True
42.3812 	DATA 	Keypress: space
43.7615 	EXP 	Created sequence: sequential, trialTypes=1, nReps=24, seed=None
43.7618 	EXP 	New trial (rep=0, index=0): None
43.7671 	DATA 	Keypress: space
43.7780 	EXP 	text_3: autoDraw = False
43.7780 	EXP 	text_4: color = 'pink (named)'
43.7780 	EXP 	target_image: pos = array([0.17295, 0.     ])
43.7780 	EXP 	target_image: size = array([0.17295, 0.17295])
43.7780 	EXP 	target_image: image = 'Stimuli/H-8sim3.png'
43.7780 	EXP 	text_4: autoDraw = True
43.7780 	EXP 	target_image: autoDraw = True
43.9778 	EXP 	text_4: autoDraw = False
43.9778 	EXP 	target_image: autoDraw = False
43.9778 	EXP 	text: color = 'pink (named)'
43.9778 	EXP 	text: autoDraw = True
44.2779 	EXP 	text: autoDraw = False
44.2779 	EXP 	text_5: color = 'pink (named)'
44.2779 	EXP 	probe_image: pos = array([0.17295, 0.     ])
44.2779 	EXP 	probe_image: size = array([0.17295, 0.17295])
44.2779 	EXP 	probe_image: image = 'Stimuli/H-8sim3.png'
44.2779 	EXP 	text_5: autoDraw = True
44.2779 	EXP 	probe_image: autoDraw = True
44.4783 	EXP 	text_5: autoDraw = False
44.4783 	EXP 	probe_image: autoDraw = False
44.4783 	EXP 	text_2: color = 'pink (named)'
44.4783 	EXP 	text_2: autoDraw = True
44.6312 	EXP 	New trial (rep=1, index=0): None
44.6367 	DATA 	Keypress: s
44.6447 	EXP 	text_2: autoDraw = False
44.6447 	EXP 	text_4: color = 'pink (named)'
44.6447 	EXP 	target_image: pos = array([-0.17295,  0.     ])
44.6447 	EXP 	target_image: size = array([0.17295, 0.17295])
44.6447 	EXP 	target_image: image = 'Stimuli/H-8sim1.png'
44.6447 	EXP 	text_4: autoDraw = True
44.6447 	EXP 	target_image: autoDraw = True
44.8459 	EXP 	text_4: autoDraw = False
44.8459 	EXP 	target_image: autoDraw = False
44.8459 	EXP 	text_4: autoDraw = False
44.8459 	EXP 	target_image: autoDraw = False
44.8459 	EXP 	text: color = 'pink (named)'
44.8459 	EXP 	text: autoDraw = True
45.1613 	EXP 	text: autoDraw = False
45.1613 	EXP 	text_5: color = 'pink (named)'
45.1613 	EXP 	probe_image: pos = array([-0.17295,  0.     ])
45.1613 	EXP 	probe_image: size = array([0.17295, 0.17295])
45.1613 	EXP 	probe_image: image = 'Stimuli/H-8sim1.png'
45.1613 	EXP 	text_5: autoDraw = True
45.1613 	EXP 	probe_image: autoDraw = True
45.3612 	EXP 	text_5: autoDraw = False
45.3612 	EXP 	probe_image: autoDraw = False
45.3612 	EXP 	text_2: color = 'pink (named)'
45.3612 	EXP 	text_2: autoDraw = True
45.6145 	EXP 	New trial (rep=2, index=0): None
45.6192 	DATA 	Keypress: s
45.6279 	EXP 	text_2: autoDraw = False
45.6279 	EXP 	text_4: color = 'pink (named)'
45.6279 	EXP 	target_image: pos = array([0.17295, 0.     ])
45.6279 	EXP 	target_image: size = array([0.17295, 0.17295])
45.6279 	EXP 	target_image: image = 'Stimuli/H-8sim1.png'
45.6279 	EXP 	text_4: autoDraw = True
45.6279 	EXP 	target_image: autoDraw = True
45.8301 	EXP 	text_4: autoDraw = False
45.8301 	EXP 	target_image: autoDraw = False
45.8301 	EXP 	text_4: autoDraw = False
45.8301 	EXP 	target_image: autoDraw = False
45.8301 	EXP 	text: color = 'pink (named)'
45.8301 	EXP 	text: autoDraw = True
46.1282 	EXP 	text: autoDraw = False
46.1282 	EXP 	text: autoDraw = False
46.1282 	EXP 	text_5: color = 'pink (named)'
46.1282 	EXP 	probe_image: pos = array([0.17295, 0.     ])
46.1282 	EXP 	probe_image: size = array([0.17295, 0.17295])
46.1282 	EXP 	probe_image: image = 'Stimuli/H-8sim0.png'
46.1282 	EXP 	text_5: autoDraw = True
46.1282 	EXP 	probe_image: autoDraw = True
46.3303 	EXP 	text_5: autoDraw = False
46.3303 	EXP 	probe_image: autoDraw = False
46.3303 	EXP 	text_5: autoDraw = False
46.3303 	EXP 	probe_image: autoDraw = False
46.3303 	EXP 	text_2: color = 'pink (named)'
46.3303 	EXP 	text_2: autoDraw = True
46.5314 	EXP 	New trial (rep=3, index=0): None
46.5369 	DATA 	Keypress: s
46.5446 	EXP 	text_2: autoDraw = False
46.5446 	EXP 	text_4: color = 'pink (named)'
46.5446 	EXP 	target_image: pos = array([-0.17295,  0.     ])
46.5446 	EXP 	target_image: size = array([0.17295, 0.17295])
46.5446 	EXP 	target_image: image = 'Stimuli/H-8sim2.png'
46.5446 	EXP 	text_4: autoDraw = True
46.5446 	EXP 	target_image: autoDraw = True
46.7448 	EXP 	text_4: autoDraw = False
46.7448 	EXP 	target_image: autoDraw = False
46.7448 	EXP 	text_4: autoDraw = False
46.7448 	EXP 	target_image: autoDraw = False
46.7448 	EXP 	text: color = 'pink (named)'
46.7448 	EXP 	text: autoDraw = True
47.0447 	EXP 	text: autoDraw = False
47.0447 	EXP 	text: autoDraw = False
47.0447 	EXP 	text_5: color = 'pink (named)'
47.0447 	EXP 	probe_image: pos = array([-0.17295,  0.     ])
47.0447 	EXP 	probe_image: size = array([0.17295, 0.17295])
47.0447 	EXP 	probe_image: image = 'Stimuli/H-8sim3.png'
47.0447 	EXP 	text_5: autoDraw = True
47.0447 	EXP 	probe_image: autoDraw = True
47.2444 	EXP 	text_5: autoDraw = False
47.2444 	EXP 	probe_image: autoDraw = False
47.2444 	EXP 	text_5: autoDraw = False
47.2444 	EXP 	probe_image: autoDraw = False
47.2444 	EXP 	text_2: color = 'pink (named)'
47.2444 	EXP 	text_2: autoDraw = True
47.2641 	EXP 	New trial (rep=4, index=0): None
47.2681 	DATA 	Keypress: s
47.2778 	EXP 	text_2: autoDraw = False
47.2778 	EXP 	text_4: color = 'pink (named)'
47.2778 	EXP 	target_image: pos = array([-0.17295,  0.     ])
47.2778 	EXP 	target_image: size = array([0.17295, 0.17295])
47.2778 	EXP 	target_image: image = 'Stimuli/H-8sim1.png'
47.2778 	EXP 	text_4: autoDraw = True
47.2778 	EXP 	target_image: autoDraw = True
47.4779 	EXP 	text_4: autoDraw = False
47.4779 	EXP 	target_image: autoDraw = False
47.4779 	EXP 	text_4: autoDraw = False
47.4779 	EXP 	target_image: autoDraw = False
47.4779 	EXP 	text: color = 'pink (named)'
47.4779 	EXP 	text: autoDraw = True
47.7779 	EXP 	text: autoDraw = False
47.7779 	EXP 	text: autoDraw = False
47.7779 	EXP 	text_5: color = 'pink (named)'
47.7779 	EXP 	probe_image: pos = array([-0.17295,  0.     ])
47.7779 	EXP 	probe_image: size = array([0.17295, 0.17295])
47.7779 	EXP 	probe_image: image = 'Stimuli/H-8sim3.png'
47.7779 	EXP 	text_5: autoDraw = True
47.7779 	EXP 	probe_image: autoDraw = True
47.9782 	EXP 	text_5: autoDraw = False
47.9782 	EXP 	probe_image: autoDraw = False
47.9782 	EXP 	text_5: autoDraw = False
47.9782 	EXP 	probe_image: autoDraw = False
47.9782 	EXP 	text_2: color = 'pink (named)'
47.9782 	EXP 	text_2: autoDraw = True
48.0812 	DATA 	Keypress: escape
48.0823 	DATA 	Keypress: quoteleft
48.4989 	EXP 	window1: mouseVisible = True
48.4990 	DEBUG 	Saving data for configural_featural ExperimentHandler
48.5003 	INFO 	saved data to /Users/sophia/Documents/PycharmProjects/Configural_Featural_Study/data/SR_configural_featural_2020_Oct_24_2045.psydat
48.5024 	INFO 	saved data to '/Users/sophia/Documents/PycharmProjects/Configural_Featural_Study/data/SR_configural_featural_2020_Oct_24_2045.csv'
