0.4195 	WARNING 	We strongly recommend you activate the PTB sound engine in PsychoPy prefs as the preferred audio engine. Its timing is vastly superior. Your prefs are currently set to use ['sounddevice', 'PTB', 'pyo', 'pygame'] (in that order).
7.9676 	INFO 	Loaded monitor calibration from ['2020_09_20 15:42']
10.1995 	WARNING 	Couldn't measure a consistent frame rate.
  - Is your graphics card set to sync to vertical blank?
  - Are you running other processes on your computer?

10.2000 	EXP 	Created window1 = Window(allowGUI=False, allowStencil=False, args=UNKNOWN, autoLog=True, bitsMode=UNKNOWN, blendMode='avg', bpc=(8, 8, 8), color=array([0., 0., 0.]), colorSpace='rgb', depthBits=8, fullscr=<method-wrapper '__getattribute__' of attributeSetter object at 0x15638f9e8>, gamma=None, gammaErrorPolicy='raise', kwargs=UNKNOWN, lms=UNKNOWN, monitor=<psychopy.monitors.calibTools.Monitor object at 0x156f92438>, multiSample=False, name='window1', numSamples=2, pos=[448.0, 280.0], screen=0, size=array([3584, 2240]), stencilBits=0, stereo=False, units='height', useFBO=True, useRetina=True, viewOri=0.0, viewPos=None, viewScale=None, waitBlanking=True, winType='pyglet')
10.2003 	EXP 	window1: mouseVisible = True
10.2003 	EXP 	window1: recordFrameIntervals = False
10.3659 	EXP 	window1: recordFrameIntervals = True
12.0312 	WARNING 	Couldn't measure a consistent frame rate.
  - Is your graphics card set to sync to vertical blank?
  - Are you running other processes on your computer?

12.5238 	EXP 	Created text_top = TextStim(__class__=<class 'psychopy.visual.text.TextStim'>, alignHoriz=method-wrapper(...), alignText='center', alignVert=method-wrapper(...), anchorHoriz='center', anchorVert='center', antialias=True, autoLog=True, bold=False, color='black', colorSpace='named', contrast=1.0, depth=-3.0, flipHoriz=False, flipVert=False, font='Arial', fontFiles=[], height=0.05, italic=False, languageStyle='LTR', name='text_top', opacity=1.0, ori=0, pos=array([0. , 0.3]), rgb=array([0., 0., 0.]), text=str(...), units='height', win=Window(...), wrapWidth=1)
12.5302 	EXP 	Created text_bottom = TextStim(__class__=<class 'psychopy.visual.text.TextStim'>, alignHoriz=method-wrapper(...), alignText='center', alignVert=method-wrapper(...), anchorHoriz='center', anchorVert='center', antialias=True, autoLog=True, bold=False, color='black', colorSpace='named', contrast=1.0, depth=-4.0, flipHoriz=False, flipVert=False, font='Arial', fontFiles=[], height=0.05, italic=False, languageStyle='LTR', name='text_bottom', opacity=1.0, ori=0, pos=array([ 0. , -0.3]), rgb=array([0., 0., 0.]), text='Press Space when you’re finished', units='height', win=Window(...), wrapWidth=1)
12.5596 	EXP 	Created ccimage = ImageStim(__class__=<class 'psychopy.visual.image.ImageStim'>, autoLog=True, color=array([1., 1., 1.]), colorSpace='rgb', contrast=1.0, depth=-5.0, flipHoriz=False, flipVert=False, image='bankcard.png', interpolate=True, mask=None, maskParams=None, name='ccimage', opacity=1.0, ori=0.0, pos=array([0., 0.]), size=array([0.428 , 0.2699]), texRes=512, units='height', win=Window(...))
12.5613 	EXP 	Created target_image = ImageStim(__class__=<class 'psychopy.visual.image.ImageStim'>, autoLog=True, color=array([1., 1., 1.]), colorSpace='rgb', contrast=1.0, depth=-1.0, flipHoriz=False, flipVert=False, image='sin', interpolate=True, mask=None, maskParams=None, name='target_image', opacity=1.0, ori=0.0, pos=array([0., 0.]), size=array([1., 1.]), texRes=512, units='height', win=Window(...))
12.5627 	EXP 	Created probe_image = ImageStim(__class__=<class 'psychopy.visual.image.ImageStim'>, autoLog=True, color=array([1., 1., 1.]), colorSpace='rgb', contrast=1.0, depth=-1.0, flipHoriz=False, flipVert=False, image='sin', interpolate=True, mask=None, maskParams=None, name='probe_image', opacity=1.0, ori=0.0, pos=array([0., 0.]), size=array([1., 1.]), texRes=512, units='height', win=Window(...))
12.5949 	WARNING 	t of last frame was 563.98ms (=1/1)
12.5949 	EXP 	text_top: autoDraw = True
12.5949 	EXP 	text_bottom: autoDraw = True
12.5949 	EXP 	ccimage: autoDraw = True
12.6160 	WARNING 	t of last frame was 21.05ms (=1/47)
14.3069 	DATA 	Keypress: space
14.3136 	DEBUG 	Read csv file with pandas: Designs/design1.csv
14.3160 	DEBUG 	Clearing unnamed columns from Designs/design1.csv
14.3163 	EXP 	Imported Designs/design1.csv as conditions, 4 conditions, 2 params
14.3166 	EXP 	Created sequence: sequential, trialTypes=4, nReps=1, seed=None
14.3169 	EXP 	New trial (rep=0, index=0): OrderedDict([('Block_type', 'conf_face'), ('instruction_text', 'Press S for same or D for different faces. Press <SPACE> to continue.')])
14.3451 	WARNING 	t of last frame was 47.55ms (=1/21)
14.3451 	EXP 	ccimage: size = [0.42800000000000005, 0.2699]
14.3451 	EXP 	text_top: autoDraw = False
14.3451 	EXP 	text_bottom: autoDraw = False
14.3451 	EXP 	ccimage: autoDraw = False
14.3451 	EXP 	target_image: size = array([0.17295, 0.17295])
14.3451 	EXP 	target_image: image = 'Stimuli/edmd.png'
14.3451 	EXP 	target_image: autoDraw = True
14.3659 	WARNING 	t of last frame was 20.82ms (=1/48)
14.5475 	EXP 	target_image: autoDraw = False
14.5475 	EXP 	probe_image: size = array([0.17295, 0.17295])
14.5475 	EXP 	probe_image: image = 'Stimuli/edmd.png'
14.8330 	EXP 	probe_image: autoDraw = True
15.3170 	EXP 	New trial (rep=0, index=1): OrderedDict([('Block_type', 'conf_haus'), ('instruction_text', 'Press S for same or D for different houses. Press <SPACE> to continue.')])
15.3309 	EXP 	probe_image: autoDraw = False
15.3309 	EXP 	probe_image: autoDraw = False
15.3309 	EXP 	target_image: size = array([0.17295, 0.17295])
15.3309 	EXP 	target_image: image = 'Stimuli/H-8sim0.png'
15.3309 	EXP 	target_image: autoDraw = True
15.5311 	EXP 	target_image: autoDraw = False
15.5311 	EXP 	target_image: autoDraw = False
15.5311 	EXP 	probe_image: size = array([0.17295, 0.17295])
15.5311 	EXP 	probe_image: image = 'Stimuli/H-8sim0.png'
15.8159 	EXP 	probe_image: autoDraw = True
16.3167 	EXP 	New trial (rep=0, index=2): OrderedDict([('Block_type', 'feat_face'), ('instruction_text', 'Press S for same or D for different faces. Press <SPACE> to continue.')])
16.3303 	EXP 	probe_image: autoDraw = False
16.3303 	EXP 	probe_image: autoDraw = False
16.3303 	EXP 	target_image: size = array([0.17295, 0.17295])
16.3303 	EXP 	target_image: image = 'Stimuli/f15.png'
16.3303 	EXP 	target_image: autoDraw = True
16.5310 	EXP 	target_image: autoDraw = False
16.5310 	EXP 	target_image: autoDraw = False
16.5310 	EXP 	probe_image: size = array([0.17295, 0.17295])
16.5310 	EXP 	probe_image: image = 'Stimuli/f15.png'
16.8143 	EXP 	probe_image: autoDraw = True
17.2989 	EXP 	New trial (rep=0, index=3): OrderedDict([('Block_type', 'feat_haus'), ('instruction_text', 'Press S for same or D for different houses. Press <SPACE> to continue.')])
17.3143 	EXP 	probe_image: autoDraw = False
17.3143 	EXP 	probe_image: autoDraw = False
17.3143 	EXP 	target_image: size = array([0.17295, 0.17295])
17.3143 	EXP 	target_image: image = 'Stimuli/H5sim0.png'
17.3143 	EXP 	target_image: autoDraw = True
17.5143 	EXP 	target_image: autoDraw = False
17.5143 	EXP 	probe_image: size = array([0.17295, 0.17295])
17.5143 	EXP 	probe_image: image = 'Stimuli/H5sim0.png'
17.7994 	EXP 	probe_image: autoDraw = True
18.3143 	EXP 	probe_image: autoDraw = False
18.3151 	INFO 	saved data to '/Users/sophia/Documents/PycharmProjects/Configural_Featural_Study/data/SR_configural_featural_2020_Oct_21_1726.csv'
18.3158 	INFO 	saved data to /Users/sophia/Documents/PycharmProjects/Configural_Featural_Study/data/SR_configural_featural_2020_Oct_21_1726.psydat
18.5929 	EXP 	window1: mouseVisible = True
18.5931 	DEBUG 	Saving data for configural_featural ExperimentHandler
