0.3754 	WARNING 	We strongly recommend you activate the PTB sound engine in PsychoPy prefs as the preferred audio engine. Its timing is vastly superior. Your prefs are currently set to use ['sounddevice', 'PTB', 'pyo', 'pygame'] (in that order).
19.9986 	INFO 	Loaded monitor calibration from ['2020_09_20 15:42']
22.2325 	WARNING 	Couldn't measure a consistent frame rate.
  - Is your graphics card set to sync to vertical blank?
  - Are you running other processes on your computer?

22.2330 	EXP 	Created window1 = Window(allowGUI=False, allowStencil=False, args=UNKNOWN, autoLog=True, bitsMode=UNKNOWN, blendMode='avg', bpc=(8, 8, 8), color=array([0., 0., 0.]), colorSpace='rgb', depthBits=8, fullscr=<method-wrapper '__getattribute__' of attributeSetter object at 0x1551509b0>, gamma=None, gammaErrorPolicy='raise', kwargs=UNKNOWN, lms=UNKNOWN, monitor=<psychopy.monitors.calibTools.Monitor object at 0x11fbb0320>, multiSample=False, name='window1', numSamples=2, pos=[448.0, 280.0], screen=0, size=array([3584, 2240]), stencilBits=0, stereo=False, units='height', useFBO=True, useRetina=True, viewOri=0.0, viewPos=None, viewScale=None, waitBlanking=True, winType='pyglet')
22.2332 	EXP 	window1: mouseVisible = True
22.2332 	EXP 	window1: recordFrameIntervals = False
22.3987 	EXP 	window1: recordFrameIntervals = True
24.0632 	WARNING 	Couldn't measure a consistent frame rate.
  - Is your graphics card set to sync to vertical blank?
  - Are you running other processes on your computer?

24.5585 	EXP 	Created text_top = TextStim(__class__=<class 'psychopy.visual.text.TextStim'>, alignHoriz=method-wrapper(...), alignText='center', alignVert=method-wrapper(...), anchorHoriz='center', anchorVert='center', antialias=True, autoLog=True, bold=False, color='black', colorSpace='named', contrast=1.0, depth=-3.0, flipHoriz=False, flipVert=False, font='Arial', fontFiles=[], height=0.05, italic=False, languageStyle='LTR', name='text_top', opacity=1.0, ori=0, pos=array([0. , 0.3]), rgb=array([0., 0., 0.]), text=str(...), units='height', win=Window(...), wrapWidth=1)
24.5647 	EXP 	Created text_bottom = TextStim(__class__=<class 'psychopy.visual.text.TextStim'>, alignHoriz=method-wrapper(...), alignText='center', alignVert=method-wrapper(...), anchorHoriz='center', anchorVert='center', antialias=True, autoLog=True, bold=False, color='black', colorSpace='named', contrast=1.0, depth=-4.0, flipHoriz=False, flipVert=False, font='Arial', fontFiles=[], height=0.05, italic=False, languageStyle='LTR', name='text_bottom', opacity=1.0, ori=0, pos=array([ 0. , -0.3]), rgb=array([0., 0., 0.]), text='Press Space when you’re finished', units='height', win=Window(...), wrapWidth=1)
24.5959 	EXP 	Created ccimage = ImageStim(__class__=<class 'psychopy.visual.image.ImageStim'>, autoLog=True, color=array([1., 1., 1.]), colorSpace='rgb', contrast=1.0, depth=-5.0, flipHoriz=False, flipVert=False, image='bankcard.png', interpolate=True, mask=None, maskParams=None, name='ccimage', opacity=1.0, ori=0.0, pos=array([0., 0.]), size=array([0.428 , 0.2699]), texRes=512, units='height', win=Window(...))
24.5977 	EXP 	Created target_image = ImageStim(__class__=<class 'psychopy.visual.image.ImageStim'>, autoLog=True, color=array([1., 1., 1.]), colorSpace='rgb', contrast=1.0, depth=-1.0, flipHoriz=False, flipVert=False, image='sin', interpolate=True, mask=None, maskParams=None, name='target_image', opacity=1.0, ori=0.0, pos=array([0., 0.]), size=array([1., 1.]), texRes=512, units='height', win=Window(...))
24.6384 	WARNING 	t of last frame was 575.33ms (=1/1)
24.6384 	EXP 	text_top: autoDraw = True
24.6384 	EXP 	text_bottom: autoDraw = True
24.6384 	EXP 	ccimage: autoDraw = True
24.6607 	WARNING 	t of last frame was 22.34ms (=1/44)
24.6819 	WARNING 	t of last frame was 21.16ms (=1/47)
32.3985 	WARNING 	t of last frame was 35.22ms (=1/28)
37.9228 	DATA 	Keypress: space
37.9299 	DEBUG 	Read csv file with pandas: Designs/bad_design/design1.csv
37.9323 	DEBUG 	Clearing unnamed columns from Designs/bad_design/design1.csv
37.9326 	EXP 	Imported Designs/bad_design/design1.csv as conditions, 4 conditions, 2 params
37.9329 	EXP 	Created sequence: sequential, trialTypes=4, nReps=1, seed=None
37.9332 	EXP 	New trial (rep=0, index=0): OrderedDict([('Block_type', 'conf_face'), ('instruction_text', 'Press S for same or D for different faces. Press <SPACE> to continue.')])
37.9712 	WARNING 	Multiple dropped frames have occurred - I'll stop bothering you about them!
37.9712 	EXP 	ccimage: size = [0.42800000000000005, 0.2699]
37.9712 	EXP 	text_top: autoDraw = False
37.9712 	EXP 	text_bottom: autoDraw = False
37.9712 	EXP 	ccimage: autoDraw = False
37.9712 	EXP 	target_image: size = array([0.17295, 0.17295])
37.9712 	EXP 	target_image: image = 'Stimuli/edmd.png'
37.9712 	EXP 	target_image: autoDraw = True
38.1480 	EXP 	New trial (rep=0, index=1): OrderedDict([('Block_type', 'conf_haus'), ('instruction_text', 'Press S for same or D for different houses. Press <SPACE> to continue.')])
38.1634 	EXP 	target_image: autoDraw = False
38.1634 	EXP 	target_image: size = array([0.17295, 0.17295])
38.1634 	EXP 	target_image: image = 'Stimuli/H-8sim0.png'
38.1634 	EXP 	target_image: autoDraw = True
38.3493 	EXP 	New trial (rep=0, index=2): OrderedDict([('Block_type', 'feat_face'), ('instruction_text', 'Press S for same or D for different faces. Press <SPACE> to continue.')])
38.3628 	EXP 	target_image: autoDraw = False
38.3628 	EXP 	target_image: size = array([0.17295, 0.17295])
38.3628 	EXP 	target_image: image = 'Stimuli/f15.png'
38.3628 	EXP 	target_image: autoDraw = True
38.5494 	EXP 	New trial (rep=0, index=3): OrderedDict([('Block_type', 'feat_haus'), ('instruction_text', 'Press S for same or D for different houses. Press <SPACE> to continue.')])
38.5634 	EXP 	target_image: autoDraw = False
38.5634 	EXP 	target_image: autoDraw = False
38.5634 	EXP 	target_image: size = array([0.17295, 0.17295])
38.5634 	EXP 	target_image: image = 'Stimuli/H5sim0.png'
38.5634 	EXP 	target_image: autoDraw = True
38.7636 	EXP 	target_image: autoDraw = False
38.7636 	EXP 	target_image: autoDraw = False
38.7644 	INFO 	saved data to '/Users/sophia/Documents/PycharmProjects/Configural_Featural_Study/data/SR_configural_featural_2020_Oct_21_1708.csv'
38.7651 	INFO 	saved data to /Users/sophia/Documents/PycharmProjects/Configural_Featural_Study/data/SR_configural_featural_2020_Oct_21_1708.psydat
39.0425 	EXP 	window1: mouseVisible = True
39.0427 	DEBUG 	Saving data for configural_featural ExperimentHandler
