0.4375 	WARNING 	We strongly recommend you activate the PTB sound engine in PsychoPy prefs as the preferred audio engine. Its timing is vastly superior. Your prefs are currently set to use ['sounddevice', 'PTB', 'pyo', 'pygame'] (in that order).
6.4637 	INFO 	Loaded monitor calibration from ['2020_09_20 15:42']
8.7298 	WARNING 	Couldn't measure a consistent frame rate.
  - Is your graphics card set to sync to vertical blank?
  - Are you running other processes on your computer?

8.7302 	EXP 	Created window1 = Window(allowGUI=False, allowStencil=False, args=UNKNOWN, autoLog=True, bitsMode=UNKNOWN, blendMode='avg', bpc=(8, 8, 8), color=array([0., 0., 0.]), colorSpace='rgb', depthBits=8, fullscr=<method-wrapper '__getattribute__' of attributeSetter object at 0x1563929e8>, gamma=None, gammaErrorPolicy='raise', kwargs=UNKNOWN, lms=UNKNOWN, monitor=<psychopy.monitors.calibTools.Monitor object at 0x157137e80>, multiSample=False, name='window1', numSamples=2, pos=[448.0, 280.0], screen=0, size=array([3584, 2240]), stencilBits=0, stereo=False, units='height', useFBO=True, useRetina=True, viewOri=0.0, viewPos=None, viewScale=None, waitBlanking=True, winType='pyglet')
8.7304 	EXP 	window1: mouseVisible = True
8.7304 	EXP 	window1: recordFrameIntervals = False
8.8941 	EXP 	window1: recordFrameIntervals = True
10.5628 	WARNING 	Couldn't measure a consistent frame rate.
  - Is your graphics card set to sync to vertical blank?
  - Are you running other processes on your computer?

11.0625 	EXP 	Created text_top = TextStim(__class__=<class 'psychopy.visual.text.TextStim'>, alignHoriz=method-wrapper(...), alignText='center', alignVert=method-wrapper(...), anchorHoriz='center', anchorVert='center', antialias=True, autoLog=True, bold=False, color='black', colorSpace='named', contrast=1.0, depth=-3.0, flipHoriz=False, flipVert=False, font='Arial', fontFiles=[], height=0.05, italic=False, languageStyle='LTR', name='text_top', opacity=1.0, ori=0, pos=array([0. , 0.3]), rgb=array([0., 0., 0.]), text=str(...), units='height', win=Window(...), wrapWidth=1)
11.0687 	EXP 	Created text_bottom = TextStim(__class__=<class 'psychopy.visual.text.TextStim'>, alignHoriz=method-wrapper(...), alignText='center', alignVert=method-wrapper(...), anchorHoriz='center', anchorVert='center', antialias=True, autoLog=True, bold=False, color='black', colorSpace='named', contrast=1.0, depth=-4.0, flipHoriz=False, flipVert=False, font='Arial', fontFiles=[], height=0.05, italic=False, languageStyle='LTR', name='text_bottom', opacity=1.0, ori=0, pos=array([ 0. , -0.3]), rgb=array([0., 0., 0.]), text='Press Space when you’re finished', units='height', win=Window(...), wrapWidth=1)
11.0907 	EXP 	Created ccimage = ImageStim(__class__=<class 'psychopy.visual.image.ImageStim'>, autoLog=True, color=array([1., 1., 1.]), colorSpace='rgb', contrast=1.0, depth=-5.0, flipHoriz=False, flipVert=False, image='bankcard.png', interpolate=True, mask=None, maskParams=None, name='ccimage', opacity=1.0, ori=0.0, pos=array([0., 0.]), size=array([0.428 , 0.2699]), texRes=512, units='height', win=Window(...))
11.0976 	EXP 	Created text_3 = TextStim(__class__=<class 'psychopy.visual.text.TextStim'>, alignHoriz=method-wrapper(...), alignText='center', alignVert=method-wrapper(...), anchorHoriz='center', anchorVert='center', antialias=True, autoLog=True, bold=False, color='white', colorSpace='named', contrast=1.0, depth=-1.0, flipHoriz=False, flipVert=False, font='Arial', fontFiles=[], height=0.1, italic=False, languageStyle='LTR', name='text_3', opacity=1.0, ori=0, pos=array([0., 0.]), rgb=array([255., 255., 255.]), text='default text', units='height', win=Window(...), wrapWidth=1)
11.4937 	EXP 	Created text_4 = TextStim(__class__=<class 'psychopy.visual.text.TextStim'>, alignHoriz=method-wrapper(...), alignText='center', alignVert=method-wrapper(...), anchorHoriz='center', anchorVert='center', antialias=True, autoLog=True, bold=False, color='white', colorSpace='named', contrast=1.0, depth=-1.0, flipHoriz=False, flipVert=False, font='Arial', fontFiles=[], height=0.05, italic=False, languageStyle='LTR', name='text_4', opacity=1.0, ori=0, pos=array([0., 0.]), rgb=array([255., 255., 255.]), text='+', units='height', win=Window(...), wrapWidth=1)
11.4951 	EXP 	Created target_image = ImageStim(__class__=<class 'psychopy.visual.image.ImageStim'>, autoLog=True, color=array([1., 1., 1.]), colorSpace='rgb', contrast=1.0, depth=-2.0, flipHoriz=False, flipVert=False, image='sin', interpolate=True, mask=None, maskParams=None, name='target_image', opacity=1.0, ori=0.0, pos=array([0., 0.]), size=array([1., 1.]), texRes=512, units='height', win=Window(...))
11.4962 	EXP 	Created text = TextStim(__class__=<class 'psychopy.visual.text.TextStim'>, alignHoriz=method-wrapper(...), alignText='center', alignVert=method-wrapper(...), anchorHoriz='center', anchorVert='center', antialias=True, autoLog=True, bold=False, color='white', colorSpace='named', contrast=1.0, depth=0.0, flipHoriz=False, flipVert=False, font='Arial', fontFiles=[], height=0.05, italic=False, languageStyle='LTR', name='text', opacity=1.0, ori=0, pos=array([0., 0.]), rgb=array([255., 255., 255.]), text='+', units='height', win=Window(...), wrapWidth=1)
11.4973 	EXP 	Created text_5 = TextStim(__class__=<class 'psychopy.visual.text.TextStim'>, alignHoriz=method-wrapper(...), alignText='center', alignVert=method-wrapper(...), anchorHoriz='center', anchorVert='center', antialias=True, autoLog=True, bold=False, color='white', colorSpace='named', contrast=1.0, depth=-1.0, flipHoriz=False, flipVert=False, font='Arial', fontFiles=[], height=0.05, italic=False, languageStyle='LTR', name='text_5', opacity=1.0, ori=0, pos=array([0., 0.]), rgb=array([255., 255., 255.]), text='+', units='height', win=Window(...), wrapWidth=1)
11.4986 	EXP 	Created probe_image = ImageStim(__class__=<class 'psychopy.visual.image.ImageStim'>, autoLog=True, color=array([1., 1., 1.]), colorSpace='rgb', contrast=1.0, depth=-2.0, flipHoriz=False, flipVert=False, image='sin', interpolate=True, mask=None, maskParams=None, name='probe_image', opacity=1.0, ori=0.0, pos=array([0., 0.]), size=array([1., 1.]), texRes=512, units='height', win=Window(...))
11.4998 	EXP 	Created text_2 = TextStim(__class__=<class 'psychopy.visual.text.TextStim'>, alignHoriz=method-wrapper(...), alignText='center', alignVert=method-wrapper(...), anchorHoriz='center', anchorVert='center', antialias=True, autoLog=True, bold=False, color='white', colorSpace='named', contrast=1.0, depth=0.0, flipHoriz=False, flipVert=False, font='Arial', fontFiles=[], height=0.05, italic=False, languageStyle='LTR', name='text_2', opacity=1.0, ori=0, pos=array([0., 0.]), rgb=array([255., 255., 255.]), text='+', units='height', win=Window(...), wrapWidth=1)
11.9228 	WARNING 	t of last frame was 1360.24ms (=1/0)
11.9228 	EXP 	text_top: autoDraw = True
11.9228 	EXP 	text_bottom: autoDraw = True
11.9228 	EXP 	ccimage: autoDraw = True
11.9460 	WARNING 	t of last frame was 23.22ms (=1/43)
12.7134 	DATA 	Keypress: space
12.7200 	DEBUG 	Read csv file with pandas: Designs/design1.csv
12.7235 	DEBUG 	Clearing unnamed columns from Designs/design1.csv
12.7238 	EXP 	Imported Designs/design1.csv as conditions, 4 conditions, 2 params
12.7241 	EXP 	Created sequence: sequential, trialTypes=4, nReps=1, seed=None
12.7245 	EXP 	New trial (rep=0, index=0): OrderedDict([('Block_type', 'conf_face'), ('instruction_text', 'Press S for same or D for different faces. Press <SPACE> to continue.')])
12.7692 	WARNING 	t of last frame was 58.99ms (=1/16)
12.7692 	EXP 	ccimage: size = [0.42800000000000005, 0.2699]
12.7692 	EXP 	text_top: autoDraw = False
12.7692 	EXP 	text_bottom: autoDraw = False
12.7692 	EXP 	ccimage: autoDraw = False
12.7692 	EXP 	text_3: text = 'Press S for same or D for different faces. Press <SPACE> to continue.'
12.7692 	EXP 	text_3: autoDraw = True
12.7917 	WARNING 	t of last frame was 22.46ms (=1/44)
12.8121 	WARNING 	Multiple dropped frames have occurred - I'll stop bothering you about them!
13.8612 	EXP 	Created sequence: sequential, trialTypes=1, nReps=24, seed=None
13.8615 	EXP 	New trial (rep=0, index=0): None
13.8759 	DATA 	Keypress: space
13.8955 	EXP 	text_3: autoDraw = False
13.8955 	EXP 	text_4: color = 'pink (named)'
13.8955 	EXP 	target_image: pos = array([-0.17295,  0.     ])
13.8955 	EXP 	target_image: size = array([0.17295, 0.17295])
13.8955 	EXP 	target_image: image = 'Stimuli/eumu.png'
13.8955 	EXP 	text_4: autoDraw = True
13.8955 	EXP 	target_image: autoDraw = True
14.0941 	EXP 	text_4: autoDraw = False
14.0941 	EXP 	target_image: autoDraw = False
14.0941 	EXP 	text: color = 'pink (named)'
14.0941 	EXP 	text: autoDraw = True
14.3774 	EXP 	text: autoDraw = False
14.3774 	EXP 	text_5: color = 'pink (named)'
14.3774 	EXP 	probe_image: pos = array([-0.17295,  0.     ])
14.3774 	EXP 	probe_image: size = array([0.17295, 0.17295])
14.3774 	EXP 	probe_image: image = 'Stimuli/eumu.png'
14.3774 	EXP 	text_5: autoDraw = True
14.3774 	EXP 	probe_image: autoDraw = True
14.5778 	EXP 	text_5: autoDraw = False
14.5778 	EXP 	probe_image: autoDraw = False
14.5778 	EXP 	text_2: color = 'pink (named)'
14.5778 	EXP 	text_2: autoDraw = True
15.8465 	EXP 	New trial (rep=1, index=0): None
15.8554 	DATA 	Keypress: s
15.8605 	EXP 	text_2: autoDraw = False
15.8605 	EXP 	text_4: color = 'pink (named)'
15.8605 	EXP 	target_image: pos = array([0.17295, 0.     ])
15.8605 	EXP 	target_image: size = array([0.17295, 0.17295])
15.8605 	EXP 	target_image: image = 'Stimuli/edmd.png'
15.8605 	EXP 	text_4: autoDraw = True
15.8605 	EXP 	target_image: autoDraw = True
16.0609 	EXP 	text_4: autoDraw = False
16.0609 	EXP 	target_image: autoDraw = False
16.0609 	EXP 	text_4: autoDraw = False
16.0609 	EXP 	target_image: autoDraw = False
16.0609 	EXP 	text: color = 'pink (named)'
16.0609 	EXP 	text: autoDraw = True
16.3611 	EXP 	text: autoDraw = False
16.3611 	EXP 	text: autoDraw = False
16.3611 	EXP 	text_5: color = 'pink (named)'
16.3611 	EXP 	probe_image: pos = array([0.17295, 0.     ])
16.3611 	EXP 	probe_image: size = array([0.17295, 0.17295])
16.3611 	EXP 	probe_image: image = 'Stimuli/edmd.png'
16.3611 	EXP 	text_5: autoDraw = True
16.3611 	EXP 	probe_image: autoDraw = True
16.5632 	EXP 	text_5: autoDraw = False
16.5632 	EXP 	probe_image: autoDraw = False
16.5632 	EXP 	text_5: autoDraw = False
16.5632 	EXP 	probe_image: autoDraw = False
16.5632 	EXP 	text_2: color = 'pink (named)'
16.5632 	EXP 	text_2: autoDraw = True
16.8787 	EXP 	New trial (rep=2, index=0): None
16.8857 	DATA 	Keypress: s
16.8941 	EXP 	text_2: autoDraw = False
16.8941 	EXP 	text_4: color = 'pink (named)'
16.8941 	EXP 	target_image: pos = array([-0.17295,  0.     ])
16.8941 	EXP 	target_image: size = array([0.17295, 0.17295])
16.8941 	EXP 	target_image: image = 'Stimuli/eimd.png'
16.8941 	EXP 	text_4: autoDraw = True
16.8941 	EXP 	target_image: autoDraw = True
17.0941 	EXP 	text_4: autoDraw = False
17.0941 	EXP 	target_image: autoDraw = False
17.0941 	EXP 	text: color = 'pink (named)'
17.0941 	EXP 	text: autoDraw = True
17.3945 	EXP 	text: autoDraw = False
17.3945 	EXP 	text: autoDraw = False
17.3945 	EXP 	text_5: color = 'pink (named)'
17.3945 	EXP 	probe_image: pos = array([-0.17295,  0.     ])
17.3945 	EXP 	probe_image: size = array([0.17295, 0.17295])
17.3945 	EXP 	probe_image: image = 'Stimuli/eomu.png'
17.3945 	EXP 	text_5: autoDraw = True
17.3945 	EXP 	probe_image: autoDraw = True
17.5941 	EXP 	text_5: autoDraw = False
17.5941 	EXP 	probe_image: autoDraw = False
17.5941 	EXP 	text_2: color = 'pink (named)'
17.5941 	EXP 	text_2: autoDraw = True
17.8140 	EXP 	New trial (rep=3, index=0): None
17.8211 	DATA 	Keypress: s
17.8274 	EXP 	text_2: autoDraw = False
17.8274 	EXP 	text_4: color = 'pink (named)'
17.8274 	EXP 	target_image: pos = array([-0.17295,  0.     ])
17.8274 	EXP 	target_image: size = array([0.17295, 0.17295])
17.8274 	EXP 	target_image: image = 'Stimuli/eimd.png'
17.8274 	EXP 	text_4: autoDraw = True
17.8274 	EXP 	target_image: autoDraw = True
18.0277 	EXP 	text_4: autoDraw = False
18.0277 	EXP 	target_image: autoDraw = False
18.0277 	EXP 	text_4: autoDraw = False
18.0277 	EXP 	target_image: autoDraw = False
18.0277 	EXP 	text: color = 'pink (named)'
18.0277 	EXP 	text: autoDraw = True
18.3276 	EXP 	text: autoDraw = False
18.3276 	EXP 	text: autoDraw = False
18.3276 	EXP 	text_5: color = 'pink (named)'
18.3276 	EXP 	probe_image: pos = array([-0.17295,  0.     ])
18.3276 	EXP 	probe_image: size = array([0.17295, 0.17295])
18.3276 	EXP 	probe_image: image = 'Stimuli/eimd.png'
18.3276 	EXP 	text_5: autoDraw = True
18.3276 	EXP 	probe_image: autoDraw = True
18.5275 	EXP 	text_5: autoDraw = False
18.5275 	EXP 	probe_image: autoDraw = False
18.5275 	EXP 	text_5: autoDraw = False
18.5275 	EXP 	probe_image: autoDraw = False
18.5275 	EXP 	text_2: color = 'pink (named)'
18.5275 	EXP 	text_2: autoDraw = True
18.5822 	EXP 	New trial (rep=4, index=0): None
18.5897 	DATA 	Keypress: s
18.5936 	EXP 	text_2: autoDraw = False
18.5936 	EXP 	text_4: color = 'pink (named)'
18.5936 	EXP 	target_image: pos = array([-0.17295,  0.     ])
18.5936 	EXP 	target_image: size = array([0.17295, 0.17295])
18.5936 	EXP 	target_image: image = 'Stimuli/eumu.png'
18.5936 	EXP 	text_4: autoDraw = True
18.5936 	EXP 	target_image: autoDraw = True
18.7966 	EXP 	text_4: autoDraw = False
18.7966 	EXP 	target_image: autoDraw = False
18.7966 	EXP 	text_4: autoDraw = False
18.7966 	EXP 	target_image: autoDraw = False
18.7966 	EXP 	text: color = 'pink (named)'
18.7966 	EXP 	text: autoDraw = True
19.1109 	EXP 	text: autoDraw = False
19.1109 	EXP 	text_5: color = 'pink (named)'
19.1109 	EXP 	probe_image: pos = array([-0.17295,  0.     ])
19.1109 	EXP 	probe_image: size = array([0.17295, 0.17295])
19.1109 	EXP 	probe_image: image = 'Stimuli/edmd.png'
19.1109 	EXP 	text_5: autoDraw = True
19.1109 	EXP 	probe_image: autoDraw = True
19.3109 	EXP 	text_5: autoDraw = False
19.3109 	EXP 	probe_image: autoDraw = False
19.3109 	EXP 	text_2: color = 'pink (named)'
19.3109 	EXP 	text_2: autoDraw = True
19.3460 	EXP 	New trial (rep=5, index=0): None
19.3538 	DATA 	Keypress: s
19.3608 	EXP 	text_2: autoDraw = False
19.3608 	EXP 	text_4: color = 'pink (named)'
19.3608 	EXP 	target_image: pos = array([-0.17295,  0.     ])
19.3608 	EXP 	target_image: size = array([0.17295, 0.17295])
19.3608 	EXP 	target_image: image = 'Stimuli/edmd.png'
19.3608 	EXP 	text_4: autoDraw = True
19.3608 	EXP 	target_image: autoDraw = True
19.5611 	EXP 	text_4: autoDraw = False
19.5611 	EXP 	target_image: autoDraw = False
19.5611 	EXP 	text_4: autoDraw = False
19.5611 	EXP 	target_image: autoDraw = False
19.5611 	EXP 	text: color = 'pink (named)'
19.5611 	EXP 	text: autoDraw = True
19.7480 	DATA 	Keypress: s
19.8608 	EXP 	text: autoDraw = False
19.8608 	EXP 	text_5: color = 'pink (named)'
19.8608 	EXP 	probe_image: pos = array([-0.17295,  0.     ])
19.8608 	EXP 	probe_image: size = array([0.17295, 0.17295])
19.8608 	EXP 	probe_image: image = 'Stimuli/eomu.png'
19.8608 	EXP 	text_5: autoDraw = True
19.8608 	EXP 	probe_image: autoDraw = True
20.0632 	EXP 	text_5: autoDraw = False
20.0632 	EXP 	probe_image: autoDraw = False
20.0632 	EXP 	text_5: autoDraw = False
20.0632 	EXP 	probe_image: autoDraw = False
20.0632 	EXP 	text_2: color = 'pink (named)'
20.0632 	EXP 	text_2: autoDraw = True
20.6643 	EXP 	New trial (rep=6, index=0): None
20.6718 	DATA 	Keypress: d
20.6775 	EXP 	text_2: autoDraw = False
20.6775 	EXP 	text_4: color = 'pink (named)'
20.6775 	EXP 	target_image: pos = array([0.17295, 0.     ])
20.6775 	EXP 	target_image: size = array([0.17295, 0.17295])
20.6775 	EXP 	target_image: image = 'Stimuli/eumu.png'
20.6775 	EXP 	text_4: autoDraw = True
20.6775 	EXP 	target_image: autoDraw = True
20.8778 	EXP 	text_4: autoDraw = False
20.8778 	EXP 	target_image: autoDraw = False
20.8778 	EXP 	text_4: autoDraw = False
20.8778 	EXP 	target_image: autoDraw = False
20.8778 	EXP 	text: color = 'pink (named)'
20.8778 	EXP 	text: autoDraw = True
21.0974 	DATA 	Keypress: s
21.1778 	EXP 	text: autoDraw = False
21.1778 	EXP 	text: autoDraw = False
21.1778 	EXP 	text_5: color = 'pink (named)'
21.1778 	EXP 	probe_image: pos = array([0.17295, 0.     ])
21.1778 	EXP 	probe_image: size = array([0.17295, 0.17295])
21.1778 	EXP 	probe_image: image = 'Stimuli/eomu.png'
21.1778 	EXP 	text_5: autoDraw = True
21.1778 	EXP 	probe_image: autoDraw = True
21.3778 	EXP 	text_5: autoDraw = False
21.3778 	EXP 	probe_image: autoDraw = False
21.3778 	EXP 	text_5: autoDraw = False
21.3778 	EXP 	probe_image: autoDraw = False
21.3778 	EXP 	text_2: color = 'pink (named)'
21.3778 	EXP 	text_2: autoDraw = True
21.6129 	EXP 	New trial (rep=7, index=0): None
21.6197 	DATA 	Keypress: d
21.6276 	EXP 	text_2: autoDraw = False
21.6276 	EXP 	text_4: color = 'pink (named)'
21.6276 	EXP 	target_image: pos = array([0.17295, 0.     ])
21.6276 	EXP 	target_image: size = array([0.17295, 0.17295])
21.6276 	EXP 	target_image: image = 'Stimuli/eomu.png'
21.6276 	EXP 	text_4: autoDraw = True
21.6276 	EXP 	target_image: autoDraw = True
21.8277 	EXP 	text_4: autoDraw = False
21.8277 	EXP 	target_image: autoDraw = False
21.8277 	EXP 	text_4: autoDraw = False
21.8277 	EXP 	target_image: autoDraw = False
21.8277 	EXP 	text: color = 'pink (named)'
21.8277 	EXP 	text: autoDraw = True
22.0460 	DATA 	Keypress: s
22.1279 	EXP 	text: autoDraw = False
22.1279 	EXP 	text_5: color = 'pink (named)'
22.1279 	EXP 	probe_image: pos = array([0.17295, 0.     ])
22.1279 	EXP 	probe_image: size = array([0.17295, 0.17295])
22.1279 	EXP 	probe_image: image = 'Stimuli/eomu.png'
22.1279 	EXP 	text_5: autoDraw = True
22.1279 	EXP 	probe_image: autoDraw = True
22.3278 	EXP 	text_5: autoDraw = False
22.3278 	EXP 	probe_image: autoDraw = False
22.3278 	EXP 	text_5: autoDraw = False
22.3278 	EXP 	probe_image: autoDraw = False
22.3278 	EXP 	text_2: color = 'pink (named)'
22.3278 	EXP 	text_2: autoDraw = True
22.4305 	EXP 	New trial (rep=8, index=0): None
22.4378 	DATA 	Keypress: d
22.4445 	EXP 	text_2: autoDraw = False
22.4445 	EXP 	text_4: color = 'pink (named)'
22.4445 	EXP 	target_image: pos = array([0.17295, 0.     ])
22.4445 	EXP 	target_image: size = array([0.17295, 0.17295])
22.4445 	EXP 	target_image: image = 'Stimuli/edmd.png'
22.4445 	EXP 	text_4: autoDraw = True
22.4445 	EXP 	target_image: autoDraw = True
22.6438 	EXP 	text_4: autoDraw = False
22.6438 	EXP 	target_image: autoDraw = False
22.6438 	EXP 	text_4: autoDraw = False
22.6438 	EXP 	target_image: autoDraw = False
22.6438 	EXP 	text: color = 'pink (named)'
22.6438 	EXP 	text: autoDraw = True
22.9443 	EXP 	text: autoDraw = False
22.9443 	EXP 	text: autoDraw = False
22.9443 	EXP 	text_5: color = 'pink (named)'
22.9443 	EXP 	probe_image: pos = array([0.17295, 0.     ])
22.9443 	EXP 	probe_image: size = array([0.17295, 0.17295])
22.9443 	EXP 	probe_image: image = 'Stimuli/eimd.png'
22.9443 	EXP 	text_5: autoDraw = True
22.9443 	EXP 	probe_image: autoDraw = True
22.9647 	DATA 	Keypress: d
23.1439 	EXP 	text_5: autoDraw = False
23.1439 	EXP 	probe_image: autoDraw = False
23.1439 	EXP 	text_5: autoDraw = False
23.1439 	EXP 	probe_image: autoDraw = False
23.1439 	EXP 	text_2: color = 'pink (named)'
23.1439 	EXP 	text_2: autoDraw = True
23.4957 	EXP 	New trial (rep=9, index=0): None
23.5031 	DATA 	Keypress: s
23.5113 	EXP 	text_2: autoDraw = False
23.5113 	EXP 	text_4: color = 'pink (named)'
23.5113 	EXP 	target_image: pos = array([-0.17295,  0.     ])
23.5113 	EXP 	target_image: size = array([0.17295, 0.17295])
23.5113 	EXP 	target_image: image = 'Stimuli/eomu.png'
23.5113 	EXP 	text_4: autoDraw = True
23.5113 	EXP 	target_image: autoDraw = True
23.6970 	DATA 	Keypress: s
23.7109 	EXP 	text_4: autoDraw = False
23.7109 	EXP 	target_image: autoDraw = False
23.7109 	EXP 	text_4: autoDraw = False
23.7109 	EXP 	target_image: autoDraw = False
23.7109 	EXP 	text: color = 'pink (named)'
23.7109 	EXP 	text: autoDraw = True
23.9796 	DATA 	Keypress: d
24.0109 	EXP 	text: autoDraw = False
24.0109 	EXP 	text: autoDraw = False
24.0109 	EXP 	text_5: color = 'pink (named)'
24.0109 	EXP 	probe_image: pos = array([-0.17295,  0.     ])
24.0109 	EXP 	probe_image: size = array([0.17295, 0.17295])
24.0109 	EXP 	probe_image: image = 'Stimuli/eumu.png'
24.0109 	EXP 	text_5: autoDraw = True
24.0109 	EXP 	probe_image: autoDraw = True
24.2104 	EXP 	text_5: autoDraw = False
24.2104 	EXP 	probe_image: autoDraw = False
24.2104 	EXP 	text_2: color = 'pink (named)'
24.2104 	EXP 	text_2: autoDraw = True
24.3458 	EXP 	New trial (rep=10, index=0): None
24.3535 	DATA 	Keypress: s
24.3607 	EXP 	text_2: autoDraw = False
24.3607 	EXP 	text_4: color = 'pink (named)'
24.3607 	EXP 	target_image: pos = array([-0.17295,  0.     ])
24.3607 	EXP 	target_image: size = array([0.17295, 0.17295])
24.3607 	EXP 	target_image: image = 'Stimuli/eumu.png'
24.3607 	EXP 	text_4: autoDraw = True
24.3607 	EXP 	target_image: autoDraw = True
24.5609 	EXP 	text_4: autoDraw = False
24.5609 	EXP 	target_image: autoDraw = False
24.5609 	EXP 	text: color = 'pink (named)'
24.5609 	EXP 	text: autoDraw = True
24.6790 	DATA 	Keypress: d
24.8608 	EXP 	text: autoDraw = False
24.8608 	EXP 	text: autoDraw = False
24.8608 	EXP 	text_5: color = 'pink (named)'
24.8608 	EXP 	probe_image: pos = array([-0.17295,  0.     ])
24.8608 	EXP 	probe_image: size = array([0.17295, 0.17295])
24.8608 	EXP 	probe_image: image = 'Stimuli/eumu.png'
24.8608 	EXP 	text_5: autoDraw = True
24.8608 	EXP 	probe_image: autoDraw = True
25.0612 	EXP 	text_5: autoDraw = False
25.0612 	EXP 	probe_image: autoDraw = False
25.0612 	EXP 	text_5: autoDraw = False
25.0612 	EXP 	probe_image: autoDraw = False
25.0612 	EXP 	text_2: color = 'pink (named)'
25.0612 	EXP 	text_2: autoDraw = True
25.0960 	EXP 	New trial (rep=11, index=0): None
25.1034 	DATA 	Keypress: d
25.1109 	EXP 	text_2: autoDraw = False
25.1109 	EXP 	text_4: color = 'pink (named)'
25.1109 	EXP 	target_image: pos = array([0.17295, 0.     ])
25.1109 	EXP 	target_image: size = array([0.17295, 0.17295])
25.1109 	EXP 	target_image: image = 'Stimuli/eomu.png'
25.1109 	EXP 	text_4: autoDraw = True
25.1109 	EXP 	target_image: autoDraw = True
25.3113 	EXP 	text_4: autoDraw = False
25.3113 	EXP 	target_image: autoDraw = False
25.3113 	EXP 	text: color = 'pink (named)'
25.3113 	EXP 	text: autoDraw = True
25.4624 	DATA 	Keypress: s
25.6107 	EXP 	text: autoDraw = False
25.6107 	EXP 	text_5: color = 'pink (named)'
25.6107 	EXP 	probe_image: pos = array([0.17295, 0.     ])
25.6107 	EXP 	probe_image: size = array([0.17295, 0.17295])
25.6107 	EXP 	probe_image: image = 'Stimuli/eomu.png'
25.6107 	EXP 	text_5: autoDraw = True
25.6107 	EXP 	probe_image: autoDraw = True
25.7469 	DATA 	Keypress: s
25.8132 	EXP 	text_5: autoDraw = False
25.8132 	EXP 	probe_image: autoDraw = False
25.8132 	EXP 	text_5: autoDraw = False
25.8132 	EXP 	probe_image: autoDraw = False
25.8132 	EXP 	text_2: color = 'pink (named)'
25.8132 	EXP 	text_2: autoDraw = True
26.1302 	EXP 	New trial (rep=12, index=0): None
26.1395 	DATA 	Keypress: d
26.1438 	EXP 	text_2: autoDraw = False
26.1438 	EXP 	text_4: color = 'pink (named)'
26.1438 	EXP 	target_image: pos = array([-0.17295,  0.     ])
26.1438 	EXP 	target_image: size = array([0.17295, 0.17295])
26.1438 	EXP 	target_image: image = 'Stimuli/edmd.png'
26.1438 	EXP 	text_4: autoDraw = True
26.1438 	EXP 	target_image: autoDraw = True
26.3436 	EXP 	text_4: autoDraw = False
26.3436 	EXP 	target_image: autoDraw = False
26.3436 	EXP 	text_4: autoDraw = False
26.3436 	EXP 	target_image: autoDraw = False
26.3436 	EXP 	text: color = 'pink (named)'
26.3436 	EXP 	text: autoDraw = True
26.5974 	DATA 	Keypress: d
26.6439 	EXP 	text: autoDraw = False
26.6439 	EXP 	text: autoDraw = False
26.6439 	EXP 	text_5: color = 'pink (named)'
26.6439 	EXP 	probe_image: pos = array([-0.17295,  0.     ])
26.6439 	EXP 	probe_image: size = array([0.17295, 0.17295])
26.6439 	EXP 	probe_image: image = 'Stimuli/edmd.png'
26.6439 	EXP 	text_5: autoDraw = True
26.6439 	EXP 	probe_image: autoDraw = True
26.8441 	EXP 	text_5: autoDraw = False
26.8441 	EXP 	probe_image: autoDraw = False
26.8441 	EXP 	text_5: autoDraw = False
26.8441 	EXP 	probe_image: autoDraw = False
26.8441 	EXP 	text_2: color = 'pink (named)'
26.8441 	EXP 	text_2: autoDraw = True
27.0301 	EXP 	New trial (rep=13, index=0): None
27.0372 	DATA 	Keypress: d
27.0441 	EXP 	text_2: autoDraw = False
27.0441 	EXP 	text_4: color = 'pink (named)'
27.0441 	EXP 	target_image: pos = array([0.17295, 0.     ])
27.0441 	EXP 	target_image: size = array([0.17295, 0.17295])
27.0441 	EXP 	target_image: image = 'Stimuli/eimd.png'
27.0441 	EXP 	text_4: autoDraw = True
27.0441 	EXP 	target_image: autoDraw = True
27.2444 	EXP 	text_4: autoDraw = False
27.2444 	EXP 	target_image: autoDraw = False
27.2444 	EXP 	text_4: autoDraw = False
27.2444 	EXP 	target_image: autoDraw = False
27.2444 	EXP 	text: color = 'pink (named)'
27.2444 	EXP 	text: autoDraw = True
27.4800 	DATA 	Keypress: d
27.5443 	EXP 	text: autoDraw = False
27.5443 	EXP 	text: autoDraw = False
27.5443 	EXP 	text_5: color = 'pink (named)'
27.5443 	EXP 	probe_image: pos = array([0.17295, 0.     ])
27.5443 	EXP 	probe_image: size = array([0.17295, 0.17295])
27.5443 	EXP 	probe_image: image = 'Stimuli/eumu.png'
27.5443 	EXP 	text_5: autoDraw = True
27.5443 	EXP 	probe_image: autoDraw = True
27.7440 	EXP 	text_5: autoDraw = False
27.7440 	EXP 	probe_image: autoDraw = False
27.7440 	EXP 	text_5: autoDraw = False
27.7440 	EXP 	probe_image: autoDraw = False
27.7440 	EXP 	text_2: color = 'pink (named)'
27.7440 	EXP 	text_2: autoDraw = True
27.8807 	EXP 	New trial (rep=14, index=0): None
27.8877 	DATA 	Keypress: d
27.8941 	EXP 	text_2: autoDraw = False
27.8941 	EXP 	text_4: color = 'pink (named)'
27.8941 	EXP 	target_image: pos = array([-0.17295,  0.     ])
27.8941 	EXP 	target_image: size = array([0.17295, 0.17295])
27.8941 	EXP 	target_image: image = 'Stimuli/eumu.png'
27.8941 	EXP 	text_4: autoDraw = True
27.8941 	EXP 	target_image: autoDraw = True
28.0941 	EXP 	text_4: autoDraw = False
28.0941 	EXP 	target_image: autoDraw = False
28.0941 	EXP 	text_4: autoDraw = False
28.0941 	EXP 	target_image: autoDraw = False
28.0941 	EXP 	text: color = 'pink (named)'
28.0941 	EXP 	text: autoDraw = True
28.2810 	DATA 	Keypress: d
28.3944 	EXP 	text: autoDraw = False
28.3944 	EXP 	text: autoDraw = False
28.3944 	EXP 	text_5: color = 'pink (named)'
28.3944 	EXP 	probe_image: pos = array([-0.17295,  0.     ])
28.3944 	EXP 	probe_image: size = array([0.17295, 0.17295])
28.3944 	EXP 	probe_image: image = 'Stimuli/eimd.png'
28.3944 	EXP 	text_5: autoDraw = True
28.3944 	EXP 	probe_image: autoDraw = True
28.5962 	EXP 	text_5: autoDraw = False
28.5962 	EXP 	probe_image: autoDraw = False
28.5962 	EXP 	text_5: autoDraw = False
28.5962 	EXP 	probe_image: autoDraw = False
28.5962 	EXP 	text_2: color = 'pink (named)'
28.5962 	EXP 	text_2: autoDraw = True
28.6124 	EXP 	New trial (rep=15, index=0): None
28.6212 	DATA 	Keypress: d
28.6276 	EXP 	text_2: autoDraw = False
28.6276 	EXP 	text_4: color = 'pink (named)'
28.6276 	EXP 	target_image: pos = array([0.17295, 0.     ])
28.6276 	EXP 	target_image: size = array([0.17295, 0.17295])
28.6276 	EXP 	target_image: image = 'Stimuli/eimd.png'
28.6276 	EXP 	text_4: autoDraw = True
28.6276 	EXP 	target_image: autoDraw = True
28.8275 	EXP 	text_4: autoDraw = False
28.8275 	EXP 	target_image: autoDraw = False
28.8275 	EXP 	text_4: autoDraw = False
28.8275 	EXP 	target_image: autoDraw = False
28.8275 	EXP 	text: color = 'pink (named)'
28.8275 	EXP 	text: autoDraw = True
29.1275 	EXP 	text: autoDraw = False
29.1275 	EXP 	text_5: color = 'pink (named)'
29.1275 	EXP 	probe_image: pos = array([0.17295, 0.     ])
29.1275 	EXP 	probe_image: size = array([0.17295, 0.17295])
29.1275 	EXP 	probe_image: image = 'Stimuli/eimd.png'
29.1275 	EXP 	text_5: autoDraw = True
29.1275 	EXP 	probe_image: autoDraw = True
29.3272 	EXP 	text_5: autoDraw = False
29.3272 	EXP 	probe_image: autoDraw = False
29.3272 	EXP 	text_2: color = 'pink (named)'
29.3272 	EXP 	text_2: autoDraw = True
29.3620 	EXP 	New trial (rep=16, index=0): None
29.3688 	DATA 	Keypress: d
29.3776 	EXP 	text_2: autoDraw = False
29.3776 	EXP 	text_4: color = 'pink (named)'
29.3776 	EXP 	target_image: pos = array([0.17295, 0.     ])
29.3776 	EXP 	target_image: size = array([0.17295, 0.17295])
29.3776 	EXP 	target_image: image = 'Stimuli/edmd.png'
29.3776 	EXP 	text_4: autoDraw = True
29.3776 	EXP 	target_image: autoDraw = True
29.5778 	EXP 	text_4: autoDraw = False
29.5778 	EXP 	target_image: autoDraw = False
29.5778 	EXP 	text_4: autoDraw = False
29.5778 	EXP 	target_image: autoDraw = False
29.5778 	EXP 	text: color = 'pink (named)'
29.5778 	EXP 	text: autoDraw = True
29.8777 	EXP 	text: autoDraw = False
29.8777 	EXP 	text_5: color = 'pink (named)'
29.8777 	EXP 	probe_image: pos = array([0.17295, 0.     ])
29.8777 	EXP 	probe_image: size = array([0.17295, 0.17295])
29.8777 	EXP 	probe_image: image = 'Stimuli/edmd.png'
29.8777 	EXP 	text_5: autoDraw = True
29.8777 	EXP 	probe_image: autoDraw = True
29.8960 	DATA 	Keypress: d
30.0802 	EXP 	text_5: autoDraw = False
30.0802 	EXP 	probe_image: autoDraw = False
30.0802 	EXP 	text_5: autoDraw = False
30.0802 	EXP 	probe_image: autoDraw = False
30.0802 	EXP 	text_2: color = 'pink (named)'
30.0802 	EXP 	text_2: autoDraw = True
30.2474 	EXP 	New trial (rep=17, index=0): None
30.2549 	DATA 	Keypress: d
30.2609 	EXP 	text_2: autoDraw = False
30.2609 	EXP 	text_4: color = 'pink (named)'
30.2609 	EXP 	target_image: pos = array([-0.17295,  0.     ])
30.2609 	EXP 	target_image: size = array([0.17295, 0.17295])
30.2609 	EXP 	target_image: image = 'Stimuli/eomu.png'
30.2609 	EXP 	text_4: autoDraw = True
30.2609 	EXP 	target_image: autoDraw = True
30.4613 	EXP 	text_4: autoDraw = False
30.4613 	EXP 	target_image: autoDraw = False
30.4613 	EXP 	text_4: autoDraw = False
30.4613 	EXP 	target_image: autoDraw = False
30.4613 	EXP 	text: color = 'pink (named)'
30.4613 	EXP 	text: autoDraw = True
30.5490 	DATA 	Keypress: d
30.7610 	EXP 	text: autoDraw = False
30.7610 	EXP 	text: autoDraw = False
30.7610 	EXP 	text_5: color = 'pink (named)'
30.7610 	EXP 	probe_image: pos = array([-0.17295,  0.     ])
30.7610 	EXP 	probe_image: size = array([0.17295, 0.17295])
30.7610 	EXP 	probe_image: image = 'Stimuli/eimd.png'
30.7610 	EXP 	text_5: autoDraw = True
30.7610 	EXP 	probe_image: autoDraw = True
30.8985 	DATA 	Keypress: d
30.9632 	EXP 	text_5: autoDraw = False
30.9632 	EXP 	probe_image: autoDraw = False
30.9632 	EXP 	text_5: autoDraw = False
30.9632 	EXP 	probe_image: autoDraw = False
30.9632 	EXP 	text_2: color = 'pink (named)'
30.9632 	EXP 	text_2: autoDraw = True
31.3143 	EXP 	New trial (rep=18, index=0): None
31.3213 	DATA 	Keypress: d
31.3275 	EXP 	text_2: autoDraw = False
31.3275 	EXP 	text_4: color = 'pink (named)'
31.3275 	EXP 	target_image: pos = array([0.17295, 0.     ])
31.3275 	EXP 	target_image: size = array([0.17295, 0.17295])
31.3275 	EXP 	target_image: image = 'Stimuli/edmd.png'
31.3275 	EXP 	text_4: autoDraw = True
31.3275 	EXP 	target_image: autoDraw = True
31.5279 	EXP 	text_4: autoDraw = False
31.5279 	EXP 	target_image: autoDraw = False
31.5279 	EXP 	text_4: autoDraw = False
31.5279 	EXP 	target_image: autoDraw = False
31.5279 	EXP 	text: color = 'pink (named)'
31.5279 	EXP 	text: autoDraw = True
31.7297 	DATA 	Keypress: d
31.8279 	EXP 	text: autoDraw = False
31.8279 	EXP 	text: autoDraw = False
31.8279 	EXP 	text_5: color = 'pink (named)'
31.8279 	EXP 	probe_image: pos = array([0.17295, 0.     ])
31.8279 	EXP 	probe_image: size = array([0.17295, 0.17295])
31.8279 	EXP 	probe_image: image = 'Stimuli/eumu.png'
31.8279 	EXP 	text_5: autoDraw = True
31.8279 	EXP 	probe_image: autoDraw = True
32.0276 	EXP 	text_5: autoDraw = False
32.0276 	EXP 	probe_image: autoDraw = False
32.0276 	EXP 	text_5: autoDraw = False
32.0276 	EXP 	probe_image: autoDraw = False
32.0276 	EXP 	text_2: color = 'pink (named)'
32.0276 	EXP 	text_2: autoDraw = True
32.1488 	EXP 	New trial (rep=19, index=0): None
32.1562 	DATA 	Keypress: d
32.1606 	EXP 	text_2: autoDraw = False
32.1606 	EXP 	text_4: color = 'pink (named)'
32.1606 	EXP 	target_image: pos = array([-0.17295,  0.     ])
32.1606 	EXP 	target_image: size = array([0.17295, 0.17295])
32.1606 	EXP 	target_image: image = 'Stimuli/eimd.png'
32.1606 	EXP 	text_4: autoDraw = True
32.1606 	EXP 	target_image: autoDraw = True
32.3630 	EXP 	text_4: autoDraw = False
32.3630 	EXP 	target_image: autoDraw = False
32.3630 	EXP 	text_4: autoDraw = False
32.3630 	EXP 	target_image: autoDraw = False
32.3630 	EXP 	text: color = 'pink (named)'
32.3630 	EXP 	text: autoDraw = True
32.5320 	DATA 	Keypress: d
32.6777 	EXP 	text: autoDraw = False
32.6777 	EXP 	text_5: color = 'pink (named)'
32.6777 	EXP 	probe_image: pos = array([-0.17295,  0.     ])
32.6777 	EXP 	probe_image: size = array([0.17295, 0.17295])
32.6777 	EXP 	probe_image: image = 'Stimuli/eimd.png'
32.6777 	EXP 	text_5: autoDraw = True
32.6777 	EXP 	probe_image: autoDraw = True
32.8314 	DATA 	Keypress: d
32.8781 	EXP 	text_5: autoDraw = False
32.8781 	EXP 	probe_image: autoDraw = False
32.8781 	EXP 	text_2: color = 'pink (named)'
32.8781 	EXP 	text_2: autoDraw = True
33.1458 	DATA 	Keypress: space
33.5297 	EXP 	New trial (rep=20, index=0): None
33.5367 	DATA 	Keypress: d
33.5442 	EXP 	text_2: autoDraw = False
33.5442 	EXP 	text_4: color = 'pink (named)'
33.5442 	EXP 	target_image: pos = array([0.17295, 0.     ])
33.5442 	EXP 	target_image: size = array([0.17295, 0.17295])
33.5442 	EXP 	target_image: image = 'Stimuli/eomu.png'
33.5442 	EXP 	text_4: autoDraw = True
33.5442 	EXP 	target_image: autoDraw = True
33.7446 	EXP 	text_4: autoDraw = False
33.7446 	EXP 	target_image: autoDraw = False
33.7446 	EXP 	text_4: autoDraw = False
33.7446 	EXP 	target_image: autoDraw = False
33.7446 	EXP 	text: color = 'pink (named)'
33.7446 	EXP 	text: autoDraw = True
33.8801 	DATA 	Keypress: d
34.0446 	EXP 	text: autoDraw = False
34.0446 	EXP 	text: autoDraw = False
34.0446 	EXP 	text_5: color = 'pink (named)'
34.0446 	EXP 	probe_image: pos = array([0.17295, 0.     ])
34.0446 	EXP 	probe_image: size = array([0.17295, 0.17295])
34.0446 	EXP 	probe_image: image = 'Stimuli/eomu.png'
34.0446 	EXP 	text_5: autoDraw = True
34.0446 	EXP 	probe_image: autoDraw = True
34.2301 	DATA 	Keypress: d
34.2444 	EXP 	text_5: autoDraw = False
34.2444 	EXP 	probe_image: autoDraw = False
34.2444 	EXP 	text_5: autoDraw = False
34.2444 	EXP 	probe_image: autoDraw = False
34.2444 	EXP 	text_2: color = 'pink (named)'
34.2444 	EXP 	text_2: autoDraw = True
34.5989 	EXP 	New trial (rep=21, index=0): None
34.6069 	DATA 	Keypress: d
34.6104 	EXP 	text_2: autoDraw = False
34.6104 	EXP 	text_4: color = 'pink (named)'
34.6104 	EXP 	target_image: pos = array([0.17295, 0.     ])
34.6104 	EXP 	target_image: size = array([0.17295, 0.17295])
34.6104 	EXP 	target_image: image = 'Stimuli/eimd.png'
34.6104 	EXP 	text_4: autoDraw = True
34.6104 	EXP 	target_image: autoDraw = True
34.7625 	DATA 	Keypress: s
34.8108 	EXP 	text_4: autoDraw = False
34.8108 	EXP 	target_image: autoDraw = False
34.8108 	EXP 	text_4: autoDraw = False
34.8108 	EXP 	target_image: autoDraw = False
34.8108 	EXP 	text: color = 'pink (named)'
34.8108 	EXP 	text: autoDraw = True
34.9809 	DATA 	Keypress: s
35.1114 	EXP 	text: autoDraw = False
35.1114 	EXP 	text: autoDraw = False
35.1114 	EXP 	text_5: color = 'pink (named)'
35.1114 	EXP 	probe_image: pos = array([0.17295, 0.     ])
35.1114 	EXP 	probe_image: size = array([0.17295, 0.17295])
35.1114 	EXP 	probe_image: image = 'Stimuli/edmd.png'
35.1114 	EXP 	text_5: autoDraw = True
35.1114 	EXP 	probe_image: autoDraw = True
35.2477 	DATA 	Keypress: s
35.3135 	EXP 	text_5: autoDraw = False
35.3135 	EXP 	probe_image: autoDraw = False
35.3135 	EXP 	text_5: autoDraw = False
35.3135 	EXP 	probe_image: autoDraw = False
35.3135 	EXP 	text_2: color = 'pink (named)'
35.3135 	EXP 	text_2: autoDraw = True
35.5627 	EXP 	New trial (rep=22, index=0): None
35.5697 	DATA 	Keypress: s
35.5778 	EXP 	text_2: autoDraw = False
35.5778 	EXP 	text_4: color = 'pink (named)'
35.5778 	EXP 	target_image: pos = array([-0.17295,  0.     ])
35.5778 	EXP 	target_image: size = array([0.17295, 0.17295])
35.5778 	EXP 	target_image: image = 'Stimuli/eomu.png'
35.5778 	EXP 	text_4: autoDraw = True
35.5778 	EXP 	target_image: autoDraw = True
35.7796 	EXP 	text_4: autoDraw = False
35.7796 	EXP 	target_image: autoDraw = False
35.7796 	EXP 	text_4: autoDraw = False
35.7796 	EXP 	target_image: autoDraw = False
35.7796 	EXP 	text: color = 'pink (named)'
35.7796 	EXP 	text: autoDraw = True
35.8963 	DATA 	Keypress: s
36.0779 	EXP 	text: autoDraw = False
36.0779 	EXP 	text_5: color = 'pink (named)'
36.0779 	EXP 	probe_image: pos = array([-0.17295,  0.     ])
36.0779 	EXP 	probe_image: size = array([0.17295, 0.17295])
36.0779 	EXP 	probe_image: image = 'Stimuli/edmd.png'
36.0779 	EXP 	text_5: autoDraw = True
36.0779 	EXP 	probe_image: autoDraw = True
36.2476 	DATA 	Keypress: s
36.2800 	EXP 	text_5: autoDraw = False
36.2800 	EXP 	probe_image: autoDraw = False
36.2800 	EXP 	text_5: autoDraw = False
36.2800 	EXP 	probe_image: autoDraw = False
36.2800 	EXP 	text_2: color = 'pink (named)'
36.2800 	EXP 	text_2: autoDraw = True
36.5804 	EXP 	New trial (rep=23, index=0): None
36.5874 	DATA 	Keypress: s
36.5939 	EXP 	text_2: autoDraw = False
36.5939 	EXP 	text_4: color = 'pink (named)'
36.5939 	EXP 	target_image: pos = array([0.17295, 0.     ])
36.5939 	EXP 	target_image: size = array([0.17295, 0.17295])
36.5939 	EXP 	target_image: image = 'Stimuli/eumu.png'
36.5939 	EXP 	text_4: autoDraw = True
36.5939 	EXP 	target_image: autoDraw = True
36.7940 	EXP 	text_4: autoDraw = False
36.7940 	EXP 	target_image: autoDraw = False
36.7940 	EXP 	text_4: autoDraw = False
36.7940 	EXP 	target_image: autoDraw = False
36.7940 	EXP 	text: color = 'pink (named)'
36.7940 	EXP 	text: autoDraw = True
36.8974 	DATA 	Keypress: s
37.0946 	EXP 	text: autoDraw = False
37.0946 	EXP 	text: autoDraw = False
37.0946 	EXP 	text_5: color = 'pink (named)'
37.0946 	EXP 	probe_image: pos = array([0.17295, 0.     ])
37.0946 	EXP 	probe_image: size = array([0.17295, 0.17295])
37.0946 	EXP 	probe_image: image = 'Stimuli/eumu.png'
37.0946 	EXP 	text_5: autoDraw = True
37.0946 	EXP 	probe_image: autoDraw = True
37.2944 	EXP 	text_5: autoDraw = False
37.2944 	EXP 	probe_image: autoDraw = False
37.2944 	EXP 	text_5: autoDraw = False
37.2944 	EXP 	probe_image: autoDraw = False
37.2944 	EXP 	text_2: color = 'pink (named)'
37.2944 	EXP 	text_2: autoDraw = True
37.3809 	EXP 	New trial (rep=0, index=1): OrderedDict([('Block_type', 'conf_haus'), ('instruction_text', 'Press S for same or D for different houses. Press <SPACE> to continue.')])
37.3915 	DATA 	Keypress: s
37.4131 	EXP 	text_2: autoDraw = False
37.4131 	EXP 	text_3: text = 'Press S for same or D for different houses. Press <SPACE> to continue.'
37.4131 	EXP 	text_3: autoDraw = True
38.2967 	DATA 	Keypress: space
39.7471 	EXP 	Created sequence: sequential, trialTypes=1, nReps=24, seed=None
39.7475 	EXP 	New trial (rep=0, index=0): None
39.7534 	DATA 	Keypress: space
39.7609 	EXP 	text_3: autoDraw = False
39.7609 	EXP 	text_4: color = 'pink (named)'
39.7609 	EXP 	target_image: pos = array([-0.17295,  0.     ])
39.7609 	EXP 	target_image: size = array([0.17295, 0.17295])
39.7609 	EXP 	target_image: image = 'Stimuli/H-8sim3.png'
39.7609 	EXP 	text_4: autoDraw = True
39.7609 	EXP 	target_image: autoDraw = True
39.9631 	EXP 	text_4: autoDraw = False
39.9631 	EXP 	target_image: autoDraw = False
39.9631 	EXP 	text_4: autoDraw = False
39.9631 	EXP 	target_image: autoDraw = False
39.9631 	EXP 	text: color = 'pink (named)'
39.9631 	EXP 	text: autoDraw = True
40.2777 	EXP 	text: autoDraw = False
40.2777 	EXP 	text_5: color = 'pink (named)'
40.2777 	EXP 	probe_image: pos = array([-0.17295,  0.     ])
40.2777 	EXP 	probe_image: size = array([0.17295, 0.17295])
40.2777 	EXP 	probe_image: image = 'Stimuli/H-8sim3.png'
40.2777 	EXP 	text_5: autoDraw = True
40.2777 	EXP 	probe_image: autoDraw = True
40.4776 	EXP 	text_5: autoDraw = False
40.4776 	EXP 	probe_image: autoDraw = False
40.4776 	EXP 	text_2: color = 'pink (named)'
40.4776 	EXP 	text_2: autoDraw = True
40.4988 	EXP 	New trial (rep=1, index=0): None
40.5049 	DATA 	Keypress: s
40.5110 	EXP 	text_2: autoDraw = False
40.5110 	EXP 	text_4: color = 'pink (named)'
40.5110 	EXP 	target_image: pos = array([0.17295, 0.     ])
40.5110 	EXP 	target_image: size = array([0.17295, 0.17295])
40.5110 	EXP 	target_image: image = 'Stimuli/H-8sim0.png'
40.5110 	EXP 	text_4: autoDraw = True
40.5110 	EXP 	target_image: autoDraw = True
40.7105 	EXP 	text_4: autoDraw = False
40.7105 	EXP 	target_image: autoDraw = False
40.7105 	EXP 	text_4: autoDraw = False
40.7105 	EXP 	target_image: autoDraw = False
40.7105 	EXP 	text: color = 'pink (named)'
40.7105 	EXP 	text: autoDraw = True
41.0110 	EXP 	text: autoDraw = False
41.0110 	EXP 	text: autoDraw = False
41.0110 	EXP 	text_5: color = 'pink (named)'
41.0110 	EXP 	probe_image: pos = array([0.17295, 0.     ])
41.0110 	EXP 	probe_image: size = array([0.17295, 0.17295])
41.0110 	EXP 	probe_image: image = 'Stimuli/H-8sim2.png'
41.0110 	EXP 	text_5: autoDraw = True
41.0110 	EXP 	probe_image: autoDraw = True
41.2112 	EXP 	text_5: autoDraw = False
41.2112 	EXP 	probe_image: autoDraw = False
41.2112 	EXP 	text_5: autoDraw = False
41.2112 	EXP 	probe_image: autoDraw = False
41.2112 	EXP 	text_2: color = 'pink (named)'
41.2112 	EXP 	text_2: autoDraw = True
41.6808 	DATA 	Keypress: space
42.0962 	EXP 	New trial (rep=2, index=0): None
42.1003 	DATA 	Keypress: s
42.1111 	EXP 	text_2: autoDraw = False
42.1111 	EXP 	text_4: color = 'pink (named)'
42.1111 	EXP 	target_image: pos = array([0.17295, 0.     ])
42.1111 	EXP 	target_image: size = array([0.17295, 0.17295])
42.1111 	EXP 	target_image: image = 'Stimuli/H-8sim2.png'
42.1111 	EXP 	text_4: autoDraw = True
42.1111 	EXP 	target_image: autoDraw = True
42.3105 	EXP 	text_4: autoDraw = False
42.3105 	EXP 	target_image: autoDraw = False
42.3105 	EXP 	text: color = 'pink (named)'
42.3105 	EXP 	text: autoDraw = True
42.6111 	EXP 	text: autoDraw = False
42.6111 	EXP 	text_5: color = 'pink (named)'
42.6111 	EXP 	probe_image: pos = array([0.17295, 0.     ])
42.6111 	EXP 	probe_image: size = array([0.17295, 0.17295])
42.6111 	EXP 	probe_image: image = 'Stimuli/H-8sim1.png'
42.6111 	EXP 	text_5: autoDraw = True
42.6111 	EXP 	probe_image: autoDraw = True
42.8112 	EXP 	text_5: autoDraw = False
42.8112 	EXP 	probe_image: autoDraw = False
42.8112 	EXP 	text_5: autoDraw = False
42.8112 	EXP 	probe_image: autoDraw = False
42.8112 	EXP 	text_2: color = 'pink (named)'
42.8112 	EXP 	text_2: autoDraw = True
42.8985 	EXP 	New trial (rep=3, index=0): None
42.9036 	DATA 	Keypress: s
42.9108 	EXP 	text_2: autoDraw = False
42.9108 	EXP 	text_4: color = 'pink (named)'
42.9108 	EXP 	target_image: pos = array([0.17295, 0.     ])
42.9108 	EXP 	target_image: size = array([0.17295, 0.17295])
42.9108 	EXP 	target_image: image = 'Stimuli/H-8sim1.png'
42.9108 	EXP 	text_4: autoDraw = True
42.9108 	EXP 	target_image: autoDraw = True
43.1112 	EXP 	text_4: autoDraw = False
43.1112 	EXP 	target_image: autoDraw = False
43.1112 	EXP 	text_4: autoDraw = False
43.1112 	EXP 	target_image: autoDraw = False
43.1112 	EXP 	text: color = 'pink (named)'
43.1112 	EXP 	text: autoDraw = True
43.4113 	EXP 	text: autoDraw = False
43.4113 	EXP 	text: autoDraw = False
43.4113 	EXP 	text_5: color = 'pink (named)'
43.4113 	EXP 	probe_image: pos = array([0.17295, 0.     ])
43.4113 	EXP 	probe_image: size = array([0.17295, 0.17295])
43.4113 	EXP 	probe_image: image = 'Stimuli/H-8sim1.png'
43.4113 	EXP 	text_5: autoDraw = True
43.4113 	EXP 	probe_image: autoDraw = True
43.6110 	EXP 	text_5: autoDraw = False
43.6110 	EXP 	probe_image: autoDraw = False
43.6110 	EXP 	text_5: autoDraw = False
43.6110 	EXP 	probe_image: autoDraw = False
43.6110 	EXP 	text_2: color = 'pink (named)'
43.6110 	EXP 	text_2: autoDraw = True
43.7316 	EXP 	New trial (rep=4, index=0): None
43.7366 	DATA 	Keypress: s
43.7445 	EXP 	text_2: autoDraw = False
43.7445 	EXP 	text_4: color = 'pink (named)'
43.7445 	EXP 	target_image: pos = array([-0.17295,  0.     ])
43.7445 	EXP 	target_image: size = array([0.17295, 0.17295])
43.7445 	EXP 	target_image: image = 'Stimuli/H-8sim0.png'
43.7445 	EXP 	text_4: autoDraw = True
43.7445 	EXP 	target_image: autoDraw = True
43.9444 	EXP 	text_4: autoDraw = False
43.9444 	EXP 	target_image: autoDraw = False
43.9444 	EXP 	text_4: autoDraw = False
43.9444 	EXP 	target_image: autoDraw = False
43.9444 	EXP 	text: color = 'pink (named)'
43.9444 	EXP 	text: autoDraw = True
44.2448 	EXP 	text: autoDraw = False
44.2448 	EXP 	text: autoDraw = False
44.2448 	EXP 	text_5: color = 'pink (named)'
44.2448 	EXP 	probe_image: pos = array([-0.17295,  0.     ])
44.2448 	EXP 	probe_image: size = array([0.17295, 0.17295])
44.2448 	EXP 	probe_image: image = 'Stimuli/H-8sim3.png'
44.2448 	EXP 	text_5: autoDraw = True
44.2448 	EXP 	probe_image: autoDraw = True
44.4447 	EXP 	text_5: autoDraw = False
44.4447 	EXP 	probe_image: autoDraw = False
44.4447 	EXP 	text_5: autoDraw = False
44.4447 	EXP 	probe_image: autoDraw = False
44.4447 	EXP 	text_2: color = 'pink (named)'
44.4447 	EXP 	text_2: autoDraw = True
44.5312 	EXP 	New trial (rep=5, index=0): None
44.5355 	DATA 	Keypress: s
44.5440 	EXP 	text_2: autoDraw = False
44.5440 	EXP 	text_4: color = 'pink (named)'
44.5440 	EXP 	target_image: pos = array([-0.17295,  0.     ])
44.5440 	EXP 	target_image: size = array([0.17295, 0.17295])
44.5440 	EXP 	target_image: image = 'Stimuli/H-8sim2.png'
44.5440 	EXP 	text_4: autoDraw = True
44.5440 	EXP 	target_image: autoDraw = True
44.7444 	EXP 	text_4: autoDraw = False
44.7444 	EXP 	target_image: autoDraw = False
44.7444 	EXP 	text_4: autoDraw = False
44.7444 	EXP 	target_image: autoDraw = False
44.7444 	EXP 	text: color = 'pink (named)'
44.7444 	EXP 	text: autoDraw = True
45.0444 	EXP 	text: autoDraw = False
45.0444 	EXP 	text: autoDraw = False
45.0444 	EXP 	text_5: color = 'pink (named)'
45.0444 	EXP 	probe_image: pos = array([-0.17295,  0.     ])
45.0444 	EXP 	probe_image: size = array([0.17295, 0.17295])
45.0444 	EXP 	probe_image: image = 'Stimuli/H-8sim2.png'
45.0444 	EXP 	text_5: autoDraw = True
45.0444 	EXP 	probe_image: autoDraw = True
45.1644 	DATA 	Keypress: s
45.2446 	EXP 	text_5: autoDraw = False
45.2446 	EXP 	probe_image: autoDraw = False
45.2446 	EXP 	text_5: autoDraw = False
45.2446 	EXP 	probe_image: autoDraw = False
45.2446 	EXP 	text_2: color = 'pink (named)'
45.2446 	EXP 	text_2: autoDraw = True
45.7291 	EXP 	New trial (rep=6, index=0): None
45.7329 	DATA 	Keypress: s
45.7442 	EXP 	text_2: autoDraw = False
45.7442 	EXP 	text_4: color = 'pink (named)'
45.7442 	EXP 	target_image: pos = array([0.17295, 0.     ])
45.7442 	EXP 	target_image: size = array([0.17295, 0.17295])
45.7442 	EXP 	target_image: image = 'Stimuli/H-8sim0.png'
45.7442 	EXP 	text_4: autoDraw = True
45.7442 	EXP 	target_image: autoDraw = True
45.9447 	EXP 	text_4: autoDraw = False
45.9447 	EXP 	target_image: autoDraw = False
45.9447 	EXP 	text: color = 'pink (named)'
45.9447 	EXP 	text: autoDraw = True
46.2446 	EXP 	text: autoDraw = False
46.2446 	EXP 	text_5: color = 'pink (named)'
46.2446 	EXP 	probe_image: pos = array([0.17295, 0.     ])
46.2446 	EXP 	probe_image: size = array([0.17295, 0.17295])
46.2446 	EXP 	probe_image: image = 'Stimuli/H-8sim0.png'
46.2446 	EXP 	text_5: autoDraw = True
46.2446 	EXP 	probe_image: autoDraw = True
46.3807 	DATA 	Keypress: s
46.4447 	EXP 	text_5: autoDraw = False
46.4447 	EXP 	probe_image: autoDraw = False
46.4447 	EXP 	text_5: autoDraw = False
46.4447 	EXP 	probe_image: autoDraw = False
46.4447 	EXP 	text_2: color = 'pink (named)'
46.4447 	EXP 	text_2: autoDraw = True
46.9461 	EXP 	New trial (rep=7, index=0): None
46.9504 	DATA 	Keypress: s
46.9611 	EXP 	text_2: autoDraw = False
46.9611 	EXP 	text_4: color = 'pink (named)'
46.9611 	EXP 	target_image: pos = array([-0.17295,  0.     ])
46.9611 	EXP 	target_image: size = array([0.17295, 0.17295])
46.9611 	EXP 	target_image: image = 'Stimuli/H-8sim1.png'
46.9611 	EXP 	text_4: autoDraw = True
46.9611 	EXP 	target_image: autoDraw = True
47.1633 	EXP 	text_4: autoDraw = False
47.1633 	EXP 	target_image: autoDraw = False
47.1633 	EXP 	text_4: autoDraw = False
47.1633 	EXP 	target_image: autoDraw = False
47.1633 	EXP 	text: color = 'pink (named)'
47.1633 	EXP 	text: autoDraw = True
47.4781 	EXP 	text: autoDraw = False
47.4781 	EXP 	text_5: color = 'pink (named)'
47.4781 	EXP 	probe_image: pos = array([-0.17295,  0.     ])
47.4781 	EXP 	probe_image: size = array([0.17295, 0.17295])
47.4781 	EXP 	probe_image: image = 'Stimuli/H-8sim3.png'
47.4781 	EXP 	text_5: autoDraw = True
47.4781 	EXP 	probe_image: autoDraw = True
47.6141 	DATA 	Keypress: s
47.6612 	EXP 	text_5: autoDraw = False
47.6612 	EXP 	probe_image: autoDraw = False
47.6612 	EXP 	text_2: color = 'pink (named)'
47.6612 	EXP 	text_2: autoDraw = True
48.0474 	EXP 	New trial (rep=8, index=0): None
48.0514 	DATA 	Keypress: s
48.0614 	EXP 	text_2: autoDraw = False
48.0614 	EXP 	text_4: color = 'pink (named)'
48.0614 	EXP 	target_image: pos = array([-0.17295,  0.     ])
48.0614 	EXP 	target_image: size = array([0.17295, 0.17295])
48.0614 	EXP 	target_image: image = 'Stimuli/H-8sim0.png'
48.0614 	EXP 	text_4: autoDraw = True
48.0614 	EXP 	target_image: autoDraw = True
48.2608 	EXP 	text_4: autoDraw = False
48.2608 	EXP 	target_image: autoDraw = False
48.2608 	EXP 	text_4: autoDraw = False
48.2608 	EXP 	target_image: autoDraw = False
48.2608 	EXP 	text: color = 'pink (named)'
48.2608 	EXP 	text: autoDraw = True
48.5611 	EXP 	text: autoDraw = False
48.5611 	EXP 	text: autoDraw = False
48.5611 	EXP 	text_5: color = 'pink (named)'
48.5611 	EXP 	probe_image: pos = array([-0.17295,  0.     ])
48.5611 	EXP 	probe_image: size = array([0.17295, 0.17295])
48.5611 	EXP 	probe_image: image = 'Stimuli/H-8sim1.png'
48.5611 	EXP 	text_5: autoDraw = True
48.5611 	EXP 	probe_image: autoDraw = True
48.5816 	DATA 	Keypress: s
48.7615 	EXP 	text_5: autoDraw = False
48.7615 	EXP 	probe_image: autoDraw = False
48.7615 	EXP 	text_5: autoDraw = False
48.7615 	EXP 	probe_image: autoDraw = False
48.7615 	EXP 	text_2: color = 'pink (named)'
48.7615 	EXP 	text_2: autoDraw = True
49.2147 	EXP 	New trial (rep=9, index=0): None
49.2187 	DATA 	Keypress: s
49.2273 	EXP 	text_2: autoDraw = False
49.2273 	EXP 	text_4: color = 'pink (named)'
49.2273 	EXP 	target_image: pos = array([0.17295, 0.     ])
49.2273 	EXP 	target_image: size = array([0.17295, 0.17295])
49.2273 	EXP 	target_image: image = 'Stimuli/H-8sim2.png'
49.2273 	EXP 	text_4: autoDraw = True
49.2273 	EXP 	target_image: autoDraw = True
49.4277 	EXP 	text_4: autoDraw = False
49.4277 	EXP 	target_image: autoDraw = False
49.4277 	EXP 	text_4: autoDraw = False
49.4277 	EXP 	target_image: autoDraw = False
49.4277 	EXP 	text: color = 'pink (named)'
49.4277 	EXP 	text: autoDraw = True
49.7279 	EXP 	text: autoDraw = False
49.7279 	EXP 	text: autoDraw = False
49.7279 	EXP 	text_5: color = 'pink (named)'
49.7279 	EXP 	probe_image: pos = array([0.17295, 0.     ])
49.7279 	EXP 	probe_image: size = array([0.17295, 0.17295])
49.7279 	EXP 	probe_image: image = 'Stimuli/H-8sim2.png'
49.7279 	EXP 	text_5: autoDraw = True
49.7279 	EXP 	probe_image: autoDraw = True
49.7966 	DATA 	Keypress: s
49.9279 	EXP 	text_5: autoDraw = False
49.9279 	EXP 	probe_image: autoDraw = False
49.9279 	EXP 	text_5: autoDraw = False
49.9279 	EXP 	probe_image: autoDraw = False
49.9279 	EXP 	text_2: color = 'pink (named)'
49.9279 	EXP 	text_2: autoDraw = True
50.2959 	EXP 	New trial (rep=10, index=0): None
50.2998 	DATA 	Keypress: s
50.3113 	EXP 	text_2: autoDraw = False
50.3113 	EXP 	text_4: color = 'pink (named)'
50.3113 	EXP 	target_image: pos = array([-0.17295,  0.     ])
50.3113 	EXP 	target_image: size = array([0.17295, 0.17295])
50.3113 	EXP 	target_image: image = 'Stimuli/H-8sim2.png'
50.3113 	EXP 	text_4: autoDraw = True
50.3113 	EXP 	target_image: autoDraw = True
50.5116 	EXP 	text_4: autoDraw = False
50.5116 	EXP 	target_image: autoDraw = False
50.5116 	EXP 	text: color = 'pink (named)'
50.5116 	EXP 	text: autoDraw = True
50.7460 	DATA 	Keypress: s
50.8116 	EXP 	text: autoDraw = False
50.8116 	EXP 	text: autoDraw = False
50.8116 	EXP 	text_5: color = 'pink (named)'
50.8116 	EXP 	probe_image: pos = array([-0.17295,  0.     ])
50.8116 	EXP 	probe_image: size = array([0.17295, 0.17295])
50.8116 	EXP 	probe_image: image = 'Stimuli/H-8sim0.png'
50.8116 	EXP 	text_5: autoDraw = True
50.8116 	EXP 	probe_image: autoDraw = True
51.0113 	EXP 	text_5: autoDraw = False
51.0113 	EXP 	probe_image: autoDraw = False
51.0113 	EXP 	text_2: color = 'pink (named)'
51.0113 	EXP 	text_2: autoDraw = True
51.1809 	EXP 	New trial (rep=11, index=0): None
51.1852 	DATA 	Keypress: s
51.1945 	EXP 	text_2: autoDraw = False
51.1945 	EXP 	text_4: color = 'pink (named)'
51.1945 	EXP 	target_image: pos = array([-0.17295,  0.     ])
51.1945 	EXP 	target_image: size = array([0.17295, 0.17295])
51.1945 	EXP 	target_image: image = 'Stimuli/H-8sim3.png'
51.1945 	EXP 	text_4: autoDraw = True
51.1945 	EXP 	target_image: autoDraw = True
51.3946 	EXP 	text_4: autoDraw = False
51.3946 	EXP 	target_image: autoDraw = False
51.3946 	EXP 	text_4: autoDraw = False
51.3946 	EXP 	target_image: autoDraw = False
51.3946 	EXP 	text: color = 'pink (named)'
51.3946 	EXP 	text: autoDraw = True
51.6146 	DATA 	Keypress: s
51.6947 	EXP 	text: autoDraw = False
51.6947 	EXP 	text: autoDraw = False
51.6947 	EXP 	text_5: color = 'pink (named)'
51.6947 	EXP 	probe_image: pos = array([-0.17295,  0.     ])
51.6947 	EXP 	probe_image: size = array([0.17295, 0.17295])
51.6947 	EXP 	probe_image: image = 'Stimuli/H-8sim3.png'
51.6947 	EXP 	text_5: autoDraw = True
51.6947 	EXP 	probe_image: autoDraw = True
51.8943 	EXP 	text_5: autoDraw = False
51.8943 	EXP 	probe_image: autoDraw = False
51.8943 	EXP 	text_5: autoDraw = False
51.8943 	EXP 	probe_image: autoDraw = False
51.8943 	EXP 	text_2: color = 'pink (named)'
51.8943 	EXP 	text_2: autoDraw = True
52.0301 	EXP 	New trial (rep=12, index=0): None
52.0350 	DATA 	Keypress: s
52.0444 	EXP 	text_2: autoDraw = False
52.0444 	EXP 	text_4: color = 'pink (named)'
52.0444 	EXP 	target_image: pos = array([0.17295, 0.     ])
52.0444 	EXP 	target_image: size = array([0.17295, 0.17295])
52.0444 	EXP 	target_image: image = 'Stimuli/H-8sim1.png'
52.0444 	EXP 	text_4: autoDraw = True
52.0444 	EXP 	target_image: autoDraw = True
52.2447 	EXP 	text_4: autoDraw = False
52.2447 	EXP 	target_image: autoDraw = False
52.2447 	EXP 	text_4: autoDraw = False
52.2447 	EXP 	target_image: autoDraw = False
52.2447 	EXP 	text: color = 'pink (named)'
52.2447 	EXP 	text: autoDraw = True
52.3983 	DATA 	Keypress: s
52.5448 	EXP 	text: autoDraw = False
52.5448 	EXP 	text: autoDraw = False
52.5448 	EXP 	text_5: color = 'pink (named)'
52.5448 	EXP 	probe_image: pos = array([0.17295, 0.     ])
52.5448 	EXP 	probe_image: size = array([0.17295, 0.17295])
52.5448 	EXP 	probe_image: image = 'Stimuli/H-8sim2.png'
52.5448 	EXP 	text_5: autoDraw = True
52.5448 	EXP 	probe_image: autoDraw = True
52.7445 	EXP 	text_5: autoDraw = False
52.7445 	EXP 	probe_image: autoDraw = False
52.7445 	EXP 	text_2: color = 'pink (named)'
52.7445 	EXP 	text_2: autoDraw = True
52.9462 	EXP 	New trial (rep=13, index=0): None
52.9510 	DATA 	Keypress: s
52.9615 	EXP 	text_2: autoDraw = False
52.9615 	EXP 	text_4: color = 'pink (named)'
52.9615 	EXP 	target_image: pos = array([-0.17295,  0.     ])
52.9615 	EXP 	target_image: size = array([0.17295, 0.17295])
52.9615 	EXP 	target_image: image = 'Stimuli/H-8sim1.png'
52.9615 	EXP 	text_4: autoDraw = True
52.9615 	EXP 	target_image: autoDraw = True
53.1640 	EXP 	text_4: autoDraw = False
53.1640 	EXP 	target_image: autoDraw = False
53.1640 	EXP 	text_4: autoDraw = False
53.1640 	EXP 	target_image: autoDraw = False
53.1640 	EXP 	text: color = 'pink (named)'
53.1640 	EXP 	text: autoDraw = True
53.3325 	DATA 	Keypress: s
53.4781 	EXP 	text: autoDraw = False
53.4781 	EXP 	text_5: color = 'pink (named)'
53.4781 	EXP 	probe_image: pos = array([-0.17295,  0.     ])
53.4781 	EXP 	probe_image: size = array([0.17295, 0.17295])
53.4781 	EXP 	probe_image: image = 'Stimuli/H-8sim1.png'
53.4781 	EXP 	text_5: autoDraw = True
53.4781 	EXP 	probe_image: autoDraw = True
53.6782 	EXP 	text_5: autoDraw = False
53.6782 	EXP 	probe_image: autoDraw = False
53.6782 	EXP 	text_2: color = 'pink (named)'
53.6782 	EXP 	text_2: autoDraw = True
53.7792 	EXP 	New trial (rep=14, index=0): None
53.7835 	DATA 	Keypress: s
53.7946 	EXP 	text_2: autoDraw = False
53.7946 	EXP 	text_4: color = 'pink (named)'
53.7946 	EXP 	target_image: pos = array([-0.17295,  0.     ])
53.7946 	EXP 	target_image: size = array([0.17295, 0.17295])
53.7946 	EXP 	target_image: image = 'Stimuli/H-8sim0.png'
53.7946 	EXP 	text_4: autoDraw = True
53.7946 	EXP 	target_image: autoDraw = True
53.9947 	EXP 	text_4: autoDraw = False
53.9947 	EXP 	target_image: autoDraw = False
53.9947 	EXP 	text: color = 'pink (named)'
53.9947 	EXP 	text: autoDraw = True
54.1484 	DATA 	Keypress: d
54.2948 	EXP 	text: autoDraw = False
54.2948 	EXP 	text: autoDraw = False
54.2948 	EXP 	text_5: color = 'pink (named)'
54.2948 	EXP 	probe_image: pos = array([-0.17295,  0.     ])
54.2948 	EXP 	probe_image: size = array([0.17295, 0.17295])
54.2948 	EXP 	probe_image: image = 'Stimuli/H-8sim0.png'
54.2948 	EXP 	text_5: autoDraw = True
54.2948 	EXP 	probe_image: autoDraw = True
54.4945 	EXP 	text_5: autoDraw = False
54.4945 	EXP 	probe_image: autoDraw = False
54.4945 	EXP 	text_2: color = 'pink (named)'
54.4945 	EXP 	text_2: autoDraw = True
54.5300 	EXP 	New trial (rep=15, index=0): None
54.5343 	DATA 	Keypress: d
54.5448 	EXP 	text_2: autoDraw = False
54.5448 	EXP 	text_4: color = 'pink (named)'
54.5448 	EXP 	target_image: pos = array([0.17295, 0.     ])
54.5448 	EXP 	target_image: size = array([0.17295, 0.17295])
54.5448 	EXP 	target_image: image = 'Stimuli/H-8sim3.png'
54.5448 	EXP 	text_4: autoDraw = True
54.5448 	EXP 	target_image: autoDraw = True
54.7446 	EXP 	text_4: autoDraw = False
54.7446 	EXP 	target_image: autoDraw = False
54.7446 	EXP 	text: color = 'pink (named)'
54.7446 	EXP 	text: autoDraw = True
54.9141 	DATA 	Keypress: d
55.0446 	EXP 	text: autoDraw = False
55.0446 	EXP 	text: autoDraw = False
55.0446 	EXP 	text_5: color = 'pink (named)'
55.0446 	EXP 	probe_image: pos = array([0.17295, 0.     ])
55.0446 	EXP 	probe_image: size = array([0.17295, 0.17295])
55.0446 	EXP 	probe_image: image = 'Stimuli/H-8sim0.png'
55.0446 	EXP 	text_5: autoDraw = True
55.0446 	EXP 	probe_image: autoDraw = True
55.2445 	EXP 	text_5: autoDraw = False
55.2445 	EXP 	probe_image: autoDraw = False
55.2445 	EXP 	text_2: color = 'pink (named)'
55.2445 	EXP 	text_2: autoDraw = True
55.3460 	EXP 	New trial (rep=16, index=0): None
55.3500 	DATA 	Keypress: d
55.3614 	EXP 	text_2: autoDraw = False
55.3614 	EXP 	text_4: color = 'pink (named)'
55.3614 	EXP 	target_image: pos = array([-0.17295,  0.     ])
55.3614 	EXP 	target_image: size = array([0.17295, 0.17295])
55.3614 	EXP 	target_image: image = 'Stimuli/H-8sim0.png'
55.3614 	EXP 	text_4: autoDraw = True
55.3614 	EXP 	target_image: autoDraw = True
55.5611 	EXP 	text_4: autoDraw = False
55.5611 	EXP 	target_image: autoDraw = False
55.5611 	EXP 	text: color = 'pink (named)'
55.5611 	EXP 	text: autoDraw = True
55.7298 	DATA 	Keypress: d
55.8609 	EXP 	text: autoDraw = False
55.8609 	EXP 	text: autoDraw = False
55.8609 	EXP 	text_5: color = 'pink (named)'
55.8609 	EXP 	probe_image: pos = array([-0.17295,  0.     ])
55.8609 	EXP 	probe_image: size = array([0.17295, 0.17295])
55.8609 	EXP 	probe_image: image = 'Stimuli/H-8sim0.png'
55.8609 	EXP 	text_5: autoDraw = True
55.8609 	EXP 	probe_image: autoDraw = True
56.0609 	EXP 	text_5: autoDraw = False
56.0609 	EXP 	probe_image: autoDraw = False
56.0609 	EXP 	text_5: autoDraw = False
56.0609 	EXP 	probe_image: autoDraw = False
56.0609 	EXP 	text_2: color = 'pink (named)'
56.0609 	EXP 	text_2: autoDraw = True
56.1625 	EXP 	New trial (rep=17, index=0): None
56.1669 	DATA 	Keypress: d
56.1773 	EXP 	text_2: autoDraw = False
56.1773 	EXP 	text_4: color = 'pink (named)'
56.1773 	EXP 	target_image: pos = array([-0.17295,  0.     ])
56.1773 	EXP 	target_image: size = array([0.17295, 0.17295])
56.1773 	EXP 	target_image: image = 'Stimuli/H-8sim3.png'
56.1773 	EXP 	text_4: autoDraw = True
56.1773 	EXP 	target_image: autoDraw = True
56.3774 	EXP 	text_4: autoDraw = False
56.3774 	EXP 	target_image: autoDraw = False
56.3774 	EXP 	text: color = 'pink (named)'
56.3774 	EXP 	text: autoDraw = True
56.5626 	DATA 	Keypress: d
56.6781 	EXP 	text: autoDraw = False
56.6781 	EXP 	text: autoDraw = False
56.6781 	EXP 	text_5: color = 'pink (named)'
56.6781 	EXP 	probe_image: pos = array([-0.17295,  0.     ])
56.6781 	EXP 	probe_image: size = array([0.17295, 0.17295])
56.6781 	EXP 	probe_image: image = 'Stimuli/H-8sim1.png'
56.6781 	EXP 	text_5: autoDraw = True
56.6781 	EXP 	probe_image: autoDraw = True
56.8781 	EXP 	text_5: autoDraw = False
56.8781 	EXP 	probe_image: autoDraw = False
56.8781 	EXP 	text_2: color = 'pink (named)'
56.8781 	EXP 	text_2: autoDraw = True
56.9312 	EXP 	New trial (rep=18, index=0): None
56.9352 	DATA 	Keypress: d
56.9443 	EXP 	text_2: autoDraw = False
56.9443 	EXP 	text_4: color = 'pink (named)'
56.9443 	EXP 	target_image: pos = array([0.17295, 0.     ])
56.9443 	EXP 	target_image: size = array([0.17295, 0.17295])
56.9443 	EXP 	target_image: image = 'Stimuli/H-8sim2.png'
56.9443 	EXP 	text_4: autoDraw = True
56.9443 	EXP 	target_image: autoDraw = True
57.1443 	EXP 	text_4: autoDraw = False
57.1443 	EXP 	target_image: autoDraw = False
57.1443 	EXP 	text_4: autoDraw = False
57.1443 	EXP 	target_image: autoDraw = False
57.1443 	EXP 	text: color = 'pink (named)'
57.1443 	EXP 	text: autoDraw = True
57.4440 	EXP 	text: autoDraw = False
57.4440 	EXP 	text: autoDraw = False
57.4440 	EXP 	text_5: color = 'pink (named)'
57.4440 	EXP 	probe_image: pos = array([0.17295, 0.     ])
57.4440 	EXP 	probe_image: size = array([0.17295, 0.17295])
57.4440 	EXP 	probe_image: image = 'Stimuli/H-8sim2.png'
57.4440 	EXP 	text_5: autoDraw = True
57.4440 	EXP 	probe_image: autoDraw = True
57.4460 	DATA 	Keypress: d
57.6445 	EXP 	text_5: autoDraw = False
57.6445 	EXP 	probe_image: autoDraw = False
57.6445 	EXP 	text_5: autoDraw = False
57.6445 	EXP 	probe_image: autoDraw = False
57.6445 	EXP 	text_2: color = 'pink (named)'
57.6445 	EXP 	text_2: autoDraw = True
57.8641 	EXP 	New trial (rep=19, index=0): None
57.8681 	DATA 	Keypress: d
57.8779 	EXP 	text_2: autoDraw = False
57.8779 	EXP 	text_4: color = 'pink (named)'
57.8779 	EXP 	target_image: pos = array([0.17295, 0.     ])
57.8779 	EXP 	target_image: size = array([0.17295, 0.17295])
57.8779 	EXP 	target_image: image = 'Stimuli/H-8sim1.png'
57.8779 	EXP 	text_4: autoDraw = True
57.8779 	EXP 	target_image: autoDraw = True
58.0778 	EXP 	text_4: autoDraw = False
58.0778 	EXP 	target_image: autoDraw = False
58.0778 	EXP 	text_4: autoDraw = False
58.0778 	EXP 	target_image: autoDraw = False
58.0778 	EXP 	text: color = 'pink (named)'
58.0778 	EXP 	text: autoDraw = True
58.2464 	DATA 	Keypress: d
58.3779 	EXP 	text: autoDraw = False
58.3779 	EXP 	text: autoDraw = False
58.3779 	EXP 	text_5: color = 'pink (named)'
58.3779 	EXP 	probe_image: pos = array([0.17295, 0.     ])
58.3779 	EXP 	probe_image: size = array([0.17295, 0.17295])
58.3779 	EXP 	probe_image: image = 'Stimuli/H-8sim0.png'
58.3779 	EXP 	text_5: autoDraw = True
58.3779 	EXP 	probe_image: autoDraw = True
58.5781 	EXP 	text_5: autoDraw = False
58.5781 	EXP 	probe_image: autoDraw = False
58.5781 	EXP 	text_5: autoDraw = False
58.5781 	EXP 	probe_image: autoDraw = False
58.5781 	EXP 	text_2: color = 'pink (named)'
58.5781 	EXP 	text_2: autoDraw = True
58.6656 	EXP 	New trial (rep=20, index=0): None
58.6705 	DATA 	Keypress: d
58.6780 	EXP 	text_2: autoDraw = False
58.6780 	EXP 	text_4: color = 'pink (named)'
58.6780 	EXP 	target_image: pos = array([0.17295, 0.     ])
58.6780 	EXP 	target_image: size = array([0.17295, 0.17295])
58.6780 	EXP 	target_image: image = 'Stimuli/H-8sim3.png'
58.6780 	EXP 	text_4: autoDraw = True
58.6780 	EXP 	target_image: autoDraw = True
58.8801 	EXP 	text_4: autoDraw = False
58.8801 	EXP 	target_image: autoDraw = False
58.8801 	EXP 	text_4: autoDraw = False
58.8801 	EXP 	target_image: autoDraw = False
58.8801 	EXP 	text: color = 'pink (named)'
58.8801 	EXP 	text: autoDraw = True
59.1852 	DATA 	Keypress: d
59.1942 	EXP 	text: autoDraw = False
59.1942 	EXP 	text_5: color = 'pink (named)'
59.1942 	EXP 	probe_image: pos = array([0.17295, 0.     ])
59.1942 	EXP 	probe_image: size = array([0.17295, 0.17295])
59.1942 	EXP 	probe_image: image = 'Stimuli/H-8sim3.png'
59.1942 	EXP 	text_5: autoDraw = True
59.1942 	EXP 	probe_image: autoDraw = True
59.3945 	EXP 	text_5: autoDraw = False
59.3945 	EXP 	probe_image: autoDraw = False
59.3945 	EXP 	text_2: color = 'pink (named)'
59.3945 	EXP 	text_2: autoDraw = True
59.5472 	EXP 	New trial (rep=21, index=0): None
59.5511 	DATA 	Keypress: d
59.5613 	EXP 	text_2: autoDraw = False
59.5613 	EXP 	text_4: color = 'pink (named)'
59.5613 	EXP 	target_image: pos = array([-0.17295,  0.     ])
59.5613 	EXP 	target_image: size = array([0.17295, 0.17295])
59.5613 	EXP 	target_image: image = 'Stimuli/H-8sim2.png'
59.5613 	EXP 	text_4: autoDraw = True
59.5613 	EXP 	target_image: autoDraw = True
59.7607 	EXP 	text_4: autoDraw = False
59.7607 	EXP 	target_image: autoDraw = False
59.7607 	EXP 	text_4: autoDraw = False
59.7607 	EXP 	target_image: autoDraw = False
59.7607 	EXP 	text: color = 'pink (named)'
59.7607 	EXP 	text: autoDraw = True
59.9138 	DATA 	Keypress: d
60.0613 	EXP 	text: autoDraw = False
60.0613 	EXP 	text: autoDraw = False
60.0613 	EXP 	text_5: color = 'pink (named)'
60.0613 	EXP 	probe_image: pos = array([-0.17295,  0.     ])
60.0613 	EXP 	probe_image: size = array([0.17295, 0.17295])
60.0613 	EXP 	probe_image: image = 'Stimuli/H-8sim3.png'
60.0613 	EXP 	text_5: autoDraw = True
60.0613 	EXP 	probe_image: autoDraw = True
60.2615 	EXP 	text_5: autoDraw = False
60.2615 	EXP 	probe_image: autoDraw = False
60.2615 	EXP 	text_5: autoDraw = False
60.2615 	EXP 	probe_image: autoDraw = False
60.2615 	EXP 	text_2: color = 'pink (named)'
60.2615 	EXP 	text_2: autoDraw = True
60.3291 	EXP 	New trial (rep=22, index=0): None
60.3332 	DATA 	Keypress: d
60.3449 	EXP 	text_2: autoDraw = False
60.3449 	EXP 	text_4: color = 'pink (named)'
60.3449 	EXP 	target_image: pos = array([0.17295, 0.     ])
60.3449 	EXP 	target_image: size = array([0.17295, 0.17295])
60.3449 	EXP 	target_image: image = 'Stimuli/H-8sim1.png'
60.3449 	EXP 	text_4: autoDraw = True
60.3449 	EXP 	target_image: autoDraw = True
60.5469 	EXP 	text_4: autoDraw = False
60.5469 	EXP 	target_image: autoDraw = False
60.5469 	EXP 	text_4: autoDraw = False
60.5469 	EXP 	target_image: autoDraw = False
60.5469 	EXP 	text: color = 'pink (named)'
60.5469 	EXP 	text: autoDraw = True
60.7627 	DATA 	Keypress: d
60.8447 	EXP 	text: autoDraw = False
60.8447 	EXP 	text_5: color = 'pink (named)'
60.8447 	EXP 	probe_image: pos = array([0.17295, 0.     ])
60.8447 	EXP 	probe_image: size = array([0.17295, 0.17295])
60.8447 	EXP 	probe_image: image = 'Stimuli/H-8sim1.png'
60.8447 	EXP 	text_5: autoDraw = True
60.8447 	EXP 	probe_image: autoDraw = True
61.0449 	EXP 	text_5: autoDraw = False
61.0449 	EXP 	probe_image: autoDraw = False
61.0449 	EXP 	text_5: autoDraw = False
61.0449 	EXP 	probe_image: autoDraw = False
61.0449 	EXP 	text_2: color = 'pink (named)'
61.0449 	EXP 	text_2: autoDraw = True
61.1482 	EXP 	New trial (rep=23, index=0): None
61.1525 	DATA 	Keypress: d
61.1612 	EXP 	text_2: autoDraw = False
61.1612 	EXP 	text_4: color = 'pink (named)'
61.1612 	EXP 	target_image: pos = array([0.17295, 0.     ])
61.1612 	EXP 	target_image: size = array([0.17295, 0.17295])
61.1612 	EXP 	target_image: image = 'Stimuli/H-8sim3.png'
61.1612 	EXP 	text_4: autoDraw = True
61.1612 	EXP 	target_image: autoDraw = True
61.3613 	EXP 	text_4: autoDraw = False
61.3613 	EXP 	target_image: autoDraw = False
61.3613 	EXP 	text_4: autoDraw = False
61.3613 	EXP 	target_image: autoDraw = False
61.3613 	EXP 	text: color = 'pink (named)'
61.3613 	EXP 	text: autoDraw = True
61.4815 	DATA 	Keypress: d
61.6613 	EXP 	text: autoDraw = False
61.6613 	EXP 	text: autoDraw = False
61.6613 	EXP 	text_5: color = 'pink (named)'
61.6613 	EXP 	probe_image: pos = array([0.17295, 0.     ])
61.6613 	EXP 	probe_image: size = array([0.17295, 0.17295])
61.6613 	EXP 	probe_image: image = 'Stimuli/H-8sim2.png'
61.6613 	EXP 	text_5: autoDraw = True
61.6613 	EXP 	probe_image: autoDraw = True
61.8613 	EXP 	text_5: autoDraw = False
61.8613 	EXP 	probe_image: autoDraw = False
61.8613 	EXP 	text_5: autoDraw = False
61.8613 	EXP 	probe_image: autoDraw = False
61.8613 	EXP 	text_2: color = 'pink (named)'
61.8613 	EXP 	text_2: autoDraw = True
61.8957 	EXP 	New trial (rep=0, index=2): OrderedDict([('Block_type', 'feat_face'), ('instruction_text', 'Press S for same or D for different faces. Press <SPACE> to continue.')])
61.9057 	DATA 	Keypress: d
61.9107 	EXP 	text_2: autoDraw = False
61.9107 	EXP 	text_3: text = 'Press S for same or D for different faces. Press <SPACE> to continue.'
61.9107 	EXP 	text_3: autoDraw = True
63.3644 	EXP 	Created sequence: sequential, trialTypes=1, nReps=24, seed=None
63.3648 	EXP 	New trial (rep=0, index=0): None
63.3740 	DATA 	Keypress: space
63.3779 	EXP 	text_3: autoDraw = False
63.3779 	EXP 	text_4: color = 'orange (named)'
63.3779 	EXP 	target_image: pos = array([-0.17295,  0.     ])
63.3779 	EXP 	target_image: size = array([0.17295, 0.17295])
63.3779 	EXP 	target_image: image = 'Stimuli/f142.png'
63.3779 	EXP 	text_4: autoDraw = True
63.3779 	EXP 	target_image: autoDraw = True
63.5782 	EXP 	text_4: autoDraw = False
63.5782 	EXP 	target_image: autoDraw = False
63.5782 	EXP 	text_4: autoDraw = False
63.5782 	EXP 	target_image: autoDraw = False
63.5782 	EXP 	text: color = 'orange (named)'
63.5782 	EXP 	text: autoDraw = True
63.8780 	EXP 	text: autoDraw = False
63.8780 	EXP 	text: autoDraw = False
63.8780 	EXP 	text_5: color = 'orange (named)'
63.8780 	EXP 	probe_image: pos = array([-0.17295,  0.     ])
63.8780 	EXP 	probe_image: size = array([0.17295, 0.17295])
63.8780 	EXP 	probe_image: image = 'Stimuli/f142.png'
63.8780 	EXP 	text_5: autoDraw = True
63.8780 	EXP 	probe_image: autoDraw = True
64.0783 	EXP 	text_5: autoDraw = False
64.0783 	EXP 	probe_image: autoDraw = False
64.0783 	EXP 	text_5: autoDraw = False
64.0783 	EXP 	probe_image: autoDraw = False
64.0783 	EXP 	text_2: color = 'orange (named)'
64.0783 	EXP 	text_2: autoDraw = True
64.7322 	EXP 	New trial (rep=1, index=0): None
64.7388 	DATA 	Keypress: s
64.7442 	EXP 	text_2: autoDraw = False
64.7442 	EXP 	text_4: color = 'orange (named)'
64.7442 	EXP 	target_image: pos = array([0.17295, 0.     ])
64.7442 	EXP 	target_image: size = array([0.17295, 0.17295])
64.7442 	EXP 	target_image: image = 'Stimuli/f142.png'
64.7442 	EXP 	text_4: autoDraw = True
64.7442 	EXP 	target_image: autoDraw = True
64.9446 	EXP 	text_4: autoDraw = False
64.9446 	EXP 	target_image: autoDraw = False
64.9446 	EXP 	text_4: autoDraw = False
64.9446 	EXP 	target_image: autoDraw = False
64.9446 	EXP 	text: color = 'orange (named)'
64.9446 	EXP 	text: autoDraw = True
65.2448 	EXP 	text: autoDraw = False
65.2448 	EXP 	text: autoDraw = False
65.2448 	EXP 	text_5: color = 'orange (named)'
65.2448 	EXP 	probe_image: pos = array([0.17295, 0.     ])
65.2448 	EXP 	probe_image: size = array([0.17295, 0.17295])
65.2448 	EXP 	probe_image: image = 'Stimuli/f24.png'
65.2448 	EXP 	text_5: autoDraw = True
65.2448 	EXP 	probe_image: autoDraw = True
65.4448 	EXP 	text_5: autoDraw = False
65.4448 	EXP 	probe_image: autoDraw = False
65.4448 	EXP 	text_5: autoDraw = False
65.4448 	EXP 	probe_image: autoDraw = False
65.4448 	EXP 	text_2: color = 'orange (named)'
65.4448 	EXP 	text_2: autoDraw = True
65.8326 	EXP 	New trial (rep=2, index=0): None
65.8417 	DATA 	Keypress: s
65.8629 	EXP 	text_2: autoDraw = False
65.8629 	EXP 	text_4: color = 'pink (named)'
65.8629 	EXP 	target_image: pos = array([-0.17295,  0.     ])
65.8629 	EXP 	target_image: size = array([0.17295, 0.17295])
65.8629 	EXP 	target_image: image = 'Stimuli/f15.png'
65.8629 	EXP 	text_4: autoDraw = True
65.8629 	EXP 	target_image: autoDraw = True
66.0614 	EXP 	text_4: autoDraw = False
66.0614 	EXP 	target_image: autoDraw = False
66.0614 	EXP 	text: color = 'pink (named)'
66.0614 	EXP 	text: autoDraw = True
66.3614 	EXP 	text: autoDraw = False
66.3614 	EXP 	text_5: color = 'pink (named)'
66.3614 	EXP 	probe_image: pos = array([-0.17295,  0.     ])
66.3614 	EXP 	probe_image: size = array([0.17295, 0.17295])
66.3614 	EXP 	probe_image: image = 'Stimuli/f142.png'
66.3614 	EXP 	text_5: autoDraw = True
66.3614 	EXP 	probe_image: autoDraw = True
66.5616 	EXP 	text_5: autoDraw = False
66.5616 	EXP 	probe_image: autoDraw = False
66.5616 	EXP 	text_2: color = 'pink (named)'
66.5616 	EXP 	text_2: autoDraw = True
66.5811 	EXP 	New trial (rep=3, index=0): None
66.5897 	DATA 	Keypress: s
66.5941 	EXP 	text_2: autoDraw = False
66.5941 	EXP 	text_4: color = 'pink (named)'
66.5941 	EXP 	target_image: pos = array([-0.17295,  0.     ])
66.5941 	EXP 	target_image: size = array([0.17295, 0.17295])
66.5941 	EXP 	target_image: image = 'Stimuli/f131.png'
66.5941 	EXP 	text_4: autoDraw = True
66.5941 	EXP 	target_image: autoDraw = True
66.7949 	EXP 	text_4: autoDraw = False
66.7949 	EXP 	target_image: autoDraw = False
66.7949 	EXP 	text_4: autoDraw = False
66.7949 	EXP 	target_image: autoDraw = False
66.7949 	EXP 	text: color = 'pink (named)'
66.7949 	EXP 	text: autoDraw = True
67.0945 	EXP 	text: autoDraw = False
67.0945 	EXP 	text: autoDraw = False
67.0945 	EXP 	text_5: color = 'pink (named)'
67.0945 	EXP 	probe_image: pos = array([-0.17295,  0.     ])
67.0945 	EXP 	probe_image: size = array([0.17295, 0.17295])
67.0945 	EXP 	probe_image: image = 'Stimuli/f131.png'
67.0945 	EXP 	text_5: autoDraw = True
67.0945 	EXP 	probe_image: autoDraw = True
67.2945 	EXP 	text_5: autoDraw = False
67.2945 	EXP 	probe_image: autoDraw = False
67.2945 	EXP 	text_5: autoDraw = False
67.2945 	EXP 	probe_image: autoDraw = False
67.2945 	EXP 	text_2: color = 'pink (named)'
67.2945 	EXP 	text_2: autoDraw = True
67.3126 	EXP 	New trial (rep=4, index=0): None
67.3195 	DATA 	Keypress: d
67.3280 	EXP 	text_2: autoDraw = False
67.3280 	EXP 	text_4: color = 'pink (named)'
67.3280 	EXP 	target_image: pos = array([0.17295, 0.     ])
67.3280 	EXP 	target_image: size = array([0.17295, 0.17295])
67.3280 	EXP 	target_image: image = 'Stimuli/f24.png'
67.3280 	EXP 	text_4: autoDraw = True
67.3280 	EXP 	target_image: autoDraw = True
67.5280 	EXP 	text_4: autoDraw = False
67.5280 	EXP 	target_image: autoDraw = False
67.5280 	EXP 	text: color = 'pink (named)'
67.5280 	EXP 	text: autoDraw = True
67.8278 	EXP 	text: autoDraw = False
67.8278 	EXP 	text_5: color = 'pink (named)'
67.8278 	EXP 	probe_image: pos = array([0.17295, 0.     ])
67.8278 	EXP 	probe_image: size = array([0.17295, 0.17295])
67.8278 	EXP 	probe_image: image = 'Stimuli/f24.png'
67.8278 	EXP 	text_5: autoDraw = True
67.8278 	EXP 	probe_image: autoDraw = True
67.8490 	DATA 	Keypress: d
68.0282 	EXP 	text_5: autoDraw = False
68.0282 	EXP 	probe_image: autoDraw = False
68.0282 	EXP 	text_5: autoDraw = False
68.0282 	EXP 	probe_image: autoDraw = False
68.0282 	EXP 	text_2: color = 'pink (named)'
68.0282 	EXP 	text_2: autoDraw = True
68.3967 	EXP 	New trial (rep=5, index=0): None
68.4041 	DATA 	Keypress: d
68.4114 	EXP 	text_2: autoDraw = False
68.4114 	EXP 	text_4: color = 'pink (named)'
68.4114 	EXP 	target_image: pos = array([0.17295, 0.     ])
68.4114 	EXP 	target_image: size = array([0.17295, 0.17295])
68.4114 	EXP 	target_image: image = 'Stimuli/f131.png'
68.4114 	EXP 	text_4: autoDraw = True
68.4114 	EXP 	target_image: autoDraw = True
68.6141 	EXP 	text_4: autoDraw = False
68.6141 	EXP 	target_image: autoDraw = False
68.6141 	EXP 	text_4: autoDraw = False
68.6141 	EXP 	target_image: autoDraw = False
68.6141 	EXP 	text: color = 'pink (named)'
68.6141 	EXP 	text: autoDraw = True
68.8477 	DATA 	Keypress: d
68.9283 	EXP 	text: autoDraw = False
68.9283 	EXP 	text_5: color = 'pink (named)'
68.9283 	EXP 	probe_image: pos = array([0.17295, 0.     ])
68.9283 	EXP 	probe_image: size = array([0.17295, 0.17295])
68.9283 	EXP 	probe_image: image = 'Stimuli/f142.png'
68.9283 	EXP 	text_5: autoDraw = True
68.9283 	EXP 	probe_image: autoDraw = True
69.1281 	EXP 	text_5: autoDraw = False
69.1281 	EXP 	probe_image: autoDraw = False
69.1281 	EXP 	text_2: color = 'pink (named)'
69.1281 	EXP 	text_2: autoDraw = True
69.2639 	EXP 	New trial (rep=6, index=0): None
69.2718 	DATA 	Keypress: d
69.2777 	EXP 	text_2: autoDraw = False
69.2777 	EXP 	text_4: color = 'pink (named)'
69.2777 	EXP 	target_image: pos = array([0.17295, 0.     ])
69.2777 	EXP 	target_image: size = array([0.17295, 0.17295])
69.2777 	EXP 	target_image: image = 'Stimuli/f15.png'
69.2777 	EXP 	text_4: autoDraw = True
69.2777 	EXP 	target_image: autoDraw = True
69.4783 	EXP 	text_4: autoDraw = False
69.4783 	EXP 	target_image: autoDraw = False
69.4783 	EXP 	text_4: autoDraw = False
69.4783 	EXP 	target_image: autoDraw = False
69.4783 	EXP 	text: color = 'pink (named)'
69.4783 	EXP 	text: autoDraw = True
69.6813 	DATA 	Keypress: d
69.7782 	EXP 	text: autoDraw = False
69.7782 	EXP 	text: autoDraw = False
69.7782 	EXP 	text_5: color = 'pink (named)'
69.7782 	EXP 	probe_image: pos = array([0.17295, 0.     ])
69.7782 	EXP 	probe_image: size = array([0.17295, 0.17295])
69.7782 	EXP 	probe_image: image = 'Stimuli/f15.png'
69.7782 	EXP 	text_5: autoDraw = True
69.7782 	EXP 	probe_image: autoDraw = True
69.9782 	EXP 	text_5: autoDraw = False
69.9782 	EXP 	probe_image: autoDraw = False
69.9782 	EXP 	text_5: autoDraw = False
69.9782 	EXP 	probe_image: autoDraw = False
69.9782 	EXP 	text_2: color = 'pink (named)'
69.9782 	EXP 	text_2: autoDraw = True
70.0649 	EXP 	New trial (rep=7, index=0): None
70.0719 	DATA 	Keypress: d
70.0780 	EXP 	text_2: autoDraw = False
70.0780 	EXP 	text_4: color = 'pink (named)'
70.0780 	EXP 	target_image: pos = array([-0.17295,  0.     ])
70.0780 	EXP 	target_image: size = array([0.17295, 0.17295])
70.0780 	EXP 	target_image: image = 'Stimuli/f15.png'
70.0780 	EXP 	text_4: autoDraw = True
70.0780 	EXP 	target_image: autoDraw = True
70.2780 	EXP 	text_4: autoDraw = False
70.2780 	EXP 	target_image: autoDraw = False
70.2780 	EXP 	text_4: autoDraw = False
70.2780 	EXP 	target_image: autoDraw = False
70.2780 	EXP 	text: color = 'pink (named)'
70.2780 	EXP 	text: autoDraw = True
70.4799 	DATA 	Keypress: s
70.5780 	EXP 	text: autoDraw = False
70.5780 	EXP 	text: autoDraw = False
70.5780 	EXP 	text_5: color = 'pink (named)'
70.5780 	EXP 	probe_image: pos = array([-0.17295,  0.     ])
70.5780 	EXP 	probe_image: size = array([0.17295, 0.17295])
70.5780 	EXP 	probe_image: image = 'Stimuli/f131.png'
70.5780 	EXP 	text_5: autoDraw = True
70.5780 	EXP 	probe_image: autoDraw = True
70.7781 	EXP 	text_5: autoDraw = False
70.7781 	EXP 	probe_image: autoDraw = False
70.7781 	EXP 	text_5: autoDraw = False
70.7781 	EXP 	probe_image: autoDraw = False
70.7781 	EXP 	text_2: color = 'pink (named)'
70.7781 	EXP 	text_2: autoDraw = True
70.9325 	EXP 	New trial (rep=8, index=0): None
70.9405 	DATA 	Keypress: s
70.9443 	EXP 	text_2: autoDraw = False
70.9443 	EXP 	text_4: color = 'pink (named)'
70.9443 	EXP 	target_image: pos = array([-0.17295,  0.     ])
70.9443 	EXP 	target_image: size = array([0.17295, 0.17295])
70.9443 	EXP 	target_image: image = 'Stimuli/f24.png'
70.9443 	EXP 	text_4: autoDraw = True
70.9443 	EXP 	target_image: autoDraw = True
71.1448 	EXP 	text_4: autoDraw = False
71.1448 	EXP 	target_image: autoDraw = False
71.1448 	EXP 	text_4: autoDraw = False
71.1448 	EXP 	target_image: autoDraw = False
71.1448 	EXP 	text: color = 'pink (named)'
71.1448 	EXP 	text: autoDraw = True
71.3129 	DATA 	Keypress: s
71.4447 	EXP 	text: autoDraw = False
71.4447 	EXP 	text: autoDraw = False
71.4447 	EXP 	text_5: color = 'pink (named)'
71.4447 	EXP 	probe_image: pos = array([-0.17295,  0.     ])
71.4447 	EXP 	probe_image: size = array([0.17295, 0.17295])
71.4447 	EXP 	probe_image: image = 'Stimuli/f142.png'
71.4447 	EXP 	text_5: autoDraw = True
71.4447 	EXP 	probe_image: autoDraw = True
71.6446 	EXP 	text_5: autoDraw = False
71.6446 	EXP 	probe_image: autoDraw = False
71.6446 	EXP 	text_5: autoDraw = False
71.6446 	EXP 	probe_image: autoDraw = False
71.6446 	EXP 	text_2: color = 'pink (named)'
71.6446 	EXP 	text_2: autoDraw = True
71.7470 	EXP 	New trial (rep=9, index=0): None
71.7544 	DATA 	Keypress: s
71.7614 	EXP 	text_2: autoDraw = False
71.7614 	EXP 	text_4: color = 'pink (named)'
71.7614 	EXP 	target_image: pos = array([-0.17295,  0.     ])
71.7614 	EXP 	target_image: size = array([0.17295, 0.17295])
71.7614 	EXP 	target_image: image = 'Stimuli/f142.png'
71.7614 	EXP 	text_4: autoDraw = True
71.7614 	EXP 	target_image: autoDraw = True
71.9616 	EXP 	text_4: autoDraw = False
71.9616 	EXP 	target_image: autoDraw = False
71.9616 	EXP 	text: color = 'pink (named)'
71.9616 	EXP 	text: autoDraw = True
72.1482 	DATA 	Keypress: s
72.2613 	EXP 	text: autoDraw = False
72.2613 	EXP 	text_5: color = 'pink (named)'
72.2613 	EXP 	probe_image: pos = array([-0.17295,  0.     ])
72.2613 	EXP 	probe_image: size = array([0.17295, 0.17295])
72.2613 	EXP 	probe_image: image = 'Stimuli/f15.png'
72.2613 	EXP 	text_5: autoDraw = True
72.2613 	EXP 	probe_image: autoDraw = True
72.2969 	DATA 	Keypress: d
72.4615 	EXP 	text_5: autoDraw = False
72.4615 	EXP 	probe_image: autoDraw = False
72.4615 	EXP 	text_5: autoDraw = False
72.4615 	EXP 	probe_image: autoDraw = False
72.4615 	EXP 	text_2: color = 'pink (named)'
72.4615 	EXP 	text_2: autoDraw = True
72.6809 	DATA 	Keypress: escape
73.1050 	EXP 	window1: mouseVisible = True
73.1051 	DEBUG 	Saving data for configural_featural ExperimentHandler
73.1068 	INFO 	saved data to /Users/sophia/Documents/PycharmProjects/Configural_Featural_Study/data/SR_configural_featural_2020_Oct_24_2039.psydat
73.1129 	INFO 	saved data to '/Users/sophia/Documents/PycharmProjects/Configural_Featural_Study/data/SR_configural_featural_2020_Oct_24_2039.csv'
