0.3547 	WARNING 	We strongly recommend you activate the PTB sound engine in PsychoPy prefs as the preferred audio engine. Its timing is vastly superior. Your prefs are currently set to use ['sounddevice', 'PTB', 'pyo', 'pygame'] (in that order).
6.8146 	INFO 	Loaded monitor calibration from ['2020_09_20 15:42']
9.0367 	WARNING 	Couldn't measure a consistent frame rate.
  - Is your graphics card set to sync to vertical blank?
  - Are you running other processes on your computer?

9.0372 	EXP 	Created window1 = Window(allowGUI=False, allowStencil=False, args=UNKNOWN, autoLog=True, bitsMode=UNKNOWN, blendMode='avg', bpc=(8, 8, 8), color=array([0., 0., 0.]), colorSpace='rgb', depthBits=8, fullscr=<method-wrapper '__getattribute__' of attributeSetter object at 0x1550c79b0>, gamma=None, gammaErrorPolicy='raise', kwargs=UNKNOWN, lms=UNKNOWN, monitor=<psychopy.monitors.calibTools.Monitor object at 0x120e966a0>, multiSample=False, name='window1', numSamples=2, pos=[448.0, 280.0], screen=0, size=array([3584, 2240]), stencilBits=0, stereo=False, units='height', useFBO=True, useRetina=True, viewOri=0.0, viewPos=None, viewScale=None, waitBlanking=True, winType='pyglet')
9.0374 	EXP 	window1: mouseVisible = True
9.0375 	EXP 	window1: recordFrameIntervals = False
9.2032 	EXP 	window1: recordFrameIntervals = True
10.8682 	WARNING 	Couldn't measure a consistent frame rate.
  - Is your graphics card set to sync to vertical blank?
  - Are you running other processes on your computer?

11.3405 	EXP 	Created text_top = TextStim(__class__=<class 'psychopy.visual.text.TextStim'>, alignHoriz=method-wrapper(...), alignText='center', alignVert=method-wrapper(...), anchorHoriz='center', anchorVert='center', antialias=True, autoLog=True, bold=False, color='black', colorSpace='named', contrast=1.0, depth=-3.0, flipHoriz=False, flipVert=False, font='Arial', fontFiles=[], height=0.05, italic=False, languageStyle='LTR', name='text_top', opacity=1.0, ori=0, pos=array([0. , 0.3]), rgb=array([0., 0., 0.]), text=str(...), units='height', win=Window(...), wrapWidth=1)
11.3467 	EXP 	Created text_bottom = TextStim(__class__=<class 'psychopy.visual.text.TextStim'>, alignHoriz=method-wrapper(...), alignText='center', alignVert=method-wrapper(...), anchorHoriz='center', anchorVert='center', antialias=True, autoLog=True, bold=False, color='black', colorSpace='named', contrast=1.0, depth=-4.0, flipHoriz=False, flipVert=False, font='Arial', fontFiles=[], height=0.05, italic=False, languageStyle='LTR', name='text_bottom', opacity=1.0, ori=0, pos=array([ 0. , -0.3]), rgb=array([0., 0., 0.]), text='Press Space when you’re finished', units='height', win=Window(...), wrapWidth=1)
11.3689 	EXP 	Created ccimage = ImageStim(__class__=<class 'psychopy.visual.image.ImageStim'>, autoLog=True, color=array([1., 1., 1.]), colorSpace='rgb', contrast=1.0, depth=-5.0, flipHoriz=False, flipVert=False, image='bankcard.png', interpolate=True, mask=None, maskParams=None, name='ccimage', opacity=1.0, ori=0.0, pos=array([0., 0.]), size=array([0.428 , 0.2699]), texRes=512, units='height', win=Window(...))
11.4099 	WARNING 	t of last frame was 541.89ms (=1/1)
11.4099 	EXP 	text_top: autoDraw = True
11.4099 	EXP 	text_bottom: autoDraw = True
11.4099 	EXP 	ccimage: autoDraw = True
11.4324 	WARNING 	t of last frame was 22.44ms (=1/44)
11.4532 	WARNING 	t of last frame was 20.82ms (=1/48)
18.2270 	DATA 	Keypress: space
18.2332 	DEBUG 	Read csv file with pandas: Designs/bad_design/design1.csv
18.2356 	DEBUG 	Clearing unnamed columns from Designs/bad_design/design1.csv
18.2360 	EXP 	Imported Designs/bad_design/design1.csv as conditions, 4 conditions, 2 params
18.2362 	EXP 	Created sequence: sequential, trialTypes=4, nReps=1, seed=None
18.2365 	EXP 	New trial (rep=0, index=0): OrderedDict([('Block_type', 'conf_face'), ('instruction_text', 'Press S for same or D for different faces. Press <SPACE> to continue.')])
18.2372 	EXP 	New trial (rep=0, index=1): OrderedDict([('Block_type', 'conf_haus'), ('instruction_text', 'Press S for same or D for different houses. Press <SPACE> to continue.')])
18.2377 	EXP 	New trial (rep=0, index=2): OrderedDict([('Block_type', 'feat_face'), ('instruction_text', 'Press S for same or D for different faces. Press <SPACE> to continue.')])
18.2383 	EXP 	New trial (rep=0, index=3): OrderedDict([('Block_type', 'feat_haus'), ('instruction_text', 'Press S for same or D for different houses. Press <SPACE> to continue.')])
18.2512 	WARNING 	t of last frame was 33.05ms (=1/30)
18.2512 	EXP 	ccimage: size = [0.42800000000000005, 0.2699]
18.2512 	EXP 	text_top: autoDraw = False
18.2512 	EXP 	text_bottom: autoDraw = False
18.2512 	EXP 	ccimage: autoDraw = False
18.2525 	INFO 	saved data to '/Users/sophia/Documents/PycharmProjects/Configural_Featural_Study/data/SR_configural_featural_2020_Oct_21_1655.csv'
18.2529 	INFO 	saved data to /Users/sophia/Documents/PycharmProjects/Configural_Featural_Study/data/SR_configural_featural_2020_Oct_21_1655.psydat
18.5273 	EXP 	window1: mouseVisible = True
18.5275 	DEBUG 	Saving data for configural_featural ExperimentHandler
