0.3632 	WARNING 	We strongly recommend you activate the PTB sound engine in PsychoPy prefs as the preferred audio engine. Its timing is vastly superior. Your prefs are currently set to use ['sounddevice', 'PTB', 'pyo', 'pygame'] (in that order).
24.3470 	INFO 	Loaded monitor calibration from ['2020_09_20 15:42']
26.5759 	WARNING 	Couldn't measure a consistent frame rate.
  - Is your graphics card set to sync to vertical blank?
  - Are you running other processes on your computer?

26.5765 	EXP 	Created window1 = Window(allowGUI=False, allowStencil=False, args=UNKNOWN, autoLog=True, bitsMode=UNKNOWN, blendMode='avg', bpc=(8, 8, 8), color=array([0., 0., 0.]), colorSpace='rgb', depthBits=8, fullscr=<method-wrapper '__getattribute__' of attributeSetter object at 0x154ec79b0>, gamma=None, gammaErrorPolicy='raise', kwargs=UNKNOWN, lms=UNKNOWN, monitor=<psychopy.monitors.calibTools.Monitor object at 0x120cba278>, multiSample=False, name='window1', numSamples=2, pos=[448.0, 280.0], screen=0, size=array([3584, 2240]), stencilBits=0, stereo=False, units='height', useFBO=True, useRetina=True, viewOri=0.0, viewPos=None, viewScale=None, waitBlanking=True, winType='pyglet')
26.5767 	EXP 	window1: mouseVisible = True
26.5767 	EXP 	window1: recordFrameIntervals = False
26.7442 	EXP 	window1: recordFrameIntervals = True
28.4109 	WARNING 	Couldn't measure a consistent frame rate.
  - Is your graphics card set to sync to vertical blank?
  - Are you running other processes on your computer?

28.8751 	EXP 	Created text_top = TextStim(__class__=<class 'psychopy.visual.text.TextStim'>, alignHoriz=method-wrapper(...), alignText='center', alignVert=method-wrapper(...), anchorHoriz='center', anchorVert='center', antialias=True, autoLog=True, bold=False, color='black', colorSpace='named', contrast=1.0, depth=-3.0, flipHoriz=False, flipVert=False, font='Arial', fontFiles=[], height=0.05, italic=False, languageStyle='LTR', name='text_top', opacity=1.0, ori=0, pos=array([0. , 0.3]), rgb=array([0., 0., 0.]), text=str(...), units='height', win=Window(...), wrapWidth=1)
28.8813 	EXP 	Created text_bottom = TextStim(__class__=<class 'psychopy.visual.text.TextStim'>, alignHoriz=method-wrapper(...), alignText='center', alignVert=method-wrapper(...), anchorHoriz='center', anchorVert='center', antialias=True, autoLog=True, bold=False, color='black', colorSpace='named', contrast=1.0, depth=-4.0, flipHoriz=False, flipVert=False, font='Arial', fontFiles=[], height=0.05, italic=False, languageStyle='LTR', name='text_bottom', opacity=1.0, ori=0, pos=array([ 0. , -0.3]), rgb=array([0., 0., 0.]), text='Press Space when you’re finished', units='height', win=Window(...), wrapWidth=1)
28.9028 	EXP 	Created ccimage = ImageStim(__class__=<class 'psychopy.visual.image.ImageStim'>, autoLog=True, color=array([1., 1., 1.]), colorSpace='rgb', contrast=1.0, depth=-5.0, flipHoriz=False, flipVert=False, image='bankcard.png', interpolate=True, mask=None, maskParams=None, name='ccimage', opacity=1.0, ori=0.0, pos=array([0., 0.]), size=array([0.428 , 0.2699]), texRes=512, units='height', win=Window(...))
28.9388 	WARNING 	t of last frame was 528.11ms (=1/1)
28.9388 	EXP 	text_top: autoDraw = True
28.9388 	EXP 	text_bottom: autoDraw = True
28.9388 	EXP 	ccimage: autoDraw = True
28.9608 	WARNING 	t of last frame was 21.99ms (=1/45)
30.1350 	DATA 	Keypress: space
30.1482 	DEBUG 	Read csv file with pandas: Designs/bad_design/design1.csv
30.1506 	DEBUG 	Clearing unnamed columns from Designs/bad_design/design1.csv
30.1510 	EXP 	Imported Designs/bad_design/design1.csv as conditions, 4 conditions, 2 params
30.1513 	EXP 	Created sequence: sequential, trialTypes=4, nReps=1, seed=None
30.1515 	EXP 	New trial (rep=0, index=0): OrderedDict([('Block_type', 'conf_face'), ('instruction_text', 'Press S for same or D for different faces. Press <SPACE> to continue.')])
30.1523 	EXP 	New trial (rep=0, index=1): OrderedDict([('Block_type', 'conf_haus'), ('instruction_text', 'Press S for same or D for different houses. Press <SPACE> to continue.')])
30.1529 	EXP 	New trial (rep=0, index=2): OrderedDict([('Block_type', 'feat_face'), ('instruction_text', 'Press S for same or D for different faces. Press <SPACE> to continue.')])
30.1535 	EXP 	New trial (rep=0, index=3): OrderedDict([('Block_type', 'feat_haus'), ('instruction_text', 'Press S for same or D for different houses. Press <SPACE> to continue.')])
30.1596 	EXP 	ccimage: size = [0.42800000000000005, 0.2699]
30.1596 	EXP 	text_top: autoDraw = False
30.1596 	EXP 	text_bottom: autoDraw = False
30.1596 	EXP 	ccimage: autoDraw = False
30.1601 	INFO 	saved data to '/Users/sophia/Documents/PycharmProjects/Configural_Featural_Study/data/SR_configural_featural_2020_Oct_21_1650.csv'
30.1607 	INFO 	saved data to /Users/sophia/Documents/PycharmProjects/Configural_Featural_Study/data/SR_configural_featural_2020_Oct_21_1650.psydat
30.4347 	EXP 	window1: mouseVisible = True
30.4349 	DEBUG 	Saving data for configural_featural ExperimentHandler
