0.4588 	WARNING 	We strongly recommend you activate the PTB sound engine in PsychoPy prefs as the preferred audio engine. Its timing is vastly superior. Your prefs are currently set to use ['sounddevice', 'PTB', 'pyo', 'pygame'] (in that order).
7.6106 	INFO 	Loaded monitor calibration from ['2020_09_20 15:42']
9.9158 	WARNING 	Couldn't measure a consistent frame rate.
  - Is your graphics card set to sync to vertical blank?
  - Are you running other processes on your computer?

9.9161 	EXP 	Created window1 = Window(allowGUI=False, allowStencil=False, args=UNKNOWN, autoLog=True, bitsMode=UNKNOWN, blendMode='avg', bpc=(8, 8, 8), color=array([0., 0., 0.]), colorSpace='rgb', depthBits=8, fullscr=<method-wrapper '__getattribute__' of attributeSetter object at 0x156b8f9e8>, gamma=None, gammaErrorPolicy='raise', kwargs=UNKNOWN, lms=UNKNOWN, monitor=<psychopy.monitors.calibTools.Monitor object at 0x157767860>, multiSample=False, name='window1', numSamples=2, pos=[448.0, 280.0], screen=0, size=array([3584, 2240]), stencilBits=0, stereo=False, units='height', useFBO=True, useRetina=True, viewOri=0.0, viewPos=None, viewScale=None, waitBlanking=True, winType='pyglet')
9.9163 	EXP 	window1: mouseVisible = True
9.9163 	EXP 	window1: recordFrameIntervals = False
10.0823 	EXP 	window1: recordFrameIntervals = True
11.7472 	WARNING 	Couldn't measure a consistent frame rate.
  - Is your graphics card set to sync to vertical blank?
  - Are you running other processes on your computer?

12.2605 	EXP 	Created text_top = TextStim(__class__=<class 'psychopy.visual.text.TextStim'>, alignHoriz=method-wrapper(...), alignText='center', alignVert=method-wrapper(...), anchorHoriz='center', anchorVert='center', antialias=True, autoLog=True, bold=False, color='black', colorSpace='named', contrast=1.0, depth=-3.0, flipHoriz=False, flipVert=False, font='Arial', fontFiles=[], height=0.05, italic=False, languageStyle='LTR', name='text_top', opacity=1.0, ori=0, pos=array([0. , 0.3]), rgb=array([0., 0., 0.]), text=str(...), units='height', win=Window(...), wrapWidth=1)
12.2669 	EXP 	Created text_bottom = TextStim(__class__=<class 'psychopy.visual.text.TextStim'>, alignHoriz=method-wrapper(...), alignText='center', alignVert=method-wrapper(...), anchorHoriz='center', anchorVert='center', antialias=True, autoLog=True, bold=False, color='black', colorSpace='named', contrast=1.0, depth=-4.0, flipHoriz=False, flipVert=False, font='Arial', fontFiles=[], height=0.05, italic=False, languageStyle='LTR', name='text_bottom', opacity=1.0, ori=0, pos=array([ 0. , -0.3]), rgb=array([0., 0., 0.]), text='Press Space when you’re finished', units='height', win=Window(...), wrapWidth=1)
12.2866 	EXP 	Created ccimage = ImageStim(__class__=<class 'psychopy.visual.image.ImageStim'>, autoLog=True, color=array([1., 1., 1.]), colorSpace='rgb', contrast=1.0, depth=-5.0, flipHoriz=False, flipVert=False, image='bankcard.png', interpolate=True, mask=None, maskParams=None, name='ccimage', opacity=1.0, ori=0.0, pos=array([0., 0.]), size=array([0.428 , 0.2699]), texRes=512, units='height', win=Window(...))
12.2882 	EXP 	Created target_image = ImageStim(__class__=<class 'psychopy.visual.image.ImageStim'>, autoLog=True, color=array([1., 1., 1.]), colorSpace='rgb', contrast=1.0, depth=-1.0, flipHoriz=False, flipVert=False, image='sin', interpolate=True, mask=None, maskParams=None, name='target_image', opacity=1.0, ori=0.0, pos=array([0., 0.]), size=array([1., 1.]), texRes=512, units='height', win=Window(...))
12.2896 	EXP 	Created probe_image = ImageStim(__class__=<class 'psychopy.visual.image.ImageStim'>, autoLog=True, color=array([1., 1., 1.]), colorSpace='rgb', contrast=1.0, depth=-1.0, flipHoriz=False, flipVert=False, image='sin', interpolate=True, mask=None, maskParams=None, name='probe_image', opacity=1.0, ori=0.0, pos=array([0., 0.]), size=array([1., 1.]), texRes=512, units='height', win=Window(...))
12.3240 	WARNING 	t of last frame was 576.94ms (=1/1)
12.3240 	EXP 	text_top: autoDraw = True
12.3240 	EXP 	text_bottom: autoDraw = True
12.3240 	EXP 	ccimage: autoDraw = True
16.4905 	DATA 	Keypress: space
16.4971 	DEBUG 	Read csv file with pandas: Designs/design1.csv
16.4994 	DEBUG 	Clearing unnamed columns from Designs/design1.csv
16.4998 	EXP 	Imported Designs/design1.csv as conditions, 4 conditions, 2 params
16.5001 	EXP 	Created sequence: sequential, trialTypes=4, nReps=1, seed=None
16.5003 	EXP 	New trial (rep=0, index=0): OrderedDict([('Block_type', 'conf_face'), ('instruction_text', 'Press S for same or D for different faces. Press <SPACE> to continue.')])
16.5389 	WARNING 	t of last frame was 58.57ms (=1/17)
16.5389 	EXP 	ccimage: size = [0.42800000000000005, 0.2699]
16.5389 	EXP 	text_top: autoDraw = False
16.5389 	EXP 	text_bottom: autoDraw = False
16.5389 	EXP 	ccimage: autoDraw = False
16.5389 	EXP 	target_image: size = array([0.17295, 0.17295])
16.5389 	EXP 	target_image: image = 'Stimuli/edmd.png'
16.5389 	EXP 	target_image: autoDraw = True
16.5608 	WARNING 	t of last frame was 21.81ms (=1/45)
16.7305 	EXP 	target_image: autoDraw = False
16.7305 	EXP 	probe_image: size = array([0.17295, 0.17295])
16.7305 	EXP 	probe_image: image = 'Stimuli/edmd.png'
17.0161 	EXP 	probe_image: autoDraw = True
17.5001 	EXP 	New trial (rep=0, index=1): OrderedDict([('Block_type', 'conf_haus'), ('instruction_text', 'Press S for same or D for different houses. Press <SPACE> to continue.')])
17.5142 	EXP 	probe_image: autoDraw = False
17.5142 	EXP 	probe_image: autoDraw = False
17.5142 	EXP 	target_image: size = array([0.17295, 0.17295])
17.5142 	EXP 	target_image: image = 'Stimuli/H-8sim0.png'
17.5142 	EXP 	target_image: autoDraw = True
17.7140 	EXP 	target_image: autoDraw = False
17.7140 	EXP 	target_image: autoDraw = False
17.7140 	EXP 	probe_image: size = array([0.17295, 0.17295])
17.7140 	EXP 	probe_image: image = 'Stimuli/H-8sim0.png'
17.9991 	EXP 	probe_image: autoDraw = True
18.5003 	EXP 	New trial (rep=0, index=2): OrderedDict([('Block_type', 'feat_face'), ('instruction_text', 'Press S for same or D for different faces. Press <SPACE> to continue.')])
18.5132 	EXP 	probe_image: autoDraw = False
18.5132 	EXP 	probe_image: autoDraw = False
18.5132 	EXP 	target_image: size = array([0.17295, 0.17295])
18.5132 	EXP 	target_image: image = 'Stimuli/f15.png'
18.5132 	EXP 	target_image: autoDraw = True
18.7139 	EXP 	target_image: autoDraw = False
18.7139 	EXP 	target_image: autoDraw = False
18.7139 	EXP 	probe_image: size = array([0.17295, 0.17295])
18.7139 	EXP 	probe_image: image = 'Stimuli/f15.png'
18.9974 	EXP 	probe_image: autoDraw = True
19.4815 	EXP 	New trial (rep=0, index=3): OrderedDict([('Block_type', 'feat_haus'), ('instruction_text', 'Press S for same or D for different houses. Press <SPACE> to continue.')])
19.4970 	EXP 	probe_image: autoDraw = False
19.4970 	EXP 	probe_image: autoDraw = False
19.4970 	EXP 	target_image: size = array([0.17295, 0.17295])
19.4970 	EXP 	target_image: image = 'Stimuli/H5sim0.png'
19.4970 	EXP 	target_image: autoDraw = True
19.6974 	EXP 	target_image: autoDraw = False
19.6974 	EXP 	target_image: autoDraw = False
19.6974 	EXP 	probe_image: size = array([0.17295, 0.17295])
19.6974 	EXP 	probe_image: image = 'Stimuli/H5sim0.png'
19.9830 	EXP 	probe_image: autoDraw = True
20.4972 	EXP 	probe_image: autoDraw = False
20.4980 	INFO 	saved data to '/Users/sophia/Documents/PycharmProjects/Configural_Featural_Study/data/SR_configural_featural_2020_Oct_24_1531.csv'
20.4988 	INFO 	saved data to /Users/sophia/Documents/PycharmProjects/Configural_Featural_Study/data/SR_configural_featural_2020_Oct_24_1531.psydat
20.7735 	EXP 	window1: mouseVisible = True
20.7737 	DEBUG 	Saving data for configural_featural ExperimentHandler
